ARM GAS  C:\Users\leejo\AppData\Local\Temp\ccxgwVI4.s 			page 1


   1              		.cpu cortex-m4
   2              		.arch armv7e-m
   3              		.fpu fpv4-sp-d16
   4              		.eabi_attribute 27, 1
   5              		.eabi_attribute 28, 1
   6              		.eabi_attribute 20, 1
   7              		.eabi_attribute 21, 1
   8              		.eabi_attribute 23, 3
   9              		.eabi_attribute 24, 1
  10              		.eabi_attribute 25, 1
  11              		.eabi_attribute 26, 1
  12              		.eabi_attribute 30, 1
  13              		.eabi_attribute 34, 1
  14              		.eabi_attribute 18, 4
  15              		.file	"freertos.c"
  16              		.text
  17              	.Ltext0:
  18              		.cfi_sections	.debug_frame
  19              		.file 1 "Core/Src/freertos.c"
  20              		.section	.text.vApplicationGetIdleTaskMemory,"ax",%progbits
  21              		.align	1
  22              		.global	vApplicationGetIdleTaskMemory
  23              		.syntax unified
  24              		.thumb
  25              		.thumb_func
  27              	vApplicationGetIdleTaskMemory:
  28              	.LVL0:
  29              	.LFB139:
   1:Core/Src/freertos.c **** /* USER CODE BEGIN Header */
   2:Core/Src/freertos.c **** /**
   3:Core/Src/freertos.c ****   ******************************************************************************
   4:Core/Src/freertos.c ****   * File Name          : freertos.c
   5:Core/Src/freertos.c ****   * Description        : Code for freertos applications
   6:Core/Src/freertos.c ****   ******************************************************************************
   7:Core/Src/freertos.c ****   * @attention
   8:Core/Src/freertos.c ****   *
   9:Core/Src/freertos.c ****   * Copyright (c) 2026 STMicroelectronics.
  10:Core/Src/freertos.c ****   * All rights reserved.
  11:Core/Src/freertos.c ****   *
  12:Core/Src/freertos.c ****   * This software is licensed under terms that can be found in the LICENSE file
  13:Core/Src/freertos.c ****   * in the root directory of this software component.
  14:Core/Src/freertos.c ****   * If no LICENSE file comes with this software, it is provided AS-IS.
  15:Core/Src/freertos.c ****   *
  16:Core/Src/freertos.c ****   ******************************************************************************
  17:Core/Src/freertos.c ****   */
  18:Core/Src/freertos.c **** /* USER CODE END Header */
  19:Core/Src/freertos.c **** 
  20:Core/Src/freertos.c **** /* Includes ------------------------------------------------------------------*/
  21:Core/Src/freertos.c **** #include "FreeRTOS.h"
  22:Core/Src/freertos.c **** #include "task.h"
  23:Core/Src/freertos.c **** #include "main.h"
  24:Core/Src/freertos.c **** 
  25:Core/Src/freertos.c **** /* Private includes ----------------------------------------------------------*/
  26:Core/Src/freertos.c **** /* USER CODE BEGIN Includes */
  27:Core/Src/freertos.c **** 
  28:Core/Src/freertos.c **** /* USER CODE END Includes */
  29:Core/Src/freertos.c **** 
ARM GAS  C:\Users\leejo\AppData\Local\Temp\ccxgwVI4.s 			page 2


  30:Core/Src/freertos.c **** /* Private typedef -----------------------------------------------------------*/
  31:Core/Src/freertos.c **** /* USER CODE BEGIN PTD */
  32:Core/Src/freertos.c **** 
  33:Core/Src/freertos.c **** /* USER CODE END PTD */
  34:Core/Src/freertos.c **** 
  35:Core/Src/freertos.c **** /* Private define ------------------------------------------------------------*/
  36:Core/Src/freertos.c **** /* USER CODE BEGIN PD */
  37:Core/Src/freertos.c **** 
  38:Core/Src/freertos.c **** /* USER CODE END PD */
  39:Core/Src/freertos.c **** 
  40:Core/Src/freertos.c **** /* Private macro -------------------------------------------------------------*/
  41:Core/Src/freertos.c **** /* USER CODE BEGIN PM */
  42:Core/Src/freertos.c **** 
  43:Core/Src/freertos.c **** /* USER CODE END PM */
  44:Core/Src/freertos.c **** 
  45:Core/Src/freertos.c **** /* Private variables ---------------------------------------------------------*/
  46:Core/Src/freertos.c **** /* USER CODE BEGIN Variables */
  47:Core/Src/freertos.c **** 
  48:Core/Src/freertos.c **** /* USER CODE END Variables */
  49:Core/Src/freertos.c **** 
  50:Core/Src/freertos.c **** /* Private function prototypes -----------------------------------------------*/
  51:Core/Src/freertos.c **** /* USER CODE BEGIN FunctionPrototypes */
  52:Core/Src/freertos.c **** 
  53:Core/Src/freertos.c **** /* USER CODE END FunctionPrototypes */
  54:Core/Src/freertos.c **** 
  55:Core/Src/freertos.c **** /* GetIdleTaskMemory prototype (linked to static allocation support) */
  56:Core/Src/freertos.c **** void vApplicationGetIdleTaskMemory( StaticTask_t **ppxIdleTaskTCBBuffer, StackType_t **ppxIdleTaskS
  57:Core/Src/freertos.c **** 
  58:Core/Src/freertos.c **** /* USER CODE BEGIN GET_IDLE_TASK_MEMORY */
  59:Core/Src/freertos.c **** static StaticTask_t xIdleTaskTCBBuffer;
  60:Core/Src/freertos.c **** static StackType_t xIdleStack[configMINIMAL_STACK_SIZE];
  61:Core/Src/freertos.c **** 
  62:Core/Src/freertos.c **** void vApplicationGetIdleTaskMemory( StaticTask_t **ppxIdleTaskTCBBuffer, StackType_t **ppxIdleTaskS
  63:Core/Src/freertos.c **** {
  30              		.loc 1 63 1 view -0
  31              		.cfi_startproc
  32              		@ args = 0, pretend = 0, frame = 0
  33              		@ frame_needed = 0, uses_anonymous_args = 0
  34              		@ link register save eliminated.
  64:Core/Src/freertos.c ****   *ppxIdleTaskTCBBuffer = &xIdleTaskTCBBuffer;
  35              		.loc 1 64 3 view .LVU1
  36              		.loc 1 64 25 is_stmt 0 view .LVU2
  37 0000 034B     		ldr	r3, .L2
  38 0002 0360     		str	r3, [r0]
  65:Core/Src/freertos.c ****   *ppxIdleTaskStackBuffer = &xIdleStack[0];
  39              		.loc 1 65 3 is_stmt 1 view .LVU3
  40              		.loc 1 65 27 is_stmt 0 view .LVU4
  41 0004 034B     		ldr	r3, .L2+4
  42 0006 0B60     		str	r3, [r1]
  66:Core/Src/freertos.c ****   *pulIdleTaskStackSize = configMINIMAL_STACK_SIZE;
  43              		.loc 1 66 3 is_stmt 1 view .LVU5
  44              		.loc 1 66 25 is_stmt 0 view .LVU6
  45 0008 8023     		movs	r3, #128
  46 000a 1360     		str	r3, [r2]
  67:Core/Src/freertos.c ****   /* place for user code */
  68:Core/Src/freertos.c **** }
  47              		.loc 1 68 1 view .LVU7
ARM GAS  C:\Users\leejo\AppData\Local\Temp\ccxgwVI4.s 			page 3


  48 000c 7047     		bx	lr
  49              	.L3:
  50 000e 00BF     		.align	2
  51              	.L2:
  52 0010 00000000 		.word	xIdleTaskTCBBuffer
  53 0014 00000000 		.word	xIdleStack
  54              		.cfi_endproc
  55              	.LFE139:
  57              		.section	.bss.xIdleStack,"aw",%nobits
  58              		.align	2
  61              	xIdleStack:
  62 0000 00000000 		.space	512
  62      00000000 
  62      00000000 
  62      00000000 
  62      00000000 
  63              		.section	.bss.xIdleTaskTCBBuffer,"aw",%nobits
  64              		.align	2
  67              	xIdleTaskTCBBuffer:
  68 0000 00000000 		.space	84
  68      00000000 
  68      00000000 
  68      00000000 
  68      00000000 
  69              		.text
  70              	.Letext0:
  71              		.file 2 "C:/Users/leejo/AppData/Roaming/Code/User/globalStorage/bmd.stm32-for-vscode/@xpack-dev-to
  72              		.file 3 "C:/Users/leejo/AppData/Roaming/Code/User/globalStorage/bmd.stm32-for-vscode/@xpack-dev-to
  73              		.file 4 "Middlewares/Third_Party/FreeRTOS/Source/portable/GCC/ARM_CM4F/portmacro.h"
  74              		.file 5 "Middlewares/Third_Party/FreeRTOS/Source/include/FreeRTOS.h"
ARM GAS  C:\Users\leejo\AppData\Local\Temp\ccxgwVI4.s 			page 4


DEFINED SYMBOLS
                            *ABS*:00000000 freertos.c
C:\Users\leejo\AppData\Local\Temp\ccxgwVI4.s:21     .text.vApplicationGetIdleTaskMemory:00000000 $t
C:\Users\leejo\AppData\Local\Temp\ccxgwVI4.s:27     .text.vApplicationGetIdleTaskMemory:00000000 vApplicationGetIdleTaskMemory
C:\Users\leejo\AppData\Local\Temp\ccxgwVI4.s:52     .text.vApplicationGetIdleTaskMemory:00000010 $d
C:\Users\leejo\AppData\Local\Temp\ccxgwVI4.s:67     .bss.xIdleTaskTCBBuffer:00000000 xIdleTaskTCBBuffer
C:\Users\leejo\AppData\Local\Temp\ccxgwVI4.s:61     .bss.xIdleStack:00000000 xIdleStack
C:\Users\leejo\AppData\Local\Temp\ccxgwVI4.s:58     .bss.xIdleStack:00000000 $d
C:\Users\leejo\AppData\Local\Temp\ccxgwVI4.s:64     .bss.xIdleTaskTCBBuffer:00000000 $d

NO UNDEFINED SYMBOLS
