ARM GAS  C:\Users\leejo\AppData\Local\Temp\ccTikiY3.s 			page 1


   1              		.cpu cortex-m4
   2              		.arch armv7e-m
   3              		.fpu fpv4-sp-d16
   4              		.eabi_attribute 27, 1
   5              		.eabi_attribute 28, 1
   6              		.eabi_attribute 20, 1
   7              		.eabi_attribute 21, 1
   8              		.eabi_attribute 23, 3
   9              		.eabi_attribute 24, 1
  10              		.eabi_attribute 25, 1
  11              		.eabi_attribute 26, 1
  12              		.eabi_attribute 30, 1
  13              		.eabi_attribute 34, 1
  14              		.eabi_attribute 18, 4
  15              		.file	"stm32f4xx_hal_msp.c"
  16              		.text
  17              	.Ltext0:
  18              		.cfi_sections	.debug_frame
  19              		.file 1 "Core/Src/stm32f4xx_hal_msp.c"
  20              		.section	.text.HAL_MspInit,"ax",%progbits
  21              		.align	1
  22              		.global	HAL_MspInit
  23              		.syntax unified
  24              		.thumb
  25              		.thumb_func
  27              	HAL_MspInit:
  28              	.LFB134:
   1:Core/Src/stm32f4xx_hal_msp.c **** /* USER CODE BEGIN Header */
   2:Core/Src/stm32f4xx_hal_msp.c **** /**
   3:Core/Src/stm32f4xx_hal_msp.c ****   ******************************************************************************
   4:Core/Src/stm32f4xx_hal_msp.c ****   * @file         stm32f4xx_hal_msp.c
   5:Core/Src/stm32f4xx_hal_msp.c ****   * @brief        This file provides code for the MSP Initialization
   6:Core/Src/stm32f4xx_hal_msp.c ****   *               and de-Initialization codes.
   7:Core/Src/stm32f4xx_hal_msp.c ****   ******************************************************************************
   8:Core/Src/stm32f4xx_hal_msp.c ****   * @attention
   9:Core/Src/stm32f4xx_hal_msp.c ****   *
  10:Core/Src/stm32f4xx_hal_msp.c ****   * Copyright (c) 2026 STMicroelectronics.
  11:Core/Src/stm32f4xx_hal_msp.c ****   * All rights reserved.
  12:Core/Src/stm32f4xx_hal_msp.c ****   *
  13:Core/Src/stm32f4xx_hal_msp.c ****   * This software is licensed under terms that can be found in the LICENSE file
  14:Core/Src/stm32f4xx_hal_msp.c ****   * in the root directory of this software component.
  15:Core/Src/stm32f4xx_hal_msp.c ****   * If no LICENSE file comes with this software, it is provided AS-IS.
  16:Core/Src/stm32f4xx_hal_msp.c ****   *
  17:Core/Src/stm32f4xx_hal_msp.c ****   ******************************************************************************
  18:Core/Src/stm32f4xx_hal_msp.c ****   */
  19:Core/Src/stm32f4xx_hal_msp.c **** /* USER CODE END Header */
  20:Core/Src/stm32f4xx_hal_msp.c **** /* Includes ------------------------------------------------------------------*/
  21:Core/Src/stm32f4xx_hal_msp.c **** #include "main.h"
  22:Core/Src/stm32f4xx_hal_msp.c **** /* USER CODE BEGIN Includes */
  23:Core/Src/stm32f4xx_hal_msp.c **** 
  24:Core/Src/stm32f4xx_hal_msp.c **** /* USER CODE END Includes */
  25:Core/Src/stm32f4xx_hal_msp.c **** 
  26:Core/Src/stm32f4xx_hal_msp.c **** /* Private typedef -----------------------------------------------------------*/
  27:Core/Src/stm32f4xx_hal_msp.c **** /* USER CODE BEGIN TD */
  28:Core/Src/stm32f4xx_hal_msp.c **** 
  29:Core/Src/stm32f4xx_hal_msp.c **** /* USER CODE END TD */
  30:Core/Src/stm32f4xx_hal_msp.c **** 
ARM GAS  C:\Users\leejo\AppData\Local\Temp\ccTikiY3.s 			page 2


  31:Core/Src/stm32f4xx_hal_msp.c **** /* Private define ------------------------------------------------------------*/
  32:Core/Src/stm32f4xx_hal_msp.c **** /* USER CODE BEGIN Define */
  33:Core/Src/stm32f4xx_hal_msp.c **** 
  34:Core/Src/stm32f4xx_hal_msp.c **** /* USER CODE END Define */
  35:Core/Src/stm32f4xx_hal_msp.c **** 
  36:Core/Src/stm32f4xx_hal_msp.c **** /* Private macro -------------------------------------------------------------*/
  37:Core/Src/stm32f4xx_hal_msp.c **** /* USER CODE BEGIN Macro */
  38:Core/Src/stm32f4xx_hal_msp.c **** 
  39:Core/Src/stm32f4xx_hal_msp.c **** /* USER CODE END Macro */
  40:Core/Src/stm32f4xx_hal_msp.c **** 
  41:Core/Src/stm32f4xx_hal_msp.c **** /* Private variables ---------------------------------------------------------*/
  42:Core/Src/stm32f4xx_hal_msp.c **** /* USER CODE BEGIN PV */
  43:Core/Src/stm32f4xx_hal_msp.c **** 
  44:Core/Src/stm32f4xx_hal_msp.c **** /* USER CODE END PV */
  45:Core/Src/stm32f4xx_hal_msp.c **** 
  46:Core/Src/stm32f4xx_hal_msp.c **** /* Private function prototypes -----------------------------------------------*/
  47:Core/Src/stm32f4xx_hal_msp.c **** /* USER CODE BEGIN PFP */
  48:Core/Src/stm32f4xx_hal_msp.c **** 
  49:Core/Src/stm32f4xx_hal_msp.c **** /* USER CODE END PFP */
  50:Core/Src/stm32f4xx_hal_msp.c **** 
  51:Core/Src/stm32f4xx_hal_msp.c **** /* External functions --------------------------------------------------------*/
  52:Core/Src/stm32f4xx_hal_msp.c **** /* USER CODE BEGIN ExternalFunctions */
  53:Core/Src/stm32f4xx_hal_msp.c **** 
  54:Core/Src/stm32f4xx_hal_msp.c **** /* USER CODE END ExternalFunctions */
  55:Core/Src/stm32f4xx_hal_msp.c **** 
  56:Core/Src/stm32f4xx_hal_msp.c **** /* USER CODE BEGIN 0 */
  57:Core/Src/stm32f4xx_hal_msp.c **** 
  58:Core/Src/stm32f4xx_hal_msp.c **** /* USER CODE END 0 */
  59:Core/Src/stm32f4xx_hal_msp.c **** /**
  60:Core/Src/stm32f4xx_hal_msp.c ****   * Initializes the Global MSP.
  61:Core/Src/stm32f4xx_hal_msp.c ****   */
  62:Core/Src/stm32f4xx_hal_msp.c **** void HAL_MspInit(void)
  63:Core/Src/stm32f4xx_hal_msp.c **** {
  29              		.loc 1 63 1 view -0
  30              		.cfi_startproc
  31              		@ args = 0, pretend = 0, frame = 8
  32              		@ frame_needed = 0, uses_anonymous_args = 0
  33 0000 00B5     		push	{lr}
  34              		.cfi_def_cfa_offset 4
  35              		.cfi_offset 14, -4
  36 0002 83B0     		sub	sp, sp, #12
  37              		.cfi_def_cfa_offset 16
  64:Core/Src/stm32f4xx_hal_msp.c **** 
  65:Core/Src/stm32f4xx_hal_msp.c ****   /* USER CODE BEGIN MspInit 0 */
  66:Core/Src/stm32f4xx_hal_msp.c **** 
  67:Core/Src/stm32f4xx_hal_msp.c ****   /* USER CODE END MspInit 0 */
  68:Core/Src/stm32f4xx_hal_msp.c **** 
  69:Core/Src/stm32f4xx_hal_msp.c ****   __HAL_RCC_SYSCFG_CLK_ENABLE();
  38              		.loc 1 69 3 view .LVU1
  39              	.LBB2:
  40              		.loc 1 69 3 view .LVU2
  41 0004 0022     		movs	r2, #0
  42 0006 0092     		str	r2, [sp]
  43              		.loc 1 69 3 view .LVU3
  44 0008 0D4B     		ldr	r3, .L3
  45 000a 596C     		ldr	r1, [r3, #68]
  46 000c 41F48041 		orr	r1, r1, #16384
ARM GAS  C:\Users\leejo\AppData\Local\Temp\ccTikiY3.s 			page 3


  47 0010 5964     		str	r1, [r3, #68]
  48              		.loc 1 69 3 view .LVU4
  49 0012 596C     		ldr	r1, [r3, #68]
  50 0014 01F48041 		and	r1, r1, #16384
  51 0018 0091     		str	r1, [sp]
  52              		.loc 1 69 3 view .LVU5
  53 001a 0099     		ldr	r1, [sp]
  54              	.LBE2:
  55              		.loc 1 69 3 view .LVU6
  70:Core/Src/stm32f4xx_hal_msp.c ****   __HAL_RCC_PWR_CLK_ENABLE();
  56              		.loc 1 70 3 view .LVU7
  57              	.LBB3:
  58              		.loc 1 70 3 view .LVU8
  59 001c 0192     		str	r2, [sp, #4]
  60              		.loc 1 70 3 view .LVU9
  61 001e 196C     		ldr	r1, [r3, #64]
  62 0020 41F08051 		orr	r1, r1, #268435456
  63 0024 1964     		str	r1, [r3, #64]
  64              		.loc 1 70 3 view .LVU10
  65 0026 1B6C     		ldr	r3, [r3, #64]
  66 0028 03F08053 		and	r3, r3, #268435456
  67 002c 0193     		str	r3, [sp, #4]
  68              		.loc 1 70 3 view .LVU11
  69 002e 019B     		ldr	r3, [sp, #4]
  70              	.LBE3:
  71              		.loc 1 70 3 view .LVU12
  71:Core/Src/stm32f4xx_hal_msp.c **** 
  72:Core/Src/stm32f4xx_hal_msp.c ****   /* System interrupt init*/
  73:Core/Src/stm32f4xx_hal_msp.c ****   /* PendSV_IRQn interrupt configuration */
  74:Core/Src/stm32f4xx_hal_msp.c ****   HAL_NVIC_SetPriority(PendSV_IRQn, 15, 0);
  72              		.loc 1 74 3 view .LVU13
  73 0030 0F21     		movs	r1, #15
  74 0032 6FF00100 		mvn	r0, #1
  75 0036 FFF7FEFF 		bl	HAL_NVIC_SetPriority
  76              	.LVL0:
  75:Core/Src/stm32f4xx_hal_msp.c **** 
  76:Core/Src/stm32f4xx_hal_msp.c ****   /* USER CODE BEGIN MspInit 1 */
  77:Core/Src/stm32f4xx_hal_msp.c **** 
  78:Core/Src/stm32f4xx_hal_msp.c ****   /* USER CODE END MspInit 1 */
  79:Core/Src/stm32f4xx_hal_msp.c **** }
  77              		.loc 1 79 1 is_stmt 0 view .LVU14
  78 003a 03B0     		add	sp, sp, #12
  79              		.cfi_def_cfa_offset 4
  80              		@ sp needed
  81 003c 00BD     		pop	{pc}
  82              	.L4:
  83 003e 00BF     		.align	2
  84              	.L3:
  85 0040 00380240 		.word	1073887232
  86              		.cfi_endproc
  87              	.LFE134:
  89              		.section	.text.HAL_I2C_MspInit,"ax",%progbits
  90              		.align	1
  91              		.global	HAL_I2C_MspInit
  92              		.syntax unified
  93              		.thumb
  94              		.thumb_func
ARM GAS  C:\Users\leejo\AppData\Local\Temp\ccTikiY3.s 			page 4


  96              	HAL_I2C_MspInit:
  97              	.LVL1:
  98              	.LFB135:
  80:Core/Src/stm32f4xx_hal_msp.c **** 
  81:Core/Src/stm32f4xx_hal_msp.c **** /**
  82:Core/Src/stm32f4xx_hal_msp.c ****   * @brief I2C MSP Initialization
  83:Core/Src/stm32f4xx_hal_msp.c ****   * This function configures the hardware resources used in this example
  84:Core/Src/stm32f4xx_hal_msp.c ****   * @param hi2c: I2C handle pointer
  85:Core/Src/stm32f4xx_hal_msp.c ****   * @retval None
  86:Core/Src/stm32f4xx_hal_msp.c ****   */
  87:Core/Src/stm32f4xx_hal_msp.c **** void HAL_I2C_MspInit(I2C_HandleTypeDef* hi2c)
  88:Core/Src/stm32f4xx_hal_msp.c **** {
  99              		.loc 1 88 1 is_stmt 1 view -0
 100              		.cfi_startproc
 101              		@ args = 0, pretend = 0, frame = 32
 102              		@ frame_needed = 0, uses_anonymous_args = 0
 103              		.loc 1 88 1 is_stmt 0 view .LVU16
 104 0000 30B5     		push	{r4, r5, lr}
 105              		.cfi_def_cfa_offset 12
 106              		.cfi_offset 4, -12
 107              		.cfi_offset 5, -8
 108              		.cfi_offset 14, -4
 109 0002 89B0     		sub	sp, sp, #36
 110              		.cfi_def_cfa_offset 48
  89:Core/Src/stm32f4xx_hal_msp.c ****   GPIO_InitTypeDef GPIO_InitStruct = {0};
 111              		.loc 1 89 3 is_stmt 1 view .LVU17
 112              		.loc 1 89 20 is_stmt 0 view .LVU18
 113 0004 0023     		movs	r3, #0
 114 0006 0393     		str	r3, [sp, #12]
 115 0008 0493     		str	r3, [sp, #16]
 116 000a 0593     		str	r3, [sp, #20]
 117 000c 0693     		str	r3, [sp, #24]
 118 000e 0793     		str	r3, [sp, #28]
  90:Core/Src/stm32f4xx_hal_msp.c ****   if(hi2c->Instance==I2C1)
 119              		.loc 1 90 3 is_stmt 1 view .LVU19
 120              		.loc 1 90 10 is_stmt 0 view .LVU20
 121 0010 0268     		ldr	r2, [r0]
 122              		.loc 1 90 5 view .LVU21
 123 0012 144B     		ldr	r3, .L9
 124 0014 9A42     		cmp	r2, r3
 125 0016 01D0     		beq	.L8
 126              	.LVL2:
 127              	.L5:
  91:Core/Src/stm32f4xx_hal_msp.c ****   {
  92:Core/Src/stm32f4xx_hal_msp.c ****     /* USER CODE BEGIN I2C1_MspInit 0 */
  93:Core/Src/stm32f4xx_hal_msp.c **** 
  94:Core/Src/stm32f4xx_hal_msp.c ****     /* USER CODE END I2C1_MspInit 0 */
  95:Core/Src/stm32f4xx_hal_msp.c **** 
  96:Core/Src/stm32f4xx_hal_msp.c ****     __HAL_RCC_GPIOB_CLK_ENABLE();
  97:Core/Src/stm32f4xx_hal_msp.c ****     /**I2C1 GPIO Configuration
  98:Core/Src/stm32f4xx_hal_msp.c ****     PB6     ------> I2C1_SCL
  99:Core/Src/stm32f4xx_hal_msp.c ****     PB9     ------> I2C1_SDA
 100:Core/Src/stm32f4xx_hal_msp.c ****     */
 101:Core/Src/stm32f4xx_hal_msp.c ****     GPIO_InitStruct.Pin = Audio_SCL_Pin|Audio_SDA_Pin;
 102:Core/Src/stm32f4xx_hal_msp.c ****     GPIO_InitStruct.Mode = GPIO_MODE_AF_OD;
 103:Core/Src/stm32f4xx_hal_msp.c ****     GPIO_InitStruct.Pull = GPIO_PULLUP;
 104:Core/Src/stm32f4xx_hal_msp.c ****     GPIO_InitStruct.Speed = GPIO_SPEED_FREQ_LOW;
ARM GAS  C:\Users\leejo\AppData\Local\Temp\ccTikiY3.s 			page 5


 105:Core/Src/stm32f4xx_hal_msp.c ****     GPIO_InitStruct.Alternate = GPIO_AF4_I2C1;
 106:Core/Src/stm32f4xx_hal_msp.c ****     HAL_GPIO_Init(GPIOB, &GPIO_InitStruct);
 107:Core/Src/stm32f4xx_hal_msp.c **** 
 108:Core/Src/stm32f4xx_hal_msp.c ****     /* Peripheral clock enable */
 109:Core/Src/stm32f4xx_hal_msp.c ****     __HAL_RCC_I2C1_CLK_ENABLE();
 110:Core/Src/stm32f4xx_hal_msp.c ****     /* USER CODE BEGIN I2C1_MspInit 1 */
 111:Core/Src/stm32f4xx_hal_msp.c **** 
 112:Core/Src/stm32f4xx_hal_msp.c ****     /* USER CODE END I2C1_MspInit 1 */
 113:Core/Src/stm32f4xx_hal_msp.c **** 
 114:Core/Src/stm32f4xx_hal_msp.c ****   }
 115:Core/Src/stm32f4xx_hal_msp.c **** 
 116:Core/Src/stm32f4xx_hal_msp.c **** }
 128              		.loc 1 116 1 view .LVU22
 129 0018 09B0     		add	sp, sp, #36
 130              		.cfi_remember_state
 131              		.cfi_def_cfa_offset 12
 132              		@ sp needed
 133 001a 30BD     		pop	{r4, r5, pc}
 134              	.LVL3:
 135              	.L8:
 136              		.cfi_restore_state
  96:Core/Src/stm32f4xx_hal_msp.c ****     /**I2C1 GPIO Configuration
 137              		.loc 1 96 5 is_stmt 1 view .LVU23
 138              	.LBB4:
  96:Core/Src/stm32f4xx_hal_msp.c ****     /**I2C1 GPIO Configuration
 139              		.loc 1 96 5 view .LVU24
 140 001c 0025     		movs	r5, #0
 141 001e 0195     		str	r5, [sp, #4]
  96:Core/Src/stm32f4xx_hal_msp.c ****     /**I2C1 GPIO Configuration
 142              		.loc 1 96 5 view .LVU25
 143 0020 114C     		ldr	r4, .L9+4
 144 0022 236B     		ldr	r3, [r4, #48]
 145 0024 43F00203 		orr	r3, r3, #2
 146 0028 2363     		str	r3, [r4, #48]
  96:Core/Src/stm32f4xx_hal_msp.c ****     /**I2C1 GPIO Configuration
 147              		.loc 1 96 5 view .LVU26
 148 002a 236B     		ldr	r3, [r4, #48]
 149 002c 03F00203 		and	r3, r3, #2
 150 0030 0193     		str	r3, [sp, #4]
  96:Core/Src/stm32f4xx_hal_msp.c ****     /**I2C1 GPIO Configuration
 151              		.loc 1 96 5 view .LVU27
 152 0032 019B     		ldr	r3, [sp, #4]
 153              	.LBE4:
  96:Core/Src/stm32f4xx_hal_msp.c ****     /**I2C1 GPIO Configuration
 154              		.loc 1 96 5 view .LVU28
 101:Core/Src/stm32f4xx_hal_msp.c ****     GPIO_InitStruct.Mode = GPIO_MODE_AF_OD;
 155              		.loc 1 101 5 view .LVU29
 101:Core/Src/stm32f4xx_hal_msp.c ****     GPIO_InitStruct.Mode = GPIO_MODE_AF_OD;
 156              		.loc 1 101 25 is_stmt 0 view .LVU30
 157 0034 4FF41073 		mov	r3, #576
 158 0038 0393     		str	r3, [sp, #12]
 102:Core/Src/stm32f4xx_hal_msp.c ****     GPIO_InitStruct.Pull = GPIO_PULLUP;
 159              		.loc 1 102 5 is_stmt 1 view .LVU31
 102:Core/Src/stm32f4xx_hal_msp.c ****     GPIO_InitStruct.Pull = GPIO_PULLUP;
 160              		.loc 1 102 26 is_stmt 0 view .LVU32
 161 003a 1223     		movs	r3, #18
 162 003c 0493     		str	r3, [sp, #16]
ARM GAS  C:\Users\leejo\AppData\Local\Temp\ccTikiY3.s 			page 6


 103:Core/Src/stm32f4xx_hal_msp.c ****     GPIO_InitStruct.Speed = GPIO_SPEED_FREQ_LOW;
 163              		.loc 1 103 5 is_stmt 1 view .LVU33
 103:Core/Src/stm32f4xx_hal_msp.c ****     GPIO_InitStruct.Speed = GPIO_SPEED_FREQ_LOW;
 164              		.loc 1 103 26 is_stmt 0 view .LVU34
 165 003e 0123     		movs	r3, #1
 166 0040 0593     		str	r3, [sp, #20]
 104:Core/Src/stm32f4xx_hal_msp.c ****     GPIO_InitStruct.Alternate = GPIO_AF4_I2C1;
 167              		.loc 1 104 5 is_stmt 1 view .LVU35
 105:Core/Src/stm32f4xx_hal_msp.c ****     HAL_GPIO_Init(GPIOB, &GPIO_InitStruct);
 168              		.loc 1 105 5 view .LVU36
 105:Core/Src/stm32f4xx_hal_msp.c ****     HAL_GPIO_Init(GPIOB, &GPIO_InitStruct);
 169              		.loc 1 105 31 is_stmt 0 view .LVU37
 170 0042 0423     		movs	r3, #4
 171 0044 0793     		str	r3, [sp, #28]
 106:Core/Src/stm32f4xx_hal_msp.c **** 
 172              		.loc 1 106 5 is_stmt 1 view .LVU38
 173 0046 03A9     		add	r1, sp, #12
 174 0048 0848     		ldr	r0, .L9+8
 175              	.LVL4:
 106:Core/Src/stm32f4xx_hal_msp.c **** 
 176              		.loc 1 106 5 is_stmt 0 view .LVU39
 177 004a FFF7FEFF 		bl	HAL_GPIO_Init
 178              	.LVL5:
 109:Core/Src/stm32f4xx_hal_msp.c ****     /* USER CODE BEGIN I2C1_MspInit 1 */
 179              		.loc 1 109 5 is_stmt 1 view .LVU40
 180              	.LBB5:
 109:Core/Src/stm32f4xx_hal_msp.c ****     /* USER CODE BEGIN I2C1_MspInit 1 */
 181              		.loc 1 109 5 view .LVU41
 182 004e 0295     		str	r5, [sp, #8]
 109:Core/Src/stm32f4xx_hal_msp.c ****     /* USER CODE BEGIN I2C1_MspInit 1 */
 183              		.loc 1 109 5 view .LVU42
 184 0050 236C     		ldr	r3, [r4, #64]
 185 0052 43F40013 		orr	r3, r3, #2097152
 186 0056 2364     		str	r3, [r4, #64]
 109:Core/Src/stm32f4xx_hal_msp.c ****     /* USER CODE BEGIN I2C1_MspInit 1 */
 187              		.loc 1 109 5 view .LVU43
 188 0058 236C     		ldr	r3, [r4, #64]
 189 005a 03F40013 		and	r3, r3, #2097152
 190 005e 0293     		str	r3, [sp, #8]
 109:Core/Src/stm32f4xx_hal_msp.c ****     /* USER CODE BEGIN I2C1_MspInit 1 */
 191              		.loc 1 109 5 view .LVU44
 192 0060 029B     		ldr	r3, [sp, #8]
 193              	.LBE5:
 109:Core/Src/stm32f4xx_hal_msp.c ****     /* USER CODE BEGIN I2C1_MspInit 1 */
 194              		.loc 1 109 5 view .LVU45
 195              		.loc 1 116 1 is_stmt 0 view .LVU46
 196 0062 D9E7     		b	.L5
 197              	.L10:
 198              		.align	2
 199              	.L9:
 200 0064 00540040 		.word	1073763328
 201 0068 00380240 		.word	1073887232
 202 006c 00040240 		.word	1073873920
 203              		.cfi_endproc
 204              	.LFE135:
 206              		.section	.text.HAL_I2C_MspDeInit,"ax",%progbits
 207              		.align	1
ARM GAS  C:\Users\leejo\AppData\Local\Temp\ccTikiY3.s 			page 7


 208              		.global	HAL_I2C_MspDeInit
 209              		.syntax unified
 210              		.thumb
 211              		.thumb_func
 213              	HAL_I2C_MspDeInit:
 214              	.LVL6:
 215              	.LFB136:
 117:Core/Src/stm32f4xx_hal_msp.c **** 
 118:Core/Src/stm32f4xx_hal_msp.c **** /**
 119:Core/Src/stm32f4xx_hal_msp.c ****   * @brief I2C MSP De-Initialization
 120:Core/Src/stm32f4xx_hal_msp.c ****   * This function freeze the hardware resources used in this example
 121:Core/Src/stm32f4xx_hal_msp.c ****   * @param hi2c: I2C handle pointer
 122:Core/Src/stm32f4xx_hal_msp.c ****   * @retval None
 123:Core/Src/stm32f4xx_hal_msp.c ****   */
 124:Core/Src/stm32f4xx_hal_msp.c **** void HAL_I2C_MspDeInit(I2C_HandleTypeDef* hi2c)
 125:Core/Src/stm32f4xx_hal_msp.c **** {
 216              		.loc 1 125 1 is_stmt 1 view -0
 217              		.cfi_startproc
 218              		@ args = 0, pretend = 0, frame = 0
 219              		@ frame_needed = 0, uses_anonymous_args = 0
 220              		.loc 1 125 1 is_stmt 0 view .LVU48
 221 0000 08B5     		push	{r3, lr}
 222              		.cfi_def_cfa_offset 8
 223              		.cfi_offset 3, -8
 224              		.cfi_offset 14, -4
 126:Core/Src/stm32f4xx_hal_msp.c ****   if(hi2c->Instance==I2C1)
 225              		.loc 1 126 3 is_stmt 1 view .LVU49
 226              		.loc 1 126 10 is_stmt 0 view .LVU50
 227 0002 0268     		ldr	r2, [r0]
 228              		.loc 1 126 5 view .LVU51
 229 0004 094B     		ldr	r3, .L15
 230 0006 9A42     		cmp	r2, r3
 231 0008 00D0     		beq	.L14
 232              	.LVL7:
 233              	.L11:
 127:Core/Src/stm32f4xx_hal_msp.c ****   {
 128:Core/Src/stm32f4xx_hal_msp.c ****     /* USER CODE BEGIN I2C1_MspDeInit 0 */
 129:Core/Src/stm32f4xx_hal_msp.c **** 
 130:Core/Src/stm32f4xx_hal_msp.c ****     /* USER CODE END I2C1_MspDeInit 0 */
 131:Core/Src/stm32f4xx_hal_msp.c ****     /* Peripheral clock disable */
 132:Core/Src/stm32f4xx_hal_msp.c ****     __HAL_RCC_I2C1_CLK_DISABLE();
 133:Core/Src/stm32f4xx_hal_msp.c **** 
 134:Core/Src/stm32f4xx_hal_msp.c ****     /**I2C1 GPIO Configuration
 135:Core/Src/stm32f4xx_hal_msp.c ****     PB6     ------> I2C1_SCL
 136:Core/Src/stm32f4xx_hal_msp.c ****     PB9     ------> I2C1_SDA
 137:Core/Src/stm32f4xx_hal_msp.c ****     */
 138:Core/Src/stm32f4xx_hal_msp.c ****     HAL_GPIO_DeInit(Audio_SCL_GPIO_Port, Audio_SCL_Pin);
 139:Core/Src/stm32f4xx_hal_msp.c **** 
 140:Core/Src/stm32f4xx_hal_msp.c ****     HAL_GPIO_DeInit(Audio_SDA_GPIO_Port, Audio_SDA_Pin);
 141:Core/Src/stm32f4xx_hal_msp.c **** 
 142:Core/Src/stm32f4xx_hal_msp.c ****     /* USER CODE BEGIN I2C1_MspDeInit 1 */
 143:Core/Src/stm32f4xx_hal_msp.c **** 
 144:Core/Src/stm32f4xx_hal_msp.c ****     /* USER CODE END I2C1_MspDeInit 1 */
 145:Core/Src/stm32f4xx_hal_msp.c ****   }
 146:Core/Src/stm32f4xx_hal_msp.c **** 
 147:Core/Src/stm32f4xx_hal_msp.c **** }
 234              		.loc 1 147 1 view .LVU52
ARM GAS  C:\Users\leejo\AppData\Local\Temp\ccTikiY3.s 			page 8


 235 000a 08BD     		pop	{r3, pc}
 236              	.LVL8:
 237              	.L14:
 132:Core/Src/stm32f4xx_hal_msp.c **** 
 238              		.loc 1 132 5 is_stmt 1 view .LVU53
 239 000c 084A     		ldr	r2, .L15+4
 240 000e 136C     		ldr	r3, [r2, #64]
 241 0010 23F40013 		bic	r3, r3, #2097152
 242 0014 1364     		str	r3, [r2, #64]
 138:Core/Src/stm32f4xx_hal_msp.c **** 
 243              		.loc 1 138 5 view .LVU54
 244 0016 4021     		movs	r1, #64
 245 0018 0648     		ldr	r0, .L15+8
 246              	.LVL9:
 138:Core/Src/stm32f4xx_hal_msp.c **** 
 247              		.loc 1 138 5 is_stmt 0 view .LVU55
 248 001a FFF7FEFF 		bl	HAL_GPIO_DeInit
 249              	.LVL10:
 140:Core/Src/stm32f4xx_hal_msp.c **** 
 250              		.loc 1 140 5 is_stmt 1 view .LVU56
 251 001e 4FF40071 		mov	r1, #512
 252 0022 0448     		ldr	r0, .L15+8
 253 0024 FFF7FEFF 		bl	HAL_GPIO_DeInit
 254              	.LVL11:
 255              		.loc 1 147 1 is_stmt 0 view .LVU57
 256 0028 EFE7     		b	.L11
 257              	.L16:
 258 002a 00BF     		.align	2
 259              	.L15:
 260 002c 00540040 		.word	1073763328
 261 0030 00380240 		.word	1073887232
 262 0034 00040240 		.word	1073873920
 263              		.cfi_endproc
 264              	.LFE136:
 266              		.section	.text.HAL_I2S_MspInit,"ax",%progbits
 267              		.align	1
 268              		.global	HAL_I2S_MspInit
 269              		.syntax unified
 270              		.thumb
 271              		.thumb_func
 273              	HAL_I2S_MspInit:
 274              	.LVL12:
 275              	.LFB137:
 148:Core/Src/stm32f4xx_hal_msp.c **** 
 149:Core/Src/stm32f4xx_hal_msp.c **** /**
 150:Core/Src/stm32f4xx_hal_msp.c ****   * @brief I2S MSP Initialization
 151:Core/Src/stm32f4xx_hal_msp.c ****   * This function configures the hardware resources used in this example
 152:Core/Src/stm32f4xx_hal_msp.c ****   * @param hi2s: I2S handle pointer
 153:Core/Src/stm32f4xx_hal_msp.c ****   * @retval None
 154:Core/Src/stm32f4xx_hal_msp.c ****   */
 155:Core/Src/stm32f4xx_hal_msp.c **** void HAL_I2S_MspInit(I2S_HandleTypeDef* hi2s)
 156:Core/Src/stm32f4xx_hal_msp.c **** {
 276              		.loc 1 156 1 is_stmt 1 view -0
 277              		.cfi_startproc
 278              		@ args = 0, pretend = 0, frame = 48
 279              		@ frame_needed = 0, uses_anonymous_args = 0
 280              		.loc 1 156 1 is_stmt 0 view .LVU59
ARM GAS  C:\Users\leejo\AppData\Local\Temp\ccTikiY3.s 			page 9


 281 0000 70B5     		push	{r4, r5, r6, lr}
 282              		.cfi_def_cfa_offset 16
 283              		.cfi_offset 4, -16
 284              		.cfi_offset 5, -12
 285              		.cfi_offset 6, -8
 286              		.cfi_offset 14, -4
 287 0002 8CB0     		sub	sp, sp, #48
 288              		.cfi_def_cfa_offset 64
 157:Core/Src/stm32f4xx_hal_msp.c ****   GPIO_InitTypeDef GPIO_InitStruct = {0};
 289              		.loc 1 157 3 is_stmt 1 view .LVU60
 290              		.loc 1 157 20 is_stmt 0 view .LVU61
 291 0004 0023     		movs	r3, #0
 292 0006 0793     		str	r3, [sp, #28]
 293 0008 0893     		str	r3, [sp, #32]
 294 000a 0993     		str	r3, [sp, #36]
 295 000c 0A93     		str	r3, [sp, #40]
 296 000e 0B93     		str	r3, [sp, #44]
 158:Core/Src/stm32f4xx_hal_msp.c ****   RCC_PeriphCLKInitTypeDef PeriphClkInitStruct = {0};
 297              		.loc 1 158 3 is_stmt 1 view .LVU62
 298              		.loc 1 158 28 is_stmt 0 view .LVU63
 299 0010 0393     		str	r3, [sp, #12]
 300 0012 0493     		str	r3, [sp, #16]
 301 0014 0593     		str	r3, [sp, #20]
 302 0016 0693     		str	r3, [sp, #24]
 159:Core/Src/stm32f4xx_hal_msp.c ****   if(hi2s->Instance==SPI3)
 303              		.loc 1 159 3 is_stmt 1 view .LVU64
 304              		.loc 1 159 10 is_stmt 0 view .LVU65
 305 0018 0268     		ldr	r2, [r0]
 306              		.loc 1 159 5 view .LVU66
 307 001a 2C4B     		ldr	r3, .L23
 308 001c 9A42     		cmp	r2, r3
 309 001e 01D0     		beq	.L21
 310              	.LVL13:
 311              	.L17:
 160:Core/Src/stm32f4xx_hal_msp.c ****   {
 161:Core/Src/stm32f4xx_hal_msp.c ****     /* USER CODE BEGIN SPI3_MspInit 0 */
 162:Core/Src/stm32f4xx_hal_msp.c **** 
 163:Core/Src/stm32f4xx_hal_msp.c ****     /* USER CODE END SPI3_MspInit 0 */
 164:Core/Src/stm32f4xx_hal_msp.c **** 
 165:Core/Src/stm32f4xx_hal_msp.c ****   /** Initializes the peripherals clock
 166:Core/Src/stm32f4xx_hal_msp.c ****   */
 167:Core/Src/stm32f4xx_hal_msp.c ****     PeriphClkInitStruct.PeriphClockSelection = RCC_PERIPHCLK_I2S;
 168:Core/Src/stm32f4xx_hal_msp.c ****     PeriphClkInitStruct.PLLI2S.PLLI2SN = 192;
 169:Core/Src/stm32f4xx_hal_msp.c ****     PeriphClkInitStruct.PLLI2S.PLLI2SR = 2;
 170:Core/Src/stm32f4xx_hal_msp.c ****     if (HAL_RCCEx_PeriphCLKConfig(&PeriphClkInitStruct) != HAL_OK)
 171:Core/Src/stm32f4xx_hal_msp.c ****     {
 172:Core/Src/stm32f4xx_hal_msp.c ****       Error_Handler();
 173:Core/Src/stm32f4xx_hal_msp.c ****     }
 174:Core/Src/stm32f4xx_hal_msp.c **** 
 175:Core/Src/stm32f4xx_hal_msp.c ****     /* Peripheral clock enable */
 176:Core/Src/stm32f4xx_hal_msp.c ****     __HAL_RCC_SPI3_CLK_ENABLE();
 177:Core/Src/stm32f4xx_hal_msp.c **** 
 178:Core/Src/stm32f4xx_hal_msp.c ****     __HAL_RCC_GPIOA_CLK_ENABLE();
 179:Core/Src/stm32f4xx_hal_msp.c ****     __HAL_RCC_GPIOC_CLK_ENABLE();
 180:Core/Src/stm32f4xx_hal_msp.c ****     /**I2S3 GPIO Configuration
 181:Core/Src/stm32f4xx_hal_msp.c ****     PA4     ------> I2S3_WS
 182:Core/Src/stm32f4xx_hal_msp.c ****     PC7     ------> I2S3_MCK
ARM GAS  C:\Users\leejo\AppData\Local\Temp\ccTikiY3.s 			page 10


 183:Core/Src/stm32f4xx_hal_msp.c ****     PC10     ------> I2S3_CK
 184:Core/Src/stm32f4xx_hal_msp.c ****     PC11     ------> I2S3_ext_SD
 185:Core/Src/stm32f4xx_hal_msp.c ****     PC12     ------> I2S3_SD
 186:Core/Src/stm32f4xx_hal_msp.c ****     */
 187:Core/Src/stm32f4xx_hal_msp.c ****     GPIO_InitStruct.Pin = I2S3_WS_Pin;
 188:Core/Src/stm32f4xx_hal_msp.c ****     GPIO_InitStruct.Mode = GPIO_MODE_AF_PP;
 189:Core/Src/stm32f4xx_hal_msp.c ****     GPIO_InitStruct.Pull = GPIO_NOPULL;
 190:Core/Src/stm32f4xx_hal_msp.c ****     GPIO_InitStruct.Speed = GPIO_SPEED_FREQ_LOW;
 191:Core/Src/stm32f4xx_hal_msp.c ****     GPIO_InitStruct.Alternate = GPIO_AF6_SPI3;
 192:Core/Src/stm32f4xx_hal_msp.c ****     HAL_GPIO_Init(I2S3_WS_GPIO_Port, &GPIO_InitStruct);
 193:Core/Src/stm32f4xx_hal_msp.c **** 
 194:Core/Src/stm32f4xx_hal_msp.c ****     GPIO_InitStruct.Pin = I2S3_MCK_Pin|I2S3_SCK_Pin|I2S3_SD_Pin;
 195:Core/Src/stm32f4xx_hal_msp.c ****     GPIO_InitStruct.Mode = GPIO_MODE_AF_PP;
 196:Core/Src/stm32f4xx_hal_msp.c ****     GPIO_InitStruct.Pull = GPIO_NOPULL;
 197:Core/Src/stm32f4xx_hal_msp.c ****     GPIO_InitStruct.Speed = GPIO_SPEED_FREQ_LOW;
 198:Core/Src/stm32f4xx_hal_msp.c ****     GPIO_InitStruct.Alternate = GPIO_AF6_SPI3;
 199:Core/Src/stm32f4xx_hal_msp.c ****     HAL_GPIO_Init(GPIOC, &GPIO_InitStruct);
 200:Core/Src/stm32f4xx_hal_msp.c **** 
 201:Core/Src/stm32f4xx_hal_msp.c ****     GPIO_InitStruct.Pin = GPIO_PIN_11;
 202:Core/Src/stm32f4xx_hal_msp.c ****     GPIO_InitStruct.Mode = GPIO_MODE_AF_PP;
 203:Core/Src/stm32f4xx_hal_msp.c ****     GPIO_InitStruct.Pull = GPIO_NOPULL;
 204:Core/Src/stm32f4xx_hal_msp.c ****     GPIO_InitStruct.Speed = GPIO_SPEED_FREQ_LOW;
 205:Core/Src/stm32f4xx_hal_msp.c ****     GPIO_InitStruct.Alternate = GPIO_AF5_I2S3ext;
 206:Core/Src/stm32f4xx_hal_msp.c ****     HAL_GPIO_Init(GPIOC, &GPIO_InitStruct);
 207:Core/Src/stm32f4xx_hal_msp.c **** 
 208:Core/Src/stm32f4xx_hal_msp.c ****     /* USER CODE BEGIN SPI3_MspInit 1 */
 209:Core/Src/stm32f4xx_hal_msp.c **** 
 210:Core/Src/stm32f4xx_hal_msp.c ****     /* USER CODE END SPI3_MspInit 1 */
 211:Core/Src/stm32f4xx_hal_msp.c **** 
 212:Core/Src/stm32f4xx_hal_msp.c ****   }
 213:Core/Src/stm32f4xx_hal_msp.c **** 
 214:Core/Src/stm32f4xx_hal_msp.c **** }
 312              		.loc 1 214 1 view .LVU67
 313 0020 0CB0     		add	sp, sp, #48
 314              		.cfi_remember_state
 315              		.cfi_def_cfa_offset 16
 316              		@ sp needed
 317 0022 70BD     		pop	{r4, r5, r6, pc}
 318              	.LVL14:
 319              	.L21:
 320              		.cfi_restore_state
 167:Core/Src/stm32f4xx_hal_msp.c ****     PeriphClkInitStruct.PLLI2S.PLLI2SN = 192;
 321              		.loc 1 167 5 is_stmt 1 view .LVU68
 167:Core/Src/stm32f4xx_hal_msp.c ****     PeriphClkInitStruct.PLLI2S.PLLI2SN = 192;
 322              		.loc 1 167 46 is_stmt 0 view .LVU69
 323 0024 0123     		movs	r3, #1
 324 0026 0393     		str	r3, [sp, #12]
 168:Core/Src/stm32f4xx_hal_msp.c ****     PeriphClkInitStruct.PLLI2S.PLLI2SR = 2;
 325              		.loc 1 168 5 is_stmt 1 view .LVU70
 168:Core/Src/stm32f4xx_hal_msp.c ****     PeriphClkInitStruct.PLLI2S.PLLI2SR = 2;
 326              		.loc 1 168 40 is_stmt 0 view .LVU71
 327 0028 C023     		movs	r3, #192
 328 002a 0493     		str	r3, [sp, #16]
 169:Core/Src/stm32f4xx_hal_msp.c ****     if (HAL_RCCEx_PeriphCLKConfig(&PeriphClkInitStruct) != HAL_OK)
 329              		.loc 1 169 5 is_stmt 1 view .LVU72
 169:Core/Src/stm32f4xx_hal_msp.c ****     if (HAL_RCCEx_PeriphCLKConfig(&PeriphClkInitStruct) != HAL_OK)
 330              		.loc 1 169 40 is_stmt 0 view .LVU73
ARM GAS  C:\Users\leejo\AppData\Local\Temp\ccTikiY3.s 			page 11


 331 002c 0223     		movs	r3, #2
 332 002e 0593     		str	r3, [sp, #20]
 170:Core/Src/stm32f4xx_hal_msp.c ****     {
 333              		.loc 1 170 5 is_stmt 1 view .LVU74
 170:Core/Src/stm32f4xx_hal_msp.c ****     {
 334              		.loc 1 170 9 is_stmt 0 view .LVU75
 335 0030 03A8     		add	r0, sp, #12
 336              	.LVL15:
 170:Core/Src/stm32f4xx_hal_msp.c ****     {
 337              		.loc 1 170 9 view .LVU76
 338 0032 FFF7FEFF 		bl	HAL_RCCEx_PeriphCLKConfig
 339              	.LVL16:
 170:Core/Src/stm32f4xx_hal_msp.c ****     {
 340              		.loc 1 170 8 discriminator 1 view .LVU77
 341 0036 0028     		cmp	r0, #0
 342 0038 44D1     		bne	.L22
 343              	.L19:
 176:Core/Src/stm32f4xx_hal_msp.c **** 
 344              		.loc 1 176 5 is_stmt 1 view .LVU78
 345              	.LBB6:
 176:Core/Src/stm32f4xx_hal_msp.c **** 
 346              		.loc 1 176 5 view .LVU79
 347 003a 0021     		movs	r1, #0
 348 003c 0091     		str	r1, [sp]
 176:Core/Src/stm32f4xx_hal_msp.c **** 
 349              		.loc 1 176 5 view .LVU80
 350 003e 244B     		ldr	r3, .L23+4
 351 0040 1A6C     		ldr	r2, [r3, #64]
 352 0042 42F40042 		orr	r2, r2, #32768
 353 0046 1A64     		str	r2, [r3, #64]
 176:Core/Src/stm32f4xx_hal_msp.c **** 
 354              		.loc 1 176 5 view .LVU81
 355 0048 1A6C     		ldr	r2, [r3, #64]
 356 004a 02F40042 		and	r2, r2, #32768
 357 004e 0092     		str	r2, [sp]
 176:Core/Src/stm32f4xx_hal_msp.c **** 
 358              		.loc 1 176 5 view .LVU82
 359 0050 009A     		ldr	r2, [sp]
 360              	.LBE6:
 176:Core/Src/stm32f4xx_hal_msp.c **** 
 361              		.loc 1 176 5 view .LVU83
 178:Core/Src/stm32f4xx_hal_msp.c ****     __HAL_RCC_GPIOC_CLK_ENABLE();
 362              		.loc 1 178 5 view .LVU84
 363              	.LBB7:
 178:Core/Src/stm32f4xx_hal_msp.c ****     __HAL_RCC_GPIOC_CLK_ENABLE();
 364              		.loc 1 178 5 view .LVU85
 365 0052 0191     		str	r1, [sp, #4]
 178:Core/Src/stm32f4xx_hal_msp.c ****     __HAL_RCC_GPIOC_CLK_ENABLE();
 366              		.loc 1 178 5 view .LVU86
 367 0054 1A6B     		ldr	r2, [r3, #48]
 368 0056 42F00102 		orr	r2, r2, #1
 369 005a 1A63     		str	r2, [r3, #48]
 178:Core/Src/stm32f4xx_hal_msp.c ****     __HAL_RCC_GPIOC_CLK_ENABLE();
 370              		.loc 1 178 5 view .LVU87
 371 005c 1A6B     		ldr	r2, [r3, #48]
 372 005e 02F00102 		and	r2, r2, #1
 373 0062 0192     		str	r2, [sp, #4]
ARM GAS  C:\Users\leejo\AppData\Local\Temp\ccTikiY3.s 			page 12


 178:Core/Src/stm32f4xx_hal_msp.c ****     __HAL_RCC_GPIOC_CLK_ENABLE();
 374              		.loc 1 178 5 view .LVU88
 375 0064 019A     		ldr	r2, [sp, #4]
 376              	.LBE7:
 178:Core/Src/stm32f4xx_hal_msp.c ****     __HAL_RCC_GPIOC_CLK_ENABLE();
 377              		.loc 1 178 5 view .LVU89
 179:Core/Src/stm32f4xx_hal_msp.c ****     /**I2S3 GPIO Configuration
 378              		.loc 1 179 5 view .LVU90
 379              	.LBB8:
 179:Core/Src/stm32f4xx_hal_msp.c ****     /**I2S3 GPIO Configuration
 380              		.loc 1 179 5 view .LVU91
 381 0066 0291     		str	r1, [sp, #8]
 179:Core/Src/stm32f4xx_hal_msp.c ****     /**I2S3 GPIO Configuration
 382              		.loc 1 179 5 view .LVU92
 383 0068 1A6B     		ldr	r2, [r3, #48]
 384 006a 42F00402 		orr	r2, r2, #4
 385 006e 1A63     		str	r2, [r3, #48]
 179:Core/Src/stm32f4xx_hal_msp.c ****     /**I2S3 GPIO Configuration
 386              		.loc 1 179 5 view .LVU93
 387 0070 1B6B     		ldr	r3, [r3, #48]
 388 0072 03F00403 		and	r3, r3, #4
 389 0076 0293     		str	r3, [sp, #8]
 179:Core/Src/stm32f4xx_hal_msp.c ****     /**I2S3 GPIO Configuration
 390              		.loc 1 179 5 view .LVU94
 391 0078 029B     		ldr	r3, [sp, #8]
 392              	.LBE8:
 179:Core/Src/stm32f4xx_hal_msp.c ****     /**I2S3 GPIO Configuration
 393              		.loc 1 179 5 view .LVU95
 187:Core/Src/stm32f4xx_hal_msp.c ****     GPIO_InitStruct.Mode = GPIO_MODE_AF_PP;
 394              		.loc 1 187 5 view .LVU96
 187:Core/Src/stm32f4xx_hal_msp.c ****     GPIO_InitStruct.Mode = GPIO_MODE_AF_PP;
 395              		.loc 1 187 25 is_stmt 0 view .LVU97
 396 007a 1023     		movs	r3, #16
 397 007c 0793     		str	r3, [sp, #28]
 188:Core/Src/stm32f4xx_hal_msp.c ****     GPIO_InitStruct.Pull = GPIO_NOPULL;
 398              		.loc 1 188 5 is_stmt 1 view .LVU98
 188:Core/Src/stm32f4xx_hal_msp.c ****     GPIO_InitStruct.Pull = GPIO_NOPULL;
 399              		.loc 1 188 26 is_stmt 0 view .LVU99
 400 007e 0225     		movs	r5, #2
 401 0080 0895     		str	r5, [sp, #32]
 189:Core/Src/stm32f4xx_hal_msp.c ****     GPIO_InitStruct.Speed = GPIO_SPEED_FREQ_LOW;
 402              		.loc 1 189 5 is_stmt 1 view .LVU100
 189:Core/Src/stm32f4xx_hal_msp.c ****     GPIO_InitStruct.Speed = GPIO_SPEED_FREQ_LOW;
 403              		.loc 1 189 26 is_stmt 0 view .LVU101
 404 0082 0C46     		mov	r4, r1
 405 0084 0991     		str	r1, [sp, #36]
 190:Core/Src/stm32f4xx_hal_msp.c ****     GPIO_InitStruct.Alternate = GPIO_AF6_SPI3;
 406              		.loc 1 190 5 is_stmt 1 view .LVU102
 190:Core/Src/stm32f4xx_hal_msp.c ****     GPIO_InitStruct.Alternate = GPIO_AF6_SPI3;
 407              		.loc 1 190 27 is_stmt 0 view .LVU103
 408 0086 0A91     		str	r1, [sp, #40]
 191:Core/Src/stm32f4xx_hal_msp.c ****     HAL_GPIO_Init(I2S3_WS_GPIO_Port, &GPIO_InitStruct);
 409              		.loc 1 191 5 is_stmt 1 view .LVU104
 191:Core/Src/stm32f4xx_hal_msp.c ****     HAL_GPIO_Init(I2S3_WS_GPIO_Port, &GPIO_InitStruct);
 410              		.loc 1 191 31 is_stmt 0 view .LVU105
 411 0088 0626     		movs	r6, #6
 412 008a 0B96     		str	r6, [sp, #44]
ARM GAS  C:\Users\leejo\AppData\Local\Temp\ccTikiY3.s 			page 13


 192:Core/Src/stm32f4xx_hal_msp.c **** 
 413              		.loc 1 192 5 is_stmt 1 view .LVU106
 414 008c 07A9     		add	r1, sp, #28
 415 008e 1148     		ldr	r0, .L23+8
 416 0090 FFF7FEFF 		bl	HAL_GPIO_Init
 417              	.LVL17:
 194:Core/Src/stm32f4xx_hal_msp.c ****     GPIO_InitStruct.Mode = GPIO_MODE_AF_PP;
 418              		.loc 1 194 5 view .LVU107
 194:Core/Src/stm32f4xx_hal_msp.c ****     GPIO_InitStruct.Mode = GPIO_MODE_AF_PP;
 419              		.loc 1 194 25 is_stmt 0 view .LVU108
 420 0094 4FF4A453 		mov	r3, #5248
 421 0098 0793     		str	r3, [sp, #28]
 195:Core/Src/stm32f4xx_hal_msp.c ****     GPIO_InitStruct.Pull = GPIO_NOPULL;
 422              		.loc 1 195 5 is_stmt 1 view .LVU109
 195:Core/Src/stm32f4xx_hal_msp.c ****     GPIO_InitStruct.Pull = GPIO_NOPULL;
 423              		.loc 1 195 26 is_stmt 0 view .LVU110
 424 009a 0895     		str	r5, [sp, #32]
 196:Core/Src/stm32f4xx_hal_msp.c ****     GPIO_InitStruct.Speed = GPIO_SPEED_FREQ_LOW;
 425              		.loc 1 196 5 is_stmt 1 view .LVU111
 196:Core/Src/stm32f4xx_hal_msp.c ****     GPIO_InitStruct.Speed = GPIO_SPEED_FREQ_LOW;
 426              		.loc 1 196 26 is_stmt 0 view .LVU112
 427 009c 0994     		str	r4, [sp, #36]
 197:Core/Src/stm32f4xx_hal_msp.c ****     GPIO_InitStruct.Alternate = GPIO_AF6_SPI3;
 428              		.loc 1 197 5 is_stmt 1 view .LVU113
 197:Core/Src/stm32f4xx_hal_msp.c ****     GPIO_InitStruct.Alternate = GPIO_AF6_SPI3;
 429              		.loc 1 197 27 is_stmt 0 view .LVU114
 430 009e 0A94     		str	r4, [sp, #40]
 198:Core/Src/stm32f4xx_hal_msp.c ****     HAL_GPIO_Init(GPIOC, &GPIO_InitStruct);
 431              		.loc 1 198 5 is_stmt 1 view .LVU115
 198:Core/Src/stm32f4xx_hal_msp.c ****     HAL_GPIO_Init(GPIOC, &GPIO_InitStruct);
 432              		.loc 1 198 31 is_stmt 0 view .LVU116
 433 00a0 0B96     		str	r6, [sp, #44]
 199:Core/Src/stm32f4xx_hal_msp.c **** 
 434              		.loc 1 199 5 is_stmt 1 view .LVU117
 435 00a2 07A9     		add	r1, sp, #28
 436 00a4 0C48     		ldr	r0, .L23+12
 437 00a6 FFF7FEFF 		bl	HAL_GPIO_Init
 438              	.LVL18:
 201:Core/Src/stm32f4xx_hal_msp.c ****     GPIO_InitStruct.Mode = GPIO_MODE_AF_PP;
 439              		.loc 1 201 5 view .LVU118
 201:Core/Src/stm32f4xx_hal_msp.c ****     GPIO_InitStruct.Mode = GPIO_MODE_AF_PP;
 440              		.loc 1 201 25 is_stmt 0 view .LVU119
 441 00aa 4FF40063 		mov	r3, #2048
 442 00ae 0793     		str	r3, [sp, #28]
 202:Core/Src/stm32f4xx_hal_msp.c ****     GPIO_InitStruct.Pull = GPIO_NOPULL;
 443              		.loc 1 202 5 is_stmt 1 view .LVU120
 202:Core/Src/stm32f4xx_hal_msp.c ****     GPIO_InitStruct.Pull = GPIO_NOPULL;
 444              		.loc 1 202 26 is_stmt 0 view .LVU121
 445 00b0 0895     		str	r5, [sp, #32]
 203:Core/Src/stm32f4xx_hal_msp.c ****     GPIO_InitStruct.Speed = GPIO_SPEED_FREQ_LOW;
 446              		.loc 1 203 5 is_stmt 1 view .LVU122
 203:Core/Src/stm32f4xx_hal_msp.c ****     GPIO_InitStruct.Speed = GPIO_SPEED_FREQ_LOW;
 447              		.loc 1 203 26 is_stmt 0 view .LVU123
 448 00b2 0994     		str	r4, [sp, #36]
 204:Core/Src/stm32f4xx_hal_msp.c ****     GPIO_InitStruct.Alternate = GPIO_AF5_I2S3ext;
 449              		.loc 1 204 5 is_stmt 1 view .LVU124
 204:Core/Src/stm32f4xx_hal_msp.c ****     GPIO_InitStruct.Alternate = GPIO_AF5_I2S3ext;
ARM GAS  C:\Users\leejo\AppData\Local\Temp\ccTikiY3.s 			page 14


 450              		.loc 1 204 27 is_stmt 0 view .LVU125
 451 00b4 0A94     		str	r4, [sp, #40]
 205:Core/Src/stm32f4xx_hal_msp.c ****     HAL_GPIO_Init(GPIOC, &GPIO_InitStruct);
 452              		.loc 1 205 5 is_stmt 1 view .LVU126
 205:Core/Src/stm32f4xx_hal_msp.c ****     HAL_GPIO_Init(GPIOC, &GPIO_InitStruct);
 453              		.loc 1 205 31 is_stmt 0 view .LVU127
 454 00b6 0523     		movs	r3, #5
 455 00b8 0B93     		str	r3, [sp, #44]
 206:Core/Src/stm32f4xx_hal_msp.c **** 
 456              		.loc 1 206 5 is_stmt 1 view .LVU128
 457 00ba 07A9     		add	r1, sp, #28
 458 00bc 0648     		ldr	r0, .L23+12
 459 00be FFF7FEFF 		bl	HAL_GPIO_Init
 460              	.LVL19:
 461              		.loc 1 214 1 is_stmt 0 view .LVU129
 462 00c2 ADE7     		b	.L17
 463              	.L22:
 172:Core/Src/stm32f4xx_hal_msp.c ****     }
 464              		.loc 1 172 7 is_stmt 1 view .LVU130
 465 00c4 FFF7FEFF 		bl	Error_Handler
 466              	.LVL20:
 467 00c8 B7E7     		b	.L19
 468              	.L24:
 469 00ca 00BF     		.align	2
 470              	.L23:
 471 00cc 003C0040 		.word	1073757184
 472 00d0 00380240 		.word	1073887232
 473 00d4 00000240 		.word	1073872896
 474 00d8 00080240 		.word	1073874944
 475              		.cfi_endproc
 476              	.LFE137:
 478              		.section	.text.HAL_I2S_MspDeInit,"ax",%progbits
 479              		.align	1
 480              		.global	HAL_I2S_MspDeInit
 481              		.syntax unified
 482              		.thumb
 483              		.thumb_func
 485              	HAL_I2S_MspDeInit:
 486              	.LVL21:
 487              	.LFB138:
 215:Core/Src/stm32f4xx_hal_msp.c **** 
 216:Core/Src/stm32f4xx_hal_msp.c **** /**
 217:Core/Src/stm32f4xx_hal_msp.c ****   * @brief I2S MSP De-Initialization
 218:Core/Src/stm32f4xx_hal_msp.c ****   * This function freeze the hardware resources used in this example
 219:Core/Src/stm32f4xx_hal_msp.c ****   * @param hi2s: I2S handle pointer
 220:Core/Src/stm32f4xx_hal_msp.c ****   * @retval None
 221:Core/Src/stm32f4xx_hal_msp.c ****   */
 222:Core/Src/stm32f4xx_hal_msp.c **** void HAL_I2S_MspDeInit(I2S_HandleTypeDef* hi2s)
 223:Core/Src/stm32f4xx_hal_msp.c **** {
 488              		.loc 1 223 1 view -0
 489              		.cfi_startproc
 490              		@ args = 0, pretend = 0, frame = 0
 491              		@ frame_needed = 0, uses_anonymous_args = 0
 492              		.loc 1 223 1 is_stmt 0 view .LVU132
 493 0000 08B5     		push	{r3, lr}
 494              		.cfi_def_cfa_offset 8
 495              		.cfi_offset 3, -8
ARM GAS  C:\Users\leejo\AppData\Local\Temp\ccTikiY3.s 			page 15


 496              		.cfi_offset 14, -4
 224:Core/Src/stm32f4xx_hal_msp.c ****   if(hi2s->Instance==SPI3)
 497              		.loc 1 224 3 is_stmt 1 view .LVU133
 498              		.loc 1 224 10 is_stmt 0 view .LVU134
 499 0002 0268     		ldr	r2, [r0]
 500              		.loc 1 224 5 view .LVU135
 501 0004 094B     		ldr	r3, .L29
 502 0006 9A42     		cmp	r2, r3
 503 0008 00D0     		beq	.L28
 504              	.LVL22:
 505              	.L25:
 225:Core/Src/stm32f4xx_hal_msp.c ****   {
 226:Core/Src/stm32f4xx_hal_msp.c ****     /* USER CODE BEGIN SPI3_MspDeInit 0 */
 227:Core/Src/stm32f4xx_hal_msp.c **** 
 228:Core/Src/stm32f4xx_hal_msp.c ****     /* USER CODE END SPI3_MspDeInit 0 */
 229:Core/Src/stm32f4xx_hal_msp.c ****     /* Peripheral clock disable */
 230:Core/Src/stm32f4xx_hal_msp.c ****     __HAL_RCC_SPI3_CLK_DISABLE();
 231:Core/Src/stm32f4xx_hal_msp.c **** 
 232:Core/Src/stm32f4xx_hal_msp.c ****     /**I2S3 GPIO Configuration
 233:Core/Src/stm32f4xx_hal_msp.c ****     PA4     ------> I2S3_WS
 234:Core/Src/stm32f4xx_hal_msp.c ****     PC7     ------> I2S3_MCK
 235:Core/Src/stm32f4xx_hal_msp.c ****     PC10     ------> I2S3_CK
 236:Core/Src/stm32f4xx_hal_msp.c ****     PC11     ------> I2S3_ext_SD
 237:Core/Src/stm32f4xx_hal_msp.c ****     PC12     ------> I2S3_SD
 238:Core/Src/stm32f4xx_hal_msp.c ****     */
 239:Core/Src/stm32f4xx_hal_msp.c ****     HAL_GPIO_DeInit(I2S3_WS_GPIO_Port, I2S3_WS_Pin);
 240:Core/Src/stm32f4xx_hal_msp.c **** 
 241:Core/Src/stm32f4xx_hal_msp.c ****     HAL_GPIO_DeInit(GPIOC, I2S3_MCK_Pin|I2S3_SCK_Pin|GPIO_PIN_11|I2S3_SD_Pin);
 242:Core/Src/stm32f4xx_hal_msp.c **** 
 243:Core/Src/stm32f4xx_hal_msp.c ****     /* USER CODE BEGIN SPI3_MspDeInit 1 */
 244:Core/Src/stm32f4xx_hal_msp.c **** 
 245:Core/Src/stm32f4xx_hal_msp.c ****     /* USER CODE END SPI3_MspDeInit 1 */
 246:Core/Src/stm32f4xx_hal_msp.c ****   }
 247:Core/Src/stm32f4xx_hal_msp.c **** 
 248:Core/Src/stm32f4xx_hal_msp.c **** }
 506              		.loc 1 248 1 view .LVU136
 507 000a 08BD     		pop	{r3, pc}
 508              	.LVL23:
 509              	.L28:
 230:Core/Src/stm32f4xx_hal_msp.c **** 
 510              		.loc 1 230 5 is_stmt 1 view .LVU137
 511 000c 084A     		ldr	r2, .L29+4
 512 000e 136C     		ldr	r3, [r2, #64]
 513 0010 23F40043 		bic	r3, r3, #32768
 514 0014 1364     		str	r3, [r2, #64]
 239:Core/Src/stm32f4xx_hal_msp.c **** 
 515              		.loc 1 239 5 view .LVU138
 516 0016 1021     		movs	r1, #16
 517 0018 0648     		ldr	r0, .L29+8
 518              	.LVL24:
 239:Core/Src/stm32f4xx_hal_msp.c **** 
 519              		.loc 1 239 5 is_stmt 0 view .LVU139
 520 001a FFF7FEFF 		bl	HAL_GPIO_DeInit
 521              	.LVL25:
 241:Core/Src/stm32f4xx_hal_msp.c **** 
 522              		.loc 1 241 5 is_stmt 1 view .LVU140
 523 001e 4FF4E451 		mov	r1, #7296
ARM GAS  C:\Users\leejo\AppData\Local\Temp\ccTikiY3.s 			page 16


 524 0022 0548     		ldr	r0, .L29+12
 525 0024 FFF7FEFF 		bl	HAL_GPIO_DeInit
 526              	.LVL26:
 527              		.loc 1 248 1 is_stmt 0 view .LVU141
 528 0028 EFE7     		b	.L25
 529              	.L30:
 530 002a 00BF     		.align	2
 531              	.L29:
 532 002c 003C0040 		.word	1073757184
 533 0030 00380240 		.word	1073887232
 534 0034 00000240 		.word	1073872896
 535 0038 00080240 		.word	1073874944
 536              		.cfi_endproc
 537              	.LFE138:
 539              		.section	.text.HAL_SPI_MspInit,"ax",%progbits
 540              		.align	1
 541              		.global	HAL_SPI_MspInit
 542              		.syntax unified
 543              		.thumb
 544              		.thumb_func
 546              	HAL_SPI_MspInit:
 547              	.LVL27:
 548              	.LFB139:
 249:Core/Src/stm32f4xx_hal_msp.c **** 
 250:Core/Src/stm32f4xx_hal_msp.c **** /**
 251:Core/Src/stm32f4xx_hal_msp.c ****   * @brief SPI MSP Initialization
 252:Core/Src/stm32f4xx_hal_msp.c ****   * This function configures the hardware resources used in this example
 253:Core/Src/stm32f4xx_hal_msp.c ****   * @param hspi: SPI handle pointer
 254:Core/Src/stm32f4xx_hal_msp.c ****   * @retval None
 255:Core/Src/stm32f4xx_hal_msp.c ****   */
 256:Core/Src/stm32f4xx_hal_msp.c **** void HAL_SPI_MspInit(SPI_HandleTypeDef* hspi)
 257:Core/Src/stm32f4xx_hal_msp.c **** {
 549              		.loc 1 257 1 is_stmt 1 view -0
 550              		.cfi_startproc
 551              		@ args = 0, pretend = 0, frame = 40
 552              		@ frame_needed = 0, uses_anonymous_args = 0
 553              		.loc 1 257 1 is_stmt 0 view .LVU143
 554 0000 F0B5     		push	{r4, r5, r6, r7, lr}
 555              		.cfi_def_cfa_offset 20
 556              		.cfi_offset 4, -20
 557              		.cfi_offset 5, -16
 558              		.cfi_offset 6, -12
 559              		.cfi_offset 7, -8
 560              		.cfi_offset 14, -4
 561 0002 8BB0     		sub	sp, sp, #44
 562              		.cfi_def_cfa_offset 64
 258:Core/Src/stm32f4xx_hal_msp.c ****   GPIO_InitTypeDef GPIO_InitStruct = {0};
 563              		.loc 1 258 3 is_stmt 1 view .LVU144
 564              		.loc 1 258 20 is_stmt 0 view .LVU145
 565 0004 0023     		movs	r3, #0
 566 0006 0593     		str	r3, [sp, #20]
 567 0008 0693     		str	r3, [sp, #24]
 568 000a 0793     		str	r3, [sp, #28]
 569 000c 0893     		str	r3, [sp, #32]
 570 000e 0993     		str	r3, [sp, #36]
 259:Core/Src/stm32f4xx_hal_msp.c ****   if(hspi->Instance==SPI1)
 571              		.loc 1 259 3 is_stmt 1 view .LVU146
ARM GAS  C:\Users\leejo\AppData\Local\Temp\ccTikiY3.s 			page 17


 572              		.loc 1 259 10 is_stmt 0 view .LVU147
 573 0010 0368     		ldr	r3, [r0]
 574              		.loc 1 259 5 view .LVU148
 575 0012 304A     		ldr	r2, .L37
 576 0014 9342     		cmp	r3, r2
 577 0016 04D0     		beq	.L35
 260:Core/Src/stm32f4xx_hal_msp.c ****   {
 261:Core/Src/stm32f4xx_hal_msp.c ****     /* USER CODE BEGIN SPI1_MspInit 0 */
 262:Core/Src/stm32f4xx_hal_msp.c **** 
 263:Core/Src/stm32f4xx_hal_msp.c ****     /* USER CODE END SPI1_MspInit 0 */
 264:Core/Src/stm32f4xx_hal_msp.c ****     /* Peripheral clock enable */
 265:Core/Src/stm32f4xx_hal_msp.c ****     __HAL_RCC_SPI1_CLK_ENABLE();
 266:Core/Src/stm32f4xx_hal_msp.c **** 
 267:Core/Src/stm32f4xx_hal_msp.c ****     __HAL_RCC_GPIOA_CLK_ENABLE();
 268:Core/Src/stm32f4xx_hal_msp.c ****     /**SPI1 GPIO Configuration
 269:Core/Src/stm32f4xx_hal_msp.c ****     PA5     ------> SPI1_SCK
 270:Core/Src/stm32f4xx_hal_msp.c ****     PA6     ------> SPI1_MISO
 271:Core/Src/stm32f4xx_hal_msp.c ****     PA7     ------> SPI1_MOSI
 272:Core/Src/stm32f4xx_hal_msp.c ****     */
 273:Core/Src/stm32f4xx_hal_msp.c ****     GPIO_InitStruct.Pin = SPI1_SCK_Pin|SPI1_MISO_Pin|SPI1_MOSI_Pin;
 274:Core/Src/stm32f4xx_hal_msp.c ****     GPIO_InitStruct.Mode = GPIO_MODE_AF_PP;
 275:Core/Src/stm32f4xx_hal_msp.c ****     GPIO_InitStruct.Pull = GPIO_NOPULL;
 276:Core/Src/stm32f4xx_hal_msp.c ****     GPIO_InitStruct.Speed = GPIO_SPEED_FREQ_LOW;
 277:Core/Src/stm32f4xx_hal_msp.c ****     GPIO_InitStruct.Alternate = GPIO_AF5_SPI1;
 278:Core/Src/stm32f4xx_hal_msp.c ****     HAL_GPIO_Init(GPIOA, &GPIO_InitStruct);
 279:Core/Src/stm32f4xx_hal_msp.c **** 
 280:Core/Src/stm32f4xx_hal_msp.c ****     /* USER CODE BEGIN SPI1_MspInit 1 */
 281:Core/Src/stm32f4xx_hal_msp.c **** 
 282:Core/Src/stm32f4xx_hal_msp.c ****     /* USER CODE END SPI1_MspInit 1 */
 283:Core/Src/stm32f4xx_hal_msp.c ****   }
 284:Core/Src/stm32f4xx_hal_msp.c ****   else if(hspi->Instance==SPI2)
 578              		.loc 1 284 8 is_stmt 1 view .LVU149
 579              		.loc 1 284 10 is_stmt 0 view .LVU150
 580 0018 2F4A     		ldr	r2, .L37+4
 581 001a 9342     		cmp	r3, r2
 582 001c 22D0     		beq	.L36
 583              	.LVL28:
 584              	.L31:
 285:Core/Src/stm32f4xx_hal_msp.c ****   {
 286:Core/Src/stm32f4xx_hal_msp.c ****     /* USER CODE BEGIN SPI2_MspInit 0 */
 287:Core/Src/stm32f4xx_hal_msp.c **** 
 288:Core/Src/stm32f4xx_hal_msp.c ****     /* USER CODE END SPI2_MspInit 0 */
 289:Core/Src/stm32f4xx_hal_msp.c ****     /* Peripheral clock enable */
 290:Core/Src/stm32f4xx_hal_msp.c ****     __HAL_RCC_SPI2_CLK_ENABLE();
 291:Core/Src/stm32f4xx_hal_msp.c **** 
 292:Core/Src/stm32f4xx_hal_msp.c ****     __HAL_RCC_GPIOC_CLK_ENABLE();
 293:Core/Src/stm32f4xx_hal_msp.c ****     __HAL_RCC_GPIOB_CLK_ENABLE();
 294:Core/Src/stm32f4xx_hal_msp.c ****     /**SPI2 GPIO Configuration
 295:Core/Src/stm32f4xx_hal_msp.c ****     PC2     ------> SPI2_MISO
 296:Core/Src/stm32f4xx_hal_msp.c ****     PB13     ------> SPI2_SCK
 297:Core/Src/stm32f4xx_hal_msp.c ****     PB15     ------> SPI2_MOSI
 298:Core/Src/stm32f4xx_hal_msp.c ****     */
 299:Core/Src/stm32f4xx_hal_msp.c ****     GPIO_InitStruct.Pin = GPIO_PIN_2;
 300:Core/Src/stm32f4xx_hal_msp.c ****     GPIO_InitStruct.Mode = GPIO_MODE_AF_PP;
 301:Core/Src/stm32f4xx_hal_msp.c ****     GPIO_InitStruct.Pull = GPIO_NOPULL;
 302:Core/Src/stm32f4xx_hal_msp.c ****     GPIO_InitStruct.Speed = GPIO_SPEED_FREQ_VERY_HIGH;
 303:Core/Src/stm32f4xx_hal_msp.c ****     GPIO_InitStruct.Alternate = GPIO_AF5_SPI2;
ARM GAS  C:\Users\leejo\AppData\Local\Temp\ccTikiY3.s 			page 18


 304:Core/Src/stm32f4xx_hal_msp.c ****     HAL_GPIO_Init(GPIOC, &GPIO_InitStruct);
 305:Core/Src/stm32f4xx_hal_msp.c **** 
 306:Core/Src/stm32f4xx_hal_msp.c ****     GPIO_InitStruct.Pin = GPIO_PIN_13|GPIO_PIN_15;
 307:Core/Src/stm32f4xx_hal_msp.c ****     GPIO_InitStruct.Mode = GPIO_MODE_AF_PP;
 308:Core/Src/stm32f4xx_hal_msp.c ****     GPIO_InitStruct.Pull = GPIO_NOPULL;
 309:Core/Src/stm32f4xx_hal_msp.c ****     GPIO_InitStruct.Speed = GPIO_SPEED_FREQ_VERY_HIGH;
 310:Core/Src/stm32f4xx_hal_msp.c ****     GPIO_InitStruct.Alternate = GPIO_AF5_SPI2;
 311:Core/Src/stm32f4xx_hal_msp.c ****     HAL_GPIO_Init(GPIOB, &GPIO_InitStruct);
 312:Core/Src/stm32f4xx_hal_msp.c **** 
 313:Core/Src/stm32f4xx_hal_msp.c ****     /* USER CODE BEGIN SPI2_MspInit 1 */
 314:Core/Src/stm32f4xx_hal_msp.c **** 
 315:Core/Src/stm32f4xx_hal_msp.c ****     /* USER CODE END SPI2_MspInit 1 */
 316:Core/Src/stm32f4xx_hal_msp.c ****   }
 317:Core/Src/stm32f4xx_hal_msp.c **** 
 318:Core/Src/stm32f4xx_hal_msp.c **** }
 585              		.loc 1 318 1 view .LVU151
 586 001e 0BB0     		add	sp, sp, #44
 587              		.cfi_remember_state
 588              		.cfi_def_cfa_offset 20
 589              		@ sp needed
 590 0020 F0BD     		pop	{r4, r5, r6, r7, pc}
 591              	.LVL29:
 592              	.L35:
 593              		.cfi_restore_state
 265:Core/Src/stm32f4xx_hal_msp.c **** 
 594              		.loc 1 265 5 is_stmt 1 view .LVU152
 595              	.LBB9:
 265:Core/Src/stm32f4xx_hal_msp.c **** 
 596              		.loc 1 265 5 view .LVU153
 597 0022 0021     		movs	r1, #0
 598 0024 0091     		str	r1, [sp]
 265:Core/Src/stm32f4xx_hal_msp.c **** 
 599              		.loc 1 265 5 view .LVU154
 600 0026 2D4B     		ldr	r3, .L37+8
 601 0028 5A6C     		ldr	r2, [r3, #68]
 602 002a 42F48052 		orr	r2, r2, #4096
 603 002e 5A64     		str	r2, [r3, #68]
 265:Core/Src/stm32f4xx_hal_msp.c **** 
 604              		.loc 1 265 5 view .LVU155
 605 0030 5A6C     		ldr	r2, [r3, #68]
 606 0032 02F48052 		and	r2, r2, #4096
 607 0036 0092     		str	r2, [sp]
 265:Core/Src/stm32f4xx_hal_msp.c **** 
 608              		.loc 1 265 5 view .LVU156
 609 0038 009A     		ldr	r2, [sp]
 610              	.LBE9:
 265:Core/Src/stm32f4xx_hal_msp.c **** 
 611              		.loc 1 265 5 view .LVU157
 267:Core/Src/stm32f4xx_hal_msp.c ****     /**SPI1 GPIO Configuration
 612              		.loc 1 267 5 view .LVU158
 613              	.LBB10:
 267:Core/Src/stm32f4xx_hal_msp.c ****     /**SPI1 GPIO Configuration
 614              		.loc 1 267 5 view .LVU159
 615 003a 0191     		str	r1, [sp, #4]
 267:Core/Src/stm32f4xx_hal_msp.c ****     /**SPI1 GPIO Configuration
 616              		.loc 1 267 5 view .LVU160
 617 003c 1A6B     		ldr	r2, [r3, #48]
ARM GAS  C:\Users\leejo\AppData\Local\Temp\ccTikiY3.s 			page 19


 618 003e 42F00102 		orr	r2, r2, #1
 619 0042 1A63     		str	r2, [r3, #48]
 267:Core/Src/stm32f4xx_hal_msp.c ****     /**SPI1 GPIO Configuration
 620              		.loc 1 267 5 view .LVU161
 621 0044 1B6B     		ldr	r3, [r3, #48]
 622 0046 03F00103 		and	r3, r3, #1
 623 004a 0193     		str	r3, [sp, #4]
 267:Core/Src/stm32f4xx_hal_msp.c ****     /**SPI1 GPIO Configuration
 624              		.loc 1 267 5 view .LVU162
 625 004c 019B     		ldr	r3, [sp, #4]
 626              	.LBE10:
 267:Core/Src/stm32f4xx_hal_msp.c ****     /**SPI1 GPIO Configuration
 627              		.loc 1 267 5 view .LVU163
 273:Core/Src/stm32f4xx_hal_msp.c ****     GPIO_InitStruct.Mode = GPIO_MODE_AF_PP;
 628              		.loc 1 273 5 view .LVU164
 273:Core/Src/stm32f4xx_hal_msp.c ****     GPIO_InitStruct.Mode = GPIO_MODE_AF_PP;
 629              		.loc 1 273 25 is_stmt 0 view .LVU165
 630 004e E023     		movs	r3, #224
 631 0050 0593     		str	r3, [sp, #20]
 274:Core/Src/stm32f4xx_hal_msp.c ****     GPIO_InitStruct.Pull = GPIO_NOPULL;
 632              		.loc 1 274 5 is_stmt 1 view .LVU166
 274:Core/Src/stm32f4xx_hal_msp.c ****     GPIO_InitStruct.Pull = GPIO_NOPULL;
 633              		.loc 1 274 26 is_stmt 0 view .LVU167
 634 0052 0223     		movs	r3, #2
 635 0054 0693     		str	r3, [sp, #24]
 275:Core/Src/stm32f4xx_hal_msp.c ****     GPIO_InitStruct.Speed = GPIO_SPEED_FREQ_LOW;
 636              		.loc 1 275 5 is_stmt 1 view .LVU168
 276:Core/Src/stm32f4xx_hal_msp.c ****     GPIO_InitStruct.Alternate = GPIO_AF5_SPI1;
 637              		.loc 1 276 5 view .LVU169
 277:Core/Src/stm32f4xx_hal_msp.c ****     HAL_GPIO_Init(GPIOA, &GPIO_InitStruct);
 638              		.loc 1 277 5 view .LVU170
 277:Core/Src/stm32f4xx_hal_msp.c ****     HAL_GPIO_Init(GPIOA, &GPIO_InitStruct);
 639              		.loc 1 277 31 is_stmt 0 view .LVU171
 640 0056 0523     		movs	r3, #5
 641 0058 0993     		str	r3, [sp, #36]
 278:Core/Src/stm32f4xx_hal_msp.c **** 
 642              		.loc 1 278 5 is_stmt 1 view .LVU172
 643 005a 05A9     		add	r1, sp, #20
 644 005c 2048     		ldr	r0, .L37+12
 645              	.LVL30:
 278:Core/Src/stm32f4xx_hal_msp.c **** 
 646              		.loc 1 278 5 is_stmt 0 view .LVU173
 647 005e FFF7FEFF 		bl	HAL_GPIO_Init
 648              	.LVL31:
 649 0062 DCE7     		b	.L31
 650              	.LVL32:
 651              	.L36:
 290:Core/Src/stm32f4xx_hal_msp.c **** 
 652              		.loc 1 290 5 is_stmt 1 view .LVU174
 653              	.LBB11:
 290:Core/Src/stm32f4xx_hal_msp.c **** 
 654              		.loc 1 290 5 view .LVU175
 655 0064 0024     		movs	r4, #0
 656 0066 0294     		str	r4, [sp, #8]
 290:Core/Src/stm32f4xx_hal_msp.c **** 
 657              		.loc 1 290 5 view .LVU176
 658 0068 1C4B     		ldr	r3, .L37+8
ARM GAS  C:\Users\leejo\AppData\Local\Temp\ccTikiY3.s 			page 20


 659 006a 1A6C     		ldr	r2, [r3, #64]
 660 006c 42F48042 		orr	r2, r2, #16384
 661 0070 1A64     		str	r2, [r3, #64]
 290:Core/Src/stm32f4xx_hal_msp.c **** 
 662              		.loc 1 290 5 view .LVU177
 663 0072 1A6C     		ldr	r2, [r3, #64]
 664 0074 02F48042 		and	r2, r2, #16384
 665 0078 0292     		str	r2, [sp, #8]
 290:Core/Src/stm32f4xx_hal_msp.c **** 
 666              		.loc 1 290 5 view .LVU178
 667 007a 029A     		ldr	r2, [sp, #8]
 668              	.LBE11:
 290:Core/Src/stm32f4xx_hal_msp.c **** 
 669              		.loc 1 290 5 view .LVU179
 292:Core/Src/stm32f4xx_hal_msp.c ****     __HAL_RCC_GPIOB_CLK_ENABLE();
 670              		.loc 1 292 5 view .LVU180
 671              	.LBB12:
 292:Core/Src/stm32f4xx_hal_msp.c ****     __HAL_RCC_GPIOB_CLK_ENABLE();
 672              		.loc 1 292 5 view .LVU181
 673 007c 0394     		str	r4, [sp, #12]
 292:Core/Src/stm32f4xx_hal_msp.c ****     __HAL_RCC_GPIOB_CLK_ENABLE();
 674              		.loc 1 292 5 view .LVU182
 675 007e 1A6B     		ldr	r2, [r3, #48]
 676 0080 42F00402 		orr	r2, r2, #4
 677 0084 1A63     		str	r2, [r3, #48]
 292:Core/Src/stm32f4xx_hal_msp.c ****     __HAL_RCC_GPIOB_CLK_ENABLE();
 678              		.loc 1 292 5 view .LVU183
 679 0086 1A6B     		ldr	r2, [r3, #48]
 680 0088 02F00402 		and	r2, r2, #4
 681 008c 0392     		str	r2, [sp, #12]
 292:Core/Src/stm32f4xx_hal_msp.c ****     __HAL_RCC_GPIOB_CLK_ENABLE();
 682              		.loc 1 292 5 view .LVU184
 683 008e 039A     		ldr	r2, [sp, #12]
 684              	.LBE12:
 292:Core/Src/stm32f4xx_hal_msp.c ****     __HAL_RCC_GPIOB_CLK_ENABLE();
 685              		.loc 1 292 5 view .LVU185
 293:Core/Src/stm32f4xx_hal_msp.c ****     /**SPI2 GPIO Configuration
 686              		.loc 1 293 5 view .LVU186
 687              	.LBB13:
 293:Core/Src/stm32f4xx_hal_msp.c ****     /**SPI2 GPIO Configuration
 688              		.loc 1 293 5 view .LVU187
 689 0090 0494     		str	r4, [sp, #16]
 293:Core/Src/stm32f4xx_hal_msp.c ****     /**SPI2 GPIO Configuration
 690              		.loc 1 293 5 view .LVU188
 691 0092 1A6B     		ldr	r2, [r3, #48]
 692 0094 42F00202 		orr	r2, r2, #2
 693 0098 1A63     		str	r2, [r3, #48]
 293:Core/Src/stm32f4xx_hal_msp.c ****     /**SPI2 GPIO Configuration
 694              		.loc 1 293 5 view .LVU189
 695 009a 1B6B     		ldr	r3, [r3, #48]
 696 009c 03F00203 		and	r3, r3, #2
 697 00a0 0493     		str	r3, [sp, #16]
 293:Core/Src/stm32f4xx_hal_msp.c ****     /**SPI2 GPIO Configuration
 698              		.loc 1 293 5 view .LVU190
 699 00a2 049B     		ldr	r3, [sp, #16]
 700              	.LBE13:
 293:Core/Src/stm32f4xx_hal_msp.c ****     /**SPI2 GPIO Configuration
ARM GAS  C:\Users\leejo\AppData\Local\Temp\ccTikiY3.s 			page 21


 701              		.loc 1 293 5 view .LVU191
 299:Core/Src/stm32f4xx_hal_msp.c ****     GPIO_InitStruct.Mode = GPIO_MODE_AF_PP;
 702              		.loc 1 299 5 view .LVU192
 299:Core/Src/stm32f4xx_hal_msp.c ****     GPIO_InitStruct.Mode = GPIO_MODE_AF_PP;
 703              		.loc 1 299 25 is_stmt 0 view .LVU193
 704 00a4 0423     		movs	r3, #4
 705 00a6 0593     		str	r3, [sp, #20]
 300:Core/Src/stm32f4xx_hal_msp.c ****     GPIO_InitStruct.Pull = GPIO_NOPULL;
 706              		.loc 1 300 5 is_stmt 1 view .LVU194
 300:Core/Src/stm32f4xx_hal_msp.c ****     GPIO_InitStruct.Pull = GPIO_NOPULL;
 707              		.loc 1 300 26 is_stmt 0 view .LVU195
 708 00a8 0225     		movs	r5, #2
 709 00aa 0695     		str	r5, [sp, #24]
 301:Core/Src/stm32f4xx_hal_msp.c ****     GPIO_InitStruct.Speed = GPIO_SPEED_FREQ_VERY_HIGH;
 710              		.loc 1 301 5 is_stmt 1 view .LVU196
 302:Core/Src/stm32f4xx_hal_msp.c ****     GPIO_InitStruct.Alternate = GPIO_AF5_SPI2;
 711              		.loc 1 302 5 view .LVU197
 302:Core/Src/stm32f4xx_hal_msp.c ****     GPIO_InitStruct.Alternate = GPIO_AF5_SPI2;
 712              		.loc 1 302 27 is_stmt 0 view .LVU198
 713 00ac 0326     		movs	r6, #3
 714 00ae 0896     		str	r6, [sp, #32]
 303:Core/Src/stm32f4xx_hal_msp.c ****     HAL_GPIO_Init(GPIOC, &GPIO_InitStruct);
 715              		.loc 1 303 5 is_stmt 1 view .LVU199
 303:Core/Src/stm32f4xx_hal_msp.c ****     HAL_GPIO_Init(GPIOC, &GPIO_InitStruct);
 716              		.loc 1 303 31 is_stmt 0 view .LVU200
 717 00b0 0527     		movs	r7, #5
 718 00b2 0997     		str	r7, [sp, #36]
 304:Core/Src/stm32f4xx_hal_msp.c **** 
 719              		.loc 1 304 5 is_stmt 1 view .LVU201
 720 00b4 05A9     		add	r1, sp, #20
 721 00b6 0B48     		ldr	r0, .L37+16
 722              	.LVL33:
 304:Core/Src/stm32f4xx_hal_msp.c **** 
 723              		.loc 1 304 5 is_stmt 0 view .LVU202
 724 00b8 FFF7FEFF 		bl	HAL_GPIO_Init
 725              	.LVL34:
 306:Core/Src/stm32f4xx_hal_msp.c ****     GPIO_InitStruct.Mode = GPIO_MODE_AF_PP;
 726              		.loc 1 306 5 is_stmt 1 view .LVU203
 306:Core/Src/stm32f4xx_hal_msp.c ****     GPIO_InitStruct.Mode = GPIO_MODE_AF_PP;
 727              		.loc 1 306 25 is_stmt 0 view .LVU204
 728 00bc 4FF42043 		mov	r3, #40960
 729 00c0 0593     		str	r3, [sp, #20]
 307:Core/Src/stm32f4xx_hal_msp.c ****     GPIO_InitStruct.Pull = GPIO_NOPULL;
 730              		.loc 1 307 5 is_stmt 1 view .LVU205
 307:Core/Src/stm32f4xx_hal_msp.c ****     GPIO_InitStruct.Pull = GPIO_NOPULL;
 731              		.loc 1 307 26 is_stmt 0 view .LVU206
 732 00c2 0695     		str	r5, [sp, #24]
 308:Core/Src/stm32f4xx_hal_msp.c ****     GPIO_InitStruct.Speed = GPIO_SPEED_FREQ_VERY_HIGH;
 733              		.loc 1 308 5 is_stmt 1 view .LVU207
 308:Core/Src/stm32f4xx_hal_msp.c ****     GPIO_InitStruct.Speed = GPIO_SPEED_FREQ_VERY_HIGH;
 734              		.loc 1 308 26 is_stmt 0 view .LVU208
 735 00c4 0794     		str	r4, [sp, #28]
 309:Core/Src/stm32f4xx_hal_msp.c ****     GPIO_InitStruct.Alternate = GPIO_AF5_SPI2;
 736              		.loc 1 309 5 is_stmt 1 view .LVU209
 309:Core/Src/stm32f4xx_hal_msp.c ****     GPIO_InitStruct.Alternate = GPIO_AF5_SPI2;
 737              		.loc 1 309 27 is_stmt 0 view .LVU210
 738 00c6 0896     		str	r6, [sp, #32]
ARM GAS  C:\Users\leejo\AppData\Local\Temp\ccTikiY3.s 			page 22


 310:Core/Src/stm32f4xx_hal_msp.c ****     HAL_GPIO_Init(GPIOB, &GPIO_InitStruct);
 739              		.loc 1 310 5 is_stmt 1 view .LVU211
 310:Core/Src/stm32f4xx_hal_msp.c ****     HAL_GPIO_Init(GPIOB, &GPIO_InitStruct);
 740              		.loc 1 310 31 is_stmt 0 view .LVU212
 741 00c8 0997     		str	r7, [sp, #36]
 311:Core/Src/stm32f4xx_hal_msp.c **** 
 742              		.loc 1 311 5 is_stmt 1 view .LVU213
 743 00ca 05A9     		add	r1, sp, #20
 744 00cc 0648     		ldr	r0, .L37+20
 745 00ce FFF7FEFF 		bl	HAL_GPIO_Init
 746              	.LVL35:
 747              		.loc 1 318 1 is_stmt 0 view .LVU214
 748 00d2 A4E7     		b	.L31
 749              	.L38:
 750              		.align	2
 751              	.L37:
 752 00d4 00300140 		.word	1073819648
 753 00d8 00380040 		.word	1073756160
 754 00dc 00380240 		.word	1073887232
 755 00e0 00000240 		.word	1073872896
 756 00e4 00080240 		.word	1073874944
 757 00e8 00040240 		.word	1073873920
 758              		.cfi_endproc
 759              	.LFE139:
 761              		.section	.text.HAL_SPI_MspDeInit,"ax",%progbits
 762              		.align	1
 763              		.global	HAL_SPI_MspDeInit
 764              		.syntax unified
 765              		.thumb
 766              		.thumb_func
 768              	HAL_SPI_MspDeInit:
 769              	.LVL36:
 770              	.LFB140:
 319:Core/Src/stm32f4xx_hal_msp.c **** 
 320:Core/Src/stm32f4xx_hal_msp.c **** /**
 321:Core/Src/stm32f4xx_hal_msp.c ****   * @brief SPI MSP De-Initialization
 322:Core/Src/stm32f4xx_hal_msp.c ****   * This function freeze the hardware resources used in this example
 323:Core/Src/stm32f4xx_hal_msp.c ****   * @param hspi: SPI handle pointer
 324:Core/Src/stm32f4xx_hal_msp.c ****   * @retval None
 325:Core/Src/stm32f4xx_hal_msp.c ****   */
 326:Core/Src/stm32f4xx_hal_msp.c **** void HAL_SPI_MspDeInit(SPI_HandleTypeDef* hspi)
 327:Core/Src/stm32f4xx_hal_msp.c **** {
 771              		.loc 1 327 1 is_stmt 1 view -0
 772              		.cfi_startproc
 773              		@ args = 0, pretend = 0, frame = 0
 774              		@ frame_needed = 0, uses_anonymous_args = 0
 775              		.loc 1 327 1 is_stmt 0 view .LVU216
 776 0000 08B5     		push	{r3, lr}
 777              		.cfi_def_cfa_offset 8
 778              		.cfi_offset 3, -8
 779              		.cfi_offset 14, -4
 328:Core/Src/stm32f4xx_hal_msp.c ****   if(hspi->Instance==SPI1)
 780              		.loc 1 328 3 is_stmt 1 view .LVU217
 781              		.loc 1 328 10 is_stmt 0 view .LVU218
 782 0002 0368     		ldr	r3, [r0]
 783              		.loc 1 328 5 view .LVU219
 784 0004 104A     		ldr	r2, .L45
ARM GAS  C:\Users\leejo\AppData\Local\Temp\ccTikiY3.s 			page 23


 785 0006 9342     		cmp	r3, r2
 786 0008 03D0     		beq	.L43
 329:Core/Src/stm32f4xx_hal_msp.c ****   {
 330:Core/Src/stm32f4xx_hal_msp.c ****     /* USER CODE BEGIN SPI1_MspDeInit 0 */
 331:Core/Src/stm32f4xx_hal_msp.c **** 
 332:Core/Src/stm32f4xx_hal_msp.c ****     /* USER CODE END SPI1_MspDeInit 0 */
 333:Core/Src/stm32f4xx_hal_msp.c ****     /* Peripheral clock disable */
 334:Core/Src/stm32f4xx_hal_msp.c ****     __HAL_RCC_SPI1_CLK_DISABLE();
 335:Core/Src/stm32f4xx_hal_msp.c **** 
 336:Core/Src/stm32f4xx_hal_msp.c ****     /**SPI1 GPIO Configuration
 337:Core/Src/stm32f4xx_hal_msp.c ****     PA5     ------> SPI1_SCK
 338:Core/Src/stm32f4xx_hal_msp.c ****     PA6     ------> SPI1_MISO
 339:Core/Src/stm32f4xx_hal_msp.c ****     PA7     ------> SPI1_MOSI
 340:Core/Src/stm32f4xx_hal_msp.c ****     */
 341:Core/Src/stm32f4xx_hal_msp.c ****     HAL_GPIO_DeInit(GPIOA, SPI1_SCK_Pin|SPI1_MISO_Pin|SPI1_MOSI_Pin);
 342:Core/Src/stm32f4xx_hal_msp.c **** 
 343:Core/Src/stm32f4xx_hal_msp.c ****     /* USER CODE BEGIN SPI1_MspDeInit 1 */
 344:Core/Src/stm32f4xx_hal_msp.c **** 
 345:Core/Src/stm32f4xx_hal_msp.c ****     /* USER CODE END SPI1_MspDeInit 1 */
 346:Core/Src/stm32f4xx_hal_msp.c ****   }
 347:Core/Src/stm32f4xx_hal_msp.c ****   else if(hspi->Instance==SPI2)
 787              		.loc 1 347 8 is_stmt 1 view .LVU220
 788              		.loc 1 347 10 is_stmt 0 view .LVU221
 789 000a 104A     		ldr	r2, .L45+4
 790 000c 9342     		cmp	r3, r2
 791 000e 0BD0     		beq	.L44
 792              	.LVL37:
 793              	.L39:
 348:Core/Src/stm32f4xx_hal_msp.c ****   {
 349:Core/Src/stm32f4xx_hal_msp.c ****     /* USER CODE BEGIN SPI2_MspDeInit 0 */
 350:Core/Src/stm32f4xx_hal_msp.c **** 
 351:Core/Src/stm32f4xx_hal_msp.c ****     /* USER CODE END SPI2_MspDeInit 0 */
 352:Core/Src/stm32f4xx_hal_msp.c ****     /* Peripheral clock disable */
 353:Core/Src/stm32f4xx_hal_msp.c ****     __HAL_RCC_SPI2_CLK_DISABLE();
 354:Core/Src/stm32f4xx_hal_msp.c **** 
 355:Core/Src/stm32f4xx_hal_msp.c ****     /**SPI2 GPIO Configuration
 356:Core/Src/stm32f4xx_hal_msp.c ****     PC2     ------> SPI2_MISO
 357:Core/Src/stm32f4xx_hal_msp.c ****     PB13     ------> SPI2_SCK
 358:Core/Src/stm32f4xx_hal_msp.c ****     PB15     ------> SPI2_MOSI
 359:Core/Src/stm32f4xx_hal_msp.c ****     */
 360:Core/Src/stm32f4xx_hal_msp.c ****     HAL_GPIO_DeInit(GPIOC, GPIO_PIN_2);
 361:Core/Src/stm32f4xx_hal_msp.c **** 
 362:Core/Src/stm32f4xx_hal_msp.c ****     HAL_GPIO_DeInit(GPIOB, GPIO_PIN_13|GPIO_PIN_15);
 363:Core/Src/stm32f4xx_hal_msp.c **** 
 364:Core/Src/stm32f4xx_hal_msp.c ****     /* USER CODE BEGIN SPI2_MspDeInit 1 */
 365:Core/Src/stm32f4xx_hal_msp.c **** 
 366:Core/Src/stm32f4xx_hal_msp.c ****     /* USER CODE END SPI2_MspDeInit 1 */
 367:Core/Src/stm32f4xx_hal_msp.c ****   }
 368:Core/Src/stm32f4xx_hal_msp.c **** 
 369:Core/Src/stm32f4xx_hal_msp.c **** }
 794              		.loc 1 369 1 view .LVU222
 795 0010 08BD     		pop	{r3, pc}
 796              	.LVL38:
 797              	.L43:
 334:Core/Src/stm32f4xx_hal_msp.c **** 
 798              		.loc 1 334 5 is_stmt 1 view .LVU223
 799 0012 02F58432 		add	r2, r2, #67584
ARM GAS  C:\Users\leejo\AppData\Local\Temp\ccTikiY3.s 			page 24


 800 0016 536C     		ldr	r3, [r2, #68]
 801 0018 23F48053 		bic	r3, r3, #4096
 802 001c 5364     		str	r3, [r2, #68]
 341:Core/Src/stm32f4xx_hal_msp.c **** 
 803              		.loc 1 341 5 view .LVU224
 804 001e E021     		movs	r1, #224
 805 0020 0B48     		ldr	r0, .L45+8
 806              	.LVL39:
 341:Core/Src/stm32f4xx_hal_msp.c **** 
 807              		.loc 1 341 5 is_stmt 0 view .LVU225
 808 0022 FFF7FEFF 		bl	HAL_GPIO_DeInit
 809              	.LVL40:
 810 0026 F3E7     		b	.L39
 811              	.LVL41:
 812              	.L44:
 353:Core/Src/stm32f4xx_hal_msp.c **** 
 813              		.loc 1 353 5 is_stmt 1 view .LVU226
 814 0028 02F50032 		add	r2, r2, #131072
 815 002c 136C     		ldr	r3, [r2, #64]
 816 002e 23F48043 		bic	r3, r3, #16384
 817 0032 1364     		str	r3, [r2, #64]
 360:Core/Src/stm32f4xx_hal_msp.c **** 
 818              		.loc 1 360 5 view .LVU227
 819 0034 0421     		movs	r1, #4
 820 0036 0748     		ldr	r0, .L45+12
 821              	.LVL42:
 360:Core/Src/stm32f4xx_hal_msp.c **** 
 822              		.loc 1 360 5 is_stmt 0 view .LVU228
 823 0038 FFF7FEFF 		bl	HAL_GPIO_DeInit
 824              	.LVL43:
 362:Core/Src/stm32f4xx_hal_msp.c **** 
 825              		.loc 1 362 5 is_stmt 1 view .LVU229
 826 003c 4FF42041 		mov	r1, #40960
 827 0040 0548     		ldr	r0, .L45+16
 828 0042 FFF7FEFF 		bl	HAL_GPIO_DeInit
 829              	.LVL44:
 830              		.loc 1 369 1 is_stmt 0 view .LVU230
 831 0046 E3E7     		b	.L39
 832              	.L46:
 833              		.align	2
 834              	.L45:
 835 0048 00300140 		.word	1073819648
 836 004c 00380040 		.word	1073756160
 837 0050 00000240 		.word	1073872896
 838 0054 00080240 		.word	1073874944
 839 0058 00040240 		.word	1073873920
 840              		.cfi_endproc
 841              	.LFE140:
 843              		.text
 844              	.Letext0:
 845              		.file 2 "Drivers/CMSIS/Device/ST/STM32F4xx/Include/stm32f407xx.h"
 846              		.file 3 "C:/Users/leejo/AppData/Roaming/Code/User/globalStorage/bmd.stm32-for-vscode/@xpack-dev-to
 847              		.file 4 "C:/Users/leejo/AppData/Roaming/Code/User/globalStorage/bmd.stm32-for-vscode/@xpack-dev-to
 848              		.file 5 "Drivers/STM32F4xx_HAL_Driver/Inc/stm32f4xx_hal_def.h"
 849              		.file 6 "Drivers/STM32F4xx_HAL_Driver/Inc/stm32f4xx_hal_rcc_ex.h"
 850              		.file 7 "Drivers/STM32F4xx_HAL_Driver/Inc/stm32f4xx_hal_gpio.h"
 851              		.file 8 "Drivers/STM32F4xx_HAL_Driver/Inc/stm32f4xx_hal_dma.h"
ARM GAS  C:\Users\leejo\AppData\Local\Temp\ccTikiY3.s 			page 25


 852              		.file 9 "Drivers/STM32F4xx_HAL_Driver/Inc/stm32f4xx_hal_i2c.h"
 853              		.file 10 "Drivers/STM32F4xx_HAL_Driver/Inc/stm32f4xx_hal_i2s.h"
 854              		.file 11 "Drivers/STM32F4xx_HAL_Driver/Inc/stm32f4xx_hal_spi.h"
 855              		.file 12 "Drivers/STM32F4xx_HAL_Driver/Inc/stm32f4xx_hal_cortex.h"
 856              		.file 13 "Core/Inc/main.h"
ARM GAS  C:\Users\leejo\AppData\Local\Temp\ccTikiY3.s 			page 26


DEFINED SYMBOLS
                            *ABS*:00000000 stm32f4xx_hal_msp.c
C:\Users\leejo\AppData\Local\Temp\ccTikiY3.s:21     .text.HAL_MspInit:00000000 $t
C:\Users\leejo\AppData\Local\Temp\ccTikiY3.s:27     .text.HAL_MspInit:00000000 HAL_MspInit
C:\Users\leejo\AppData\Local\Temp\ccTikiY3.s:85     .text.HAL_MspInit:00000040 $d
C:\Users\leejo\AppData\Local\Temp\ccTikiY3.s:90     .text.HAL_I2C_MspInit:00000000 $t
C:\Users\leejo\AppData\Local\Temp\ccTikiY3.s:96     .text.HAL_I2C_MspInit:00000000 HAL_I2C_MspInit
C:\Users\leejo\AppData\Local\Temp\ccTikiY3.s:200    .text.HAL_I2C_MspInit:00000064 $d
C:\Users\leejo\AppData\Local\Temp\ccTikiY3.s:207    .text.HAL_I2C_MspDeInit:00000000 $t
C:\Users\leejo\AppData\Local\Temp\ccTikiY3.s:213    .text.HAL_I2C_MspDeInit:00000000 HAL_I2C_MspDeInit
C:\Users\leejo\AppData\Local\Temp\ccTikiY3.s:260    .text.HAL_I2C_MspDeInit:0000002c $d
C:\Users\leejo\AppData\Local\Temp\ccTikiY3.s:267    .text.HAL_I2S_MspInit:00000000 $t
C:\Users\leejo\AppData\Local\Temp\ccTikiY3.s:273    .text.HAL_I2S_MspInit:00000000 HAL_I2S_MspInit
C:\Users\leejo\AppData\Local\Temp\ccTikiY3.s:471    .text.HAL_I2S_MspInit:000000cc $d
C:\Users\leejo\AppData\Local\Temp\ccTikiY3.s:479    .text.HAL_I2S_MspDeInit:00000000 $t
C:\Users\leejo\AppData\Local\Temp\ccTikiY3.s:485    .text.HAL_I2S_MspDeInit:00000000 HAL_I2S_MspDeInit
C:\Users\leejo\AppData\Local\Temp\ccTikiY3.s:532    .text.HAL_I2S_MspDeInit:0000002c $d
C:\Users\leejo\AppData\Local\Temp\ccTikiY3.s:540    .text.HAL_SPI_MspInit:00000000 $t
C:\Users\leejo\AppData\Local\Temp\ccTikiY3.s:546    .text.HAL_SPI_MspInit:00000000 HAL_SPI_MspInit
C:\Users\leejo\AppData\Local\Temp\ccTikiY3.s:752    .text.HAL_SPI_MspInit:000000d4 $d
C:\Users\leejo\AppData\Local\Temp\ccTikiY3.s:762    .text.HAL_SPI_MspDeInit:00000000 $t
C:\Users\leejo\AppData\Local\Temp\ccTikiY3.s:768    .text.HAL_SPI_MspDeInit:00000000 HAL_SPI_MspDeInit
C:\Users\leejo\AppData\Local\Temp\ccTikiY3.s:835    .text.HAL_SPI_MspDeInit:00000048 $d

UNDEFINED SYMBOLS
HAL_NVIC_SetPriority
HAL_GPIO_Init
HAL_GPIO_DeInit
HAL_RCCEx_PeriphCLKConfig
Error_Handler
