ARM GAS  C:\Users\leejo\AppData\Local\Temp\ccJCUmna.s 			page 1


   1              		.cpu cortex-m4
   2              		.arch armv7e-m
   3              		.fpu fpv4-sp-d16
   4              		.eabi_attribute 27, 1
   5              		.eabi_attribute 28, 1
   6              		.eabi_attribute 20, 1
   7              		.eabi_attribute 21, 1
   8              		.eabi_attribute 23, 3
   9              		.eabi_attribute 24, 1
  10              		.eabi_attribute 25, 1
  11              		.eabi_attribute 26, 1
  12              		.eabi_attribute 30, 1
  13              		.eabi_attribute 34, 1
  14              		.eabi_attribute 18, 4
  15              		.file	"stm32f4xx_hal_timebase_tim.c"
  16              		.text
  17              	.Ltext0:
  18              		.cfi_sections	.debug_frame
  19              		.file 1 "Core/Src/stm32f4xx_hal_timebase_tim.c"
  20              		.section	.text.HAL_InitTick,"ax",%progbits
  21              		.align	1
  22              		.global	HAL_InitTick
  23              		.syntax unified
  24              		.thumb
  25              		.thumb_func
  27              	HAL_InitTick:
  28              	.LVL0:
  29              	.LFB134:
   1:Core/Src/stm32f4xx_hal_timebase_tim.c **** /* USER CODE BEGIN Header */
   2:Core/Src/stm32f4xx_hal_timebase_tim.c **** /**
   3:Core/Src/stm32f4xx_hal_timebase_tim.c ****   ******************************************************************************
   4:Core/Src/stm32f4xx_hal_timebase_tim.c ****   * @file    stm32f4xx_hal_timebase_tim.c
   5:Core/Src/stm32f4xx_hal_timebase_tim.c ****   * @brief   HAL time base based on the hardware TIM.
   6:Core/Src/stm32f4xx_hal_timebase_tim.c ****   ******************************************************************************
   7:Core/Src/stm32f4xx_hal_timebase_tim.c ****   * @attention
   8:Core/Src/stm32f4xx_hal_timebase_tim.c ****   *
   9:Core/Src/stm32f4xx_hal_timebase_tim.c ****   * Copyright (c) 2026 STMicroelectronics.
  10:Core/Src/stm32f4xx_hal_timebase_tim.c ****   * All rights reserved.
  11:Core/Src/stm32f4xx_hal_timebase_tim.c ****   *
  12:Core/Src/stm32f4xx_hal_timebase_tim.c ****   * This software is licensed under terms that can be found in the LICENSE file
  13:Core/Src/stm32f4xx_hal_timebase_tim.c ****   * in the root directory of this software component.
  14:Core/Src/stm32f4xx_hal_timebase_tim.c ****   * If no LICENSE file comes with this software, it is provided AS-IS.
  15:Core/Src/stm32f4xx_hal_timebase_tim.c ****   *
  16:Core/Src/stm32f4xx_hal_timebase_tim.c ****   ******************************************************************************
  17:Core/Src/stm32f4xx_hal_timebase_tim.c ****   */
  18:Core/Src/stm32f4xx_hal_timebase_tim.c **** /* USER CODE END Header */
  19:Core/Src/stm32f4xx_hal_timebase_tim.c **** 
  20:Core/Src/stm32f4xx_hal_timebase_tim.c **** /* Includes ------------------------------------------------------------------*/
  21:Core/Src/stm32f4xx_hal_timebase_tim.c **** #include "stm32f4xx_hal.h"
  22:Core/Src/stm32f4xx_hal_timebase_tim.c **** #include "stm32f4xx_hal_tim.h"
  23:Core/Src/stm32f4xx_hal_timebase_tim.c **** 
  24:Core/Src/stm32f4xx_hal_timebase_tim.c **** /* Private typedef -----------------------------------------------------------*/
  25:Core/Src/stm32f4xx_hal_timebase_tim.c **** /* Private define ------------------------------------------------------------*/
  26:Core/Src/stm32f4xx_hal_timebase_tim.c **** /* Private macro -------------------------------------------------------------*/
  27:Core/Src/stm32f4xx_hal_timebase_tim.c **** /* Private variables ---------------------------------------------------------*/
  28:Core/Src/stm32f4xx_hal_timebase_tim.c **** TIM_HandleTypeDef        htim1;
  29:Core/Src/stm32f4xx_hal_timebase_tim.c **** /* Private function prototypes -----------------------------------------------*/
ARM GAS  C:\Users\leejo\AppData\Local\Temp\ccJCUmna.s 			page 2


  30:Core/Src/stm32f4xx_hal_timebase_tim.c **** /* Private functions ---------------------------------------------------------*/
  31:Core/Src/stm32f4xx_hal_timebase_tim.c **** 
  32:Core/Src/stm32f4xx_hal_timebase_tim.c **** /**
  33:Core/Src/stm32f4xx_hal_timebase_tim.c ****   * @brief  This function configures the TIM1 as a time base source.
  34:Core/Src/stm32f4xx_hal_timebase_tim.c ****   *         The time source is configured  to have 1ms time base with a dedicated
  35:Core/Src/stm32f4xx_hal_timebase_tim.c ****   *         Tick interrupt priority.
  36:Core/Src/stm32f4xx_hal_timebase_tim.c ****   * @note   This function is called  automatically at the beginning of program after
  37:Core/Src/stm32f4xx_hal_timebase_tim.c ****   *         reset by HAL_Init() or at any time when clock is configured, by HAL_RCC_ClockConfig().
  38:Core/Src/stm32f4xx_hal_timebase_tim.c ****   * @param  TickPriority: Tick interrupt priority.
  39:Core/Src/stm32f4xx_hal_timebase_tim.c ****   * @retval HAL status
  40:Core/Src/stm32f4xx_hal_timebase_tim.c ****   */
  41:Core/Src/stm32f4xx_hal_timebase_tim.c **** HAL_StatusTypeDef HAL_InitTick(uint32_t TickPriority)
  42:Core/Src/stm32f4xx_hal_timebase_tim.c **** {
  30              		.loc 1 42 1 view -0
  31              		.cfi_startproc
  32              		@ args = 0, pretend = 0, frame = 32
  33              		@ frame_needed = 0, uses_anonymous_args = 0
  34              		.loc 1 42 1 is_stmt 0 view .LVU1
  35 0000 30B5     		push	{r4, r5, lr}
  36              		.cfi_def_cfa_offset 12
  37              		.cfi_offset 4, -12
  38              		.cfi_offset 5, -8
  39              		.cfi_offset 14, -4
  40 0002 89B0     		sub	sp, sp, #36
  41              		.cfi_def_cfa_offset 48
  42 0004 0546     		mov	r5, r0
  43:Core/Src/stm32f4xx_hal_timebase_tim.c ****   RCC_ClkInitTypeDef    clkconfig;
  43              		.loc 1 43 3 is_stmt 1 view .LVU2
  44:Core/Src/stm32f4xx_hal_timebase_tim.c ****   uint32_t              uwTimclock = 0U;
  44              		.loc 1 44 3 view .LVU3
  45              	.LVL1:
  45:Core/Src/stm32f4xx_hal_timebase_tim.c **** 
  46:Core/Src/stm32f4xx_hal_timebase_tim.c ****   uint32_t              uwPrescalerValue = 0U;
  46              		.loc 1 46 3 view .LVU4
  47:Core/Src/stm32f4xx_hal_timebase_tim.c ****   uint32_t              pFLatency;
  47              		.loc 1 47 3 view .LVU5
  48:Core/Src/stm32f4xx_hal_timebase_tim.c **** 
  49:Core/Src/stm32f4xx_hal_timebase_tim.c ****   HAL_StatusTypeDef     status;
  48              		.loc 1 49 3 view .LVU6
  50:Core/Src/stm32f4xx_hal_timebase_tim.c **** 
  51:Core/Src/stm32f4xx_hal_timebase_tim.c ****   /* Enable TIM1 clock */
  52:Core/Src/stm32f4xx_hal_timebase_tim.c ****   __HAL_RCC_TIM1_CLK_ENABLE();
  49              		.loc 1 52 3 view .LVU7
  50              	.LBB2:
  51              		.loc 1 52 3 view .LVU8
  52 0006 0024     		movs	r4, #0
  53 0008 0194     		str	r4, [sp, #4]
  54              		.loc 1 52 3 view .LVU9
  55 000a 1E4B     		ldr	r3, .L7
  56 000c 5A6C     		ldr	r2, [r3, #68]
  57 000e 42F00102 		orr	r2, r2, #1
  58 0012 5A64     		str	r2, [r3, #68]
  59              		.loc 1 52 3 view .LVU10
  60 0014 5B6C     		ldr	r3, [r3, #68]
  61 0016 03F00103 		and	r3, r3, #1
  62 001a 0193     		str	r3, [sp, #4]
  63              		.loc 1 52 3 view .LVU11
ARM GAS  C:\Users\leejo\AppData\Local\Temp\ccJCUmna.s 			page 3


  64 001c 019B     		ldr	r3, [sp, #4]
  65              	.LBE2:
  66              		.loc 1 52 3 view .LVU12
  53:Core/Src/stm32f4xx_hal_timebase_tim.c **** 
  54:Core/Src/stm32f4xx_hal_timebase_tim.c ****   /* Get clock configuration */
  55:Core/Src/stm32f4xx_hal_timebase_tim.c ****   HAL_RCC_GetClockConfig(&clkconfig, &pFLatency);
  67              		.loc 1 55 3 view .LVU13
  68 001e 02A9     		add	r1, sp, #8
  69 0020 03A8     		add	r0, sp, #12
  70              	.LVL2:
  71              		.loc 1 55 3 is_stmt 0 view .LVU14
  72 0022 FFF7FEFF 		bl	HAL_RCC_GetClockConfig
  73              	.LVL3:
  56:Core/Src/stm32f4xx_hal_timebase_tim.c **** 
  57:Core/Src/stm32f4xx_hal_timebase_tim.c ****   /* Compute TIM1 clock */
  58:Core/Src/stm32f4xx_hal_timebase_tim.c ****       uwTimclock = 2*HAL_RCC_GetPCLK2Freq();
  74              		.loc 1 58 7 is_stmt 1 view .LVU15
  75              		.loc 1 58 22 is_stmt 0 view .LVU16
  76 0026 FFF7FEFF 		bl	HAL_RCC_GetPCLK2Freq
  77              	.LVL4:
  78              		.loc 1 58 18 discriminator 1 view .LVU17
  79 002a 4300     		lsls	r3, r0, #1
  80              	.LVL5:
  59:Core/Src/stm32f4xx_hal_timebase_tim.c **** 
  60:Core/Src/stm32f4xx_hal_timebase_tim.c ****   /* Compute the prescaler value to have TIM1 counter clock equal to 1MHz */
  61:Core/Src/stm32f4xx_hal_timebase_tim.c ****   uwPrescalerValue = (uint32_t) ((uwTimclock / 1000000U) - 1U);
  81              		.loc 1 61 3 is_stmt 1 view .LVU18
  82              		.loc 1 61 46 is_stmt 0 view .LVU19
  83 002c 164A     		ldr	r2, .L7+4
  84 002e A2FB0323 		umull	r2, r3, r2, r3
  85              	.LVL6:
  86              		.loc 1 61 46 view .LVU20
  87 0032 9B0C     		lsrs	r3, r3, #18
  88              		.loc 1 61 20 view .LVU21
  89 0034 013B     		subs	r3, r3, #1
  90              	.LVL7:
  62:Core/Src/stm32f4xx_hal_timebase_tim.c **** 
  63:Core/Src/stm32f4xx_hal_timebase_tim.c ****   /* Initialize TIM1 */
  64:Core/Src/stm32f4xx_hal_timebase_tim.c ****   htim1.Instance = TIM1;
  91              		.loc 1 64 3 is_stmt 1 view .LVU22
  92              		.loc 1 64 18 is_stmt 0 view .LVU23
  93 0036 1548     		ldr	r0, .L7+8
  94              	.LVL8:
  95              		.loc 1 64 18 view .LVU24
  96 0038 154A     		ldr	r2, .L7+12
  97 003a 0260     		str	r2, [r0]
  65:Core/Src/stm32f4xx_hal_timebase_tim.c **** 
  66:Core/Src/stm32f4xx_hal_timebase_tim.c ****   /* Initialize TIMx peripheral as follow:
  67:Core/Src/stm32f4xx_hal_timebase_tim.c ****    * Period = [(TIM1CLK/1000) - 1]. to have a (1/1000) s time base.
  68:Core/Src/stm32f4xx_hal_timebase_tim.c ****    * Prescaler = (uwTimclock/1000000 - 1) to have a 1MHz counter clock.
  69:Core/Src/stm32f4xx_hal_timebase_tim.c ****    * ClockDivision = 0
  70:Core/Src/stm32f4xx_hal_timebase_tim.c ****    * Counter direction = Up
  71:Core/Src/stm32f4xx_hal_timebase_tim.c ****    */
  72:Core/Src/stm32f4xx_hal_timebase_tim.c ****   htim1.Init.Period = (1000000U / 1000U) - 1U;
  98              		.loc 1 72 3 is_stmt 1 view .LVU25
  99              		.loc 1 72 21 is_stmt 0 view .LVU26
 100 003c 40F2E732 		movw	r2, #999
ARM GAS  C:\Users\leejo\AppData\Local\Temp\ccJCUmna.s 			page 4


 101 0040 C260     		str	r2, [r0, #12]
  73:Core/Src/stm32f4xx_hal_timebase_tim.c ****   htim1.Init.Prescaler = uwPrescalerValue;
 102              		.loc 1 73 3 is_stmt 1 view .LVU27
 103              		.loc 1 73 24 is_stmt 0 view .LVU28
 104 0042 4360     		str	r3, [r0, #4]
  74:Core/Src/stm32f4xx_hal_timebase_tim.c ****   htim1.Init.ClockDivision = 0;
 105              		.loc 1 74 3 is_stmt 1 view .LVU29
 106              		.loc 1 74 28 is_stmt 0 view .LVU30
 107 0044 0461     		str	r4, [r0, #16]
  75:Core/Src/stm32f4xx_hal_timebase_tim.c ****   htim1.Init.CounterMode = TIM_COUNTERMODE_UP;
 108              		.loc 1 75 3 is_stmt 1 view .LVU31
 109              		.loc 1 75 26 is_stmt 0 view .LVU32
 110 0046 8460     		str	r4, [r0, #8]
  76:Core/Src/stm32f4xx_hal_timebase_tim.c ****   htim1.Init.AutoReloadPreload = TIM_AUTORELOAD_PRELOAD_DISABLE;
 111              		.loc 1 76 3 is_stmt 1 view .LVU33
 112              		.loc 1 76 32 is_stmt 0 view .LVU34
 113 0048 8461     		str	r4, [r0, #24]
  77:Core/Src/stm32f4xx_hal_timebase_tim.c **** 
  78:Core/Src/stm32f4xx_hal_timebase_tim.c ****   status = HAL_TIM_Base_Init(&htim1);
 114              		.loc 1 78 3 is_stmt 1 view .LVU35
 115              		.loc 1 78 12 is_stmt 0 view .LVU36
 116 004a FFF7FEFF 		bl	HAL_TIM_Base_Init
 117              	.LVL9:
  79:Core/Src/stm32f4xx_hal_timebase_tim.c ****   if (status == HAL_OK)
 118              		.loc 1 79 3 is_stmt 1 view .LVU37
 119              		.loc 1 79 6 is_stmt 0 view .LVU38
 120 004e 0446     		mov	r4, r0
 121 0050 10B1     		cbz	r0, .L5
 122              	.LVL10:
 123              	.L2:
  80:Core/Src/stm32f4xx_hal_timebase_tim.c ****   {
  81:Core/Src/stm32f4xx_hal_timebase_tim.c **** 
  82:Core/Src/stm32f4xx_hal_timebase_tim.c ****     /* Start the TIM time Base generation in interrupt mode */
  83:Core/Src/stm32f4xx_hal_timebase_tim.c ****     status = HAL_TIM_Base_Start_IT(&htim1);
  84:Core/Src/stm32f4xx_hal_timebase_tim.c ****     if (status == HAL_OK)
  85:Core/Src/stm32f4xx_hal_timebase_tim.c ****     {
  86:Core/Src/stm32f4xx_hal_timebase_tim.c ****     /* Enable the TIM1 global Interrupt */
  87:Core/Src/stm32f4xx_hal_timebase_tim.c ****         HAL_NVIC_EnableIRQ(TIM1_UP_TIM10_IRQn);
  88:Core/Src/stm32f4xx_hal_timebase_tim.c ****       /* Configure the SysTick IRQ priority */
  89:Core/Src/stm32f4xx_hal_timebase_tim.c ****       if (TickPriority < (1UL << __NVIC_PRIO_BITS))
  90:Core/Src/stm32f4xx_hal_timebase_tim.c ****       {
  91:Core/Src/stm32f4xx_hal_timebase_tim.c ****         /* Configure the TIM IRQ priority */
  92:Core/Src/stm32f4xx_hal_timebase_tim.c ****         HAL_NVIC_SetPriority(TIM1_UP_TIM10_IRQn, TickPriority, 0U);
  93:Core/Src/stm32f4xx_hal_timebase_tim.c ****         uwTickPrio = TickPriority;
  94:Core/Src/stm32f4xx_hal_timebase_tim.c ****       }
  95:Core/Src/stm32f4xx_hal_timebase_tim.c ****       else
  96:Core/Src/stm32f4xx_hal_timebase_tim.c ****       {
  97:Core/Src/stm32f4xx_hal_timebase_tim.c ****         status = HAL_ERROR;
  98:Core/Src/stm32f4xx_hal_timebase_tim.c ****       }
  99:Core/Src/stm32f4xx_hal_timebase_tim.c ****     }
 100:Core/Src/stm32f4xx_hal_timebase_tim.c ****   }
 101:Core/Src/stm32f4xx_hal_timebase_tim.c **** 
 102:Core/Src/stm32f4xx_hal_timebase_tim.c ****  /* Return function status */
 103:Core/Src/stm32f4xx_hal_timebase_tim.c ****   return status;
 124              		.loc 1 103 3 is_stmt 1 view .LVU39
 104:Core/Src/stm32f4xx_hal_timebase_tim.c **** }
 125              		.loc 1 104 1 is_stmt 0 view .LVU40
ARM GAS  C:\Users\leejo\AppData\Local\Temp\ccJCUmna.s 			page 5


 126 0052 2046     		mov	r0, r4
 127 0054 09B0     		add	sp, sp, #36
 128              		.cfi_remember_state
 129              		.cfi_def_cfa_offset 12
 130              		@ sp needed
 131 0056 30BD     		pop	{r4, r5, pc}
 132              	.LVL11:
 133              	.L5:
 134              		.cfi_restore_state
  83:Core/Src/stm32f4xx_hal_timebase_tim.c ****     if (status == HAL_OK)
 135              		.loc 1 83 5 is_stmt 1 view .LVU41
  83:Core/Src/stm32f4xx_hal_timebase_tim.c ****     if (status == HAL_OK)
 136              		.loc 1 83 14 is_stmt 0 view .LVU42
 137 0058 0C48     		ldr	r0, .L7+8
 138              	.LVL12:
  83:Core/Src/stm32f4xx_hal_timebase_tim.c ****     if (status == HAL_OK)
 139              		.loc 1 83 14 view .LVU43
 140 005a FFF7FEFF 		bl	HAL_TIM_Base_Start_IT
 141              	.LVL13:
  84:Core/Src/stm32f4xx_hal_timebase_tim.c ****     {
 142              		.loc 1 84 5 is_stmt 1 view .LVU44
  84:Core/Src/stm32f4xx_hal_timebase_tim.c ****     {
 143              		.loc 1 84 8 is_stmt 0 view .LVU45
 144 005e 0446     		mov	r4, r0
 145 0060 0028     		cmp	r0, #0
 146 0062 F6D1     		bne	.L2
  87:Core/Src/stm32f4xx_hal_timebase_tim.c ****       /* Configure the SysTick IRQ priority */
 147              		.loc 1 87 9 is_stmt 1 view .LVU46
 148 0064 1920     		movs	r0, #25
 149              	.LVL14:
  87:Core/Src/stm32f4xx_hal_timebase_tim.c ****       /* Configure the SysTick IRQ priority */
 150              		.loc 1 87 9 is_stmt 0 view .LVU47
 151 0066 FFF7FEFF 		bl	HAL_NVIC_EnableIRQ
 152              	.LVL15:
  89:Core/Src/stm32f4xx_hal_timebase_tim.c ****       {
 153              		.loc 1 89 7 is_stmt 1 view .LVU48
  89:Core/Src/stm32f4xx_hal_timebase_tim.c ****       {
 154              		.loc 1 89 10 is_stmt 0 view .LVU49
 155 006a 0F2D     		cmp	r5, #15
 156 006c 01D9     		bls	.L6
  97:Core/Src/stm32f4xx_hal_timebase_tim.c ****       }
 157              		.loc 1 97 16 view .LVU50
 158 006e 0124     		movs	r4, #1
 159              	.LVL16:
  97:Core/Src/stm32f4xx_hal_timebase_tim.c ****       }
 160              		.loc 1 97 16 view .LVU51
 161 0070 EFE7     		b	.L2
 162              	.LVL17:
 163              	.L6:
  92:Core/Src/stm32f4xx_hal_timebase_tim.c ****         uwTickPrio = TickPriority;
 164              		.loc 1 92 9 is_stmt 1 view .LVU52
 165 0072 0022     		movs	r2, #0
 166 0074 2946     		mov	r1, r5
 167 0076 1920     		movs	r0, #25
 168 0078 FFF7FEFF 		bl	HAL_NVIC_SetPriority
 169              	.LVL18:
  93:Core/Src/stm32f4xx_hal_timebase_tim.c ****       }
ARM GAS  C:\Users\leejo\AppData\Local\Temp\ccJCUmna.s 			page 6


 170              		.loc 1 93 9 view .LVU53
  93:Core/Src/stm32f4xx_hal_timebase_tim.c ****       }
 171              		.loc 1 93 20 is_stmt 0 view .LVU54
 172 007c 054B     		ldr	r3, .L7+16
 173 007e 1D60     		str	r5, [r3]
 174 0080 E7E7     		b	.L2
 175              	.L8:
 176 0082 00BF     		.align	2
 177              	.L7:
 178 0084 00380240 		.word	1073887232
 179 0088 83DE1B43 		.word	1125899907
 180 008c 00000000 		.word	htim1
 181 0090 00000140 		.word	1073807360
 182 0094 00000000 		.word	uwTickPrio
 183              		.cfi_endproc
 184              	.LFE134:
 186              		.section	.text.HAL_SuspendTick,"ax",%progbits
 187              		.align	1
 188              		.global	HAL_SuspendTick
 189              		.syntax unified
 190              		.thumb
 191              		.thumb_func
 193              	HAL_SuspendTick:
 194              	.LFB135:
 105:Core/Src/stm32f4xx_hal_timebase_tim.c **** 
 106:Core/Src/stm32f4xx_hal_timebase_tim.c **** /**
 107:Core/Src/stm32f4xx_hal_timebase_tim.c ****   * @brief  Suspend Tick increment.
 108:Core/Src/stm32f4xx_hal_timebase_tim.c ****   * @note   Disable the tick increment by disabling TIM1 update interrupt.
 109:Core/Src/stm32f4xx_hal_timebase_tim.c ****   * @param  None
 110:Core/Src/stm32f4xx_hal_timebase_tim.c ****   * @retval None
 111:Core/Src/stm32f4xx_hal_timebase_tim.c ****   */
 112:Core/Src/stm32f4xx_hal_timebase_tim.c **** void HAL_SuspendTick(void)
 113:Core/Src/stm32f4xx_hal_timebase_tim.c **** {
 195              		.loc 1 113 1 is_stmt 1 view -0
 196              		.cfi_startproc
 197              		@ args = 0, pretend = 0, frame = 0
 198              		@ frame_needed = 0, uses_anonymous_args = 0
 199              		@ link register save eliminated.
 114:Core/Src/stm32f4xx_hal_timebase_tim.c ****   /* Disable TIM1 update Interrupt */
 115:Core/Src/stm32f4xx_hal_timebase_tim.c ****   __HAL_TIM_DISABLE_IT(&htim1, TIM_IT_UPDATE);
 200              		.loc 1 115 3 view .LVU56
 201 0000 034B     		ldr	r3, .L10
 202 0002 1A68     		ldr	r2, [r3]
 203 0004 D368     		ldr	r3, [r2, #12]
 204 0006 23F00103 		bic	r3, r3, #1
 205 000a D360     		str	r3, [r2, #12]
 116:Core/Src/stm32f4xx_hal_timebase_tim.c **** }
 206              		.loc 1 116 1 is_stmt 0 view .LVU57
 207 000c 7047     		bx	lr
 208              	.L11:
 209 000e 00BF     		.align	2
 210              	.L10:
 211 0010 00000000 		.word	htim1
 212              		.cfi_endproc
 213              	.LFE135:
 215              		.section	.text.HAL_ResumeTick,"ax",%progbits
 216              		.align	1
ARM GAS  C:\Users\leejo\AppData\Local\Temp\ccJCUmna.s 			page 7


 217              		.global	HAL_ResumeTick
 218              		.syntax unified
 219              		.thumb
 220              		.thumb_func
 222              	HAL_ResumeTick:
 223              	.LFB136:
 117:Core/Src/stm32f4xx_hal_timebase_tim.c **** 
 118:Core/Src/stm32f4xx_hal_timebase_tim.c **** /**
 119:Core/Src/stm32f4xx_hal_timebase_tim.c ****   * @brief  Resume Tick increment.
 120:Core/Src/stm32f4xx_hal_timebase_tim.c ****   * @note   Enable the tick increment by Enabling TIM1 update interrupt.
 121:Core/Src/stm32f4xx_hal_timebase_tim.c ****   * @param  None
 122:Core/Src/stm32f4xx_hal_timebase_tim.c ****   * @retval None
 123:Core/Src/stm32f4xx_hal_timebase_tim.c ****   */
 124:Core/Src/stm32f4xx_hal_timebase_tim.c **** void HAL_ResumeTick(void)
 125:Core/Src/stm32f4xx_hal_timebase_tim.c **** {
 224              		.loc 1 125 1 is_stmt 1 view -0
 225              		.cfi_startproc
 226              		@ args = 0, pretend = 0, frame = 0
 227              		@ frame_needed = 0, uses_anonymous_args = 0
 228              		@ link register save eliminated.
 126:Core/Src/stm32f4xx_hal_timebase_tim.c ****   /* Enable TIM1 Update interrupt */
 127:Core/Src/stm32f4xx_hal_timebase_tim.c ****   __HAL_TIM_ENABLE_IT(&htim1, TIM_IT_UPDATE);
 229              		.loc 1 127 3 view .LVU59
 230 0000 034B     		ldr	r3, .L13
 231 0002 1A68     		ldr	r2, [r3]
 232 0004 D368     		ldr	r3, [r2, #12]
 233 0006 43F00103 		orr	r3, r3, #1
 234 000a D360     		str	r3, [r2, #12]
 128:Core/Src/stm32f4xx_hal_timebase_tim.c **** }
 235              		.loc 1 128 1 is_stmt 0 view .LVU60
 236 000c 7047     		bx	lr
 237              	.L14:
 238 000e 00BF     		.align	2
 239              	.L13:
 240 0010 00000000 		.word	htim1
 241              		.cfi_endproc
 242              	.LFE136:
 244              		.global	htim1
 245              		.section	.bss.htim1,"aw",%nobits
 246              		.align	2
 249              	htim1:
 250 0000 00000000 		.space	72
 250      00000000 
 250      00000000 
 250      00000000 
 250      00000000 
 251              		.text
 252              	.Letext0:
 253              		.file 2 "Drivers/CMSIS/Device/ST/STM32F4xx/Include/stm32f407xx.h"
 254              		.file 3 "C:/Users/leejo/AppData/Roaming/Code/User/globalStorage/bmd.stm32-for-vscode/@xpack-dev-to
 255              		.file 4 "C:/Users/leejo/AppData/Roaming/Code/User/globalStorage/bmd.stm32-for-vscode/@xpack-dev-to
 256              		.file 5 "Drivers/STM32F4xx_HAL_Driver/Inc/stm32f4xx_hal_def.h"
 257              		.file 6 "Drivers/STM32F4xx_HAL_Driver/Inc/stm32f4xx_hal_rcc.h"
 258              		.file 7 "Drivers/STM32F4xx_HAL_Driver/Inc/stm32f4xx_hal_dma.h"
 259              		.file 8 "Drivers/STM32F4xx_HAL_Driver/Inc/stm32f4xx_hal_tim.h"
 260              		.file 9 "Drivers/STM32F4xx_HAL_Driver/Inc/stm32f4xx_hal.h"
 261              		.file 10 "Drivers/STM32F4xx_HAL_Driver/Inc/stm32f4xx_hal_cortex.h"
ARM GAS  C:\Users\leejo\AppData\Local\Temp\ccJCUmna.s 			page 8


ARM GAS  C:\Users\leejo\AppData\Local\Temp\ccJCUmna.s 			page 9


DEFINED SYMBOLS
                            *ABS*:00000000 stm32f4xx_hal_timebase_tim.c
C:\Users\leejo\AppData\Local\Temp\ccJCUmna.s:21     .text.HAL_InitTick:00000000 $t
C:\Users\leejo\AppData\Local\Temp\ccJCUmna.s:27     .text.HAL_InitTick:00000000 HAL_InitTick
C:\Users\leejo\AppData\Local\Temp\ccJCUmna.s:178    .text.HAL_InitTick:00000084 $d
C:\Users\leejo\AppData\Local\Temp\ccJCUmna.s:249    .bss.htim1:00000000 htim1
C:\Users\leejo\AppData\Local\Temp\ccJCUmna.s:187    .text.HAL_SuspendTick:00000000 $t
C:\Users\leejo\AppData\Local\Temp\ccJCUmna.s:193    .text.HAL_SuspendTick:00000000 HAL_SuspendTick
C:\Users\leejo\AppData\Local\Temp\ccJCUmna.s:211    .text.HAL_SuspendTick:00000010 $d
C:\Users\leejo\AppData\Local\Temp\ccJCUmna.s:216    .text.HAL_ResumeTick:00000000 $t
C:\Users\leejo\AppData\Local\Temp\ccJCUmna.s:222    .text.HAL_ResumeTick:00000000 HAL_ResumeTick
C:\Users\leejo\AppData\Local\Temp\ccJCUmna.s:240    .text.HAL_ResumeTick:00000010 $d
C:\Users\leejo\AppData\Local\Temp\ccJCUmna.s:246    .bss.htim1:00000000 $d

UNDEFINED SYMBOLS
HAL_RCC_GetClockConfig
HAL_RCC_GetPCLK2Freq
HAL_TIM_Base_Init
HAL_TIM_Base_Start_IT
HAL_NVIC_EnableIRQ
HAL_NVIC_SetPriority
uwTickPrio
