ARM GAS  /var/folders/kf/d797ysj14bb1pb7szkr3jbx80000gn/T//ccurhuIV.s 			page 1


   1              		.cpu cortex-m4
   2              		.arch armv7e-m
   3              		.fpu fpv4-sp-d16
   4              		.eabi_attribute 27, 1
   5              		.eabi_attribute 28, 1
   6              		.eabi_attribute 20, 1
   7              		.eabi_attribute 21, 1
   8              		.eabi_attribute 23, 3
   9              		.eabi_attribute 24, 1
  10              		.eabi_attribute 25, 1
  11              		.eabi_attribute 26, 1
  12              		.eabi_attribute 30, 1
  13              		.eabi_attribute 34, 1
  14              		.eabi_attribute 18, 4
  15              		.file	"stm32f4xx_hal_msp.c"
  16              		.text
  17              	.Ltext0:
  18              		.cfi_sections	.debug_frame
  19              		.file 1 "Core/Src/stm32f4xx_hal_msp.c"
  20              		.section	.text.HAL_MspInit,"ax",%progbits
  21              		.align	1
  22              		.global	HAL_MspInit
  23              		.syntax unified
  24              		.thumb
  25              		.thumb_func
  27              	HAL_MspInit:
  28              	.LFB134:
   1:Core/Src/stm32f4xx_hal_msp.c **** /* USER CODE BEGIN Header */
   2:Core/Src/stm32f4xx_hal_msp.c **** /**
   3:Core/Src/stm32f4xx_hal_msp.c ****   ******************************************************************************
   4:Core/Src/stm32f4xx_hal_msp.c ****   * @file         stm32f4xx_hal_msp.c
   5:Core/Src/stm32f4xx_hal_msp.c ****   * @brief        This file provides code for the MSP Initialization
   6:Core/Src/stm32f4xx_hal_msp.c ****   *               and de-Initialization codes.
   7:Core/Src/stm32f4xx_hal_msp.c ****   ******************************************************************************
   8:Core/Src/stm32f4xx_hal_msp.c ****   * @attention
   9:Core/Src/stm32f4xx_hal_msp.c ****   *
  10:Core/Src/stm32f4xx_hal_msp.c ****   * Copyright (c) 2026 STMicroelectronics.
  11:Core/Src/stm32f4xx_hal_msp.c ****   * All rights reserved.
  12:Core/Src/stm32f4xx_hal_msp.c ****   *
  13:Core/Src/stm32f4xx_hal_msp.c ****   * This software is licensed under terms that can be found in the LICENSE file
  14:Core/Src/stm32f4xx_hal_msp.c ****   * in the root directory of this software component.
  15:Core/Src/stm32f4xx_hal_msp.c ****   * If no LICENSE file comes with this software, it is provided AS-IS.
  16:Core/Src/stm32f4xx_hal_msp.c ****   *
  17:Core/Src/stm32f4xx_hal_msp.c ****   ******************************************************************************
  18:Core/Src/stm32f4xx_hal_msp.c ****   */
  19:Core/Src/stm32f4xx_hal_msp.c **** /* USER CODE END Header */
  20:Core/Src/stm32f4xx_hal_msp.c **** /* Includes ------------------------------------------------------------------*/
  21:Core/Src/stm32f4xx_hal_msp.c **** #include "main.h"
  22:Core/Src/stm32f4xx_hal_msp.c **** /* USER CODE BEGIN Includes */
  23:Core/Src/stm32f4xx_hal_msp.c **** 
  24:Core/Src/stm32f4xx_hal_msp.c **** /* USER CODE END Includes */
  25:Core/Src/stm32f4xx_hal_msp.c **** extern DMA_HandleTypeDef hdma_spi1_rx;
  26:Core/Src/stm32f4xx_hal_msp.c **** 
  27:Core/Src/stm32f4xx_hal_msp.c **** extern DMA_HandleTypeDef hdma_spi2_rx;
  28:Core/Src/stm32f4xx_hal_msp.c **** 
  29:Core/Src/stm32f4xx_hal_msp.c **** /* Private typedef -----------------------------------------------------------*/
  30:Core/Src/stm32f4xx_hal_msp.c **** /* USER CODE BEGIN TD */
ARM GAS  /var/folders/kf/d797ysj14bb1pb7szkr3jbx80000gn/T//ccurhuIV.s 			page 2


  31:Core/Src/stm32f4xx_hal_msp.c **** 
  32:Core/Src/stm32f4xx_hal_msp.c **** /* USER CODE END TD */
  33:Core/Src/stm32f4xx_hal_msp.c **** 
  34:Core/Src/stm32f4xx_hal_msp.c **** /* Private define ------------------------------------------------------------*/
  35:Core/Src/stm32f4xx_hal_msp.c **** /* USER CODE BEGIN Define */
  36:Core/Src/stm32f4xx_hal_msp.c **** 
  37:Core/Src/stm32f4xx_hal_msp.c **** /* USER CODE END Define */
  38:Core/Src/stm32f4xx_hal_msp.c **** 
  39:Core/Src/stm32f4xx_hal_msp.c **** /* Private macro -------------------------------------------------------------*/
  40:Core/Src/stm32f4xx_hal_msp.c **** /* USER CODE BEGIN Macro */
  41:Core/Src/stm32f4xx_hal_msp.c **** 
  42:Core/Src/stm32f4xx_hal_msp.c **** /* USER CODE END Macro */
  43:Core/Src/stm32f4xx_hal_msp.c **** 
  44:Core/Src/stm32f4xx_hal_msp.c **** /* Private variables ---------------------------------------------------------*/
  45:Core/Src/stm32f4xx_hal_msp.c **** /* USER CODE BEGIN PV */
  46:Core/Src/stm32f4xx_hal_msp.c **** 
  47:Core/Src/stm32f4xx_hal_msp.c **** /* USER CODE END PV */
  48:Core/Src/stm32f4xx_hal_msp.c **** 
  49:Core/Src/stm32f4xx_hal_msp.c **** /* Private function prototypes -----------------------------------------------*/
  50:Core/Src/stm32f4xx_hal_msp.c **** /* USER CODE BEGIN PFP */
  51:Core/Src/stm32f4xx_hal_msp.c **** 
  52:Core/Src/stm32f4xx_hal_msp.c **** /* USER CODE END PFP */
  53:Core/Src/stm32f4xx_hal_msp.c **** 
  54:Core/Src/stm32f4xx_hal_msp.c **** /* External functions --------------------------------------------------------*/
  55:Core/Src/stm32f4xx_hal_msp.c **** /* USER CODE BEGIN ExternalFunctions */
  56:Core/Src/stm32f4xx_hal_msp.c **** 
  57:Core/Src/stm32f4xx_hal_msp.c **** /* USER CODE END ExternalFunctions */
  58:Core/Src/stm32f4xx_hal_msp.c **** 
  59:Core/Src/stm32f4xx_hal_msp.c **** /* USER CODE BEGIN 0 */
  60:Core/Src/stm32f4xx_hal_msp.c **** 
  61:Core/Src/stm32f4xx_hal_msp.c **** /* USER CODE END 0 */
  62:Core/Src/stm32f4xx_hal_msp.c **** /**
  63:Core/Src/stm32f4xx_hal_msp.c ****   * Initializes the Global MSP.
  64:Core/Src/stm32f4xx_hal_msp.c ****   */
  65:Core/Src/stm32f4xx_hal_msp.c **** void HAL_MspInit(void)
  66:Core/Src/stm32f4xx_hal_msp.c **** {
  29              		.loc 1 66 1 view -0
  30              		.cfi_startproc
  31              		@ args = 0, pretend = 0, frame = 8
  32              		@ frame_needed = 0, uses_anonymous_args = 0
  33 0000 00B5     		push	{lr}
  34              		.cfi_def_cfa_offset 4
  35              		.cfi_offset 14, -4
  36 0002 83B0     		sub	sp, sp, #12
  37              		.cfi_def_cfa_offset 16
  67:Core/Src/stm32f4xx_hal_msp.c **** 
  68:Core/Src/stm32f4xx_hal_msp.c ****   /* USER CODE BEGIN MspInit 0 */
  69:Core/Src/stm32f4xx_hal_msp.c **** 
  70:Core/Src/stm32f4xx_hal_msp.c ****   /* USER CODE END MspInit 0 */
  71:Core/Src/stm32f4xx_hal_msp.c **** 
  72:Core/Src/stm32f4xx_hal_msp.c ****   __HAL_RCC_SYSCFG_CLK_ENABLE();
  38              		.loc 1 72 3 view .LVU1
  39              	.LBB2:
  40              		.loc 1 72 3 view .LVU2
  41 0004 0022     		movs	r2, #0
  42 0006 0092     		str	r2, [sp]
  43              		.loc 1 72 3 view .LVU3
ARM GAS  /var/folders/kf/d797ysj14bb1pb7szkr3jbx80000gn/T//ccurhuIV.s 			page 3


  44 0008 0D4B     		ldr	r3, .L3
  45 000a 596C     		ldr	r1, [r3, #68]
  46 000c 41F48041 		orr	r1, r1, #16384
  47 0010 5964     		str	r1, [r3, #68]
  48              		.loc 1 72 3 view .LVU4
  49 0012 596C     		ldr	r1, [r3, #68]
  50 0014 01F48041 		and	r1, r1, #16384
  51 0018 0091     		str	r1, [sp]
  52              		.loc 1 72 3 view .LVU5
  53 001a 0099     		ldr	r1, [sp]
  54              	.LBE2:
  55              		.loc 1 72 3 view .LVU6
  73:Core/Src/stm32f4xx_hal_msp.c ****   __HAL_RCC_PWR_CLK_ENABLE();
  56              		.loc 1 73 3 view .LVU7
  57              	.LBB3:
  58              		.loc 1 73 3 view .LVU8
  59 001c 0192     		str	r2, [sp, #4]
  60              		.loc 1 73 3 view .LVU9
  61 001e 196C     		ldr	r1, [r3, #64]
  62 0020 41F08051 		orr	r1, r1, #268435456
  63 0024 1964     		str	r1, [r3, #64]
  64              		.loc 1 73 3 view .LVU10
  65 0026 1B6C     		ldr	r3, [r3, #64]
  66 0028 03F08053 		and	r3, r3, #268435456
  67 002c 0193     		str	r3, [sp, #4]
  68              		.loc 1 73 3 view .LVU11
  69 002e 019B     		ldr	r3, [sp, #4]
  70              	.LBE3:
  71              		.loc 1 73 3 view .LVU12
  74:Core/Src/stm32f4xx_hal_msp.c **** 
  75:Core/Src/stm32f4xx_hal_msp.c ****   /* System interrupt init*/
  76:Core/Src/stm32f4xx_hal_msp.c ****   /* PendSV_IRQn interrupt configuration */
  77:Core/Src/stm32f4xx_hal_msp.c ****   HAL_NVIC_SetPriority(PendSV_IRQn, 15, 0);
  72              		.loc 1 77 3 view .LVU13
  73 0030 0F21     		movs	r1, #15
  74 0032 6FF00100 		mvn	r0, #1
  75 0036 FFF7FEFF 		bl	HAL_NVIC_SetPriority
  76              	.LVL0:
  78:Core/Src/stm32f4xx_hal_msp.c **** 
  79:Core/Src/stm32f4xx_hal_msp.c ****   /* USER CODE BEGIN MspInit 1 */
  80:Core/Src/stm32f4xx_hal_msp.c **** 
  81:Core/Src/stm32f4xx_hal_msp.c ****   /* USER CODE END MspInit 1 */
  82:Core/Src/stm32f4xx_hal_msp.c **** }
  77              		.loc 1 82 1 is_stmt 0 view .LVU14
  78 003a 03B0     		add	sp, sp, #12
  79              		.cfi_def_cfa_offset 4
  80              		@ sp needed
  81 003c 00BD     		pop	{pc}
  82              	.L4:
  83 003e 00BF     		.align	2
  84              	.L3:
  85 0040 00380240 		.word	1073887232
  86              		.cfi_endproc
  87              	.LFE134:
  89              		.section	.text.HAL_I2C_MspInit,"ax",%progbits
  90              		.align	1
  91              		.global	HAL_I2C_MspInit
ARM GAS  /var/folders/kf/d797ysj14bb1pb7szkr3jbx80000gn/T//ccurhuIV.s 			page 4


  92              		.syntax unified
  93              		.thumb
  94              		.thumb_func
  96              	HAL_I2C_MspInit:
  97              	.LVL1:
  98              	.LFB135:
  83:Core/Src/stm32f4xx_hal_msp.c **** 
  84:Core/Src/stm32f4xx_hal_msp.c **** /**
  85:Core/Src/stm32f4xx_hal_msp.c ****   * @brief I2C MSP Initialization
  86:Core/Src/stm32f4xx_hal_msp.c ****   * This function configures the hardware resources used in this example
  87:Core/Src/stm32f4xx_hal_msp.c ****   * @param hi2c: I2C handle pointer
  88:Core/Src/stm32f4xx_hal_msp.c ****   * @retval None
  89:Core/Src/stm32f4xx_hal_msp.c ****   */
  90:Core/Src/stm32f4xx_hal_msp.c **** void HAL_I2C_MspInit(I2C_HandleTypeDef* hi2c)
  91:Core/Src/stm32f4xx_hal_msp.c **** {
  99              		.loc 1 91 1 is_stmt 1 view -0
 100              		.cfi_startproc
 101              		@ args = 0, pretend = 0, frame = 32
 102              		@ frame_needed = 0, uses_anonymous_args = 0
 103              		.loc 1 91 1 is_stmt 0 view .LVU16
 104 0000 30B5     		push	{r4, r5, lr}
 105              		.cfi_def_cfa_offset 12
 106              		.cfi_offset 4, -12
 107              		.cfi_offset 5, -8
 108              		.cfi_offset 14, -4
 109 0002 89B0     		sub	sp, sp, #36
 110              		.cfi_def_cfa_offset 48
  92:Core/Src/stm32f4xx_hal_msp.c ****   GPIO_InitTypeDef GPIO_InitStruct = {0};
 111              		.loc 1 92 3 is_stmt 1 view .LVU17
 112              		.loc 1 92 20 is_stmt 0 view .LVU18
 113 0004 0023     		movs	r3, #0
 114 0006 0393     		str	r3, [sp, #12]
 115 0008 0493     		str	r3, [sp, #16]
 116 000a 0593     		str	r3, [sp, #20]
 117 000c 0693     		str	r3, [sp, #24]
 118 000e 0793     		str	r3, [sp, #28]
  93:Core/Src/stm32f4xx_hal_msp.c ****   if(hi2c->Instance==I2C1)
 119              		.loc 1 93 3 is_stmt 1 view .LVU19
 120              		.loc 1 93 10 is_stmt 0 view .LVU20
 121 0010 0268     		ldr	r2, [r0]
 122              		.loc 1 93 5 view .LVU21
 123 0012 144B     		ldr	r3, .L9
 124 0014 9A42     		cmp	r2, r3
 125 0016 01D0     		beq	.L8
 126              	.LVL2:
 127              	.L5:
  94:Core/Src/stm32f4xx_hal_msp.c ****   {
  95:Core/Src/stm32f4xx_hal_msp.c ****     /* USER CODE BEGIN I2C1_MspInit 0 */
  96:Core/Src/stm32f4xx_hal_msp.c **** 
  97:Core/Src/stm32f4xx_hal_msp.c ****     /* USER CODE END I2C1_MspInit 0 */
  98:Core/Src/stm32f4xx_hal_msp.c **** 
  99:Core/Src/stm32f4xx_hal_msp.c ****     __HAL_RCC_GPIOB_CLK_ENABLE();
 100:Core/Src/stm32f4xx_hal_msp.c ****     /**I2C1 GPIO Configuration
 101:Core/Src/stm32f4xx_hal_msp.c ****     PB6     ------> I2C1_SCL
 102:Core/Src/stm32f4xx_hal_msp.c ****     PB9     ------> I2C1_SDA
 103:Core/Src/stm32f4xx_hal_msp.c ****     */
 104:Core/Src/stm32f4xx_hal_msp.c ****     GPIO_InitStruct.Pin = Audio_SCL_Pin|Audio_SDA_Pin;
ARM GAS  /var/folders/kf/d797ysj14bb1pb7szkr3jbx80000gn/T//ccurhuIV.s 			page 5


 105:Core/Src/stm32f4xx_hal_msp.c ****     GPIO_InitStruct.Mode = GPIO_MODE_AF_OD;
 106:Core/Src/stm32f4xx_hal_msp.c ****     GPIO_InitStruct.Pull = GPIO_PULLUP;
 107:Core/Src/stm32f4xx_hal_msp.c ****     GPIO_InitStruct.Speed = GPIO_SPEED_FREQ_LOW;
 108:Core/Src/stm32f4xx_hal_msp.c ****     GPIO_InitStruct.Alternate = GPIO_AF4_I2C1;
 109:Core/Src/stm32f4xx_hal_msp.c ****     HAL_GPIO_Init(GPIOB, &GPIO_InitStruct);
 110:Core/Src/stm32f4xx_hal_msp.c **** 
 111:Core/Src/stm32f4xx_hal_msp.c ****     /* Peripheral clock enable */
 112:Core/Src/stm32f4xx_hal_msp.c ****     __HAL_RCC_I2C1_CLK_ENABLE();
 113:Core/Src/stm32f4xx_hal_msp.c ****     /* USER CODE BEGIN I2C1_MspInit 1 */
 114:Core/Src/stm32f4xx_hal_msp.c **** 
 115:Core/Src/stm32f4xx_hal_msp.c ****     /* USER CODE END I2C1_MspInit 1 */
 116:Core/Src/stm32f4xx_hal_msp.c **** 
 117:Core/Src/stm32f4xx_hal_msp.c ****   }
 118:Core/Src/stm32f4xx_hal_msp.c **** 
 119:Core/Src/stm32f4xx_hal_msp.c **** }
 128              		.loc 1 119 1 view .LVU22
 129 0018 09B0     		add	sp, sp, #36
 130              		.cfi_remember_state
 131              		.cfi_def_cfa_offset 12
 132              		@ sp needed
 133 001a 30BD     		pop	{r4, r5, pc}
 134              	.LVL3:
 135              	.L8:
 136              		.cfi_restore_state
  99:Core/Src/stm32f4xx_hal_msp.c ****     /**I2C1 GPIO Configuration
 137              		.loc 1 99 5 is_stmt 1 view .LVU23
 138              	.LBB4:
  99:Core/Src/stm32f4xx_hal_msp.c ****     /**I2C1 GPIO Configuration
 139              		.loc 1 99 5 view .LVU24
 140 001c 0025     		movs	r5, #0
 141 001e 0195     		str	r5, [sp, #4]
  99:Core/Src/stm32f4xx_hal_msp.c ****     /**I2C1 GPIO Configuration
 142              		.loc 1 99 5 view .LVU25
 143 0020 114C     		ldr	r4, .L9+4
 144 0022 236B     		ldr	r3, [r4, #48]
 145 0024 43F00203 		orr	r3, r3, #2
 146 0028 2363     		str	r3, [r4, #48]
  99:Core/Src/stm32f4xx_hal_msp.c ****     /**I2C1 GPIO Configuration
 147              		.loc 1 99 5 view .LVU26
 148 002a 236B     		ldr	r3, [r4, #48]
 149 002c 03F00203 		and	r3, r3, #2
 150 0030 0193     		str	r3, [sp, #4]
  99:Core/Src/stm32f4xx_hal_msp.c ****     /**I2C1 GPIO Configuration
 151              		.loc 1 99 5 view .LVU27
 152 0032 019B     		ldr	r3, [sp, #4]
 153              	.LBE4:
  99:Core/Src/stm32f4xx_hal_msp.c ****     /**I2C1 GPIO Configuration
 154              		.loc 1 99 5 view .LVU28
 104:Core/Src/stm32f4xx_hal_msp.c ****     GPIO_InitStruct.Mode = GPIO_MODE_AF_OD;
 155              		.loc 1 104 5 view .LVU29
 104:Core/Src/stm32f4xx_hal_msp.c ****     GPIO_InitStruct.Mode = GPIO_MODE_AF_OD;
 156              		.loc 1 104 25 is_stmt 0 view .LVU30
 157 0034 4FF41073 		mov	r3, #576
 158 0038 0393     		str	r3, [sp, #12]
 105:Core/Src/stm32f4xx_hal_msp.c ****     GPIO_InitStruct.Pull = GPIO_PULLUP;
 159              		.loc 1 105 5 is_stmt 1 view .LVU31
 105:Core/Src/stm32f4xx_hal_msp.c ****     GPIO_InitStruct.Pull = GPIO_PULLUP;
ARM GAS  /var/folders/kf/d797ysj14bb1pb7szkr3jbx80000gn/T//ccurhuIV.s 			page 6


 160              		.loc 1 105 26 is_stmt 0 view .LVU32
 161 003a 1223     		movs	r3, #18
 162 003c 0493     		str	r3, [sp, #16]
 106:Core/Src/stm32f4xx_hal_msp.c ****     GPIO_InitStruct.Speed = GPIO_SPEED_FREQ_LOW;
 163              		.loc 1 106 5 is_stmt 1 view .LVU33
 106:Core/Src/stm32f4xx_hal_msp.c ****     GPIO_InitStruct.Speed = GPIO_SPEED_FREQ_LOW;
 164              		.loc 1 106 26 is_stmt 0 view .LVU34
 165 003e 0123     		movs	r3, #1
 166 0040 0593     		str	r3, [sp, #20]
 107:Core/Src/stm32f4xx_hal_msp.c ****     GPIO_InitStruct.Alternate = GPIO_AF4_I2C1;
 167              		.loc 1 107 5 is_stmt 1 view .LVU35
 108:Core/Src/stm32f4xx_hal_msp.c ****     HAL_GPIO_Init(GPIOB, &GPIO_InitStruct);
 168              		.loc 1 108 5 view .LVU36
 108:Core/Src/stm32f4xx_hal_msp.c ****     HAL_GPIO_Init(GPIOB, &GPIO_InitStruct);
 169              		.loc 1 108 31 is_stmt 0 view .LVU37
 170 0042 0423     		movs	r3, #4
 171 0044 0793     		str	r3, [sp, #28]
 109:Core/Src/stm32f4xx_hal_msp.c **** 
 172              		.loc 1 109 5 is_stmt 1 view .LVU38
 173 0046 03A9     		add	r1, sp, #12
 174 0048 0848     		ldr	r0, .L9+8
 175              	.LVL4:
 109:Core/Src/stm32f4xx_hal_msp.c **** 
 176              		.loc 1 109 5 is_stmt 0 view .LVU39
 177 004a FFF7FEFF 		bl	HAL_GPIO_Init
 178              	.LVL5:
 112:Core/Src/stm32f4xx_hal_msp.c ****     /* USER CODE BEGIN I2C1_MspInit 1 */
 179              		.loc 1 112 5 is_stmt 1 view .LVU40
 180              	.LBB5:
 112:Core/Src/stm32f4xx_hal_msp.c ****     /* USER CODE BEGIN I2C1_MspInit 1 */
 181              		.loc 1 112 5 view .LVU41
 182 004e 0295     		str	r5, [sp, #8]
 112:Core/Src/stm32f4xx_hal_msp.c ****     /* USER CODE BEGIN I2C1_MspInit 1 */
 183              		.loc 1 112 5 view .LVU42
 184 0050 236C     		ldr	r3, [r4, #64]
 185 0052 43F40013 		orr	r3, r3, #2097152
 186 0056 2364     		str	r3, [r4, #64]
 112:Core/Src/stm32f4xx_hal_msp.c ****     /* USER CODE BEGIN I2C1_MspInit 1 */
 187              		.loc 1 112 5 view .LVU43
 188 0058 236C     		ldr	r3, [r4, #64]
 189 005a 03F40013 		and	r3, r3, #2097152
 190 005e 0293     		str	r3, [sp, #8]
 112:Core/Src/stm32f4xx_hal_msp.c ****     /* USER CODE BEGIN I2C1_MspInit 1 */
 191              		.loc 1 112 5 view .LVU44
 192 0060 029B     		ldr	r3, [sp, #8]
 193              	.LBE5:
 112:Core/Src/stm32f4xx_hal_msp.c ****     /* USER CODE BEGIN I2C1_MspInit 1 */
 194              		.loc 1 112 5 view .LVU45
 195              		.loc 1 119 1 is_stmt 0 view .LVU46
 196 0062 D9E7     		b	.L5
 197              	.L10:
 198              		.align	2
 199              	.L9:
 200 0064 00540040 		.word	1073763328
 201 0068 00380240 		.word	1073887232
 202 006c 00040240 		.word	1073873920
 203              		.cfi_endproc
ARM GAS  /var/folders/kf/d797ysj14bb1pb7szkr3jbx80000gn/T//ccurhuIV.s 			page 7


 204              	.LFE135:
 206              		.section	.text.HAL_I2C_MspDeInit,"ax",%progbits
 207              		.align	1
 208              		.global	HAL_I2C_MspDeInit
 209              		.syntax unified
 210              		.thumb
 211              		.thumb_func
 213              	HAL_I2C_MspDeInit:
 214              	.LVL6:
 215              	.LFB136:
 120:Core/Src/stm32f4xx_hal_msp.c **** 
 121:Core/Src/stm32f4xx_hal_msp.c **** /**
 122:Core/Src/stm32f4xx_hal_msp.c ****   * @brief I2C MSP De-Initialization
 123:Core/Src/stm32f4xx_hal_msp.c ****   * This function freeze the hardware resources used in this example
 124:Core/Src/stm32f4xx_hal_msp.c ****   * @param hi2c: I2C handle pointer
 125:Core/Src/stm32f4xx_hal_msp.c ****   * @retval None
 126:Core/Src/stm32f4xx_hal_msp.c ****   */
 127:Core/Src/stm32f4xx_hal_msp.c **** void HAL_I2C_MspDeInit(I2C_HandleTypeDef* hi2c)
 128:Core/Src/stm32f4xx_hal_msp.c **** {
 216              		.loc 1 128 1 is_stmt 1 view -0
 217              		.cfi_startproc
 218              		@ args = 0, pretend = 0, frame = 0
 219              		@ frame_needed = 0, uses_anonymous_args = 0
 220              		.loc 1 128 1 is_stmt 0 view .LVU48
 221 0000 08B5     		push	{r3, lr}
 222              		.cfi_def_cfa_offset 8
 223              		.cfi_offset 3, -8
 224              		.cfi_offset 14, -4
 129:Core/Src/stm32f4xx_hal_msp.c ****   if(hi2c->Instance==I2C1)
 225              		.loc 1 129 3 is_stmt 1 view .LVU49
 226              		.loc 1 129 10 is_stmt 0 view .LVU50
 227 0002 0268     		ldr	r2, [r0]
 228              		.loc 1 129 5 view .LVU51
 229 0004 094B     		ldr	r3, .L15
 230 0006 9A42     		cmp	r2, r3
 231 0008 00D0     		beq	.L14
 232              	.LVL7:
 233              	.L11:
 130:Core/Src/stm32f4xx_hal_msp.c ****   {
 131:Core/Src/stm32f4xx_hal_msp.c ****     /* USER CODE BEGIN I2C1_MspDeInit 0 */
 132:Core/Src/stm32f4xx_hal_msp.c **** 
 133:Core/Src/stm32f4xx_hal_msp.c ****     /* USER CODE END I2C1_MspDeInit 0 */
 134:Core/Src/stm32f4xx_hal_msp.c ****     /* Peripheral clock disable */
 135:Core/Src/stm32f4xx_hal_msp.c ****     __HAL_RCC_I2C1_CLK_DISABLE();
 136:Core/Src/stm32f4xx_hal_msp.c **** 
 137:Core/Src/stm32f4xx_hal_msp.c ****     /**I2C1 GPIO Configuration
 138:Core/Src/stm32f4xx_hal_msp.c ****     PB6     ------> I2C1_SCL
 139:Core/Src/stm32f4xx_hal_msp.c ****     PB9     ------> I2C1_SDA
 140:Core/Src/stm32f4xx_hal_msp.c ****     */
 141:Core/Src/stm32f4xx_hal_msp.c ****     HAL_GPIO_DeInit(Audio_SCL_GPIO_Port, Audio_SCL_Pin);
 142:Core/Src/stm32f4xx_hal_msp.c **** 
 143:Core/Src/stm32f4xx_hal_msp.c ****     HAL_GPIO_DeInit(Audio_SDA_GPIO_Port, Audio_SDA_Pin);
 144:Core/Src/stm32f4xx_hal_msp.c **** 
 145:Core/Src/stm32f4xx_hal_msp.c ****     /* USER CODE BEGIN I2C1_MspDeInit 1 */
 146:Core/Src/stm32f4xx_hal_msp.c **** 
 147:Core/Src/stm32f4xx_hal_msp.c ****     /* USER CODE END I2C1_MspDeInit 1 */
 148:Core/Src/stm32f4xx_hal_msp.c ****   }
ARM GAS  /var/folders/kf/d797ysj14bb1pb7szkr3jbx80000gn/T//ccurhuIV.s 			page 8


 149:Core/Src/stm32f4xx_hal_msp.c **** 
 150:Core/Src/stm32f4xx_hal_msp.c **** }
 234              		.loc 1 150 1 view .LVU52
 235 000a 08BD     		pop	{r3, pc}
 236              	.LVL8:
 237              	.L14:
 135:Core/Src/stm32f4xx_hal_msp.c **** 
 238              		.loc 1 135 5 is_stmt 1 view .LVU53
 239 000c 084A     		ldr	r2, .L15+4
 240 000e 136C     		ldr	r3, [r2, #64]
 241 0010 23F40013 		bic	r3, r3, #2097152
 242 0014 1364     		str	r3, [r2, #64]
 141:Core/Src/stm32f4xx_hal_msp.c **** 
 243              		.loc 1 141 5 view .LVU54
 244 0016 4021     		movs	r1, #64
 245 0018 0648     		ldr	r0, .L15+8
 246              	.LVL9:
 141:Core/Src/stm32f4xx_hal_msp.c **** 
 247              		.loc 1 141 5 is_stmt 0 view .LVU55
 248 001a FFF7FEFF 		bl	HAL_GPIO_DeInit
 249              	.LVL10:
 143:Core/Src/stm32f4xx_hal_msp.c **** 
 250              		.loc 1 143 5 is_stmt 1 view .LVU56
 251 001e 4FF40071 		mov	r1, #512
 252 0022 0448     		ldr	r0, .L15+8
 253 0024 FFF7FEFF 		bl	HAL_GPIO_DeInit
 254              	.LVL11:
 255              		.loc 1 150 1 is_stmt 0 view .LVU57
 256 0028 EFE7     		b	.L11
 257              	.L16:
 258 002a 00BF     		.align	2
 259              	.L15:
 260 002c 00540040 		.word	1073763328
 261 0030 00380240 		.word	1073887232
 262 0034 00040240 		.word	1073873920
 263              		.cfi_endproc
 264              	.LFE136:
 266              		.section	.text.HAL_I2S_MspInit,"ax",%progbits
 267              		.align	1
 268              		.global	HAL_I2S_MspInit
 269              		.syntax unified
 270              		.thumb
 271              		.thumb_func
 273              	HAL_I2S_MspInit:
 274              	.LVL12:
 275              	.LFB137:
 151:Core/Src/stm32f4xx_hal_msp.c **** 
 152:Core/Src/stm32f4xx_hal_msp.c **** /**
 153:Core/Src/stm32f4xx_hal_msp.c ****   * @brief I2S MSP Initialization
 154:Core/Src/stm32f4xx_hal_msp.c ****   * This function configures the hardware resources used in this example
 155:Core/Src/stm32f4xx_hal_msp.c ****   * @param hi2s: I2S handle pointer
 156:Core/Src/stm32f4xx_hal_msp.c ****   * @retval None
 157:Core/Src/stm32f4xx_hal_msp.c ****   */
 158:Core/Src/stm32f4xx_hal_msp.c **** void HAL_I2S_MspInit(I2S_HandleTypeDef* hi2s)
 159:Core/Src/stm32f4xx_hal_msp.c **** {
 276              		.loc 1 159 1 is_stmt 1 view -0
 277              		.cfi_startproc
ARM GAS  /var/folders/kf/d797ysj14bb1pb7szkr3jbx80000gn/T//ccurhuIV.s 			page 9


 278              		@ args = 0, pretend = 0, frame = 48
 279              		@ frame_needed = 0, uses_anonymous_args = 0
 280              		.loc 1 159 1 is_stmt 0 view .LVU59
 281 0000 70B5     		push	{r4, r5, r6, lr}
 282              		.cfi_def_cfa_offset 16
 283              		.cfi_offset 4, -16
 284              		.cfi_offset 5, -12
 285              		.cfi_offset 6, -8
 286              		.cfi_offset 14, -4
 287 0002 8CB0     		sub	sp, sp, #48
 288              		.cfi_def_cfa_offset 64
 160:Core/Src/stm32f4xx_hal_msp.c ****   GPIO_InitTypeDef GPIO_InitStruct = {0};
 289              		.loc 1 160 3 is_stmt 1 view .LVU60
 290              		.loc 1 160 20 is_stmt 0 view .LVU61
 291 0004 0023     		movs	r3, #0
 292 0006 0793     		str	r3, [sp, #28]
 293 0008 0893     		str	r3, [sp, #32]
 294 000a 0993     		str	r3, [sp, #36]
 295 000c 0A93     		str	r3, [sp, #40]
 296 000e 0B93     		str	r3, [sp, #44]
 161:Core/Src/stm32f4xx_hal_msp.c ****   RCC_PeriphCLKInitTypeDef PeriphClkInitStruct = {0};
 297              		.loc 1 161 3 is_stmt 1 view .LVU62
 298              		.loc 1 161 28 is_stmt 0 view .LVU63
 299 0010 0393     		str	r3, [sp, #12]
 300 0012 0493     		str	r3, [sp, #16]
 301 0014 0593     		str	r3, [sp, #20]
 302 0016 0693     		str	r3, [sp, #24]
 162:Core/Src/stm32f4xx_hal_msp.c ****   if(hi2s->Instance==SPI3)
 303              		.loc 1 162 3 is_stmt 1 view .LVU64
 304              		.loc 1 162 10 is_stmt 0 view .LVU65
 305 0018 0268     		ldr	r2, [r0]
 306              		.loc 1 162 5 view .LVU66
 307 001a 2C4B     		ldr	r3, .L23
 308 001c 9A42     		cmp	r2, r3
 309 001e 01D0     		beq	.L21
 310              	.LVL13:
 311              	.L17:
 163:Core/Src/stm32f4xx_hal_msp.c ****   {
 164:Core/Src/stm32f4xx_hal_msp.c ****     /* USER CODE BEGIN SPI3_MspInit 0 */
 165:Core/Src/stm32f4xx_hal_msp.c **** 
 166:Core/Src/stm32f4xx_hal_msp.c ****     /* USER CODE END SPI3_MspInit 0 */
 167:Core/Src/stm32f4xx_hal_msp.c **** 
 168:Core/Src/stm32f4xx_hal_msp.c ****   /** Initializes the peripherals clock
 169:Core/Src/stm32f4xx_hal_msp.c ****   */
 170:Core/Src/stm32f4xx_hal_msp.c ****     PeriphClkInitStruct.PeriphClockSelection = RCC_PERIPHCLK_I2S;
 171:Core/Src/stm32f4xx_hal_msp.c ****     PeriphClkInitStruct.PLLI2S.PLLI2SN = 192;
 172:Core/Src/stm32f4xx_hal_msp.c ****     PeriphClkInitStruct.PLLI2S.PLLI2SR = 2;
 173:Core/Src/stm32f4xx_hal_msp.c ****     if (HAL_RCCEx_PeriphCLKConfig(&PeriphClkInitStruct) != HAL_OK)
 174:Core/Src/stm32f4xx_hal_msp.c ****     {
 175:Core/Src/stm32f4xx_hal_msp.c ****       Error_Handler();
 176:Core/Src/stm32f4xx_hal_msp.c ****     }
 177:Core/Src/stm32f4xx_hal_msp.c **** 
 178:Core/Src/stm32f4xx_hal_msp.c ****     /* Peripheral clock enable */
 179:Core/Src/stm32f4xx_hal_msp.c ****     __HAL_RCC_SPI3_CLK_ENABLE();
 180:Core/Src/stm32f4xx_hal_msp.c **** 
 181:Core/Src/stm32f4xx_hal_msp.c ****     __HAL_RCC_GPIOA_CLK_ENABLE();
 182:Core/Src/stm32f4xx_hal_msp.c ****     __HAL_RCC_GPIOC_CLK_ENABLE();
ARM GAS  /var/folders/kf/d797ysj14bb1pb7szkr3jbx80000gn/T//ccurhuIV.s 			page 10


 183:Core/Src/stm32f4xx_hal_msp.c ****     /**I2S3 GPIO Configuration
 184:Core/Src/stm32f4xx_hal_msp.c ****     PA4     ------> I2S3_WS
 185:Core/Src/stm32f4xx_hal_msp.c ****     PC7     ------> I2S3_MCK
 186:Core/Src/stm32f4xx_hal_msp.c ****     PC10     ------> I2S3_CK
 187:Core/Src/stm32f4xx_hal_msp.c ****     PC11     ------> I2S3_ext_SD
 188:Core/Src/stm32f4xx_hal_msp.c ****     PC12     ------> I2S3_SD
 189:Core/Src/stm32f4xx_hal_msp.c ****     */
 190:Core/Src/stm32f4xx_hal_msp.c ****     GPIO_InitStruct.Pin = I2S3_WS_Pin;
 191:Core/Src/stm32f4xx_hal_msp.c ****     GPIO_InitStruct.Mode = GPIO_MODE_AF_PP;
 192:Core/Src/stm32f4xx_hal_msp.c ****     GPIO_InitStruct.Pull = GPIO_NOPULL;
 193:Core/Src/stm32f4xx_hal_msp.c ****     GPIO_InitStruct.Speed = GPIO_SPEED_FREQ_LOW;
 194:Core/Src/stm32f4xx_hal_msp.c ****     GPIO_InitStruct.Alternate = GPIO_AF6_SPI3;
 195:Core/Src/stm32f4xx_hal_msp.c ****     HAL_GPIO_Init(I2S3_WS_GPIO_Port, &GPIO_InitStruct);
 196:Core/Src/stm32f4xx_hal_msp.c **** 
 197:Core/Src/stm32f4xx_hal_msp.c ****     GPIO_InitStruct.Pin = I2S3_MCK_Pin|I2S3_SCK_Pin|I2S3_SD_Pin;
 198:Core/Src/stm32f4xx_hal_msp.c ****     GPIO_InitStruct.Mode = GPIO_MODE_AF_PP;
 199:Core/Src/stm32f4xx_hal_msp.c ****     GPIO_InitStruct.Pull = GPIO_NOPULL;
 200:Core/Src/stm32f4xx_hal_msp.c ****     GPIO_InitStruct.Speed = GPIO_SPEED_FREQ_LOW;
 201:Core/Src/stm32f4xx_hal_msp.c ****     GPIO_InitStruct.Alternate = GPIO_AF6_SPI3;
 202:Core/Src/stm32f4xx_hal_msp.c ****     HAL_GPIO_Init(GPIOC, &GPIO_InitStruct);
 203:Core/Src/stm32f4xx_hal_msp.c **** 
 204:Core/Src/stm32f4xx_hal_msp.c ****     GPIO_InitStruct.Pin = GPIO_PIN_11;
 205:Core/Src/stm32f4xx_hal_msp.c ****     GPIO_InitStruct.Mode = GPIO_MODE_AF_PP;
 206:Core/Src/stm32f4xx_hal_msp.c ****     GPIO_InitStruct.Pull = GPIO_NOPULL;
 207:Core/Src/stm32f4xx_hal_msp.c ****     GPIO_InitStruct.Speed = GPIO_SPEED_FREQ_LOW;
 208:Core/Src/stm32f4xx_hal_msp.c ****     GPIO_InitStruct.Alternate = GPIO_AF5_I2S3ext;
 209:Core/Src/stm32f4xx_hal_msp.c ****     HAL_GPIO_Init(GPIOC, &GPIO_InitStruct);
 210:Core/Src/stm32f4xx_hal_msp.c **** 
 211:Core/Src/stm32f4xx_hal_msp.c ****     /* USER CODE BEGIN SPI3_MspInit 1 */
 212:Core/Src/stm32f4xx_hal_msp.c **** 
 213:Core/Src/stm32f4xx_hal_msp.c ****     /* USER CODE END SPI3_MspInit 1 */
 214:Core/Src/stm32f4xx_hal_msp.c **** 
 215:Core/Src/stm32f4xx_hal_msp.c ****   }
 216:Core/Src/stm32f4xx_hal_msp.c **** 
 217:Core/Src/stm32f4xx_hal_msp.c **** }
 312              		.loc 1 217 1 view .LVU67
 313 0020 0CB0     		add	sp, sp, #48
 314              		.cfi_remember_state
 315              		.cfi_def_cfa_offset 16
 316              		@ sp needed
 317 0022 70BD     		pop	{r4, r5, r6, pc}
 318              	.LVL14:
 319              	.L21:
 320              		.cfi_restore_state
 170:Core/Src/stm32f4xx_hal_msp.c ****     PeriphClkInitStruct.PLLI2S.PLLI2SN = 192;
 321              		.loc 1 170 5 is_stmt 1 view .LVU68
 170:Core/Src/stm32f4xx_hal_msp.c ****     PeriphClkInitStruct.PLLI2S.PLLI2SN = 192;
 322              		.loc 1 170 46 is_stmt 0 view .LVU69
 323 0024 0123     		movs	r3, #1
 324 0026 0393     		str	r3, [sp, #12]
 171:Core/Src/stm32f4xx_hal_msp.c ****     PeriphClkInitStruct.PLLI2S.PLLI2SR = 2;
 325              		.loc 1 171 5 is_stmt 1 view .LVU70
 171:Core/Src/stm32f4xx_hal_msp.c ****     PeriphClkInitStruct.PLLI2S.PLLI2SR = 2;
 326              		.loc 1 171 40 is_stmt 0 view .LVU71
 327 0028 C023     		movs	r3, #192
 328 002a 0493     		str	r3, [sp, #16]
 172:Core/Src/stm32f4xx_hal_msp.c ****     if (HAL_RCCEx_PeriphCLKConfig(&PeriphClkInitStruct) != HAL_OK)
ARM GAS  /var/folders/kf/d797ysj14bb1pb7szkr3jbx80000gn/T//ccurhuIV.s 			page 11


 329              		.loc 1 172 5 is_stmt 1 view .LVU72
 172:Core/Src/stm32f4xx_hal_msp.c ****     if (HAL_RCCEx_PeriphCLKConfig(&PeriphClkInitStruct) != HAL_OK)
 330              		.loc 1 172 40 is_stmt 0 view .LVU73
 331 002c 0223     		movs	r3, #2
 332 002e 0593     		str	r3, [sp, #20]
 173:Core/Src/stm32f4xx_hal_msp.c ****     {
 333              		.loc 1 173 5 is_stmt 1 view .LVU74
 173:Core/Src/stm32f4xx_hal_msp.c ****     {
 334              		.loc 1 173 9 is_stmt 0 view .LVU75
 335 0030 03A8     		add	r0, sp, #12
 336              	.LVL15:
 173:Core/Src/stm32f4xx_hal_msp.c ****     {
 337              		.loc 1 173 9 view .LVU76
 338 0032 FFF7FEFF 		bl	HAL_RCCEx_PeriphCLKConfig
 339              	.LVL16:
 173:Core/Src/stm32f4xx_hal_msp.c ****     {
 340              		.loc 1 173 8 discriminator 1 view .LVU77
 341 0036 0028     		cmp	r0, #0
 342 0038 44D1     		bne	.L22
 343              	.L19:
 179:Core/Src/stm32f4xx_hal_msp.c **** 
 344              		.loc 1 179 5 is_stmt 1 view .LVU78
 345              	.LBB6:
 179:Core/Src/stm32f4xx_hal_msp.c **** 
 346              		.loc 1 179 5 view .LVU79
 347 003a 0021     		movs	r1, #0
 348 003c 0091     		str	r1, [sp]
 179:Core/Src/stm32f4xx_hal_msp.c **** 
 349              		.loc 1 179 5 view .LVU80
 350 003e 244B     		ldr	r3, .L23+4
 351 0040 1A6C     		ldr	r2, [r3, #64]
 352 0042 42F40042 		orr	r2, r2, #32768
 353 0046 1A64     		str	r2, [r3, #64]
 179:Core/Src/stm32f4xx_hal_msp.c **** 
 354              		.loc 1 179 5 view .LVU81
 355 0048 1A6C     		ldr	r2, [r3, #64]
 356 004a 02F40042 		and	r2, r2, #32768
 357 004e 0092     		str	r2, [sp]
 179:Core/Src/stm32f4xx_hal_msp.c **** 
 358              		.loc 1 179 5 view .LVU82
 359 0050 009A     		ldr	r2, [sp]
 360              	.LBE6:
 179:Core/Src/stm32f4xx_hal_msp.c **** 
 361              		.loc 1 179 5 view .LVU83
 181:Core/Src/stm32f4xx_hal_msp.c ****     __HAL_RCC_GPIOC_CLK_ENABLE();
 362              		.loc 1 181 5 view .LVU84
 363              	.LBB7:
 181:Core/Src/stm32f4xx_hal_msp.c ****     __HAL_RCC_GPIOC_CLK_ENABLE();
 364              		.loc 1 181 5 view .LVU85
 365 0052 0191     		str	r1, [sp, #4]
 181:Core/Src/stm32f4xx_hal_msp.c ****     __HAL_RCC_GPIOC_CLK_ENABLE();
 366              		.loc 1 181 5 view .LVU86
 367 0054 1A6B     		ldr	r2, [r3, #48]
 368 0056 42F00102 		orr	r2, r2, #1
 369 005a 1A63     		str	r2, [r3, #48]
 181:Core/Src/stm32f4xx_hal_msp.c ****     __HAL_RCC_GPIOC_CLK_ENABLE();
 370              		.loc 1 181 5 view .LVU87
ARM GAS  /var/folders/kf/d797ysj14bb1pb7szkr3jbx80000gn/T//ccurhuIV.s 			page 12


 371 005c 1A6B     		ldr	r2, [r3, #48]
 372 005e 02F00102 		and	r2, r2, #1
 373 0062 0192     		str	r2, [sp, #4]
 181:Core/Src/stm32f4xx_hal_msp.c ****     __HAL_RCC_GPIOC_CLK_ENABLE();
 374              		.loc 1 181 5 view .LVU88
 375 0064 019A     		ldr	r2, [sp, #4]
 376              	.LBE7:
 181:Core/Src/stm32f4xx_hal_msp.c ****     __HAL_RCC_GPIOC_CLK_ENABLE();
 377              		.loc 1 181 5 view .LVU89
 182:Core/Src/stm32f4xx_hal_msp.c ****     /**I2S3 GPIO Configuration
 378              		.loc 1 182 5 view .LVU90
 379              	.LBB8:
 182:Core/Src/stm32f4xx_hal_msp.c ****     /**I2S3 GPIO Configuration
 380              		.loc 1 182 5 view .LVU91
 381 0066 0291     		str	r1, [sp, #8]
 182:Core/Src/stm32f4xx_hal_msp.c ****     /**I2S3 GPIO Configuration
 382              		.loc 1 182 5 view .LVU92
 383 0068 1A6B     		ldr	r2, [r3, #48]
 384 006a 42F00402 		orr	r2, r2, #4
 385 006e 1A63     		str	r2, [r3, #48]
 182:Core/Src/stm32f4xx_hal_msp.c ****     /**I2S3 GPIO Configuration
 386              		.loc 1 182 5 view .LVU93
 387 0070 1B6B     		ldr	r3, [r3, #48]
 388 0072 03F00403 		and	r3, r3, #4
 389 0076 0293     		str	r3, [sp, #8]
 182:Core/Src/stm32f4xx_hal_msp.c ****     /**I2S3 GPIO Configuration
 390              		.loc 1 182 5 view .LVU94
 391 0078 029B     		ldr	r3, [sp, #8]
 392              	.LBE8:
 182:Core/Src/stm32f4xx_hal_msp.c ****     /**I2S3 GPIO Configuration
 393              		.loc 1 182 5 view .LVU95
 190:Core/Src/stm32f4xx_hal_msp.c ****     GPIO_InitStruct.Mode = GPIO_MODE_AF_PP;
 394              		.loc 1 190 5 view .LVU96
 190:Core/Src/stm32f4xx_hal_msp.c ****     GPIO_InitStruct.Mode = GPIO_MODE_AF_PP;
 395              		.loc 1 190 25 is_stmt 0 view .LVU97
 396 007a 1023     		movs	r3, #16
 397 007c 0793     		str	r3, [sp, #28]
 191:Core/Src/stm32f4xx_hal_msp.c ****     GPIO_InitStruct.Pull = GPIO_NOPULL;
 398              		.loc 1 191 5 is_stmt 1 view .LVU98
 191:Core/Src/stm32f4xx_hal_msp.c ****     GPIO_InitStruct.Pull = GPIO_NOPULL;
 399              		.loc 1 191 26 is_stmt 0 view .LVU99
 400 007e 0225     		movs	r5, #2
 401 0080 0895     		str	r5, [sp, #32]
 192:Core/Src/stm32f4xx_hal_msp.c ****     GPIO_InitStruct.Speed = GPIO_SPEED_FREQ_LOW;
 402              		.loc 1 192 5 is_stmt 1 view .LVU100
 192:Core/Src/stm32f4xx_hal_msp.c ****     GPIO_InitStruct.Speed = GPIO_SPEED_FREQ_LOW;
 403              		.loc 1 192 26 is_stmt 0 view .LVU101
 404 0082 0C46     		mov	r4, r1
 405 0084 0991     		str	r1, [sp, #36]
 193:Core/Src/stm32f4xx_hal_msp.c ****     GPIO_InitStruct.Alternate = GPIO_AF6_SPI3;
 406              		.loc 1 193 5 is_stmt 1 view .LVU102
 193:Core/Src/stm32f4xx_hal_msp.c ****     GPIO_InitStruct.Alternate = GPIO_AF6_SPI3;
 407              		.loc 1 193 27 is_stmt 0 view .LVU103
 408 0086 0A91     		str	r1, [sp, #40]
 194:Core/Src/stm32f4xx_hal_msp.c ****     HAL_GPIO_Init(I2S3_WS_GPIO_Port, &GPIO_InitStruct);
 409              		.loc 1 194 5 is_stmt 1 view .LVU104
 194:Core/Src/stm32f4xx_hal_msp.c ****     HAL_GPIO_Init(I2S3_WS_GPIO_Port, &GPIO_InitStruct);
ARM GAS  /var/folders/kf/d797ysj14bb1pb7szkr3jbx80000gn/T//ccurhuIV.s 			page 13


 410              		.loc 1 194 31 is_stmt 0 view .LVU105
 411 0088 0626     		movs	r6, #6
 412 008a 0B96     		str	r6, [sp, #44]
 195:Core/Src/stm32f4xx_hal_msp.c **** 
 413              		.loc 1 195 5 is_stmt 1 view .LVU106
 414 008c 07A9     		add	r1, sp, #28
 415 008e 1148     		ldr	r0, .L23+8
 416 0090 FFF7FEFF 		bl	HAL_GPIO_Init
 417              	.LVL17:
 197:Core/Src/stm32f4xx_hal_msp.c ****     GPIO_InitStruct.Mode = GPIO_MODE_AF_PP;
 418              		.loc 1 197 5 view .LVU107
 197:Core/Src/stm32f4xx_hal_msp.c ****     GPIO_InitStruct.Mode = GPIO_MODE_AF_PP;
 419              		.loc 1 197 25 is_stmt 0 view .LVU108
 420 0094 4FF4A453 		mov	r3, #5248
 421 0098 0793     		str	r3, [sp, #28]
 198:Core/Src/stm32f4xx_hal_msp.c ****     GPIO_InitStruct.Pull = GPIO_NOPULL;
 422              		.loc 1 198 5 is_stmt 1 view .LVU109
 198:Core/Src/stm32f4xx_hal_msp.c ****     GPIO_InitStruct.Pull = GPIO_NOPULL;
 423              		.loc 1 198 26 is_stmt 0 view .LVU110
 424 009a 0895     		str	r5, [sp, #32]
 199:Core/Src/stm32f4xx_hal_msp.c ****     GPIO_InitStruct.Speed = GPIO_SPEED_FREQ_LOW;
 425              		.loc 1 199 5 is_stmt 1 view .LVU111
 199:Core/Src/stm32f4xx_hal_msp.c ****     GPIO_InitStruct.Speed = GPIO_SPEED_FREQ_LOW;
 426              		.loc 1 199 26 is_stmt 0 view .LVU112
 427 009c 0994     		str	r4, [sp, #36]
 200:Core/Src/stm32f4xx_hal_msp.c ****     GPIO_InitStruct.Alternate = GPIO_AF6_SPI3;
 428              		.loc 1 200 5 is_stmt 1 view .LVU113
 200:Core/Src/stm32f4xx_hal_msp.c ****     GPIO_InitStruct.Alternate = GPIO_AF6_SPI3;
 429              		.loc 1 200 27 is_stmt 0 view .LVU114
 430 009e 0A94     		str	r4, [sp, #40]
 201:Core/Src/stm32f4xx_hal_msp.c ****     HAL_GPIO_Init(GPIOC, &GPIO_InitStruct);
 431              		.loc 1 201 5 is_stmt 1 view .LVU115
 201:Core/Src/stm32f4xx_hal_msp.c ****     HAL_GPIO_Init(GPIOC, &GPIO_InitStruct);
 432              		.loc 1 201 31 is_stmt 0 view .LVU116
 433 00a0 0B96     		str	r6, [sp, #44]
 202:Core/Src/stm32f4xx_hal_msp.c **** 
 434              		.loc 1 202 5 is_stmt 1 view .LVU117
 435 00a2 07A9     		add	r1, sp, #28
 436 00a4 0C48     		ldr	r0, .L23+12
 437 00a6 FFF7FEFF 		bl	HAL_GPIO_Init
 438              	.LVL18:
 204:Core/Src/stm32f4xx_hal_msp.c ****     GPIO_InitStruct.Mode = GPIO_MODE_AF_PP;
 439              		.loc 1 204 5 view .LVU118
 204:Core/Src/stm32f4xx_hal_msp.c ****     GPIO_InitStruct.Mode = GPIO_MODE_AF_PP;
 440              		.loc 1 204 25 is_stmt 0 view .LVU119
 441 00aa 4FF40063 		mov	r3, #2048
 442 00ae 0793     		str	r3, [sp, #28]
 205:Core/Src/stm32f4xx_hal_msp.c ****     GPIO_InitStruct.Pull = GPIO_NOPULL;
 443              		.loc 1 205 5 is_stmt 1 view .LVU120
 205:Core/Src/stm32f4xx_hal_msp.c ****     GPIO_InitStruct.Pull = GPIO_NOPULL;
 444              		.loc 1 205 26 is_stmt 0 view .LVU121
 445 00b0 0895     		str	r5, [sp, #32]
 206:Core/Src/stm32f4xx_hal_msp.c ****     GPIO_InitStruct.Speed = GPIO_SPEED_FREQ_LOW;
 446              		.loc 1 206 5 is_stmt 1 view .LVU122
 206:Core/Src/stm32f4xx_hal_msp.c ****     GPIO_InitStruct.Speed = GPIO_SPEED_FREQ_LOW;
 447              		.loc 1 206 26 is_stmt 0 view .LVU123
 448 00b2 0994     		str	r4, [sp, #36]
ARM GAS  /var/folders/kf/d797ysj14bb1pb7szkr3jbx80000gn/T//ccurhuIV.s 			page 14


 207:Core/Src/stm32f4xx_hal_msp.c ****     GPIO_InitStruct.Alternate = GPIO_AF5_I2S3ext;
 449              		.loc 1 207 5 is_stmt 1 view .LVU124
 207:Core/Src/stm32f4xx_hal_msp.c ****     GPIO_InitStruct.Alternate = GPIO_AF5_I2S3ext;
 450              		.loc 1 207 27 is_stmt 0 view .LVU125
 451 00b4 0A94     		str	r4, [sp, #40]
 208:Core/Src/stm32f4xx_hal_msp.c ****     HAL_GPIO_Init(GPIOC, &GPIO_InitStruct);
 452              		.loc 1 208 5 is_stmt 1 view .LVU126
 208:Core/Src/stm32f4xx_hal_msp.c ****     HAL_GPIO_Init(GPIOC, &GPIO_InitStruct);
 453              		.loc 1 208 31 is_stmt 0 view .LVU127
 454 00b6 0523     		movs	r3, #5
 455 00b8 0B93     		str	r3, [sp, #44]
 209:Core/Src/stm32f4xx_hal_msp.c **** 
 456              		.loc 1 209 5 is_stmt 1 view .LVU128
 457 00ba 07A9     		add	r1, sp, #28
 458 00bc 0648     		ldr	r0, .L23+12
 459 00be FFF7FEFF 		bl	HAL_GPIO_Init
 460              	.LVL19:
 461              		.loc 1 217 1 is_stmt 0 view .LVU129
 462 00c2 ADE7     		b	.L17
 463              	.L22:
 175:Core/Src/stm32f4xx_hal_msp.c ****     }
 464              		.loc 1 175 7 is_stmt 1 view .LVU130
 465 00c4 FFF7FEFF 		bl	Error_Handler
 466              	.LVL20:
 467 00c8 B7E7     		b	.L19
 468              	.L24:
 469 00ca 00BF     		.align	2
 470              	.L23:
 471 00cc 003C0040 		.word	1073757184
 472 00d0 00380240 		.word	1073887232
 473 00d4 00000240 		.word	1073872896
 474 00d8 00080240 		.word	1073874944
 475              		.cfi_endproc
 476              	.LFE137:
 478              		.section	.text.HAL_I2S_MspDeInit,"ax",%progbits
 479              		.align	1
 480              		.global	HAL_I2S_MspDeInit
 481              		.syntax unified
 482              		.thumb
 483              		.thumb_func
 485              	HAL_I2S_MspDeInit:
 486              	.LVL21:
 487              	.LFB138:
 218:Core/Src/stm32f4xx_hal_msp.c **** 
 219:Core/Src/stm32f4xx_hal_msp.c **** /**
 220:Core/Src/stm32f4xx_hal_msp.c ****   * @brief I2S MSP De-Initialization
 221:Core/Src/stm32f4xx_hal_msp.c ****   * This function freeze the hardware resources used in this example
 222:Core/Src/stm32f4xx_hal_msp.c ****   * @param hi2s: I2S handle pointer
 223:Core/Src/stm32f4xx_hal_msp.c ****   * @retval None
 224:Core/Src/stm32f4xx_hal_msp.c ****   */
 225:Core/Src/stm32f4xx_hal_msp.c **** void HAL_I2S_MspDeInit(I2S_HandleTypeDef* hi2s)
 226:Core/Src/stm32f4xx_hal_msp.c **** {
 488              		.loc 1 226 1 view -0
 489              		.cfi_startproc
 490              		@ args = 0, pretend = 0, frame = 0
 491              		@ frame_needed = 0, uses_anonymous_args = 0
 492              		.loc 1 226 1 is_stmt 0 view .LVU132
ARM GAS  /var/folders/kf/d797ysj14bb1pb7szkr3jbx80000gn/T//ccurhuIV.s 			page 15


 493 0000 08B5     		push	{r3, lr}
 494              		.cfi_def_cfa_offset 8
 495              		.cfi_offset 3, -8
 496              		.cfi_offset 14, -4
 227:Core/Src/stm32f4xx_hal_msp.c ****   if(hi2s->Instance==SPI3)
 497              		.loc 1 227 3 is_stmt 1 view .LVU133
 498              		.loc 1 227 10 is_stmt 0 view .LVU134
 499 0002 0268     		ldr	r2, [r0]
 500              		.loc 1 227 5 view .LVU135
 501 0004 094B     		ldr	r3, .L29
 502 0006 9A42     		cmp	r2, r3
 503 0008 00D0     		beq	.L28
 504              	.LVL22:
 505              	.L25:
 228:Core/Src/stm32f4xx_hal_msp.c ****   {
 229:Core/Src/stm32f4xx_hal_msp.c ****     /* USER CODE BEGIN SPI3_MspDeInit 0 */
 230:Core/Src/stm32f4xx_hal_msp.c **** 
 231:Core/Src/stm32f4xx_hal_msp.c ****     /* USER CODE END SPI3_MspDeInit 0 */
 232:Core/Src/stm32f4xx_hal_msp.c ****     /* Peripheral clock disable */
 233:Core/Src/stm32f4xx_hal_msp.c ****     __HAL_RCC_SPI3_CLK_DISABLE();
 234:Core/Src/stm32f4xx_hal_msp.c **** 
 235:Core/Src/stm32f4xx_hal_msp.c ****     /**I2S3 GPIO Configuration
 236:Core/Src/stm32f4xx_hal_msp.c ****     PA4     ------> I2S3_WS
 237:Core/Src/stm32f4xx_hal_msp.c ****     PC7     ------> I2S3_MCK
 238:Core/Src/stm32f4xx_hal_msp.c ****     PC10     ------> I2S3_CK
 239:Core/Src/stm32f4xx_hal_msp.c ****     PC11     ------> I2S3_ext_SD
 240:Core/Src/stm32f4xx_hal_msp.c ****     PC12     ------> I2S3_SD
 241:Core/Src/stm32f4xx_hal_msp.c ****     */
 242:Core/Src/stm32f4xx_hal_msp.c ****     HAL_GPIO_DeInit(I2S3_WS_GPIO_Port, I2S3_WS_Pin);
 243:Core/Src/stm32f4xx_hal_msp.c **** 
 244:Core/Src/stm32f4xx_hal_msp.c ****     HAL_GPIO_DeInit(GPIOC, I2S3_MCK_Pin|I2S3_SCK_Pin|GPIO_PIN_11|I2S3_SD_Pin);
 245:Core/Src/stm32f4xx_hal_msp.c **** 
 246:Core/Src/stm32f4xx_hal_msp.c ****     /* USER CODE BEGIN SPI3_MspDeInit 1 */
 247:Core/Src/stm32f4xx_hal_msp.c **** 
 248:Core/Src/stm32f4xx_hal_msp.c ****     /* USER CODE END SPI3_MspDeInit 1 */
 249:Core/Src/stm32f4xx_hal_msp.c ****   }
 250:Core/Src/stm32f4xx_hal_msp.c **** 
 251:Core/Src/stm32f4xx_hal_msp.c **** }
 506              		.loc 1 251 1 view .LVU136
 507 000a 08BD     		pop	{r3, pc}
 508              	.LVL23:
 509              	.L28:
 233:Core/Src/stm32f4xx_hal_msp.c **** 
 510              		.loc 1 233 5 is_stmt 1 view .LVU137
 511 000c 084A     		ldr	r2, .L29+4
 512 000e 136C     		ldr	r3, [r2, #64]
 513 0010 23F40043 		bic	r3, r3, #32768
 514 0014 1364     		str	r3, [r2, #64]
 242:Core/Src/stm32f4xx_hal_msp.c **** 
 515              		.loc 1 242 5 view .LVU138
 516 0016 1021     		movs	r1, #16
 517 0018 0648     		ldr	r0, .L29+8
 518              	.LVL24:
 242:Core/Src/stm32f4xx_hal_msp.c **** 
 519              		.loc 1 242 5 is_stmt 0 view .LVU139
 520 001a FFF7FEFF 		bl	HAL_GPIO_DeInit
 521              	.LVL25:
ARM GAS  /var/folders/kf/d797ysj14bb1pb7szkr3jbx80000gn/T//ccurhuIV.s 			page 16


 244:Core/Src/stm32f4xx_hal_msp.c **** 
 522              		.loc 1 244 5 is_stmt 1 view .LVU140
 523 001e 4FF4E451 		mov	r1, #7296
 524 0022 0548     		ldr	r0, .L29+12
 525 0024 FFF7FEFF 		bl	HAL_GPIO_DeInit
 526              	.LVL26:
 527              		.loc 1 251 1 is_stmt 0 view .LVU141
 528 0028 EFE7     		b	.L25
 529              	.L30:
 530 002a 00BF     		.align	2
 531              	.L29:
 532 002c 003C0040 		.word	1073757184
 533 0030 00380240 		.word	1073887232
 534 0034 00000240 		.word	1073872896
 535 0038 00080240 		.word	1073874944
 536              		.cfi_endproc
 537              	.LFE138:
 539              		.section	.text.HAL_SPI_MspInit,"ax",%progbits
 540              		.align	1
 541              		.global	HAL_SPI_MspInit
 542              		.syntax unified
 543              		.thumb
 544              		.thumb_func
 546              	HAL_SPI_MspInit:
 547              	.LVL27:
 548              	.LFB139:
 252:Core/Src/stm32f4xx_hal_msp.c **** 
 253:Core/Src/stm32f4xx_hal_msp.c **** /**
 254:Core/Src/stm32f4xx_hal_msp.c ****   * @brief SPI MSP Initialization
 255:Core/Src/stm32f4xx_hal_msp.c ****   * This function configures the hardware resources used in this example
 256:Core/Src/stm32f4xx_hal_msp.c ****   * @param hspi: SPI handle pointer
 257:Core/Src/stm32f4xx_hal_msp.c ****   * @retval None
 258:Core/Src/stm32f4xx_hal_msp.c ****   */
 259:Core/Src/stm32f4xx_hal_msp.c **** void HAL_SPI_MspInit(SPI_HandleTypeDef* hspi)
 260:Core/Src/stm32f4xx_hal_msp.c **** {
 549              		.loc 1 260 1 is_stmt 1 view -0
 550              		.cfi_startproc
 551              		@ args = 0, pretend = 0, frame = 40
 552              		@ frame_needed = 0, uses_anonymous_args = 0
 553              		.loc 1 260 1 is_stmt 0 view .LVU143
 554 0000 2DE9F041 		push	{r4, r5, r6, r7, r8, lr}
 555              		.cfi_def_cfa_offset 24
 556              		.cfi_offset 4, -24
 557              		.cfi_offset 5, -20
 558              		.cfi_offset 6, -16
 559              		.cfi_offset 7, -12
 560              		.cfi_offset 8, -8
 561              		.cfi_offset 14, -4
 562 0004 8AB0     		sub	sp, sp, #40
 563              		.cfi_def_cfa_offset 64
 564 0006 8046     		mov	r8, r0
 261:Core/Src/stm32f4xx_hal_msp.c ****   GPIO_InitTypeDef GPIO_InitStruct = {0};
 565              		.loc 1 261 3 is_stmt 1 view .LVU144
 566              		.loc 1 261 20 is_stmt 0 view .LVU145
 567 0008 0023     		movs	r3, #0
 568 000a 0593     		str	r3, [sp, #20]
 569 000c 0693     		str	r3, [sp, #24]
ARM GAS  /var/folders/kf/d797ysj14bb1pb7szkr3jbx80000gn/T//ccurhuIV.s 			page 17


 570 000e 0793     		str	r3, [sp, #28]
 571 0010 0893     		str	r3, [sp, #32]
 572 0012 0993     		str	r3, [sp, #36]
 262:Core/Src/stm32f4xx_hal_msp.c ****   if(hspi->Instance==SPI1)
 573              		.loc 1 262 3 is_stmt 1 view .LVU146
 574              		.loc 1 262 10 is_stmt 0 view .LVU147
 575 0014 0368     		ldr	r3, [r0]
 576              		.loc 1 262 5 view .LVU148
 577 0016 594A     		ldr	r2, .L41
 578 0018 9342     		cmp	r3, r2
 579 001a 05D0     		beq	.L37
 263:Core/Src/stm32f4xx_hal_msp.c ****   {
 264:Core/Src/stm32f4xx_hal_msp.c ****     /* USER CODE BEGIN SPI1_MspInit 0 */
 265:Core/Src/stm32f4xx_hal_msp.c **** 
 266:Core/Src/stm32f4xx_hal_msp.c ****     /* USER CODE END SPI1_MspInit 0 */
 267:Core/Src/stm32f4xx_hal_msp.c ****     /* Peripheral clock enable */
 268:Core/Src/stm32f4xx_hal_msp.c ****     __HAL_RCC_SPI1_CLK_ENABLE();
 269:Core/Src/stm32f4xx_hal_msp.c **** 
 270:Core/Src/stm32f4xx_hal_msp.c ****     __HAL_RCC_GPIOA_CLK_ENABLE();
 271:Core/Src/stm32f4xx_hal_msp.c ****     /**SPI1 GPIO Configuration
 272:Core/Src/stm32f4xx_hal_msp.c ****     PA5     ------> SPI1_SCK
 273:Core/Src/stm32f4xx_hal_msp.c ****     PA6     ------> SPI1_MISO
 274:Core/Src/stm32f4xx_hal_msp.c ****     PA7     ------> SPI1_MOSI
 275:Core/Src/stm32f4xx_hal_msp.c ****     PA15     ------> SPI1_NSS
 276:Core/Src/stm32f4xx_hal_msp.c ****     */
 277:Core/Src/stm32f4xx_hal_msp.c ****     GPIO_InitStruct.Pin = SPI1_SCK_Pin|SPI1_MISO_Pin|SPI1_MOSI_Pin;
 278:Core/Src/stm32f4xx_hal_msp.c ****     GPIO_InitStruct.Mode = GPIO_MODE_AF_PP;
 279:Core/Src/stm32f4xx_hal_msp.c ****     GPIO_InitStruct.Pull = GPIO_NOPULL;
 280:Core/Src/stm32f4xx_hal_msp.c ****     GPIO_InitStruct.Speed = GPIO_SPEED_FREQ_LOW;
 281:Core/Src/stm32f4xx_hal_msp.c ****     GPIO_InitStruct.Alternate = GPIO_AF5_SPI1;
 282:Core/Src/stm32f4xx_hal_msp.c ****     HAL_GPIO_Init(GPIOA, &GPIO_InitStruct);
 283:Core/Src/stm32f4xx_hal_msp.c **** 
 284:Core/Src/stm32f4xx_hal_msp.c ****     GPIO_InitStruct.Pin = GPIO_PIN_15;
 285:Core/Src/stm32f4xx_hal_msp.c ****     GPIO_InitStruct.Mode = GPIO_MODE_AF_PP;
 286:Core/Src/stm32f4xx_hal_msp.c ****     GPIO_InitStruct.Pull = GPIO_NOPULL;
 287:Core/Src/stm32f4xx_hal_msp.c ****     GPIO_InitStruct.Speed = GPIO_SPEED_FREQ_VERY_HIGH;
 288:Core/Src/stm32f4xx_hal_msp.c ****     GPIO_InitStruct.Alternate = GPIO_AF5_SPI1;
 289:Core/Src/stm32f4xx_hal_msp.c ****     HAL_GPIO_Init(GPIOA, &GPIO_InitStruct);
 290:Core/Src/stm32f4xx_hal_msp.c **** 
 291:Core/Src/stm32f4xx_hal_msp.c ****     /* SPI1 DMA Init */
 292:Core/Src/stm32f4xx_hal_msp.c ****     /* SPI1_RX Init */
 293:Core/Src/stm32f4xx_hal_msp.c ****     hdma_spi1_rx.Instance = DMA2_Stream0;
 294:Core/Src/stm32f4xx_hal_msp.c ****     hdma_spi1_rx.Init.Channel = DMA_CHANNEL_3;
 295:Core/Src/stm32f4xx_hal_msp.c ****     hdma_spi1_rx.Init.Direction = DMA_PERIPH_TO_MEMORY;
 296:Core/Src/stm32f4xx_hal_msp.c ****     hdma_spi1_rx.Init.PeriphInc = DMA_PINC_DISABLE;
 297:Core/Src/stm32f4xx_hal_msp.c ****     hdma_spi1_rx.Init.MemInc = DMA_MINC_ENABLE;
 298:Core/Src/stm32f4xx_hal_msp.c ****     hdma_spi1_rx.Init.PeriphDataAlignment = DMA_PDATAALIGN_BYTE;
 299:Core/Src/stm32f4xx_hal_msp.c ****     hdma_spi1_rx.Init.MemDataAlignment = DMA_MDATAALIGN_BYTE;
 300:Core/Src/stm32f4xx_hal_msp.c ****     hdma_spi1_rx.Init.Mode = DMA_NORMAL;
 301:Core/Src/stm32f4xx_hal_msp.c ****     hdma_spi1_rx.Init.Priority = DMA_PRIORITY_LOW;
 302:Core/Src/stm32f4xx_hal_msp.c ****     hdma_spi1_rx.Init.FIFOMode = DMA_FIFOMODE_DISABLE;
 303:Core/Src/stm32f4xx_hal_msp.c ****     if (HAL_DMA_Init(&hdma_spi1_rx) != HAL_OK)
 304:Core/Src/stm32f4xx_hal_msp.c ****     {
 305:Core/Src/stm32f4xx_hal_msp.c ****       Error_Handler();
 306:Core/Src/stm32f4xx_hal_msp.c ****     }
 307:Core/Src/stm32f4xx_hal_msp.c **** 
 308:Core/Src/stm32f4xx_hal_msp.c ****     __HAL_LINKDMA(hspi,hdmarx,hdma_spi1_rx);
ARM GAS  /var/folders/kf/d797ysj14bb1pb7szkr3jbx80000gn/T//ccurhuIV.s 			page 18


 309:Core/Src/stm32f4xx_hal_msp.c **** 
 310:Core/Src/stm32f4xx_hal_msp.c ****     /* SPI1 interrupt Init */
 311:Core/Src/stm32f4xx_hal_msp.c ****     HAL_NVIC_SetPriority(SPI1_IRQn, 5, 0);
 312:Core/Src/stm32f4xx_hal_msp.c ****     HAL_NVIC_EnableIRQ(SPI1_IRQn);
 313:Core/Src/stm32f4xx_hal_msp.c ****     /* USER CODE BEGIN SPI1_MspInit 1 */
 314:Core/Src/stm32f4xx_hal_msp.c **** 
 315:Core/Src/stm32f4xx_hal_msp.c ****     /* USER CODE END SPI1_MspInit 1 */
 316:Core/Src/stm32f4xx_hal_msp.c ****   }
 317:Core/Src/stm32f4xx_hal_msp.c ****   else if(hspi->Instance==SPI2)
 580              		.loc 1 317 8 is_stmt 1 view .LVU149
 581              		.loc 1 317 10 is_stmt 0 view .LVU150
 582 001c 584A     		ldr	r2, .L41+4
 583 001e 9342     		cmp	r3, r2
 584 0020 52D0     		beq	.L38
 585              	.LVL28:
 586              	.L31:
 318:Core/Src/stm32f4xx_hal_msp.c ****   {
 319:Core/Src/stm32f4xx_hal_msp.c ****     /* USER CODE BEGIN SPI2_MspInit 0 */
 320:Core/Src/stm32f4xx_hal_msp.c **** 
 321:Core/Src/stm32f4xx_hal_msp.c ****     /* USER CODE END SPI2_MspInit 0 */
 322:Core/Src/stm32f4xx_hal_msp.c ****     /* Peripheral clock enable */
 323:Core/Src/stm32f4xx_hal_msp.c ****     __HAL_RCC_SPI2_CLK_ENABLE();
 324:Core/Src/stm32f4xx_hal_msp.c **** 
 325:Core/Src/stm32f4xx_hal_msp.c ****     __HAL_RCC_GPIOC_CLK_ENABLE();
 326:Core/Src/stm32f4xx_hal_msp.c ****     __HAL_RCC_GPIOB_CLK_ENABLE();
 327:Core/Src/stm32f4xx_hal_msp.c ****     /**SPI2 GPIO Configuration
 328:Core/Src/stm32f4xx_hal_msp.c ****     PC2     ------> SPI2_MISO
 329:Core/Src/stm32f4xx_hal_msp.c ****     PB12     ------> SPI2_NSS
 330:Core/Src/stm32f4xx_hal_msp.c ****     PB13     ------> SPI2_SCK
 331:Core/Src/stm32f4xx_hal_msp.c ****     PB15     ------> SPI2_MOSI
 332:Core/Src/stm32f4xx_hal_msp.c ****     */
 333:Core/Src/stm32f4xx_hal_msp.c ****     GPIO_InitStruct.Pin = GPIO_PIN_2;
 334:Core/Src/stm32f4xx_hal_msp.c ****     GPIO_InitStruct.Mode = GPIO_MODE_AF_PP;
 335:Core/Src/stm32f4xx_hal_msp.c ****     GPIO_InitStruct.Pull = GPIO_NOPULL;
 336:Core/Src/stm32f4xx_hal_msp.c ****     GPIO_InitStruct.Speed = GPIO_SPEED_FREQ_VERY_HIGH;
 337:Core/Src/stm32f4xx_hal_msp.c ****     GPIO_InitStruct.Alternate = GPIO_AF5_SPI2;
 338:Core/Src/stm32f4xx_hal_msp.c ****     HAL_GPIO_Init(GPIOC, &GPIO_InitStruct);
 339:Core/Src/stm32f4xx_hal_msp.c **** 
 340:Core/Src/stm32f4xx_hal_msp.c ****     GPIO_InitStruct.Pin = GPIO_PIN_12|GPIO_PIN_13|GPIO_PIN_15;
 341:Core/Src/stm32f4xx_hal_msp.c ****     GPIO_InitStruct.Mode = GPIO_MODE_AF_PP;
 342:Core/Src/stm32f4xx_hal_msp.c ****     GPIO_InitStruct.Pull = GPIO_NOPULL;
 343:Core/Src/stm32f4xx_hal_msp.c ****     GPIO_InitStruct.Speed = GPIO_SPEED_FREQ_VERY_HIGH;
 344:Core/Src/stm32f4xx_hal_msp.c ****     GPIO_InitStruct.Alternate = GPIO_AF5_SPI2;
 345:Core/Src/stm32f4xx_hal_msp.c ****     HAL_GPIO_Init(GPIOB, &GPIO_InitStruct);
 346:Core/Src/stm32f4xx_hal_msp.c **** 
 347:Core/Src/stm32f4xx_hal_msp.c ****     /* SPI2 DMA Init */
 348:Core/Src/stm32f4xx_hal_msp.c ****     /* SPI2_RX Init */
 349:Core/Src/stm32f4xx_hal_msp.c ****     hdma_spi2_rx.Instance = DMA1_Stream3;
 350:Core/Src/stm32f4xx_hal_msp.c ****     hdma_spi2_rx.Init.Channel = DMA_CHANNEL_0;
 351:Core/Src/stm32f4xx_hal_msp.c ****     hdma_spi2_rx.Init.Direction = DMA_PERIPH_TO_MEMORY;
 352:Core/Src/stm32f4xx_hal_msp.c ****     hdma_spi2_rx.Init.PeriphInc = DMA_PINC_DISABLE;
 353:Core/Src/stm32f4xx_hal_msp.c ****     hdma_spi2_rx.Init.MemInc = DMA_MINC_ENABLE;
 354:Core/Src/stm32f4xx_hal_msp.c ****     hdma_spi2_rx.Init.PeriphDataAlignment = DMA_PDATAALIGN_BYTE;
 355:Core/Src/stm32f4xx_hal_msp.c ****     hdma_spi2_rx.Init.MemDataAlignment = DMA_MDATAALIGN_BYTE;
 356:Core/Src/stm32f4xx_hal_msp.c ****     hdma_spi2_rx.Init.Mode = DMA_NORMAL;
 357:Core/Src/stm32f4xx_hal_msp.c ****     hdma_spi2_rx.Init.Priority = DMA_PRIORITY_LOW;
 358:Core/Src/stm32f4xx_hal_msp.c ****     hdma_spi2_rx.Init.FIFOMode = DMA_FIFOMODE_DISABLE;
ARM GAS  /var/folders/kf/d797ysj14bb1pb7szkr3jbx80000gn/T//ccurhuIV.s 			page 19


 359:Core/Src/stm32f4xx_hal_msp.c ****     if (HAL_DMA_Init(&hdma_spi2_rx) != HAL_OK)
 360:Core/Src/stm32f4xx_hal_msp.c ****     {
 361:Core/Src/stm32f4xx_hal_msp.c ****       Error_Handler();
 362:Core/Src/stm32f4xx_hal_msp.c ****     }
 363:Core/Src/stm32f4xx_hal_msp.c **** 
 364:Core/Src/stm32f4xx_hal_msp.c ****     __HAL_LINKDMA(hspi,hdmarx,hdma_spi2_rx);
 365:Core/Src/stm32f4xx_hal_msp.c **** 
 366:Core/Src/stm32f4xx_hal_msp.c ****     /* SPI2 interrupt Init */
 367:Core/Src/stm32f4xx_hal_msp.c ****     HAL_NVIC_SetPriority(SPI2_IRQn, 5, 0);
 368:Core/Src/stm32f4xx_hal_msp.c ****     HAL_NVIC_EnableIRQ(SPI2_IRQn);
 369:Core/Src/stm32f4xx_hal_msp.c ****     /* USER CODE BEGIN SPI2_MspInit 1 */
 370:Core/Src/stm32f4xx_hal_msp.c **** 
 371:Core/Src/stm32f4xx_hal_msp.c ****     /* USER CODE END SPI2_MspInit 1 */
 372:Core/Src/stm32f4xx_hal_msp.c ****   }
 373:Core/Src/stm32f4xx_hal_msp.c **** 
 374:Core/Src/stm32f4xx_hal_msp.c **** }
 587              		.loc 1 374 1 view .LVU151
 588 0022 0AB0     		add	sp, sp, #40
 589              		.cfi_remember_state
 590              		.cfi_def_cfa_offset 24
 591              		@ sp needed
 592 0024 BDE8F081 		pop	{r4, r5, r6, r7, r8, pc}
 593              	.LVL29:
 594              	.L37:
 595              		.cfi_restore_state
 268:Core/Src/stm32f4xx_hal_msp.c **** 
 596              		.loc 1 268 5 is_stmt 1 view .LVU152
 597              	.LBB9:
 268:Core/Src/stm32f4xx_hal_msp.c **** 
 598              		.loc 1 268 5 view .LVU153
 599 0028 0024     		movs	r4, #0
 600 002a 0094     		str	r4, [sp]
 268:Core/Src/stm32f4xx_hal_msp.c **** 
 601              		.loc 1 268 5 view .LVU154
 602 002c 554B     		ldr	r3, .L41+8
 603 002e 5A6C     		ldr	r2, [r3, #68]
 604 0030 42F48052 		orr	r2, r2, #4096
 605 0034 5A64     		str	r2, [r3, #68]
 268:Core/Src/stm32f4xx_hal_msp.c **** 
 606              		.loc 1 268 5 view .LVU155
 607 0036 5A6C     		ldr	r2, [r3, #68]
 608 0038 02F48052 		and	r2, r2, #4096
 609 003c 0092     		str	r2, [sp]
 268:Core/Src/stm32f4xx_hal_msp.c **** 
 610              		.loc 1 268 5 view .LVU156
 611 003e 009A     		ldr	r2, [sp]
 612              	.LBE9:
 268:Core/Src/stm32f4xx_hal_msp.c **** 
 613              		.loc 1 268 5 view .LVU157
 270:Core/Src/stm32f4xx_hal_msp.c ****     /**SPI1 GPIO Configuration
 614              		.loc 1 270 5 view .LVU158
 615              	.LBB10:
 270:Core/Src/stm32f4xx_hal_msp.c ****     /**SPI1 GPIO Configuration
 616              		.loc 1 270 5 view .LVU159
 617 0040 0194     		str	r4, [sp, #4]
 270:Core/Src/stm32f4xx_hal_msp.c ****     /**SPI1 GPIO Configuration
 618              		.loc 1 270 5 view .LVU160
ARM GAS  /var/folders/kf/d797ysj14bb1pb7szkr3jbx80000gn/T//ccurhuIV.s 			page 20


 619 0042 1A6B     		ldr	r2, [r3, #48]
 620 0044 42F00102 		orr	r2, r2, #1
 621 0048 1A63     		str	r2, [r3, #48]
 270:Core/Src/stm32f4xx_hal_msp.c ****     /**SPI1 GPIO Configuration
 622              		.loc 1 270 5 view .LVU161
 623 004a 1B6B     		ldr	r3, [r3, #48]
 624 004c 03F00103 		and	r3, r3, #1
 625 0050 0193     		str	r3, [sp, #4]
 270:Core/Src/stm32f4xx_hal_msp.c ****     /**SPI1 GPIO Configuration
 626              		.loc 1 270 5 view .LVU162
 627 0052 019B     		ldr	r3, [sp, #4]
 628              	.LBE10:
 270:Core/Src/stm32f4xx_hal_msp.c ****     /**SPI1 GPIO Configuration
 629              		.loc 1 270 5 view .LVU163
 277:Core/Src/stm32f4xx_hal_msp.c ****     GPIO_InitStruct.Mode = GPIO_MODE_AF_PP;
 630              		.loc 1 277 5 view .LVU164
 277:Core/Src/stm32f4xx_hal_msp.c ****     GPIO_InitStruct.Mode = GPIO_MODE_AF_PP;
 631              		.loc 1 277 25 is_stmt 0 view .LVU165
 632 0054 E023     		movs	r3, #224
 633 0056 0593     		str	r3, [sp, #20]
 278:Core/Src/stm32f4xx_hal_msp.c ****     GPIO_InitStruct.Pull = GPIO_NOPULL;
 634              		.loc 1 278 5 is_stmt 1 view .LVU166
 278:Core/Src/stm32f4xx_hal_msp.c ****     GPIO_InitStruct.Pull = GPIO_NOPULL;
 635              		.loc 1 278 26 is_stmt 0 view .LVU167
 636 0058 0225     		movs	r5, #2
 637 005a 0695     		str	r5, [sp, #24]
 279:Core/Src/stm32f4xx_hal_msp.c ****     GPIO_InitStruct.Speed = GPIO_SPEED_FREQ_LOW;
 638              		.loc 1 279 5 is_stmt 1 view .LVU168
 280:Core/Src/stm32f4xx_hal_msp.c ****     GPIO_InitStruct.Alternate = GPIO_AF5_SPI1;
 639              		.loc 1 280 5 view .LVU169
 281:Core/Src/stm32f4xx_hal_msp.c ****     HAL_GPIO_Init(GPIOA, &GPIO_InitStruct);
 640              		.loc 1 281 5 view .LVU170
 281:Core/Src/stm32f4xx_hal_msp.c ****     HAL_GPIO_Init(GPIOA, &GPIO_InitStruct);
 641              		.loc 1 281 31 is_stmt 0 view .LVU171
 642 005c 0526     		movs	r6, #5
 643 005e 0996     		str	r6, [sp, #36]
 282:Core/Src/stm32f4xx_hal_msp.c **** 
 644              		.loc 1 282 5 is_stmt 1 view .LVU172
 645 0060 05A9     		add	r1, sp, #20
 646 0062 4948     		ldr	r0, .L41+12
 647              	.LVL30:
 282:Core/Src/stm32f4xx_hal_msp.c **** 
 648              		.loc 1 282 5 is_stmt 0 view .LVU173
 649 0064 FFF7FEFF 		bl	HAL_GPIO_Init
 650              	.LVL31:
 284:Core/Src/stm32f4xx_hal_msp.c ****     GPIO_InitStruct.Mode = GPIO_MODE_AF_PP;
 651              		.loc 1 284 5 is_stmt 1 view .LVU174
 284:Core/Src/stm32f4xx_hal_msp.c ****     GPIO_InitStruct.Mode = GPIO_MODE_AF_PP;
 652              		.loc 1 284 25 is_stmt 0 view .LVU175
 653 0068 4FF40043 		mov	r3, #32768
 654 006c 0593     		str	r3, [sp, #20]
 285:Core/Src/stm32f4xx_hal_msp.c ****     GPIO_InitStruct.Pull = GPIO_NOPULL;
 655              		.loc 1 285 5 is_stmt 1 view .LVU176
 285:Core/Src/stm32f4xx_hal_msp.c ****     GPIO_InitStruct.Pull = GPIO_NOPULL;
 656              		.loc 1 285 26 is_stmt 0 view .LVU177
 657 006e 0695     		str	r5, [sp, #24]
 286:Core/Src/stm32f4xx_hal_msp.c ****     GPIO_InitStruct.Speed = GPIO_SPEED_FREQ_VERY_HIGH;
ARM GAS  /var/folders/kf/d797ysj14bb1pb7szkr3jbx80000gn/T//ccurhuIV.s 			page 21


 658              		.loc 1 286 5 is_stmt 1 view .LVU178
 286:Core/Src/stm32f4xx_hal_msp.c ****     GPIO_InitStruct.Speed = GPIO_SPEED_FREQ_VERY_HIGH;
 659              		.loc 1 286 26 is_stmt 0 view .LVU179
 660 0070 0794     		str	r4, [sp, #28]
 287:Core/Src/stm32f4xx_hal_msp.c ****     GPIO_InitStruct.Alternate = GPIO_AF5_SPI1;
 661              		.loc 1 287 5 is_stmt 1 view .LVU180
 287:Core/Src/stm32f4xx_hal_msp.c ****     GPIO_InitStruct.Alternate = GPIO_AF5_SPI1;
 662              		.loc 1 287 27 is_stmt 0 view .LVU181
 663 0072 0323     		movs	r3, #3
 664 0074 0893     		str	r3, [sp, #32]
 288:Core/Src/stm32f4xx_hal_msp.c ****     HAL_GPIO_Init(GPIOA, &GPIO_InitStruct);
 665              		.loc 1 288 5 is_stmt 1 view .LVU182
 288:Core/Src/stm32f4xx_hal_msp.c ****     HAL_GPIO_Init(GPIOA, &GPIO_InitStruct);
 666              		.loc 1 288 31 is_stmt 0 view .LVU183
 667 0076 0996     		str	r6, [sp, #36]
 289:Core/Src/stm32f4xx_hal_msp.c **** 
 668              		.loc 1 289 5 is_stmt 1 view .LVU184
 669 0078 05A9     		add	r1, sp, #20
 670 007a 4348     		ldr	r0, .L41+12
 671 007c FFF7FEFF 		bl	HAL_GPIO_Init
 672              	.LVL32:
 293:Core/Src/stm32f4xx_hal_msp.c ****     hdma_spi1_rx.Init.Channel = DMA_CHANNEL_3;
 673              		.loc 1 293 5 view .LVU185
 293:Core/Src/stm32f4xx_hal_msp.c ****     hdma_spi1_rx.Init.Channel = DMA_CHANNEL_3;
 674              		.loc 1 293 27 is_stmt 0 view .LVU186
 675 0080 4248     		ldr	r0, .L41+16
 676 0082 434B     		ldr	r3, .L41+20
 677 0084 0360     		str	r3, [r0]
 294:Core/Src/stm32f4xx_hal_msp.c ****     hdma_spi1_rx.Init.Direction = DMA_PERIPH_TO_MEMORY;
 678              		.loc 1 294 5 is_stmt 1 view .LVU187
 294:Core/Src/stm32f4xx_hal_msp.c ****     hdma_spi1_rx.Init.Direction = DMA_PERIPH_TO_MEMORY;
 679              		.loc 1 294 31 is_stmt 0 view .LVU188
 680 0086 4FF0C063 		mov	r3, #100663296
 681 008a 4360     		str	r3, [r0, #4]
 295:Core/Src/stm32f4xx_hal_msp.c ****     hdma_spi1_rx.Init.PeriphInc = DMA_PINC_DISABLE;
 682              		.loc 1 295 5 is_stmt 1 view .LVU189
 295:Core/Src/stm32f4xx_hal_msp.c ****     hdma_spi1_rx.Init.PeriphInc = DMA_PINC_DISABLE;
 683              		.loc 1 295 33 is_stmt 0 view .LVU190
 684 008c 8460     		str	r4, [r0, #8]
 296:Core/Src/stm32f4xx_hal_msp.c ****     hdma_spi1_rx.Init.MemInc = DMA_MINC_ENABLE;
 685              		.loc 1 296 5 is_stmt 1 view .LVU191
 296:Core/Src/stm32f4xx_hal_msp.c ****     hdma_spi1_rx.Init.MemInc = DMA_MINC_ENABLE;
 686              		.loc 1 296 33 is_stmt 0 view .LVU192
 687 008e C460     		str	r4, [r0, #12]
 297:Core/Src/stm32f4xx_hal_msp.c ****     hdma_spi1_rx.Init.PeriphDataAlignment = DMA_PDATAALIGN_BYTE;
 688              		.loc 1 297 5 is_stmt 1 view .LVU193
 297:Core/Src/stm32f4xx_hal_msp.c ****     hdma_spi1_rx.Init.PeriphDataAlignment = DMA_PDATAALIGN_BYTE;
 689              		.loc 1 297 30 is_stmt 0 view .LVU194
 690 0090 4FF48063 		mov	r3, #1024
 691 0094 0361     		str	r3, [r0, #16]
 298:Core/Src/stm32f4xx_hal_msp.c ****     hdma_spi1_rx.Init.MemDataAlignment = DMA_MDATAALIGN_BYTE;
 692              		.loc 1 298 5 is_stmt 1 view .LVU195
 298:Core/Src/stm32f4xx_hal_msp.c ****     hdma_spi1_rx.Init.MemDataAlignment = DMA_MDATAALIGN_BYTE;
 693              		.loc 1 298 43 is_stmt 0 view .LVU196
 694 0096 4461     		str	r4, [r0, #20]
 299:Core/Src/stm32f4xx_hal_msp.c ****     hdma_spi1_rx.Init.Mode = DMA_NORMAL;
 695              		.loc 1 299 5 is_stmt 1 view .LVU197
ARM GAS  /var/folders/kf/d797ysj14bb1pb7szkr3jbx80000gn/T//ccurhuIV.s 			page 22


 299:Core/Src/stm32f4xx_hal_msp.c ****     hdma_spi1_rx.Init.Mode = DMA_NORMAL;
 696              		.loc 1 299 40 is_stmt 0 view .LVU198
 697 0098 8461     		str	r4, [r0, #24]
 300:Core/Src/stm32f4xx_hal_msp.c ****     hdma_spi1_rx.Init.Priority = DMA_PRIORITY_LOW;
 698              		.loc 1 300 5 is_stmt 1 view .LVU199
 300:Core/Src/stm32f4xx_hal_msp.c ****     hdma_spi1_rx.Init.Priority = DMA_PRIORITY_LOW;
 699              		.loc 1 300 28 is_stmt 0 view .LVU200
 700 009a C461     		str	r4, [r0, #28]
 301:Core/Src/stm32f4xx_hal_msp.c ****     hdma_spi1_rx.Init.FIFOMode = DMA_FIFOMODE_DISABLE;
 701              		.loc 1 301 5 is_stmt 1 view .LVU201
 301:Core/Src/stm32f4xx_hal_msp.c ****     hdma_spi1_rx.Init.FIFOMode = DMA_FIFOMODE_DISABLE;
 702              		.loc 1 301 32 is_stmt 0 view .LVU202
 703 009c 0462     		str	r4, [r0, #32]
 302:Core/Src/stm32f4xx_hal_msp.c ****     if (HAL_DMA_Init(&hdma_spi1_rx) != HAL_OK)
 704              		.loc 1 302 5 is_stmt 1 view .LVU203
 302:Core/Src/stm32f4xx_hal_msp.c ****     if (HAL_DMA_Init(&hdma_spi1_rx) != HAL_OK)
 705              		.loc 1 302 32 is_stmt 0 view .LVU204
 706 009e 4462     		str	r4, [r0, #36]
 303:Core/Src/stm32f4xx_hal_msp.c ****     {
 707              		.loc 1 303 5 is_stmt 1 view .LVU205
 303:Core/Src/stm32f4xx_hal_msp.c ****     {
 708              		.loc 1 303 9 is_stmt 0 view .LVU206
 709 00a0 FFF7FEFF 		bl	HAL_DMA_Init
 710              	.LVL33:
 303:Core/Src/stm32f4xx_hal_msp.c ****     {
 711              		.loc 1 303 8 discriminator 1 view .LVU207
 712 00a4 68B9     		cbnz	r0, .L39
 713              	.L33:
 308:Core/Src/stm32f4xx_hal_msp.c **** 
 714              		.loc 1 308 5 is_stmt 1 view .LVU208
 308:Core/Src/stm32f4xx_hal_msp.c **** 
 715              		.loc 1 308 5 view .LVU209
 716 00a6 394B     		ldr	r3, .L41+16
 717 00a8 C8F84C30 		str	r3, [r8, #76]
 308:Core/Src/stm32f4xx_hal_msp.c **** 
 718              		.loc 1 308 5 view .LVU210
 719 00ac C3F83880 		str	r8, [r3, #56]
 308:Core/Src/stm32f4xx_hal_msp.c **** 
 720              		.loc 1 308 5 view .LVU211
 311:Core/Src/stm32f4xx_hal_msp.c ****     HAL_NVIC_EnableIRQ(SPI1_IRQn);
 721              		.loc 1 311 5 view .LVU212
 722 00b0 0022     		movs	r2, #0
 723 00b2 0521     		movs	r1, #5
 724 00b4 2320     		movs	r0, #35
 725 00b6 FFF7FEFF 		bl	HAL_NVIC_SetPriority
 726              	.LVL34:
 312:Core/Src/stm32f4xx_hal_msp.c ****     /* USER CODE BEGIN SPI1_MspInit 1 */
 727              		.loc 1 312 5 view .LVU213
 728 00ba 2320     		movs	r0, #35
 729 00bc FFF7FEFF 		bl	HAL_NVIC_EnableIRQ
 730              	.LVL35:
 731 00c0 AFE7     		b	.L31
 732              	.L39:
 305:Core/Src/stm32f4xx_hal_msp.c ****     }
 733              		.loc 1 305 7 view .LVU214
 734 00c2 FFF7FEFF 		bl	Error_Handler
 735              	.LVL36:
ARM GAS  /var/folders/kf/d797ysj14bb1pb7szkr3jbx80000gn/T//ccurhuIV.s 			page 23


 736 00c6 EEE7     		b	.L33
 737              	.LVL37:
 738              	.L38:
 323:Core/Src/stm32f4xx_hal_msp.c **** 
 739              		.loc 1 323 5 view .LVU215
 740              	.LBB11:
 323:Core/Src/stm32f4xx_hal_msp.c **** 
 741              		.loc 1 323 5 view .LVU216
 742 00c8 0024     		movs	r4, #0
 743 00ca 0294     		str	r4, [sp, #8]
 323:Core/Src/stm32f4xx_hal_msp.c **** 
 744              		.loc 1 323 5 view .LVU217
 745 00cc 2D4B     		ldr	r3, .L41+8
 746 00ce 1A6C     		ldr	r2, [r3, #64]
 747 00d0 42F48042 		orr	r2, r2, #16384
 748 00d4 1A64     		str	r2, [r3, #64]
 323:Core/Src/stm32f4xx_hal_msp.c **** 
 749              		.loc 1 323 5 view .LVU218
 750 00d6 1A6C     		ldr	r2, [r3, #64]
 751 00d8 02F48042 		and	r2, r2, #16384
 752 00dc 0292     		str	r2, [sp, #8]
 323:Core/Src/stm32f4xx_hal_msp.c **** 
 753              		.loc 1 323 5 view .LVU219
 754 00de 029A     		ldr	r2, [sp, #8]
 755              	.LBE11:
 323:Core/Src/stm32f4xx_hal_msp.c **** 
 756              		.loc 1 323 5 view .LVU220
 325:Core/Src/stm32f4xx_hal_msp.c ****     __HAL_RCC_GPIOB_CLK_ENABLE();
 757              		.loc 1 325 5 view .LVU221
 758              	.LBB12:
 325:Core/Src/stm32f4xx_hal_msp.c ****     __HAL_RCC_GPIOB_CLK_ENABLE();
 759              		.loc 1 325 5 view .LVU222
 760 00e0 0394     		str	r4, [sp, #12]
 325:Core/Src/stm32f4xx_hal_msp.c ****     __HAL_RCC_GPIOB_CLK_ENABLE();
 761              		.loc 1 325 5 view .LVU223
 762 00e2 1A6B     		ldr	r2, [r3, #48]
 763 00e4 42F00402 		orr	r2, r2, #4
 764 00e8 1A63     		str	r2, [r3, #48]
 325:Core/Src/stm32f4xx_hal_msp.c ****     __HAL_RCC_GPIOB_CLK_ENABLE();
 765              		.loc 1 325 5 view .LVU224
 766 00ea 1A6B     		ldr	r2, [r3, #48]
 767 00ec 02F00402 		and	r2, r2, #4
 768 00f0 0392     		str	r2, [sp, #12]
 325:Core/Src/stm32f4xx_hal_msp.c ****     __HAL_RCC_GPIOB_CLK_ENABLE();
 769              		.loc 1 325 5 view .LVU225
 770 00f2 039A     		ldr	r2, [sp, #12]
 771              	.LBE12:
 325:Core/Src/stm32f4xx_hal_msp.c ****     __HAL_RCC_GPIOB_CLK_ENABLE();
 772              		.loc 1 325 5 view .LVU226
 326:Core/Src/stm32f4xx_hal_msp.c ****     /**SPI2 GPIO Configuration
 773              		.loc 1 326 5 view .LVU227
 774              	.LBB13:
 326:Core/Src/stm32f4xx_hal_msp.c ****     /**SPI2 GPIO Configuration
 775              		.loc 1 326 5 view .LVU228
 776 00f4 0494     		str	r4, [sp, #16]
 326:Core/Src/stm32f4xx_hal_msp.c ****     /**SPI2 GPIO Configuration
 777              		.loc 1 326 5 view .LVU229
ARM GAS  /var/folders/kf/d797ysj14bb1pb7szkr3jbx80000gn/T//ccurhuIV.s 			page 24


 778 00f6 1A6B     		ldr	r2, [r3, #48]
 779 00f8 42F00202 		orr	r2, r2, #2
 780 00fc 1A63     		str	r2, [r3, #48]
 326:Core/Src/stm32f4xx_hal_msp.c ****     /**SPI2 GPIO Configuration
 781              		.loc 1 326 5 view .LVU230
 782 00fe 1B6B     		ldr	r3, [r3, #48]
 783 0100 03F00203 		and	r3, r3, #2
 784 0104 0493     		str	r3, [sp, #16]
 326:Core/Src/stm32f4xx_hal_msp.c ****     /**SPI2 GPIO Configuration
 785              		.loc 1 326 5 view .LVU231
 786 0106 049B     		ldr	r3, [sp, #16]
 787              	.LBE13:
 326:Core/Src/stm32f4xx_hal_msp.c ****     /**SPI2 GPIO Configuration
 788              		.loc 1 326 5 view .LVU232
 333:Core/Src/stm32f4xx_hal_msp.c ****     GPIO_InitStruct.Mode = GPIO_MODE_AF_PP;
 789              		.loc 1 333 5 view .LVU233
 333:Core/Src/stm32f4xx_hal_msp.c ****     GPIO_InitStruct.Mode = GPIO_MODE_AF_PP;
 790              		.loc 1 333 25 is_stmt 0 view .LVU234
 791 0108 0423     		movs	r3, #4
 792 010a 0593     		str	r3, [sp, #20]
 334:Core/Src/stm32f4xx_hal_msp.c ****     GPIO_InitStruct.Pull = GPIO_NOPULL;
 793              		.loc 1 334 5 is_stmt 1 view .LVU235
 334:Core/Src/stm32f4xx_hal_msp.c ****     GPIO_InitStruct.Pull = GPIO_NOPULL;
 794              		.loc 1 334 26 is_stmt 0 view .LVU236
 795 010c 0225     		movs	r5, #2
 796 010e 0695     		str	r5, [sp, #24]
 335:Core/Src/stm32f4xx_hal_msp.c ****     GPIO_InitStruct.Speed = GPIO_SPEED_FREQ_VERY_HIGH;
 797              		.loc 1 335 5 is_stmt 1 view .LVU237
 336:Core/Src/stm32f4xx_hal_msp.c ****     GPIO_InitStruct.Alternate = GPIO_AF5_SPI2;
 798              		.loc 1 336 5 view .LVU238
 336:Core/Src/stm32f4xx_hal_msp.c ****     GPIO_InitStruct.Alternate = GPIO_AF5_SPI2;
 799              		.loc 1 336 27 is_stmt 0 view .LVU239
 800 0110 0326     		movs	r6, #3
 801 0112 0896     		str	r6, [sp, #32]
 337:Core/Src/stm32f4xx_hal_msp.c ****     HAL_GPIO_Init(GPIOC, &GPIO_InitStruct);
 802              		.loc 1 337 5 is_stmt 1 view .LVU240
 337:Core/Src/stm32f4xx_hal_msp.c ****     HAL_GPIO_Init(GPIOC, &GPIO_InitStruct);
 803              		.loc 1 337 31 is_stmt 0 view .LVU241
 804 0114 0527     		movs	r7, #5
 805 0116 0997     		str	r7, [sp, #36]
 338:Core/Src/stm32f4xx_hal_msp.c **** 
 806              		.loc 1 338 5 is_stmt 1 view .LVU242
 807 0118 05A9     		add	r1, sp, #20
 808 011a 1E48     		ldr	r0, .L41+24
 809              	.LVL38:
 338:Core/Src/stm32f4xx_hal_msp.c **** 
 810              		.loc 1 338 5 is_stmt 0 view .LVU243
 811 011c FFF7FEFF 		bl	HAL_GPIO_Init
 812              	.LVL39:
 340:Core/Src/stm32f4xx_hal_msp.c ****     GPIO_InitStruct.Mode = GPIO_MODE_AF_PP;
 813              		.loc 1 340 5 is_stmt 1 view .LVU244
 340:Core/Src/stm32f4xx_hal_msp.c ****     GPIO_InitStruct.Mode = GPIO_MODE_AF_PP;
 814              		.loc 1 340 25 is_stmt 0 view .LVU245
 815 0120 4FF43043 		mov	r3, #45056
 816 0124 0593     		str	r3, [sp, #20]
 341:Core/Src/stm32f4xx_hal_msp.c ****     GPIO_InitStruct.Pull = GPIO_NOPULL;
 817              		.loc 1 341 5 is_stmt 1 view .LVU246
ARM GAS  /var/folders/kf/d797ysj14bb1pb7szkr3jbx80000gn/T//ccurhuIV.s 			page 25


 341:Core/Src/stm32f4xx_hal_msp.c ****     GPIO_InitStruct.Pull = GPIO_NOPULL;
 818              		.loc 1 341 26 is_stmt 0 view .LVU247
 819 0126 0695     		str	r5, [sp, #24]
 342:Core/Src/stm32f4xx_hal_msp.c ****     GPIO_InitStruct.Speed = GPIO_SPEED_FREQ_VERY_HIGH;
 820              		.loc 1 342 5 is_stmt 1 view .LVU248
 342:Core/Src/stm32f4xx_hal_msp.c ****     GPIO_InitStruct.Speed = GPIO_SPEED_FREQ_VERY_HIGH;
 821              		.loc 1 342 26 is_stmt 0 view .LVU249
 822 0128 0794     		str	r4, [sp, #28]
 343:Core/Src/stm32f4xx_hal_msp.c ****     GPIO_InitStruct.Alternate = GPIO_AF5_SPI2;
 823              		.loc 1 343 5 is_stmt 1 view .LVU250
 343:Core/Src/stm32f4xx_hal_msp.c ****     GPIO_InitStruct.Alternate = GPIO_AF5_SPI2;
 824              		.loc 1 343 27 is_stmt 0 view .LVU251
 825 012a 0896     		str	r6, [sp, #32]
 344:Core/Src/stm32f4xx_hal_msp.c ****     HAL_GPIO_Init(GPIOB, &GPIO_InitStruct);
 826              		.loc 1 344 5 is_stmt 1 view .LVU252
 344:Core/Src/stm32f4xx_hal_msp.c ****     HAL_GPIO_Init(GPIOB, &GPIO_InitStruct);
 827              		.loc 1 344 31 is_stmt 0 view .LVU253
 828 012c 0997     		str	r7, [sp, #36]
 345:Core/Src/stm32f4xx_hal_msp.c **** 
 829              		.loc 1 345 5 is_stmt 1 view .LVU254
 830 012e 05A9     		add	r1, sp, #20
 831 0130 1948     		ldr	r0, .L41+28
 832 0132 FFF7FEFF 		bl	HAL_GPIO_Init
 833              	.LVL40:
 349:Core/Src/stm32f4xx_hal_msp.c ****     hdma_spi2_rx.Init.Channel = DMA_CHANNEL_0;
 834              		.loc 1 349 5 view .LVU255
 349:Core/Src/stm32f4xx_hal_msp.c ****     hdma_spi2_rx.Init.Channel = DMA_CHANNEL_0;
 835              		.loc 1 349 27 is_stmt 0 view .LVU256
 836 0136 1948     		ldr	r0, .L41+32
 837 0138 194B     		ldr	r3, .L41+36
 838 013a 0360     		str	r3, [r0]
 350:Core/Src/stm32f4xx_hal_msp.c ****     hdma_spi2_rx.Init.Direction = DMA_PERIPH_TO_MEMORY;
 839              		.loc 1 350 5 is_stmt 1 view .LVU257
 350:Core/Src/stm32f4xx_hal_msp.c ****     hdma_spi2_rx.Init.Direction = DMA_PERIPH_TO_MEMORY;
 840              		.loc 1 350 31 is_stmt 0 view .LVU258
 841 013c 4460     		str	r4, [r0, #4]
 351:Core/Src/stm32f4xx_hal_msp.c ****     hdma_spi2_rx.Init.PeriphInc = DMA_PINC_DISABLE;
 842              		.loc 1 351 5 is_stmt 1 view .LVU259
 351:Core/Src/stm32f4xx_hal_msp.c ****     hdma_spi2_rx.Init.PeriphInc = DMA_PINC_DISABLE;
 843              		.loc 1 351 33 is_stmt 0 view .LVU260
 844 013e 8460     		str	r4, [r0, #8]
 352:Core/Src/stm32f4xx_hal_msp.c ****     hdma_spi2_rx.Init.MemInc = DMA_MINC_ENABLE;
 845              		.loc 1 352 5 is_stmt 1 view .LVU261
 352:Core/Src/stm32f4xx_hal_msp.c ****     hdma_spi2_rx.Init.MemInc = DMA_MINC_ENABLE;
 846              		.loc 1 352 33 is_stmt 0 view .LVU262
 847 0140 C460     		str	r4, [r0, #12]
 353:Core/Src/stm32f4xx_hal_msp.c ****     hdma_spi2_rx.Init.PeriphDataAlignment = DMA_PDATAALIGN_BYTE;
 848              		.loc 1 353 5 is_stmt 1 view .LVU263
 353:Core/Src/stm32f4xx_hal_msp.c ****     hdma_spi2_rx.Init.PeriphDataAlignment = DMA_PDATAALIGN_BYTE;
 849              		.loc 1 353 30 is_stmt 0 view .LVU264
 850 0142 4FF48063 		mov	r3, #1024
 851 0146 0361     		str	r3, [r0, #16]
 354:Core/Src/stm32f4xx_hal_msp.c ****     hdma_spi2_rx.Init.MemDataAlignment = DMA_MDATAALIGN_BYTE;
 852              		.loc 1 354 5 is_stmt 1 view .LVU265
 354:Core/Src/stm32f4xx_hal_msp.c ****     hdma_spi2_rx.Init.MemDataAlignment = DMA_MDATAALIGN_BYTE;
 853              		.loc 1 354 43 is_stmt 0 view .LVU266
 854 0148 4461     		str	r4, [r0, #20]
ARM GAS  /var/folders/kf/d797ysj14bb1pb7szkr3jbx80000gn/T//ccurhuIV.s 			page 26


 355:Core/Src/stm32f4xx_hal_msp.c ****     hdma_spi2_rx.Init.Mode = DMA_NORMAL;
 855              		.loc 1 355 5 is_stmt 1 view .LVU267
 355:Core/Src/stm32f4xx_hal_msp.c ****     hdma_spi2_rx.Init.Mode = DMA_NORMAL;
 856              		.loc 1 355 40 is_stmt 0 view .LVU268
 857 014a 8461     		str	r4, [r0, #24]
 356:Core/Src/stm32f4xx_hal_msp.c ****     hdma_spi2_rx.Init.Priority = DMA_PRIORITY_LOW;
 858              		.loc 1 356 5 is_stmt 1 view .LVU269
 356:Core/Src/stm32f4xx_hal_msp.c ****     hdma_spi2_rx.Init.Priority = DMA_PRIORITY_LOW;
 859              		.loc 1 356 28 is_stmt 0 view .LVU270
 860 014c C461     		str	r4, [r0, #28]
 357:Core/Src/stm32f4xx_hal_msp.c ****     hdma_spi2_rx.Init.FIFOMode = DMA_FIFOMODE_DISABLE;
 861              		.loc 1 357 5 is_stmt 1 view .LVU271
 357:Core/Src/stm32f4xx_hal_msp.c ****     hdma_spi2_rx.Init.FIFOMode = DMA_FIFOMODE_DISABLE;
 862              		.loc 1 357 32 is_stmt 0 view .LVU272
 863 014e 0462     		str	r4, [r0, #32]
 358:Core/Src/stm32f4xx_hal_msp.c ****     if (HAL_DMA_Init(&hdma_spi2_rx) != HAL_OK)
 864              		.loc 1 358 5 is_stmt 1 view .LVU273
 358:Core/Src/stm32f4xx_hal_msp.c ****     if (HAL_DMA_Init(&hdma_spi2_rx) != HAL_OK)
 865              		.loc 1 358 32 is_stmt 0 view .LVU274
 866 0150 4462     		str	r4, [r0, #36]
 359:Core/Src/stm32f4xx_hal_msp.c ****     {
 867              		.loc 1 359 5 is_stmt 1 view .LVU275
 359:Core/Src/stm32f4xx_hal_msp.c ****     {
 868              		.loc 1 359 9 is_stmt 0 view .LVU276
 869 0152 FFF7FEFF 		bl	HAL_DMA_Init
 870              	.LVL41:
 359:Core/Src/stm32f4xx_hal_msp.c ****     {
 871              		.loc 1 359 8 discriminator 1 view .LVU277
 872 0156 68B9     		cbnz	r0, .L40
 873              	.L35:
 364:Core/Src/stm32f4xx_hal_msp.c **** 
 874              		.loc 1 364 5 is_stmt 1 view .LVU278
 364:Core/Src/stm32f4xx_hal_msp.c **** 
 875              		.loc 1 364 5 view .LVU279
 876 0158 104B     		ldr	r3, .L41+32
 877 015a C8F84C30 		str	r3, [r8, #76]
 364:Core/Src/stm32f4xx_hal_msp.c **** 
 878              		.loc 1 364 5 view .LVU280
 879 015e C3F83880 		str	r8, [r3, #56]
 364:Core/Src/stm32f4xx_hal_msp.c **** 
 880              		.loc 1 364 5 view .LVU281
 367:Core/Src/stm32f4xx_hal_msp.c ****     HAL_NVIC_EnableIRQ(SPI2_IRQn);
 881              		.loc 1 367 5 view .LVU282
 882 0162 0022     		movs	r2, #0
 883 0164 0521     		movs	r1, #5
 884 0166 2420     		movs	r0, #36
 885 0168 FFF7FEFF 		bl	HAL_NVIC_SetPriority
 886              	.LVL42:
 368:Core/Src/stm32f4xx_hal_msp.c ****     /* USER CODE BEGIN SPI2_MspInit 1 */
 887              		.loc 1 368 5 view .LVU283
 888 016c 2420     		movs	r0, #36
 889 016e FFF7FEFF 		bl	HAL_NVIC_EnableIRQ
 890              	.LVL43:
 891              		.loc 1 374 1 is_stmt 0 view .LVU284
 892 0172 56E7     		b	.L31
 893              	.L40:
 361:Core/Src/stm32f4xx_hal_msp.c ****     }
ARM GAS  /var/folders/kf/d797ysj14bb1pb7szkr3jbx80000gn/T//ccurhuIV.s 			page 27


 894              		.loc 1 361 7 is_stmt 1 view .LVU285
 895 0174 FFF7FEFF 		bl	Error_Handler
 896              	.LVL44:
 897 0178 EEE7     		b	.L35
 898              	.L42:
 899 017a 00BF     		.align	2
 900              	.L41:
 901 017c 00300140 		.word	1073819648
 902 0180 00380040 		.word	1073756160
 903 0184 00380240 		.word	1073887232
 904 0188 00000240 		.word	1073872896
 905 018c 00000000 		.word	hdma_spi1_rx
 906 0190 10640240 		.word	1073898512
 907 0194 00080240 		.word	1073874944
 908 0198 00040240 		.word	1073873920
 909 019c 00000000 		.word	hdma_spi2_rx
 910 01a0 58600240 		.word	1073897560
 911              		.cfi_endproc
 912              	.LFE139:
 914              		.section	.text.HAL_SPI_MspDeInit,"ax",%progbits
 915              		.align	1
 916              		.global	HAL_SPI_MspDeInit
 917              		.syntax unified
 918              		.thumb
 919              		.thumb_func
 921              	HAL_SPI_MspDeInit:
 922              	.LVL45:
 923              	.LFB140:
 375:Core/Src/stm32f4xx_hal_msp.c **** 
 376:Core/Src/stm32f4xx_hal_msp.c **** /**
 377:Core/Src/stm32f4xx_hal_msp.c ****   * @brief SPI MSP De-Initialization
 378:Core/Src/stm32f4xx_hal_msp.c ****   * This function freeze the hardware resources used in this example
 379:Core/Src/stm32f4xx_hal_msp.c ****   * @param hspi: SPI handle pointer
 380:Core/Src/stm32f4xx_hal_msp.c ****   * @retval None
 381:Core/Src/stm32f4xx_hal_msp.c ****   */
 382:Core/Src/stm32f4xx_hal_msp.c **** void HAL_SPI_MspDeInit(SPI_HandleTypeDef* hspi)
 383:Core/Src/stm32f4xx_hal_msp.c **** {
 924              		.loc 1 383 1 view -0
 925              		.cfi_startproc
 926              		@ args = 0, pretend = 0, frame = 0
 927              		@ frame_needed = 0, uses_anonymous_args = 0
 928              		.loc 1 383 1 is_stmt 0 view .LVU287
 929 0000 10B5     		push	{r4, lr}
 930              		.cfi_def_cfa_offset 8
 931              		.cfi_offset 4, -8
 932              		.cfi_offset 14, -4
 933 0002 0446     		mov	r4, r0
 384:Core/Src/stm32f4xx_hal_msp.c ****   if(hspi->Instance==SPI1)
 934              		.loc 1 384 3 is_stmt 1 view .LVU288
 935              		.loc 1 384 10 is_stmt 0 view .LVU289
 936 0004 0368     		ldr	r3, [r0]
 937              		.loc 1 384 5 view .LVU290
 938 0006 174A     		ldr	r2, .L49
 939 0008 9342     		cmp	r3, r2
 940 000a 03D0     		beq	.L47
 385:Core/Src/stm32f4xx_hal_msp.c ****   {
 386:Core/Src/stm32f4xx_hal_msp.c ****     /* USER CODE BEGIN SPI1_MspDeInit 0 */
ARM GAS  /var/folders/kf/d797ysj14bb1pb7szkr3jbx80000gn/T//ccurhuIV.s 			page 28


 387:Core/Src/stm32f4xx_hal_msp.c **** 
 388:Core/Src/stm32f4xx_hal_msp.c ****     /* USER CODE END SPI1_MspDeInit 0 */
 389:Core/Src/stm32f4xx_hal_msp.c ****     /* Peripheral clock disable */
 390:Core/Src/stm32f4xx_hal_msp.c ****     __HAL_RCC_SPI1_CLK_DISABLE();
 391:Core/Src/stm32f4xx_hal_msp.c **** 
 392:Core/Src/stm32f4xx_hal_msp.c ****     /**SPI1 GPIO Configuration
 393:Core/Src/stm32f4xx_hal_msp.c ****     PA5     ------> SPI1_SCK
 394:Core/Src/stm32f4xx_hal_msp.c ****     PA6     ------> SPI1_MISO
 395:Core/Src/stm32f4xx_hal_msp.c ****     PA7     ------> SPI1_MOSI
 396:Core/Src/stm32f4xx_hal_msp.c ****     PA15     ------> SPI1_NSS
 397:Core/Src/stm32f4xx_hal_msp.c ****     */
 398:Core/Src/stm32f4xx_hal_msp.c ****     HAL_GPIO_DeInit(GPIOA, SPI1_SCK_Pin|SPI1_MISO_Pin|SPI1_MOSI_Pin|GPIO_PIN_15);
 399:Core/Src/stm32f4xx_hal_msp.c **** 
 400:Core/Src/stm32f4xx_hal_msp.c ****     /* SPI1 DMA DeInit */
 401:Core/Src/stm32f4xx_hal_msp.c ****     HAL_DMA_DeInit(hspi->hdmarx);
 402:Core/Src/stm32f4xx_hal_msp.c **** 
 403:Core/Src/stm32f4xx_hal_msp.c ****     /* SPI1 interrupt DeInit */
 404:Core/Src/stm32f4xx_hal_msp.c ****     HAL_NVIC_DisableIRQ(SPI1_IRQn);
 405:Core/Src/stm32f4xx_hal_msp.c ****     /* USER CODE BEGIN SPI1_MspDeInit 1 */
 406:Core/Src/stm32f4xx_hal_msp.c **** 
 407:Core/Src/stm32f4xx_hal_msp.c ****     /* USER CODE END SPI1_MspDeInit 1 */
 408:Core/Src/stm32f4xx_hal_msp.c ****   }
 409:Core/Src/stm32f4xx_hal_msp.c ****   else if(hspi->Instance==SPI2)
 941              		.loc 1 409 8 is_stmt 1 view .LVU291
 942              		.loc 1 409 10 is_stmt 0 view .LVU292
 943 000c 164A     		ldr	r2, .L49+4
 944 000e 9342     		cmp	r3, r2
 945 0010 12D0     		beq	.L48
 946              	.LVL46:
 947              	.L43:
 410:Core/Src/stm32f4xx_hal_msp.c ****   {
 411:Core/Src/stm32f4xx_hal_msp.c ****     /* USER CODE BEGIN SPI2_MspDeInit 0 */
 412:Core/Src/stm32f4xx_hal_msp.c **** 
 413:Core/Src/stm32f4xx_hal_msp.c ****     /* USER CODE END SPI2_MspDeInit 0 */
 414:Core/Src/stm32f4xx_hal_msp.c ****     /* Peripheral clock disable */
 415:Core/Src/stm32f4xx_hal_msp.c ****     __HAL_RCC_SPI2_CLK_DISABLE();
 416:Core/Src/stm32f4xx_hal_msp.c **** 
 417:Core/Src/stm32f4xx_hal_msp.c ****     /**SPI2 GPIO Configuration
 418:Core/Src/stm32f4xx_hal_msp.c ****     PC2     ------> SPI2_MISO
 419:Core/Src/stm32f4xx_hal_msp.c ****     PB12     ------> SPI2_NSS
 420:Core/Src/stm32f4xx_hal_msp.c ****     PB13     ------> SPI2_SCK
 421:Core/Src/stm32f4xx_hal_msp.c ****     PB15     ------> SPI2_MOSI
 422:Core/Src/stm32f4xx_hal_msp.c ****     */
 423:Core/Src/stm32f4xx_hal_msp.c ****     HAL_GPIO_DeInit(GPIOC, GPIO_PIN_2);
 424:Core/Src/stm32f4xx_hal_msp.c **** 
 425:Core/Src/stm32f4xx_hal_msp.c ****     HAL_GPIO_DeInit(GPIOB, GPIO_PIN_12|GPIO_PIN_13|GPIO_PIN_15);
 426:Core/Src/stm32f4xx_hal_msp.c **** 
 427:Core/Src/stm32f4xx_hal_msp.c ****     /* SPI2 DMA DeInit */
 428:Core/Src/stm32f4xx_hal_msp.c ****     HAL_DMA_DeInit(hspi->hdmarx);
 429:Core/Src/stm32f4xx_hal_msp.c **** 
 430:Core/Src/stm32f4xx_hal_msp.c ****     /* SPI2 interrupt DeInit */
 431:Core/Src/stm32f4xx_hal_msp.c ****     HAL_NVIC_DisableIRQ(SPI2_IRQn);
 432:Core/Src/stm32f4xx_hal_msp.c ****     /* USER CODE BEGIN SPI2_MspDeInit 1 */
 433:Core/Src/stm32f4xx_hal_msp.c **** 
 434:Core/Src/stm32f4xx_hal_msp.c ****     /* USER CODE END SPI2_MspDeInit 1 */
 435:Core/Src/stm32f4xx_hal_msp.c ****   }
 436:Core/Src/stm32f4xx_hal_msp.c **** 
ARM GAS  /var/folders/kf/d797ysj14bb1pb7szkr3jbx80000gn/T//ccurhuIV.s 			page 29


 437:Core/Src/stm32f4xx_hal_msp.c **** }
 948              		.loc 1 437 1 view .LVU293
 949 0012 10BD     		pop	{r4, pc}
 950              	.LVL47:
 951              	.L47:
 390:Core/Src/stm32f4xx_hal_msp.c **** 
 952              		.loc 1 390 5 is_stmt 1 view .LVU294
 953 0014 02F58432 		add	r2, r2, #67584
 954 0018 536C     		ldr	r3, [r2, #68]
 955 001a 23F48053 		bic	r3, r3, #4096
 956 001e 5364     		str	r3, [r2, #68]
 398:Core/Src/stm32f4xx_hal_msp.c **** 
 957              		.loc 1 398 5 view .LVU295
 958 0020 48F2E001 		movw	r1, #32992
 959 0024 1148     		ldr	r0, .L49+8
 960              	.LVL48:
 398:Core/Src/stm32f4xx_hal_msp.c **** 
 961              		.loc 1 398 5 is_stmt 0 view .LVU296
 962 0026 FFF7FEFF 		bl	HAL_GPIO_DeInit
 963              	.LVL49:
 401:Core/Src/stm32f4xx_hal_msp.c **** 
 964              		.loc 1 401 5 is_stmt 1 view .LVU297
 965 002a E06C     		ldr	r0, [r4, #76]
 966 002c FFF7FEFF 		bl	HAL_DMA_DeInit
 967              	.LVL50:
 404:Core/Src/stm32f4xx_hal_msp.c ****     /* USER CODE BEGIN SPI1_MspDeInit 1 */
 968              		.loc 1 404 5 view .LVU298
 969 0030 2320     		movs	r0, #35
 970 0032 FFF7FEFF 		bl	HAL_NVIC_DisableIRQ
 971              	.LVL51:
 972 0036 ECE7     		b	.L43
 973              	.LVL52:
 974              	.L48:
 415:Core/Src/stm32f4xx_hal_msp.c **** 
 975              		.loc 1 415 5 view .LVU299
 976 0038 02F50032 		add	r2, r2, #131072
 977 003c 136C     		ldr	r3, [r2, #64]
 978 003e 23F48043 		bic	r3, r3, #16384
 979 0042 1364     		str	r3, [r2, #64]
 423:Core/Src/stm32f4xx_hal_msp.c **** 
 980              		.loc 1 423 5 view .LVU300
 981 0044 0421     		movs	r1, #4
 982 0046 0A48     		ldr	r0, .L49+12
 983              	.LVL53:
 423:Core/Src/stm32f4xx_hal_msp.c **** 
 984              		.loc 1 423 5 is_stmt 0 view .LVU301
 985 0048 FFF7FEFF 		bl	HAL_GPIO_DeInit
 986              	.LVL54:
 425:Core/Src/stm32f4xx_hal_msp.c **** 
 987              		.loc 1 425 5 is_stmt 1 view .LVU302
 988 004c 4FF43041 		mov	r1, #45056
 989 0050 0848     		ldr	r0, .L49+16
 990 0052 FFF7FEFF 		bl	HAL_GPIO_DeInit
 991              	.LVL55:
 428:Core/Src/stm32f4xx_hal_msp.c **** 
 992              		.loc 1 428 5 view .LVU303
 993 0056 E06C     		ldr	r0, [r4, #76]
ARM GAS  /var/folders/kf/d797ysj14bb1pb7szkr3jbx80000gn/T//ccurhuIV.s 			page 30


 994 0058 FFF7FEFF 		bl	HAL_DMA_DeInit
 995              	.LVL56:
 431:Core/Src/stm32f4xx_hal_msp.c ****     /* USER CODE BEGIN SPI2_MspDeInit 1 */
 996              		.loc 1 431 5 view .LVU304
 997 005c 2420     		movs	r0, #36
 998 005e FFF7FEFF 		bl	HAL_NVIC_DisableIRQ
 999              	.LVL57:
 1000              		.loc 1 437 1 is_stmt 0 view .LVU305
 1001 0062 D6E7     		b	.L43
 1002              	.L50:
 1003              		.align	2
 1004              	.L49:
 1005 0064 00300140 		.word	1073819648
 1006 0068 00380040 		.word	1073756160
 1007 006c 00000240 		.word	1073872896
 1008 0070 00080240 		.word	1073874944
 1009 0074 00040240 		.word	1073873920
 1010              		.cfi_endproc
 1011              	.LFE140:
 1013              		.text
 1014              	.Letext0:
 1015              		.file 2 "Drivers/CMSIS/Device/ST/STM32F4xx/Include/stm32f407xx.h"
 1016              		.file 3 "/Users/vibhasathishkumar/Library/Application Support/Code/User/globalStorage/bmd.stm32-fo
 1017              		.file 4 "/Users/vibhasathishkumar/Library/Application Support/Code/User/globalStorage/bmd.stm32-fo
 1018              		.file 5 "Drivers/STM32F4xx_HAL_Driver/Inc/stm32f4xx_hal_def.h"
 1019              		.file 6 "Drivers/STM32F4xx_HAL_Driver/Inc/stm32f4xx_hal_rcc_ex.h"
 1020              		.file 7 "Drivers/STM32F4xx_HAL_Driver/Inc/stm32f4xx_hal_gpio.h"
 1021              		.file 8 "Drivers/STM32F4xx_HAL_Driver/Inc/stm32f4xx_hal_dma.h"
 1022              		.file 9 "Drivers/STM32F4xx_HAL_Driver/Inc/stm32f4xx_hal_i2c.h"
 1023              		.file 10 "Drivers/STM32F4xx_HAL_Driver/Inc/stm32f4xx_hal_i2s.h"
 1024              		.file 11 "Drivers/STM32F4xx_HAL_Driver/Inc/stm32f4xx_hal_spi.h"
 1025              		.file 12 "Drivers/STM32F4xx_HAL_Driver/Inc/stm32f4xx_hal_cortex.h"
 1026              		.file 13 "Core/Inc/main.h"
ARM GAS  /var/folders/kf/d797ysj14bb1pb7szkr3jbx80000gn/T//ccurhuIV.s 			page 31


DEFINED SYMBOLS
                            *ABS*:00000000 stm32f4xx_hal_msp.c
/var/folders/kf/d797ysj14bb1pb7szkr3jbx80000gn/T//ccurhuIV.s:21     .text.HAL_MspInit:00000000 $t
/var/folders/kf/d797ysj14bb1pb7szkr3jbx80000gn/T//ccurhuIV.s:27     .text.HAL_MspInit:00000000 HAL_MspInit
/var/folders/kf/d797ysj14bb1pb7szkr3jbx80000gn/T//ccurhuIV.s:85     .text.HAL_MspInit:00000040 $d
/var/folders/kf/d797ysj14bb1pb7szkr3jbx80000gn/T//ccurhuIV.s:90     .text.HAL_I2C_MspInit:00000000 $t
/var/folders/kf/d797ysj14bb1pb7szkr3jbx80000gn/T//ccurhuIV.s:96     .text.HAL_I2C_MspInit:00000000 HAL_I2C_MspInit
/var/folders/kf/d797ysj14bb1pb7szkr3jbx80000gn/T//ccurhuIV.s:200    .text.HAL_I2C_MspInit:00000064 $d
/var/folders/kf/d797ysj14bb1pb7szkr3jbx80000gn/T//ccurhuIV.s:207    .text.HAL_I2C_MspDeInit:00000000 $t
/var/folders/kf/d797ysj14bb1pb7szkr3jbx80000gn/T//ccurhuIV.s:213    .text.HAL_I2C_MspDeInit:00000000 HAL_I2C_MspDeInit
/var/folders/kf/d797ysj14bb1pb7szkr3jbx80000gn/T//ccurhuIV.s:260    .text.HAL_I2C_MspDeInit:0000002c $d
/var/folders/kf/d797ysj14bb1pb7szkr3jbx80000gn/T//ccurhuIV.s:267    .text.HAL_I2S_MspInit:00000000 $t
/var/folders/kf/d797ysj14bb1pb7szkr3jbx80000gn/T//ccurhuIV.s:273    .text.HAL_I2S_MspInit:00000000 HAL_I2S_MspInit
/var/folders/kf/d797ysj14bb1pb7szkr3jbx80000gn/T//ccurhuIV.s:471    .text.HAL_I2S_MspInit:000000cc $d
/var/folders/kf/d797ysj14bb1pb7szkr3jbx80000gn/T//ccurhuIV.s:479    .text.HAL_I2S_MspDeInit:00000000 $t
/var/folders/kf/d797ysj14bb1pb7szkr3jbx80000gn/T//ccurhuIV.s:485    .text.HAL_I2S_MspDeInit:00000000 HAL_I2S_MspDeInit
/var/folders/kf/d797ysj14bb1pb7szkr3jbx80000gn/T//ccurhuIV.s:532    .text.HAL_I2S_MspDeInit:0000002c $d
/var/folders/kf/d797ysj14bb1pb7szkr3jbx80000gn/T//ccurhuIV.s:540    .text.HAL_SPI_MspInit:00000000 $t
/var/folders/kf/d797ysj14bb1pb7szkr3jbx80000gn/T//ccurhuIV.s:546    .text.HAL_SPI_MspInit:00000000 HAL_SPI_MspInit
/var/folders/kf/d797ysj14bb1pb7szkr3jbx80000gn/T//ccurhuIV.s:901    .text.HAL_SPI_MspInit:0000017c $d
/var/folders/kf/d797ysj14bb1pb7szkr3jbx80000gn/T//ccurhuIV.s:915    .text.HAL_SPI_MspDeInit:00000000 $t
/var/folders/kf/d797ysj14bb1pb7szkr3jbx80000gn/T//ccurhuIV.s:921    .text.HAL_SPI_MspDeInit:00000000 HAL_SPI_MspDeInit
/var/folders/kf/d797ysj14bb1pb7szkr3jbx80000gn/T//ccurhuIV.s:1005   .text.HAL_SPI_MspDeInit:00000064 $d

UNDEFINED SYMBOLS
HAL_NVIC_SetPriority
HAL_GPIO_Init
HAL_GPIO_DeInit
HAL_RCCEx_PeriphCLKConfig
Error_Handler
HAL_DMA_Init
HAL_NVIC_EnableIRQ
hdma_spi1_rx
hdma_spi2_rx
HAL_DMA_DeInit
HAL_NVIC_DisableIRQ
