ARM GAS  /var/folders/kf/d797ysj14bb1pb7szkr3jbx80000gn/T//ccHdwnZP.s 			page 1


   1              		.cpu cortex-m4
   2              		.arch armv7e-m
   3              		.fpu fpv4-sp-d16
   4              		.eabi_attribute 27, 1
   5              		.eabi_attribute 28, 1
   6              		.eabi_attribute 20, 1
   7              		.eabi_attribute 21, 1
   8              		.eabi_attribute 23, 3
   9              		.eabi_attribute 24, 1
  10              		.eabi_attribute 25, 1
  11              		.eabi_attribute 26, 1
  12              		.eabi_attribute 30, 1
  13              		.eabi_attribute 34, 1
  14              		.eabi_attribute 18, 4
  15              		.file	"usbh_ioreq.c"
  16              		.text
  17              	.Ltext0:
  18              		.cfi_sections	.debug_frame
  19              		.file 1 "Middlewares/ST/STM32_USB_Host_Library/Core/Src/usbh_ioreq.c"
  20              		.section	.text.USBH_CtlSendSetup,"ax",%progbits
  21              		.align	1
  22              		.global	USBH_CtlSendSetup
  23              		.syntax unified
  24              		.thumb
  25              		.thumb_func
  27              	USBH_CtlSendSetup:
  28              	.LVL0:
  29              	.LFB142:
   1:Middlewares/ST/STM32_USB_Host_Library/Core/Src/usbh_ioreq.c **** /**
   2:Middlewares/ST/STM32_USB_Host_Library/Core/Src/usbh_ioreq.c ****   ******************************************************************************
   3:Middlewares/ST/STM32_USB_Host_Library/Core/Src/usbh_ioreq.c ****   * @file    usbh_ioreq.c
   4:Middlewares/ST/STM32_USB_Host_Library/Core/Src/usbh_ioreq.c ****   * @author  MCD Application Team
   5:Middlewares/ST/STM32_USB_Host_Library/Core/Src/usbh_ioreq.c ****   * @brief   This file handles the issuing of the USB transactions
   6:Middlewares/ST/STM32_USB_Host_Library/Core/Src/usbh_ioreq.c ****   ******************************************************************************
   7:Middlewares/ST/STM32_USB_Host_Library/Core/Src/usbh_ioreq.c ****   * @attention
   8:Middlewares/ST/STM32_USB_Host_Library/Core/Src/usbh_ioreq.c ****   *
   9:Middlewares/ST/STM32_USB_Host_Library/Core/Src/usbh_ioreq.c ****   * Copyright (c) 2015 STMicroelectronics.
  10:Middlewares/ST/STM32_USB_Host_Library/Core/Src/usbh_ioreq.c ****   * All rights reserved.
  11:Middlewares/ST/STM32_USB_Host_Library/Core/Src/usbh_ioreq.c ****   *
  12:Middlewares/ST/STM32_USB_Host_Library/Core/Src/usbh_ioreq.c ****   * This software is licensed under terms that can be found in the LICENSE file
  13:Middlewares/ST/STM32_USB_Host_Library/Core/Src/usbh_ioreq.c ****   * in the root directory of this software component.
  14:Middlewares/ST/STM32_USB_Host_Library/Core/Src/usbh_ioreq.c ****   * If no LICENSE file comes with this software, it is provided AS-IS.
  15:Middlewares/ST/STM32_USB_Host_Library/Core/Src/usbh_ioreq.c ****   *
  16:Middlewares/ST/STM32_USB_Host_Library/Core/Src/usbh_ioreq.c ****   ******************************************************************************
  17:Middlewares/ST/STM32_USB_Host_Library/Core/Src/usbh_ioreq.c ****   */
  18:Middlewares/ST/STM32_USB_Host_Library/Core/Src/usbh_ioreq.c **** 
  19:Middlewares/ST/STM32_USB_Host_Library/Core/Src/usbh_ioreq.c **** /* Includes ------------------------------------------------------------------*/
  20:Middlewares/ST/STM32_USB_Host_Library/Core/Src/usbh_ioreq.c **** #include "usbh_ioreq.h"
  21:Middlewares/ST/STM32_USB_Host_Library/Core/Src/usbh_ioreq.c **** 
  22:Middlewares/ST/STM32_USB_Host_Library/Core/Src/usbh_ioreq.c **** /** @addtogroup USBH_LIB
  23:Middlewares/ST/STM32_USB_Host_Library/Core/Src/usbh_ioreq.c ****   * @{
  24:Middlewares/ST/STM32_USB_Host_Library/Core/Src/usbh_ioreq.c ****   */
  25:Middlewares/ST/STM32_USB_Host_Library/Core/Src/usbh_ioreq.c **** 
  26:Middlewares/ST/STM32_USB_Host_Library/Core/Src/usbh_ioreq.c **** /** @addtogroup USBH_LIB_CORE
  27:Middlewares/ST/STM32_USB_Host_Library/Core/Src/usbh_ioreq.c ****   * @{
  28:Middlewares/ST/STM32_USB_Host_Library/Core/Src/usbh_ioreq.c ****   */
  29:Middlewares/ST/STM32_USB_Host_Library/Core/Src/usbh_ioreq.c **** 
ARM GAS  /var/folders/kf/d797ysj14bb1pb7szkr3jbx80000gn/T//ccHdwnZP.s 			page 2


  30:Middlewares/ST/STM32_USB_Host_Library/Core/Src/usbh_ioreq.c **** /** @defgroup USBH_IOREQ
  31:Middlewares/ST/STM32_USB_Host_Library/Core/Src/usbh_ioreq.c ****   * @brief This file handles the standard protocol processing (USB v2.0)
  32:Middlewares/ST/STM32_USB_Host_Library/Core/Src/usbh_ioreq.c ****   * @{
  33:Middlewares/ST/STM32_USB_Host_Library/Core/Src/usbh_ioreq.c ****   */
  34:Middlewares/ST/STM32_USB_Host_Library/Core/Src/usbh_ioreq.c **** 
  35:Middlewares/ST/STM32_USB_Host_Library/Core/Src/usbh_ioreq.c **** 
  36:Middlewares/ST/STM32_USB_Host_Library/Core/Src/usbh_ioreq.c **** /** @defgroup USBH_IOREQ_Private_Defines
  37:Middlewares/ST/STM32_USB_Host_Library/Core/Src/usbh_ioreq.c ****   * @{
  38:Middlewares/ST/STM32_USB_Host_Library/Core/Src/usbh_ioreq.c ****   */
  39:Middlewares/ST/STM32_USB_Host_Library/Core/Src/usbh_ioreq.c **** 
  40:Middlewares/ST/STM32_USB_Host_Library/Core/Src/usbh_ioreq.c **** /**
  41:Middlewares/ST/STM32_USB_Host_Library/Core/Src/usbh_ioreq.c ****   * @}
  42:Middlewares/ST/STM32_USB_Host_Library/Core/Src/usbh_ioreq.c ****   */
  43:Middlewares/ST/STM32_USB_Host_Library/Core/Src/usbh_ioreq.c **** 
  44:Middlewares/ST/STM32_USB_Host_Library/Core/Src/usbh_ioreq.c **** 
  45:Middlewares/ST/STM32_USB_Host_Library/Core/Src/usbh_ioreq.c **** /** @defgroup USBH_IOREQ_Private_TypesDefinitions
  46:Middlewares/ST/STM32_USB_Host_Library/Core/Src/usbh_ioreq.c ****   * @{
  47:Middlewares/ST/STM32_USB_Host_Library/Core/Src/usbh_ioreq.c ****   */
  48:Middlewares/ST/STM32_USB_Host_Library/Core/Src/usbh_ioreq.c **** /**
  49:Middlewares/ST/STM32_USB_Host_Library/Core/Src/usbh_ioreq.c ****   * @}
  50:Middlewares/ST/STM32_USB_Host_Library/Core/Src/usbh_ioreq.c ****   */
  51:Middlewares/ST/STM32_USB_Host_Library/Core/Src/usbh_ioreq.c **** 
  52:Middlewares/ST/STM32_USB_Host_Library/Core/Src/usbh_ioreq.c **** 
  53:Middlewares/ST/STM32_USB_Host_Library/Core/Src/usbh_ioreq.c **** 
  54:Middlewares/ST/STM32_USB_Host_Library/Core/Src/usbh_ioreq.c **** /** @defgroup USBH_IOREQ_Private_Macros
  55:Middlewares/ST/STM32_USB_Host_Library/Core/Src/usbh_ioreq.c ****   * @{
  56:Middlewares/ST/STM32_USB_Host_Library/Core/Src/usbh_ioreq.c ****   */
  57:Middlewares/ST/STM32_USB_Host_Library/Core/Src/usbh_ioreq.c **** /**
  58:Middlewares/ST/STM32_USB_Host_Library/Core/Src/usbh_ioreq.c ****   * @}
  59:Middlewares/ST/STM32_USB_Host_Library/Core/Src/usbh_ioreq.c ****   */
  60:Middlewares/ST/STM32_USB_Host_Library/Core/Src/usbh_ioreq.c **** 
  61:Middlewares/ST/STM32_USB_Host_Library/Core/Src/usbh_ioreq.c **** 
  62:Middlewares/ST/STM32_USB_Host_Library/Core/Src/usbh_ioreq.c **** /** @defgroup USBH_IOREQ_Private_Variables
  63:Middlewares/ST/STM32_USB_Host_Library/Core/Src/usbh_ioreq.c ****   * @{
  64:Middlewares/ST/STM32_USB_Host_Library/Core/Src/usbh_ioreq.c ****   */
  65:Middlewares/ST/STM32_USB_Host_Library/Core/Src/usbh_ioreq.c **** /**
  66:Middlewares/ST/STM32_USB_Host_Library/Core/Src/usbh_ioreq.c ****   * @}
  67:Middlewares/ST/STM32_USB_Host_Library/Core/Src/usbh_ioreq.c ****   */
  68:Middlewares/ST/STM32_USB_Host_Library/Core/Src/usbh_ioreq.c **** /** @defgroup USBH_IOREQ_Private_FunctionPrototypes
  69:Middlewares/ST/STM32_USB_Host_Library/Core/Src/usbh_ioreq.c ****   * @{
  70:Middlewares/ST/STM32_USB_Host_Library/Core/Src/usbh_ioreq.c ****   */
  71:Middlewares/ST/STM32_USB_Host_Library/Core/Src/usbh_ioreq.c **** 
  72:Middlewares/ST/STM32_USB_Host_Library/Core/Src/usbh_ioreq.c **** /**
  73:Middlewares/ST/STM32_USB_Host_Library/Core/Src/usbh_ioreq.c ****   * @}
  74:Middlewares/ST/STM32_USB_Host_Library/Core/Src/usbh_ioreq.c ****   */
  75:Middlewares/ST/STM32_USB_Host_Library/Core/Src/usbh_ioreq.c **** 
  76:Middlewares/ST/STM32_USB_Host_Library/Core/Src/usbh_ioreq.c **** 
  77:Middlewares/ST/STM32_USB_Host_Library/Core/Src/usbh_ioreq.c **** /** @defgroup USBH_IOREQ_Private_Functions
  78:Middlewares/ST/STM32_USB_Host_Library/Core/Src/usbh_ioreq.c ****   * @{
  79:Middlewares/ST/STM32_USB_Host_Library/Core/Src/usbh_ioreq.c ****   */
  80:Middlewares/ST/STM32_USB_Host_Library/Core/Src/usbh_ioreq.c **** 
  81:Middlewares/ST/STM32_USB_Host_Library/Core/Src/usbh_ioreq.c **** 
  82:Middlewares/ST/STM32_USB_Host_Library/Core/Src/usbh_ioreq.c **** 
  83:Middlewares/ST/STM32_USB_Host_Library/Core/Src/usbh_ioreq.c **** /**
  84:Middlewares/ST/STM32_USB_Host_Library/Core/Src/usbh_ioreq.c ****   * @brief  USBH_CtlSendSetup
  85:Middlewares/ST/STM32_USB_Host_Library/Core/Src/usbh_ioreq.c ****   *         Sends the Setup Packet to the Device
  86:Middlewares/ST/STM32_USB_Host_Library/Core/Src/usbh_ioreq.c ****   * @param  phost: Host Handle
ARM GAS  /var/folders/kf/d797ysj14bb1pb7szkr3jbx80000gn/T//ccHdwnZP.s 			page 3


  87:Middlewares/ST/STM32_USB_Host_Library/Core/Src/usbh_ioreq.c ****   * @param  buff: Buffer pointer from which the Data will be send to Device
  88:Middlewares/ST/STM32_USB_Host_Library/Core/Src/usbh_ioreq.c ****   * @param  pipe_num: Pipe Number
  89:Middlewares/ST/STM32_USB_Host_Library/Core/Src/usbh_ioreq.c ****   * @retval USBH Status
  90:Middlewares/ST/STM32_USB_Host_Library/Core/Src/usbh_ioreq.c ****   */
  91:Middlewares/ST/STM32_USB_Host_Library/Core/Src/usbh_ioreq.c **** USBH_StatusTypeDef USBH_CtlSendSetup(USBH_HandleTypeDef *phost,
  92:Middlewares/ST/STM32_USB_Host_Library/Core/Src/usbh_ioreq.c ****                                      uint8_t *buff,
  93:Middlewares/ST/STM32_USB_Host_Library/Core/Src/usbh_ioreq.c ****                                      uint8_t pipe_num)
  94:Middlewares/ST/STM32_USB_Host_Library/Core/Src/usbh_ioreq.c **** {
  30              		.loc 1 94 1 view -0
  31              		.cfi_startproc
  32              		@ args = 0, pretend = 0, frame = 0
  33              		@ frame_needed = 0, uses_anonymous_args = 0
  34              		.loc 1 94 1 is_stmt 0 view .LVU1
  35 0000 10B5     		push	{r4, lr}
  36              		.cfi_def_cfa_offset 8
  37              		.cfi_offset 4, -8
  38              		.cfi_offset 14, -4
  39 0002 84B0     		sub	sp, sp, #16
  40              		.cfi_def_cfa_offset 24
  41 0004 0B46     		mov	r3, r1
  42 0006 1146     		mov	r1, r2
  43              	.LVL1:
  95:Middlewares/ST/STM32_USB_Host_Library/Core/Src/usbh_ioreq.c **** 
  96:Middlewares/ST/STM32_USB_Host_Library/Core/Src/usbh_ioreq.c ****   (void)USBH_LL_SubmitURB(phost,                /* Driver handle    */
  44              		.loc 1 96 3 is_stmt 1 view .LVU2
  45              		.loc 1 96 9 is_stmt 0 view .LVU3
  46 0008 0024     		movs	r4, #0
  47 000a 0394     		str	r4, [sp, #12]
  48 000c 0822     		movs	r2, #8
  49              	.LVL2:
  50              		.loc 1 96 9 view .LVU4
  51 000e 0292     		str	r2, [sp, #8]
  52 0010 0193     		str	r3, [sp, #4]
  53 0012 0094     		str	r4, [sp]
  54 0014 2346     		mov	r3, r4
  55              	.LVL3:
  56              		.loc 1 96 9 view .LVU5
  57 0016 2246     		mov	r2, r4
  58 0018 FFF7FEFF 		bl	USBH_LL_SubmitURB
  59              	.LVL4:
  97:Middlewares/ST/STM32_USB_Host_Library/Core/Src/usbh_ioreq.c ****                           pipe_num,             /* Pipe index       */
  98:Middlewares/ST/STM32_USB_Host_Library/Core/Src/usbh_ioreq.c ****                           0U,                   /* Direction : OUT  */
  99:Middlewares/ST/STM32_USB_Host_Library/Core/Src/usbh_ioreq.c ****                           USBH_EP_CONTROL,      /* EP type          */
 100:Middlewares/ST/STM32_USB_Host_Library/Core/Src/usbh_ioreq.c ****                           USBH_PID_SETUP,       /* Type setup       */
 101:Middlewares/ST/STM32_USB_Host_Library/Core/Src/usbh_ioreq.c ****                           buff,                 /* data buffer      */
 102:Middlewares/ST/STM32_USB_Host_Library/Core/Src/usbh_ioreq.c ****                           USBH_SETUP_PKT_SIZE,  /* data length      */
 103:Middlewares/ST/STM32_USB_Host_Library/Core/Src/usbh_ioreq.c ****                           0U);
 104:Middlewares/ST/STM32_USB_Host_Library/Core/Src/usbh_ioreq.c ****   return USBH_OK;
  60              		.loc 1 104 3 is_stmt 1 view .LVU6
 105:Middlewares/ST/STM32_USB_Host_Library/Core/Src/usbh_ioreq.c **** }
  61              		.loc 1 105 1 is_stmt 0 view .LVU7
  62 001c 2046     		mov	r0, r4
  63 001e 04B0     		add	sp, sp, #16
  64              		.cfi_def_cfa_offset 8
  65              		@ sp needed
  66 0020 10BD     		pop	{r4, pc}
  67              		.cfi_endproc
ARM GAS  /var/folders/kf/d797ysj14bb1pb7szkr3jbx80000gn/T//ccHdwnZP.s 			page 4


  68              	.LFE142:
  70              		.section	.text.USBH_CtlSendData,"ax",%progbits
  71              		.align	1
  72              		.global	USBH_CtlSendData
  73              		.syntax unified
  74              		.thumb
  75              		.thumb_func
  77              	USBH_CtlSendData:
  78              	.LVL5:
  79              	.LFB143:
 106:Middlewares/ST/STM32_USB_Host_Library/Core/Src/usbh_ioreq.c **** 
 107:Middlewares/ST/STM32_USB_Host_Library/Core/Src/usbh_ioreq.c **** 
 108:Middlewares/ST/STM32_USB_Host_Library/Core/Src/usbh_ioreq.c **** /**
 109:Middlewares/ST/STM32_USB_Host_Library/Core/Src/usbh_ioreq.c ****   * @brief  USBH_CtlSendData
 110:Middlewares/ST/STM32_USB_Host_Library/Core/Src/usbh_ioreq.c ****   *         Sends a data Packet to the Device
 111:Middlewares/ST/STM32_USB_Host_Library/Core/Src/usbh_ioreq.c ****   * @param  phost: Host Handle
 112:Middlewares/ST/STM32_USB_Host_Library/Core/Src/usbh_ioreq.c ****   * @param  buff: Buffer pointer from which the Data will be sent to Device
 113:Middlewares/ST/STM32_USB_Host_Library/Core/Src/usbh_ioreq.c ****   * @param  length: Length of the data to be sent
 114:Middlewares/ST/STM32_USB_Host_Library/Core/Src/usbh_ioreq.c ****   * @param  pipe_num: Pipe Number
 115:Middlewares/ST/STM32_USB_Host_Library/Core/Src/usbh_ioreq.c ****   * @retval USBH Status
 116:Middlewares/ST/STM32_USB_Host_Library/Core/Src/usbh_ioreq.c ****   */
 117:Middlewares/ST/STM32_USB_Host_Library/Core/Src/usbh_ioreq.c **** USBH_StatusTypeDef USBH_CtlSendData(USBH_HandleTypeDef *phost,
 118:Middlewares/ST/STM32_USB_Host_Library/Core/Src/usbh_ioreq.c ****                                     uint8_t *buff,
 119:Middlewares/ST/STM32_USB_Host_Library/Core/Src/usbh_ioreq.c ****                                     uint16_t length,
 120:Middlewares/ST/STM32_USB_Host_Library/Core/Src/usbh_ioreq.c ****                                     uint8_t pipe_num,
 121:Middlewares/ST/STM32_USB_Host_Library/Core/Src/usbh_ioreq.c ****                                     uint8_t do_ping)
 122:Middlewares/ST/STM32_USB_Host_Library/Core/Src/usbh_ioreq.c **** {
  80              		.loc 1 122 1 is_stmt 1 view -0
  81              		.cfi_startproc
  82              		@ args = 4, pretend = 0, frame = 0
  83              		@ frame_needed = 0, uses_anonymous_args = 0
  84              		.loc 1 122 1 is_stmt 0 view .LVU9
  85 0000 00B5     		push	{lr}
  86              		.cfi_def_cfa_offset 4
  87              		.cfi_offset 14, -4
  88 0002 85B0     		sub	sp, sp, #20
  89              		.cfi_def_cfa_offset 24
  90 0004 8C46     		mov	ip, r1
  91 0006 1946     		mov	r1, r3
  92              	.LVL6:
  93              		.loc 1 122 1 view .LVU10
  94 0008 9DF81830 		ldrb	r3, [sp, #24]	@ zero_extendqisi2
  95              	.LVL7:
 123:Middlewares/ST/STM32_USB_Host_Library/Core/Src/usbh_ioreq.c ****   if (phost->device.speed != USBH_SPEED_HIGH)
  96              		.loc 1 123 3 is_stmt 1 view .LVU11
  97              		.loc 1 123 20 is_stmt 0 view .LVU12
  98 000c 90F81DE3 		ldrb	lr, [r0, #797]	@ zero_extendqisi2
  99              		.loc 1 123 6 view .LVU13
 100 0010 BEF1000F 		cmp	lr, #0
 101 0014 00D0     		beq	.L4
 124:Middlewares/ST/STM32_USB_Host_Library/Core/Src/usbh_ioreq.c ****   {
 125:Middlewares/ST/STM32_USB_Host_Library/Core/Src/usbh_ioreq.c ****     do_ping = 0U;
 102              		.loc 1 125 13 view .LVU14
 103 0016 0023     		movs	r3, #0
 104              	.L4:
 105              	.LVL8:
 126:Middlewares/ST/STM32_USB_Host_Library/Core/Src/usbh_ioreq.c ****   }
ARM GAS  /var/folders/kf/d797ysj14bb1pb7szkr3jbx80000gn/T//ccHdwnZP.s 			page 5


 127:Middlewares/ST/STM32_USB_Host_Library/Core/Src/usbh_ioreq.c **** 
 128:Middlewares/ST/STM32_USB_Host_Library/Core/Src/usbh_ioreq.c ****   (void)USBH_LL_SubmitURB(phost,                /* Driver handle    */
 106              		.loc 1 128 3 is_stmt 1 view .LVU15
 107              		.loc 1 128 9 is_stmt 0 view .LVU16
 108 0018 0393     		str	r3, [sp, #12]
 109 001a 0292     		str	r2, [sp, #8]
 110 001c CDF804C0 		str	ip, [sp, #4]
 111 0020 0123     		movs	r3, #1
 112              	.LVL9:
 113              		.loc 1 128 9 view .LVU17
 114 0022 0093     		str	r3, [sp]
 115 0024 0023     		movs	r3, #0
 116 0026 1A46     		mov	r2, r3
 117              	.LVL10:
 118              		.loc 1 128 9 view .LVU18
 119 0028 FFF7FEFF 		bl	USBH_LL_SubmitURB
 120              	.LVL11:
 129:Middlewares/ST/STM32_USB_Host_Library/Core/Src/usbh_ioreq.c ****                           pipe_num,             /* Pipe index       */
 130:Middlewares/ST/STM32_USB_Host_Library/Core/Src/usbh_ioreq.c ****                           0U,                   /* Direction : OUT  */
 131:Middlewares/ST/STM32_USB_Host_Library/Core/Src/usbh_ioreq.c ****                           USBH_EP_CONTROL,      /* EP type          */
 132:Middlewares/ST/STM32_USB_Host_Library/Core/Src/usbh_ioreq.c ****                           USBH_PID_DATA,        /* Type Data        */
 133:Middlewares/ST/STM32_USB_Host_Library/Core/Src/usbh_ioreq.c ****                           buff,                 /* data buffer      */
 134:Middlewares/ST/STM32_USB_Host_Library/Core/Src/usbh_ioreq.c ****                           length,               /* data length      */
 135:Middlewares/ST/STM32_USB_Host_Library/Core/Src/usbh_ioreq.c ****                           do_ping);             /* do ping (HS Only)*/
 136:Middlewares/ST/STM32_USB_Host_Library/Core/Src/usbh_ioreq.c **** 
 137:Middlewares/ST/STM32_USB_Host_Library/Core/Src/usbh_ioreq.c ****   return USBH_OK;
 121              		.loc 1 137 3 is_stmt 1 view .LVU19
 138:Middlewares/ST/STM32_USB_Host_Library/Core/Src/usbh_ioreq.c **** }
 122              		.loc 1 138 1 is_stmt 0 view .LVU20
 123 002c 0020     		movs	r0, #0
 124 002e 05B0     		add	sp, sp, #20
 125              		.cfi_def_cfa_offset 4
 126              		@ sp needed
 127 0030 00BD     		pop	{pc}
 128              		.cfi_endproc
 129              	.LFE143:
 131              		.section	.text.USBH_CtlReceiveData,"ax",%progbits
 132              		.align	1
 133              		.global	USBH_CtlReceiveData
 134              		.syntax unified
 135              		.thumb
 136              		.thumb_func
 138              	USBH_CtlReceiveData:
 139              	.LVL12:
 140              	.LFB144:
 139:Middlewares/ST/STM32_USB_Host_Library/Core/Src/usbh_ioreq.c **** 
 140:Middlewares/ST/STM32_USB_Host_Library/Core/Src/usbh_ioreq.c **** 
 141:Middlewares/ST/STM32_USB_Host_Library/Core/Src/usbh_ioreq.c **** /**
 142:Middlewares/ST/STM32_USB_Host_Library/Core/Src/usbh_ioreq.c ****   * @brief  USBH_CtlReceiveData
 143:Middlewares/ST/STM32_USB_Host_Library/Core/Src/usbh_ioreq.c ****   *         Receives the Device Response to the Setup Packet
 144:Middlewares/ST/STM32_USB_Host_Library/Core/Src/usbh_ioreq.c ****   * @param  phost: Host Handle
 145:Middlewares/ST/STM32_USB_Host_Library/Core/Src/usbh_ioreq.c ****   * @param  buff: Buffer pointer in which the response needs to be copied
 146:Middlewares/ST/STM32_USB_Host_Library/Core/Src/usbh_ioreq.c ****   * @param  length: Length of the data to be received
 147:Middlewares/ST/STM32_USB_Host_Library/Core/Src/usbh_ioreq.c ****   * @param  pipe_num: Pipe Number
 148:Middlewares/ST/STM32_USB_Host_Library/Core/Src/usbh_ioreq.c ****   * @retval USBH Status.
 149:Middlewares/ST/STM32_USB_Host_Library/Core/Src/usbh_ioreq.c ****   */
 150:Middlewares/ST/STM32_USB_Host_Library/Core/Src/usbh_ioreq.c **** USBH_StatusTypeDef USBH_CtlReceiveData(USBH_HandleTypeDef *phost,
ARM GAS  /var/folders/kf/d797ysj14bb1pb7szkr3jbx80000gn/T//ccHdwnZP.s 			page 6


 151:Middlewares/ST/STM32_USB_Host_Library/Core/Src/usbh_ioreq.c ****                                        uint8_t *buff,
 152:Middlewares/ST/STM32_USB_Host_Library/Core/Src/usbh_ioreq.c ****                                        uint16_t length,
 153:Middlewares/ST/STM32_USB_Host_Library/Core/Src/usbh_ioreq.c ****                                        uint8_t pipe_num)
 154:Middlewares/ST/STM32_USB_Host_Library/Core/Src/usbh_ioreq.c **** {
 141              		.loc 1 154 1 is_stmt 1 view -0
 142              		.cfi_startproc
 143              		@ args = 0, pretend = 0, frame = 0
 144              		@ frame_needed = 0, uses_anonymous_args = 0
 145              		.loc 1 154 1 is_stmt 0 view .LVU22
 146 0000 10B5     		push	{r4, lr}
 147              		.cfi_def_cfa_offset 8
 148              		.cfi_offset 4, -8
 149              		.cfi_offset 14, -4
 150 0002 84B0     		sub	sp, sp, #16
 151              		.cfi_def_cfa_offset 24
 152 0004 8C46     		mov	ip, r1
 153 0006 1946     		mov	r1, r3
 154              	.LVL13:
 155:Middlewares/ST/STM32_USB_Host_Library/Core/Src/usbh_ioreq.c ****   (void)USBH_LL_SubmitURB(phost,                /* Driver handle    */
 155              		.loc 1 155 3 is_stmt 1 view .LVU23
 156              		.loc 1 155 9 is_stmt 0 view .LVU24
 157 0008 0024     		movs	r4, #0
 158 000a 0394     		str	r4, [sp, #12]
 159 000c 0292     		str	r2, [sp, #8]
 160 000e CDF804C0 		str	ip, [sp, #4]
 161 0012 0122     		movs	r2, #1
 162              	.LVL14:
 163              		.loc 1 155 9 view .LVU25
 164 0014 0092     		str	r2, [sp]
 165 0016 2346     		mov	r3, r4
 166              	.LVL15:
 167              		.loc 1 155 9 view .LVU26
 168 0018 FFF7FEFF 		bl	USBH_LL_SubmitURB
 169              	.LVL16:
 156:Middlewares/ST/STM32_USB_Host_Library/Core/Src/usbh_ioreq.c ****                           pipe_num,             /* Pipe index       */
 157:Middlewares/ST/STM32_USB_Host_Library/Core/Src/usbh_ioreq.c ****                           1U,                   /* Direction : IN   */
 158:Middlewares/ST/STM32_USB_Host_Library/Core/Src/usbh_ioreq.c ****                           USBH_EP_CONTROL,      /* EP type          */
 159:Middlewares/ST/STM32_USB_Host_Library/Core/Src/usbh_ioreq.c ****                           USBH_PID_DATA,        /* Type Data        */
 160:Middlewares/ST/STM32_USB_Host_Library/Core/Src/usbh_ioreq.c ****                           buff,                 /* data buffer      */
 161:Middlewares/ST/STM32_USB_Host_Library/Core/Src/usbh_ioreq.c ****                           length,               /* data length      */
 162:Middlewares/ST/STM32_USB_Host_Library/Core/Src/usbh_ioreq.c ****                           0U);
 163:Middlewares/ST/STM32_USB_Host_Library/Core/Src/usbh_ioreq.c ****   return USBH_OK;
 170              		.loc 1 163 3 is_stmt 1 view .LVU27
 164:Middlewares/ST/STM32_USB_Host_Library/Core/Src/usbh_ioreq.c **** 
 165:Middlewares/ST/STM32_USB_Host_Library/Core/Src/usbh_ioreq.c **** }
 171              		.loc 1 165 1 is_stmt 0 view .LVU28
 172 001c 2046     		mov	r0, r4
 173 001e 04B0     		add	sp, sp, #16
 174              		.cfi_def_cfa_offset 8
 175              		@ sp needed
 176 0020 10BD     		pop	{r4, pc}
 177              		.cfi_endproc
 178              	.LFE144:
 180              		.section	.text.USBH_BulkSendData,"ax",%progbits
 181              		.align	1
 182              		.global	USBH_BulkSendData
 183              		.syntax unified
ARM GAS  /var/folders/kf/d797ysj14bb1pb7szkr3jbx80000gn/T//ccHdwnZP.s 			page 7


 184              		.thumb
 185              		.thumb_func
 187              	USBH_BulkSendData:
 188              	.LVL17:
 189              	.LFB145:
 166:Middlewares/ST/STM32_USB_Host_Library/Core/Src/usbh_ioreq.c **** 
 167:Middlewares/ST/STM32_USB_Host_Library/Core/Src/usbh_ioreq.c **** 
 168:Middlewares/ST/STM32_USB_Host_Library/Core/Src/usbh_ioreq.c **** /**
 169:Middlewares/ST/STM32_USB_Host_Library/Core/Src/usbh_ioreq.c ****   * @brief  USBH_BulkSendData
 170:Middlewares/ST/STM32_USB_Host_Library/Core/Src/usbh_ioreq.c ****   *         Sends the Bulk Packet to the device
 171:Middlewares/ST/STM32_USB_Host_Library/Core/Src/usbh_ioreq.c ****   * @param  phost: Host Handle
 172:Middlewares/ST/STM32_USB_Host_Library/Core/Src/usbh_ioreq.c ****   * @param  buff: Buffer pointer from which the Data will be sent to Device
 173:Middlewares/ST/STM32_USB_Host_Library/Core/Src/usbh_ioreq.c ****   * @param  length: Length of the data to be sent
 174:Middlewares/ST/STM32_USB_Host_Library/Core/Src/usbh_ioreq.c ****   * @param  pipe_num: Pipe Number
 175:Middlewares/ST/STM32_USB_Host_Library/Core/Src/usbh_ioreq.c ****   * @retval USBH Status
 176:Middlewares/ST/STM32_USB_Host_Library/Core/Src/usbh_ioreq.c ****   */
 177:Middlewares/ST/STM32_USB_Host_Library/Core/Src/usbh_ioreq.c **** USBH_StatusTypeDef USBH_BulkSendData(USBH_HandleTypeDef *phost,
 178:Middlewares/ST/STM32_USB_Host_Library/Core/Src/usbh_ioreq.c ****                                      uint8_t *buff,
 179:Middlewares/ST/STM32_USB_Host_Library/Core/Src/usbh_ioreq.c ****                                      uint16_t length,
 180:Middlewares/ST/STM32_USB_Host_Library/Core/Src/usbh_ioreq.c ****                                      uint8_t pipe_num,
 181:Middlewares/ST/STM32_USB_Host_Library/Core/Src/usbh_ioreq.c ****                                      uint8_t do_ping)
 182:Middlewares/ST/STM32_USB_Host_Library/Core/Src/usbh_ioreq.c **** {
 190              		.loc 1 182 1 is_stmt 1 view -0
 191              		.cfi_startproc
 192              		@ args = 4, pretend = 0, frame = 0
 193              		@ frame_needed = 0, uses_anonymous_args = 0
 194              		.loc 1 182 1 is_stmt 0 view .LVU30
 195 0000 00B5     		push	{lr}
 196              		.cfi_def_cfa_offset 4
 197              		.cfi_offset 14, -4
 198 0002 85B0     		sub	sp, sp, #20
 199              		.cfi_def_cfa_offset 24
 200 0004 8C46     		mov	ip, r1
 201 0006 1946     		mov	r1, r3
 202              	.LVL18:
 203              		.loc 1 182 1 view .LVU31
 204 0008 9DF81830 		ldrb	r3, [sp, #24]	@ zero_extendqisi2
 205              	.LVL19:
 183:Middlewares/ST/STM32_USB_Host_Library/Core/Src/usbh_ioreq.c ****   if (phost->device.speed != USBH_SPEED_HIGH)
 206              		.loc 1 183 3 is_stmt 1 view .LVU32
 207              		.loc 1 183 20 is_stmt 0 view .LVU33
 208 000c 90F81DE3 		ldrb	lr, [r0, #797]	@ zero_extendqisi2
 209              		.loc 1 183 6 view .LVU34
 210 0010 BEF1000F 		cmp	lr, #0
 211 0014 00D0     		beq	.L10
 184:Middlewares/ST/STM32_USB_Host_Library/Core/Src/usbh_ioreq.c ****   {
 185:Middlewares/ST/STM32_USB_Host_Library/Core/Src/usbh_ioreq.c ****     do_ping = 0U;
 212              		.loc 1 185 13 view .LVU35
 213 0016 0023     		movs	r3, #0
 214              	.L10:
 215              	.LVL20:
 186:Middlewares/ST/STM32_USB_Host_Library/Core/Src/usbh_ioreq.c ****   }
 187:Middlewares/ST/STM32_USB_Host_Library/Core/Src/usbh_ioreq.c **** 
 188:Middlewares/ST/STM32_USB_Host_Library/Core/Src/usbh_ioreq.c ****   (void)USBH_LL_SubmitURB(phost,                /* Driver handle    */
 216              		.loc 1 188 3 is_stmt 1 view .LVU36
 217              		.loc 1 188 9 is_stmt 0 view .LVU37
 218 0018 0393     		str	r3, [sp, #12]
ARM GAS  /var/folders/kf/d797ysj14bb1pb7szkr3jbx80000gn/T//ccHdwnZP.s 			page 8


 219 001a 0292     		str	r2, [sp, #8]
 220 001c CDF804C0 		str	ip, [sp, #4]
 221 0020 0123     		movs	r3, #1
 222              	.LVL21:
 223              		.loc 1 188 9 view .LVU38
 224 0022 0093     		str	r3, [sp]
 225 0024 0223     		movs	r3, #2
 226 0026 0022     		movs	r2, #0
 227              	.LVL22:
 228              		.loc 1 188 9 view .LVU39
 229 0028 FFF7FEFF 		bl	USBH_LL_SubmitURB
 230              	.LVL23:
 189:Middlewares/ST/STM32_USB_Host_Library/Core/Src/usbh_ioreq.c ****                           pipe_num,             /* Pipe index       */
 190:Middlewares/ST/STM32_USB_Host_Library/Core/Src/usbh_ioreq.c ****                           0U,                   /* Direction : IN   */
 191:Middlewares/ST/STM32_USB_Host_Library/Core/Src/usbh_ioreq.c ****                           USBH_EP_BULK,         /* EP type          */
 192:Middlewares/ST/STM32_USB_Host_Library/Core/Src/usbh_ioreq.c ****                           USBH_PID_DATA,        /* Type Data        */
 193:Middlewares/ST/STM32_USB_Host_Library/Core/Src/usbh_ioreq.c ****                           buff,                 /* data buffer      */
 194:Middlewares/ST/STM32_USB_Host_Library/Core/Src/usbh_ioreq.c ****                           length,               /* data length      */
 195:Middlewares/ST/STM32_USB_Host_Library/Core/Src/usbh_ioreq.c ****                           do_ping);             /* do ping (HS Only)*/
 196:Middlewares/ST/STM32_USB_Host_Library/Core/Src/usbh_ioreq.c ****   return USBH_OK;
 231              		.loc 1 196 3 is_stmt 1 view .LVU40
 197:Middlewares/ST/STM32_USB_Host_Library/Core/Src/usbh_ioreq.c **** }
 232              		.loc 1 197 1 is_stmt 0 view .LVU41
 233 002c 0020     		movs	r0, #0
 234 002e 05B0     		add	sp, sp, #20
 235              		.cfi_def_cfa_offset 4
 236              		@ sp needed
 237 0030 00BD     		pop	{pc}
 238              		.cfi_endproc
 239              	.LFE145:
 241              		.section	.text.USBH_BulkReceiveData,"ax",%progbits
 242              		.align	1
 243              		.global	USBH_BulkReceiveData
 244              		.syntax unified
 245              		.thumb
 246              		.thumb_func
 248              	USBH_BulkReceiveData:
 249              	.LVL24:
 250              	.LFB146:
 198:Middlewares/ST/STM32_USB_Host_Library/Core/Src/usbh_ioreq.c **** 
 199:Middlewares/ST/STM32_USB_Host_Library/Core/Src/usbh_ioreq.c **** 
 200:Middlewares/ST/STM32_USB_Host_Library/Core/Src/usbh_ioreq.c **** /**
 201:Middlewares/ST/STM32_USB_Host_Library/Core/Src/usbh_ioreq.c ****   * @brief  USBH_BulkReceiveData
 202:Middlewares/ST/STM32_USB_Host_Library/Core/Src/usbh_ioreq.c ****   *         Receives IN bulk packet from device
 203:Middlewares/ST/STM32_USB_Host_Library/Core/Src/usbh_ioreq.c ****   * @param  phost: Host Handle
 204:Middlewares/ST/STM32_USB_Host_Library/Core/Src/usbh_ioreq.c ****   * @param  buff: Buffer pointer in which the received data packet to be copied
 205:Middlewares/ST/STM32_USB_Host_Library/Core/Src/usbh_ioreq.c ****   * @param  length: Length of the data to be received
 206:Middlewares/ST/STM32_USB_Host_Library/Core/Src/usbh_ioreq.c ****   * @param  pipe_num: Pipe Number
 207:Middlewares/ST/STM32_USB_Host_Library/Core/Src/usbh_ioreq.c ****   * @retval USBH Status.
 208:Middlewares/ST/STM32_USB_Host_Library/Core/Src/usbh_ioreq.c ****   */
 209:Middlewares/ST/STM32_USB_Host_Library/Core/Src/usbh_ioreq.c **** USBH_StatusTypeDef USBH_BulkReceiveData(USBH_HandleTypeDef *phost,
 210:Middlewares/ST/STM32_USB_Host_Library/Core/Src/usbh_ioreq.c ****                                         uint8_t *buff,
 211:Middlewares/ST/STM32_USB_Host_Library/Core/Src/usbh_ioreq.c ****                                         uint16_t length,
 212:Middlewares/ST/STM32_USB_Host_Library/Core/Src/usbh_ioreq.c ****                                         uint8_t pipe_num)
 213:Middlewares/ST/STM32_USB_Host_Library/Core/Src/usbh_ioreq.c **** {
 251              		.loc 1 213 1 is_stmt 1 view -0
 252              		.cfi_startproc
ARM GAS  /var/folders/kf/d797ysj14bb1pb7szkr3jbx80000gn/T//ccHdwnZP.s 			page 9


 253              		@ args = 0, pretend = 0, frame = 0
 254              		@ frame_needed = 0, uses_anonymous_args = 0
 255              		.loc 1 213 1 is_stmt 0 view .LVU43
 256 0000 10B5     		push	{r4, lr}
 257              		.cfi_def_cfa_offset 8
 258              		.cfi_offset 4, -8
 259              		.cfi_offset 14, -4
 260 0002 84B0     		sub	sp, sp, #16
 261              		.cfi_def_cfa_offset 24
 262 0004 8C46     		mov	ip, r1
 263 0006 1946     		mov	r1, r3
 264              	.LVL25:
 214:Middlewares/ST/STM32_USB_Host_Library/Core/Src/usbh_ioreq.c ****   (void)USBH_LL_SubmitURB(phost,                /* Driver handle    */
 265              		.loc 1 214 3 is_stmt 1 view .LVU44
 266              		.loc 1 214 9 is_stmt 0 view .LVU45
 267 0008 0024     		movs	r4, #0
 268 000a 0394     		str	r4, [sp, #12]
 269 000c 0292     		str	r2, [sp, #8]
 270 000e CDF804C0 		str	ip, [sp, #4]
 271 0012 0122     		movs	r2, #1
 272              	.LVL26:
 273              		.loc 1 214 9 view .LVU46
 274 0014 0092     		str	r2, [sp]
 275 0016 0223     		movs	r3, #2
 276              	.LVL27:
 277              		.loc 1 214 9 view .LVU47
 278 0018 FFF7FEFF 		bl	USBH_LL_SubmitURB
 279              	.LVL28:
 215:Middlewares/ST/STM32_USB_Host_Library/Core/Src/usbh_ioreq.c ****                           pipe_num,             /* Pipe index       */
 216:Middlewares/ST/STM32_USB_Host_Library/Core/Src/usbh_ioreq.c ****                           1U,                   /* Direction : IN   */
 217:Middlewares/ST/STM32_USB_Host_Library/Core/Src/usbh_ioreq.c ****                           USBH_EP_BULK,         /* EP type          */
 218:Middlewares/ST/STM32_USB_Host_Library/Core/Src/usbh_ioreq.c ****                           USBH_PID_DATA,        /* Type Data        */
 219:Middlewares/ST/STM32_USB_Host_Library/Core/Src/usbh_ioreq.c ****                           buff,                 /* data buffer      */
 220:Middlewares/ST/STM32_USB_Host_Library/Core/Src/usbh_ioreq.c ****                           length,               /* data length      */
 221:Middlewares/ST/STM32_USB_Host_Library/Core/Src/usbh_ioreq.c ****                           0U);
 222:Middlewares/ST/STM32_USB_Host_Library/Core/Src/usbh_ioreq.c ****   return USBH_OK;
 280              		.loc 1 222 3 is_stmt 1 view .LVU48
 223:Middlewares/ST/STM32_USB_Host_Library/Core/Src/usbh_ioreq.c **** }
 281              		.loc 1 223 1 is_stmt 0 view .LVU49
 282 001c 2046     		mov	r0, r4
 283 001e 04B0     		add	sp, sp, #16
 284              		.cfi_def_cfa_offset 8
 285              		@ sp needed
 286 0020 10BD     		pop	{r4, pc}
 287              		.cfi_endproc
 288              	.LFE146:
 290              		.section	.text.USBH_InterruptReceiveData,"ax",%progbits
 291              		.align	1
 292              		.global	USBH_InterruptReceiveData
 293              		.syntax unified
 294              		.thumb
 295              		.thumb_func
 297              	USBH_InterruptReceiveData:
 298              	.LVL29:
 299              	.LFB147:
 224:Middlewares/ST/STM32_USB_Host_Library/Core/Src/usbh_ioreq.c **** 
 225:Middlewares/ST/STM32_USB_Host_Library/Core/Src/usbh_ioreq.c **** 
ARM GAS  /var/folders/kf/d797ysj14bb1pb7szkr3jbx80000gn/T//ccHdwnZP.s 			page 10


 226:Middlewares/ST/STM32_USB_Host_Library/Core/Src/usbh_ioreq.c **** /**
 227:Middlewares/ST/STM32_USB_Host_Library/Core/Src/usbh_ioreq.c ****   * @brief  USBH_InterruptReceiveData
 228:Middlewares/ST/STM32_USB_Host_Library/Core/Src/usbh_ioreq.c ****   *         Receives the Device Response to the Interrupt IN token
 229:Middlewares/ST/STM32_USB_Host_Library/Core/Src/usbh_ioreq.c ****   * @param  phost: Host Handle
 230:Middlewares/ST/STM32_USB_Host_Library/Core/Src/usbh_ioreq.c ****   * @param  buff: Buffer pointer in which the response needs to be copied
 231:Middlewares/ST/STM32_USB_Host_Library/Core/Src/usbh_ioreq.c ****   * @param  length: Length of the data to be received
 232:Middlewares/ST/STM32_USB_Host_Library/Core/Src/usbh_ioreq.c ****   * @param  pipe_num: Pipe Number
 233:Middlewares/ST/STM32_USB_Host_Library/Core/Src/usbh_ioreq.c ****   * @retval USBH Status.
 234:Middlewares/ST/STM32_USB_Host_Library/Core/Src/usbh_ioreq.c ****   */
 235:Middlewares/ST/STM32_USB_Host_Library/Core/Src/usbh_ioreq.c **** USBH_StatusTypeDef USBH_InterruptReceiveData(USBH_HandleTypeDef *phost,
 236:Middlewares/ST/STM32_USB_Host_Library/Core/Src/usbh_ioreq.c ****                                              uint8_t *buff,
 237:Middlewares/ST/STM32_USB_Host_Library/Core/Src/usbh_ioreq.c ****                                              uint8_t length,
 238:Middlewares/ST/STM32_USB_Host_Library/Core/Src/usbh_ioreq.c ****                                              uint8_t pipe_num)
 239:Middlewares/ST/STM32_USB_Host_Library/Core/Src/usbh_ioreq.c **** {
 300              		.loc 1 239 1 is_stmt 1 view -0
 301              		.cfi_startproc
 302              		@ args = 0, pretend = 0, frame = 0
 303              		@ frame_needed = 0, uses_anonymous_args = 0
 304              		.loc 1 239 1 is_stmt 0 view .LVU51
 305 0000 10B5     		push	{r4, lr}
 306              		.cfi_def_cfa_offset 8
 307              		.cfi_offset 4, -8
 308              		.cfi_offset 14, -4
 309 0002 84B0     		sub	sp, sp, #16
 310              		.cfi_def_cfa_offset 24
 311 0004 8C46     		mov	ip, r1
 312 0006 1946     		mov	r1, r3
 313              	.LVL30:
 240:Middlewares/ST/STM32_USB_Host_Library/Core/Src/usbh_ioreq.c ****   (void)USBH_LL_SubmitURB(phost,                /* Driver handle    */
 314              		.loc 1 240 3 is_stmt 1 view .LVU52
 315              		.loc 1 240 9 is_stmt 0 view .LVU53
 316 0008 0024     		movs	r4, #0
 317 000a 0394     		str	r4, [sp, #12]
 318 000c 0292     		str	r2, [sp, #8]
 319 000e CDF804C0 		str	ip, [sp, #4]
 320 0012 0122     		movs	r2, #1
 321              	.LVL31:
 322              		.loc 1 240 9 view .LVU54
 323 0014 0092     		str	r2, [sp]
 324 0016 0323     		movs	r3, #3
 325              	.LVL32:
 326              		.loc 1 240 9 view .LVU55
 327 0018 FFF7FEFF 		bl	USBH_LL_SubmitURB
 328              	.LVL33:
 241:Middlewares/ST/STM32_USB_Host_Library/Core/Src/usbh_ioreq.c ****                           pipe_num,             /* Pipe index       */
 242:Middlewares/ST/STM32_USB_Host_Library/Core/Src/usbh_ioreq.c ****                           1U,                   /* Direction : IN   */
 243:Middlewares/ST/STM32_USB_Host_Library/Core/Src/usbh_ioreq.c ****                           USBH_EP_INTERRUPT,    /* EP type          */
 244:Middlewares/ST/STM32_USB_Host_Library/Core/Src/usbh_ioreq.c ****                           USBH_PID_DATA,        /* Type Data        */
 245:Middlewares/ST/STM32_USB_Host_Library/Core/Src/usbh_ioreq.c ****                           buff,                 /* data buffer      */
 246:Middlewares/ST/STM32_USB_Host_Library/Core/Src/usbh_ioreq.c ****                           (uint16_t)length,     /* data length      */
 247:Middlewares/ST/STM32_USB_Host_Library/Core/Src/usbh_ioreq.c ****                           0U);
 248:Middlewares/ST/STM32_USB_Host_Library/Core/Src/usbh_ioreq.c **** 
 249:Middlewares/ST/STM32_USB_Host_Library/Core/Src/usbh_ioreq.c ****   return USBH_OK;
 329              		.loc 1 249 3 is_stmt 1 view .LVU56
 250:Middlewares/ST/STM32_USB_Host_Library/Core/Src/usbh_ioreq.c **** }
 330              		.loc 1 250 1 is_stmt 0 view .LVU57
 331 001c 2046     		mov	r0, r4
ARM GAS  /var/folders/kf/d797ysj14bb1pb7szkr3jbx80000gn/T//ccHdwnZP.s 			page 11


 332 001e 04B0     		add	sp, sp, #16
 333              		.cfi_def_cfa_offset 8
 334              		@ sp needed
 335 0020 10BD     		pop	{r4, pc}
 336              		.cfi_endproc
 337              	.LFE147:
 339              		.section	.text.USBH_InterruptSendData,"ax",%progbits
 340              		.align	1
 341              		.global	USBH_InterruptSendData
 342              		.syntax unified
 343              		.thumb
 344              		.thumb_func
 346              	USBH_InterruptSendData:
 347              	.LVL34:
 348              	.LFB148:
 251:Middlewares/ST/STM32_USB_Host_Library/Core/Src/usbh_ioreq.c **** 
 252:Middlewares/ST/STM32_USB_Host_Library/Core/Src/usbh_ioreq.c **** /**
 253:Middlewares/ST/STM32_USB_Host_Library/Core/Src/usbh_ioreq.c ****   * @brief  USBH_InterruptSendData
 254:Middlewares/ST/STM32_USB_Host_Library/Core/Src/usbh_ioreq.c ****   *         Sends the data on Interrupt OUT Endpoint
 255:Middlewares/ST/STM32_USB_Host_Library/Core/Src/usbh_ioreq.c ****   * @param  phost: Host Handle
 256:Middlewares/ST/STM32_USB_Host_Library/Core/Src/usbh_ioreq.c ****   * @param  buff: Buffer pointer from where the data needs to be copied
 257:Middlewares/ST/STM32_USB_Host_Library/Core/Src/usbh_ioreq.c ****   * @param  length: Length of the data to be sent
 258:Middlewares/ST/STM32_USB_Host_Library/Core/Src/usbh_ioreq.c ****   * @param  pipe_num: Pipe Number
 259:Middlewares/ST/STM32_USB_Host_Library/Core/Src/usbh_ioreq.c ****   * @retval USBH Status.
 260:Middlewares/ST/STM32_USB_Host_Library/Core/Src/usbh_ioreq.c ****   */
 261:Middlewares/ST/STM32_USB_Host_Library/Core/Src/usbh_ioreq.c **** USBH_StatusTypeDef USBH_InterruptSendData(USBH_HandleTypeDef *phost,
 262:Middlewares/ST/STM32_USB_Host_Library/Core/Src/usbh_ioreq.c ****                                           uint8_t *buff,
 263:Middlewares/ST/STM32_USB_Host_Library/Core/Src/usbh_ioreq.c ****                                           uint8_t length,
 264:Middlewares/ST/STM32_USB_Host_Library/Core/Src/usbh_ioreq.c ****                                           uint8_t pipe_num)
 265:Middlewares/ST/STM32_USB_Host_Library/Core/Src/usbh_ioreq.c **** {
 349              		.loc 1 265 1 is_stmt 1 view -0
 350              		.cfi_startproc
 351              		@ args = 0, pretend = 0, frame = 0
 352              		@ frame_needed = 0, uses_anonymous_args = 0
 353              		.loc 1 265 1 is_stmt 0 view .LVU59
 354 0000 10B5     		push	{r4, lr}
 355              		.cfi_def_cfa_offset 8
 356              		.cfi_offset 4, -8
 357              		.cfi_offset 14, -4
 358 0002 84B0     		sub	sp, sp, #16
 359              		.cfi_def_cfa_offset 24
 360 0004 8C46     		mov	ip, r1
 361 0006 1946     		mov	r1, r3
 362              	.LVL35:
 266:Middlewares/ST/STM32_USB_Host_Library/Core/Src/usbh_ioreq.c ****   (void)USBH_LL_SubmitURB(phost,                /* Driver handle    */
 363              		.loc 1 266 3 is_stmt 1 view .LVU60
 364              		.loc 1 266 9 is_stmt 0 view .LVU61
 365 0008 0024     		movs	r4, #0
 366 000a 0394     		str	r4, [sp, #12]
 367 000c 0292     		str	r2, [sp, #8]
 368 000e CDF804C0 		str	ip, [sp, #4]
 369 0012 0123     		movs	r3, #1
 370              	.LVL36:
 371              		.loc 1 266 9 view .LVU62
 372 0014 0093     		str	r3, [sp]
 373 0016 0323     		movs	r3, #3
 374 0018 2246     		mov	r2, r4
ARM GAS  /var/folders/kf/d797ysj14bb1pb7szkr3jbx80000gn/T//ccHdwnZP.s 			page 12


 375              	.LVL37:
 376              		.loc 1 266 9 view .LVU63
 377 001a FFF7FEFF 		bl	USBH_LL_SubmitURB
 378              	.LVL38:
 267:Middlewares/ST/STM32_USB_Host_Library/Core/Src/usbh_ioreq.c ****                           pipe_num,             /* Pipe index       */
 268:Middlewares/ST/STM32_USB_Host_Library/Core/Src/usbh_ioreq.c ****                           0U,                   /* Direction : OUT  */
 269:Middlewares/ST/STM32_USB_Host_Library/Core/Src/usbh_ioreq.c ****                           USBH_EP_INTERRUPT,    /* EP type          */
 270:Middlewares/ST/STM32_USB_Host_Library/Core/Src/usbh_ioreq.c ****                           USBH_PID_DATA,        /* Type Data        */
 271:Middlewares/ST/STM32_USB_Host_Library/Core/Src/usbh_ioreq.c ****                           buff,                 /* data buffer      */
 272:Middlewares/ST/STM32_USB_Host_Library/Core/Src/usbh_ioreq.c ****                           (uint16_t)length,     /* data length      */
 273:Middlewares/ST/STM32_USB_Host_Library/Core/Src/usbh_ioreq.c ****                           0U);
 274:Middlewares/ST/STM32_USB_Host_Library/Core/Src/usbh_ioreq.c **** 
 275:Middlewares/ST/STM32_USB_Host_Library/Core/Src/usbh_ioreq.c ****   return USBH_OK;
 379              		.loc 1 275 3 is_stmt 1 view .LVU64
 276:Middlewares/ST/STM32_USB_Host_Library/Core/Src/usbh_ioreq.c **** }
 380              		.loc 1 276 1 is_stmt 0 view .LVU65
 381 001e 2046     		mov	r0, r4
 382 0020 04B0     		add	sp, sp, #16
 383              		.cfi_def_cfa_offset 8
 384              		@ sp needed
 385 0022 10BD     		pop	{r4, pc}
 386              		.cfi_endproc
 387              	.LFE148:
 389              		.section	.text.USBH_IsocReceiveData,"ax",%progbits
 390              		.align	1
 391              		.global	USBH_IsocReceiveData
 392              		.syntax unified
 393              		.thumb
 394              		.thumb_func
 396              	USBH_IsocReceiveData:
 397              	.LVL39:
 398              	.LFB149:
 277:Middlewares/ST/STM32_USB_Host_Library/Core/Src/usbh_ioreq.c **** 
 278:Middlewares/ST/STM32_USB_Host_Library/Core/Src/usbh_ioreq.c **** /**
 279:Middlewares/ST/STM32_USB_Host_Library/Core/Src/usbh_ioreq.c ****   * @brief  USBH_IsocReceiveData
 280:Middlewares/ST/STM32_USB_Host_Library/Core/Src/usbh_ioreq.c ****   *         Receives the Device Response to the Isochronous IN token
 281:Middlewares/ST/STM32_USB_Host_Library/Core/Src/usbh_ioreq.c ****   * @param  phost: Host Handle
 282:Middlewares/ST/STM32_USB_Host_Library/Core/Src/usbh_ioreq.c ****   * @param  buff: Buffer pointer in which the response needs to be copied
 283:Middlewares/ST/STM32_USB_Host_Library/Core/Src/usbh_ioreq.c ****   * @param  length: Length of the data to be received
 284:Middlewares/ST/STM32_USB_Host_Library/Core/Src/usbh_ioreq.c ****   * @param  pipe_num: Pipe Number
 285:Middlewares/ST/STM32_USB_Host_Library/Core/Src/usbh_ioreq.c ****   * @retval USBH Status.
 286:Middlewares/ST/STM32_USB_Host_Library/Core/Src/usbh_ioreq.c ****   */
 287:Middlewares/ST/STM32_USB_Host_Library/Core/Src/usbh_ioreq.c **** USBH_StatusTypeDef USBH_IsocReceiveData(USBH_HandleTypeDef *phost,
 288:Middlewares/ST/STM32_USB_Host_Library/Core/Src/usbh_ioreq.c ****                                         uint8_t *buff,
 289:Middlewares/ST/STM32_USB_Host_Library/Core/Src/usbh_ioreq.c ****                                         uint32_t length,
 290:Middlewares/ST/STM32_USB_Host_Library/Core/Src/usbh_ioreq.c ****                                         uint8_t pipe_num)
 291:Middlewares/ST/STM32_USB_Host_Library/Core/Src/usbh_ioreq.c **** {
 399              		.loc 1 291 1 is_stmt 1 view -0
 400              		.cfi_startproc
 401              		@ args = 0, pretend = 0, frame = 0
 402              		@ frame_needed = 0, uses_anonymous_args = 0
 403              		.loc 1 291 1 is_stmt 0 view .LVU67
 404 0000 10B5     		push	{r4, lr}
 405              		.cfi_def_cfa_offset 8
 406              		.cfi_offset 4, -8
 407              		.cfi_offset 14, -4
 408 0002 84B0     		sub	sp, sp, #16
ARM GAS  /var/folders/kf/d797ysj14bb1pb7szkr3jbx80000gn/T//ccHdwnZP.s 			page 13


 409              		.cfi_def_cfa_offset 24
 410 0004 8C46     		mov	ip, r1
 411 0006 1946     		mov	r1, r3
 412              	.LVL40:
 292:Middlewares/ST/STM32_USB_Host_Library/Core/Src/usbh_ioreq.c ****   (void)USBH_LL_SubmitURB(phost,                /* Driver handle    */
 413              		.loc 1 292 3 is_stmt 1 view .LVU68
 414              		.loc 1 292 9 is_stmt 0 view .LVU69
 415 0008 0024     		movs	r4, #0
 416 000a 0394     		str	r4, [sp, #12]
 417 000c 92B2     		uxth	r2, r2
 418              	.LVL41:
 419              		.loc 1 292 9 view .LVU70
 420 000e 0292     		str	r2, [sp, #8]
 421 0010 CDF804C0 		str	ip, [sp, #4]
 422 0014 0122     		movs	r2, #1
 423 0016 0092     		str	r2, [sp]
 424 0018 1346     		mov	r3, r2
 425              	.LVL42:
 426              		.loc 1 292 9 view .LVU71
 427 001a FFF7FEFF 		bl	USBH_LL_SubmitURB
 428              	.LVL43:
 293:Middlewares/ST/STM32_USB_Host_Library/Core/Src/usbh_ioreq.c ****                           pipe_num,             /* Pipe index       */
 294:Middlewares/ST/STM32_USB_Host_Library/Core/Src/usbh_ioreq.c ****                           1U,                   /* Direction : IN   */
 295:Middlewares/ST/STM32_USB_Host_Library/Core/Src/usbh_ioreq.c ****                           USBH_EP_ISO,          /* EP type          */
 296:Middlewares/ST/STM32_USB_Host_Library/Core/Src/usbh_ioreq.c ****                           USBH_PID_DATA,        /* Type Data        */
 297:Middlewares/ST/STM32_USB_Host_Library/Core/Src/usbh_ioreq.c ****                           buff,                 /* data buffer      */
 298:Middlewares/ST/STM32_USB_Host_Library/Core/Src/usbh_ioreq.c ****                           (uint16_t)length,     /* data length      */
 299:Middlewares/ST/STM32_USB_Host_Library/Core/Src/usbh_ioreq.c ****                           0U);
 300:Middlewares/ST/STM32_USB_Host_Library/Core/Src/usbh_ioreq.c **** 
 301:Middlewares/ST/STM32_USB_Host_Library/Core/Src/usbh_ioreq.c **** 
 302:Middlewares/ST/STM32_USB_Host_Library/Core/Src/usbh_ioreq.c ****   return USBH_OK;
 429              		.loc 1 302 3 is_stmt 1 view .LVU72
 303:Middlewares/ST/STM32_USB_Host_Library/Core/Src/usbh_ioreq.c **** }
 430              		.loc 1 303 1 is_stmt 0 view .LVU73
 431 001e 2046     		mov	r0, r4
 432 0020 04B0     		add	sp, sp, #16
 433              		.cfi_def_cfa_offset 8
 434              		@ sp needed
 435 0022 10BD     		pop	{r4, pc}
 436              		.cfi_endproc
 437              	.LFE149:
 439              		.section	.text.USBH_IsocSendData,"ax",%progbits
 440              		.align	1
 441              		.global	USBH_IsocSendData
 442              		.syntax unified
 443              		.thumb
 444              		.thumb_func
 446              	USBH_IsocSendData:
 447              	.LVL44:
 448              	.LFB150:
 304:Middlewares/ST/STM32_USB_Host_Library/Core/Src/usbh_ioreq.c **** 
 305:Middlewares/ST/STM32_USB_Host_Library/Core/Src/usbh_ioreq.c **** /**
 306:Middlewares/ST/STM32_USB_Host_Library/Core/Src/usbh_ioreq.c ****   * @brief  USBH_IsocSendData
 307:Middlewares/ST/STM32_USB_Host_Library/Core/Src/usbh_ioreq.c ****   *         Sends the data on Isochronous OUT Endpoint
 308:Middlewares/ST/STM32_USB_Host_Library/Core/Src/usbh_ioreq.c ****   * @param  phost: Host Handle
 309:Middlewares/ST/STM32_USB_Host_Library/Core/Src/usbh_ioreq.c ****   * @param  buff: Buffer pointer from where the data needs to be copied
 310:Middlewares/ST/STM32_USB_Host_Library/Core/Src/usbh_ioreq.c ****   * @param  length: Length of the data to be sent
ARM GAS  /var/folders/kf/d797ysj14bb1pb7szkr3jbx80000gn/T//ccHdwnZP.s 			page 14


 311:Middlewares/ST/STM32_USB_Host_Library/Core/Src/usbh_ioreq.c ****   * @param  pipe_num: Pipe Number
 312:Middlewares/ST/STM32_USB_Host_Library/Core/Src/usbh_ioreq.c ****   * @retval USBH Status.
 313:Middlewares/ST/STM32_USB_Host_Library/Core/Src/usbh_ioreq.c ****   */
 314:Middlewares/ST/STM32_USB_Host_Library/Core/Src/usbh_ioreq.c **** USBH_StatusTypeDef USBH_IsocSendData(USBH_HandleTypeDef *phost,
 315:Middlewares/ST/STM32_USB_Host_Library/Core/Src/usbh_ioreq.c ****                                      uint8_t *buff,
 316:Middlewares/ST/STM32_USB_Host_Library/Core/Src/usbh_ioreq.c ****                                      uint32_t length,
 317:Middlewares/ST/STM32_USB_Host_Library/Core/Src/usbh_ioreq.c ****                                      uint8_t pipe_num)
 318:Middlewares/ST/STM32_USB_Host_Library/Core/Src/usbh_ioreq.c **** {
 449              		.loc 1 318 1 is_stmt 1 view -0
 450              		.cfi_startproc
 451              		@ args = 0, pretend = 0, frame = 0
 452              		@ frame_needed = 0, uses_anonymous_args = 0
 453              		.loc 1 318 1 is_stmt 0 view .LVU75
 454 0000 10B5     		push	{r4, lr}
 455              		.cfi_def_cfa_offset 8
 456              		.cfi_offset 4, -8
 457              		.cfi_offset 14, -4
 458 0002 84B0     		sub	sp, sp, #16
 459              		.cfi_def_cfa_offset 24
 460 0004 8C46     		mov	ip, r1
 461 0006 1946     		mov	r1, r3
 462              	.LVL45:
 319:Middlewares/ST/STM32_USB_Host_Library/Core/Src/usbh_ioreq.c ****   (void)USBH_LL_SubmitURB(phost,                /* Driver handle    */
 463              		.loc 1 319 3 is_stmt 1 view .LVU76
 464              		.loc 1 319 9 is_stmt 0 view .LVU77
 465 0008 0024     		movs	r4, #0
 466 000a 0394     		str	r4, [sp, #12]
 467 000c 92B2     		uxth	r2, r2
 468              	.LVL46:
 469              		.loc 1 319 9 view .LVU78
 470 000e 0292     		str	r2, [sp, #8]
 471 0010 CDF804C0 		str	ip, [sp, #4]
 472 0014 0123     		movs	r3, #1
 473              	.LVL47:
 474              		.loc 1 319 9 view .LVU79
 475 0016 0093     		str	r3, [sp]
 476 0018 2246     		mov	r2, r4
 477 001a FFF7FEFF 		bl	USBH_LL_SubmitURB
 478              	.LVL48:
 320:Middlewares/ST/STM32_USB_Host_Library/Core/Src/usbh_ioreq.c ****                           pipe_num,             /* Pipe index       */
 321:Middlewares/ST/STM32_USB_Host_Library/Core/Src/usbh_ioreq.c ****                           0U,                   /* Direction : OUT  */
 322:Middlewares/ST/STM32_USB_Host_Library/Core/Src/usbh_ioreq.c ****                           USBH_EP_ISO,          /* EP type          */
 323:Middlewares/ST/STM32_USB_Host_Library/Core/Src/usbh_ioreq.c ****                           USBH_PID_DATA,        /* Type Data        */
 324:Middlewares/ST/STM32_USB_Host_Library/Core/Src/usbh_ioreq.c ****                           buff,                 /* data buffer      */
 325:Middlewares/ST/STM32_USB_Host_Library/Core/Src/usbh_ioreq.c ****                           (uint16_t)length,     /* data length      */
 326:Middlewares/ST/STM32_USB_Host_Library/Core/Src/usbh_ioreq.c ****                           0U);
 327:Middlewares/ST/STM32_USB_Host_Library/Core/Src/usbh_ioreq.c **** 
 328:Middlewares/ST/STM32_USB_Host_Library/Core/Src/usbh_ioreq.c ****   return USBH_OK;
 479              		.loc 1 328 3 is_stmt 1 view .LVU80
 329:Middlewares/ST/STM32_USB_Host_Library/Core/Src/usbh_ioreq.c **** }
 480              		.loc 1 329 1 is_stmt 0 view .LVU81
 481 001e 2046     		mov	r0, r4
 482 0020 04B0     		add	sp, sp, #16
 483              		.cfi_def_cfa_offset 8
 484              		@ sp needed
 485 0022 10BD     		pop	{r4, pc}
 486              		.cfi_endproc
ARM GAS  /var/folders/kf/d797ysj14bb1pb7szkr3jbx80000gn/T//ccHdwnZP.s 			page 15


 487              	.LFE150:
 489              		.text
 490              	.Letext0:
 491              		.file 2 "/Users/vibhasathishkumar/Library/Application Support/Code/User/globalStorage/bmd.stm32-fo
 492              		.file 3 "/Users/vibhasathishkumar/Library/Application Support/Code/User/globalStorage/bmd.stm32-fo
 493              		.file 4 "Middlewares/Third_Party/FreeRTOS/Source/include/task.h"
 494              		.file 5 "Middlewares/Third_Party/FreeRTOS/Source/include/queue.h"
 495              		.file 6 "Middlewares/Third_Party/FreeRTOS/Source/CMSIS_RTOS/cmsis_os.h"
 496              		.file 7 "Middlewares/ST/STM32_USB_Host_Library/Core/Inc/usbh_def.h"
 497              		.file 8 "Middlewares/ST/STM32_USB_Host_Library/Core/Inc/usbh_core.h"
ARM GAS  /var/folders/kf/d797ysj14bb1pb7szkr3jbx80000gn/T//ccHdwnZP.s 			page 16


DEFINED SYMBOLS
                            *ABS*:00000000 usbh_ioreq.c
/var/folders/kf/d797ysj14bb1pb7szkr3jbx80000gn/T//ccHdwnZP.s:21     .text.USBH_CtlSendSetup:00000000 $t
/var/folders/kf/d797ysj14bb1pb7szkr3jbx80000gn/T//ccHdwnZP.s:27     .text.USBH_CtlSendSetup:00000000 USBH_CtlSendSetup
/var/folders/kf/d797ysj14bb1pb7szkr3jbx80000gn/T//ccHdwnZP.s:71     .text.USBH_CtlSendData:00000000 $t
/var/folders/kf/d797ysj14bb1pb7szkr3jbx80000gn/T//ccHdwnZP.s:77     .text.USBH_CtlSendData:00000000 USBH_CtlSendData
/var/folders/kf/d797ysj14bb1pb7szkr3jbx80000gn/T//ccHdwnZP.s:132    .text.USBH_CtlReceiveData:00000000 $t
/var/folders/kf/d797ysj14bb1pb7szkr3jbx80000gn/T//ccHdwnZP.s:138    .text.USBH_CtlReceiveData:00000000 USBH_CtlReceiveData
/var/folders/kf/d797ysj14bb1pb7szkr3jbx80000gn/T//ccHdwnZP.s:181    .text.USBH_BulkSendData:00000000 $t
/var/folders/kf/d797ysj14bb1pb7szkr3jbx80000gn/T//ccHdwnZP.s:187    .text.USBH_BulkSendData:00000000 USBH_BulkSendData
/var/folders/kf/d797ysj14bb1pb7szkr3jbx80000gn/T//ccHdwnZP.s:242    .text.USBH_BulkReceiveData:00000000 $t
/var/folders/kf/d797ysj14bb1pb7szkr3jbx80000gn/T//ccHdwnZP.s:248    .text.USBH_BulkReceiveData:00000000 USBH_BulkReceiveData
/var/folders/kf/d797ysj14bb1pb7szkr3jbx80000gn/T//ccHdwnZP.s:291    .text.USBH_InterruptReceiveData:00000000 $t
/var/folders/kf/d797ysj14bb1pb7szkr3jbx80000gn/T//ccHdwnZP.s:297    .text.USBH_InterruptReceiveData:00000000 USBH_InterruptReceiveData
/var/folders/kf/d797ysj14bb1pb7szkr3jbx80000gn/T//ccHdwnZP.s:340    .text.USBH_InterruptSendData:00000000 $t
/var/folders/kf/d797ysj14bb1pb7szkr3jbx80000gn/T//ccHdwnZP.s:346    .text.USBH_InterruptSendData:00000000 USBH_InterruptSendData
/var/folders/kf/d797ysj14bb1pb7szkr3jbx80000gn/T//ccHdwnZP.s:390    .text.USBH_IsocReceiveData:00000000 $t
/var/folders/kf/d797ysj14bb1pb7szkr3jbx80000gn/T//ccHdwnZP.s:396    .text.USBH_IsocReceiveData:00000000 USBH_IsocReceiveData
/var/folders/kf/d797ysj14bb1pb7szkr3jbx80000gn/T//ccHdwnZP.s:440    .text.USBH_IsocSendData:00000000 $t
/var/folders/kf/d797ysj14bb1pb7szkr3jbx80000gn/T//ccHdwnZP.s:446    .text.USBH_IsocSendData:00000000 USBH_IsocSendData

UNDEFINED SYMBOLS
USBH_LL_SubmitURB
