ARM GAS  /var/folders/kf/d797ysj14bb1pb7szkr3jbx80000gn/T//ccs9NTqZ.s 			page 1


   1              		.cpu cortex-m4
   2              		.arch armv7e-m
   3              		.fpu fpv4-sp-d16
   4              		.eabi_attribute 27, 1
   5              		.eabi_attribute 28, 1
   6              		.eabi_attribute 20, 1
   7              		.eabi_attribute 21, 1
   8              		.eabi_attribute 23, 3
   9              		.eabi_attribute 24, 1
  10              		.eabi_attribute 25, 1
  11              		.eabi_attribute 26, 1
  12              		.eabi_attribute 30, 1
  13              		.eabi_attribute 34, 1
  14              		.eabi_attribute 18, 4
  15              		.file	"event_groups.c"
  16              		.text
  17              		.section	.text.prvTestWaitCondition,"ax",%progbits
  18              		.align	1
  19              		.syntax unified
  20              		.thumb
  21              		.thumb_func
  23              	prvTestWaitCondition:
  24              		@ args = 0, pretend = 0, frame = 0
  25              		@ frame_needed = 0, uses_anonymous_args = 0
  26              		@ link register save eliminated.
  27 0000 1AB9     		cbnz	r2, .L2
  28 0002 0842     		tst	r0, r1
  29 0004 05D1     		bne	.L4
  30 0006 1046     		mov	r0, r2
  31 0008 7047     		bx	lr
  32              	.L2:
  33 000a 8143     		bics	r1, r1, r0
  34 000c 03D0     		beq	.L5
  35 000e 0020     		movs	r0, #0
  36 0010 7047     		bx	lr
  37              	.L4:
  38 0012 0120     		movs	r0, #1
  39 0014 7047     		bx	lr
  40              	.L5:
  41 0016 0120     		movs	r0, #1
  42 0018 7047     		bx	lr
  44              		.section	.text.xEventGroupCreateStatic,"ax",%progbits
  45              		.align	1
  46              		.global	xEventGroupCreateStatic
  47              		.syntax unified
  48              		.thumb
  49              		.thumb_func
  51              	xEventGroupCreateStatic:
  52              		@ args = 0, pretend = 0, frame = 8
  53              		@ frame_needed = 0, uses_anonymous_args = 0
  54 0000 78B1     		cbz	r0, .L13
  55 0002 10B5     		push	{r4, lr}
  56 0004 82B0     		sub	sp, sp, #8
  57 0006 1C23     		movs	r3, #28
  58 0008 0193     		str	r3, [sp, #4]
  59 000a 019B     		ldr	r3, [sp, #4]
  60 000c 1C2B     		cmp	r3, #28
ARM GAS  /var/folders/kf/d797ysj14bb1pb7szkr3jbx80000gn/T//ccs9NTqZ.s 			page 2


  61 000e 11D0     		beq	.L9
  62              		.syntax unified
  63              	@ 195 "Middlewares/Third_Party/FreeRTOS/Source/portable/GCC/ARM_CM4F/portmacro.h" 1
  64 0010 4FF05003 			mov r3, #80												
  65 0014 83F31188 		msr basepri, r3											
  66 0018 BFF36F8F 		isb														
  67 001c BFF34F8F 		dsb														
  68              	
  69              	@ 0 "" 2
  70              		.thumb
  71              		.syntax unified
  72              	.L10:
  73 0020 FEE7     		b	.L10
  74              	.L13:
  75              		.syntax unified
  76              	@ 195 "Middlewares/Third_Party/FreeRTOS/Source/portable/GCC/ARM_CM4F/portmacro.h" 1
  77 0022 4FF05003 			mov r3, #80												
  78 0026 83F31188 		msr basepri, r3											
  79 002a BFF36F8F 		isb														
  80 002e BFF34F8F 		dsb														
  81              	
  82              	@ 0 "" 2
  83              		.thumb
  84              		.syntax unified
  85              	.L8:
  86 0032 FEE7     		b	.L8
  87              	.L9:
  88 0034 0446     		mov	r4, r0
  89 0036 0023     		movs	r3, #0
  90 0038 40F8043B 		str	r3, [r0], #4
  91 003c FFF7FEFF 		bl	vListInitialise
  92 0040 0123     		movs	r3, #1
  93 0042 2376     		strb	r3, [r4, #24]
  94 0044 2046     		mov	r0, r4
  95 0046 02B0     		add	sp, sp, #8
  96              		@ sp needed
  97 0048 10BD     		pop	{r4, pc}
  99              		.section	.text.xEventGroupCreate,"ax",%progbits
 100              		.align	1
 101              		.global	xEventGroupCreate
 102              		.syntax unified
 103              		.thumb
 104              		.thumb_func
 106              	xEventGroupCreate:
 107              		@ args = 0, pretend = 0, frame = 0
 108              		@ frame_needed = 0, uses_anonymous_args = 0
 109 0000 10B5     		push	{r4, lr}
 110 0002 1C20     		movs	r0, #28
 111 0004 FFF7FEFF 		bl	pvPortMalloc
 112 0008 0446     		mov	r4, r0
 113 000a 38B1     		cbz	r0, .L14
 114 000c 0023     		movs	r3, #0
 115 000e 40F8043B 		str	r3, [r0], #4
 116 0012 FFF7FEFF 		bl	vListInitialise
 117 0016 4FF00002 		mov	r2, #0
 118 001a 2276     		strb	r2, [r4, #24]
 119              	.L14:
ARM GAS  /var/folders/kf/d797ysj14bb1pb7szkr3jbx80000gn/T//ccs9NTqZ.s 			page 3


 120 001c 2046     		mov	r0, r4
 121 001e 10BD     		pop	{r4, pc}
 123              		.section	.text.xEventGroupWaitBits,"ax",%progbits
 124              		.align	1
 125              		.global	xEventGroupWaitBits
 126              		.syntax unified
 127              		.thumb
 128              		.thumb_func
 130              	xEventGroupWaitBits:
 131              		@ args = 4, pretend = 0, frame = 0
 132              		@ frame_needed = 0, uses_anonymous_args = 0
 133 0000 88B1     		cbz	r0, .L38
 134 0002 2DE9F041 		push	{r4, r5, r6, r7, r8, lr}
 135 0006 0C46     		mov	r4, r1
 136 0008 9046     		mov	r8, r2
 137 000a 1F46     		mov	r7, r3
 138 000c 0546     		mov	r5, r0
 139 000e B1F1807F 		cmp	r1, #16777216
 140 0012 11D3     		bcc	.L20
 141              		.syntax unified
 142              	@ 195 "Middlewares/Third_Party/FreeRTOS/Source/portable/GCC/ARM_CM4F/portmacro.h" 1
 143 0014 4FF05003 			mov r3, #80												
 144 0018 83F31188 		msr basepri, r3											
 145 001c BFF36F8F 		isb														
 146 0020 BFF34F8F 		dsb														
 147              	
 148              	@ 0 "" 2
 149              		.thumb
 150              		.syntax unified
 151              	.L21:
 152 0024 FEE7     		b	.L21
 153              	.L38:
 154              		.syntax unified
 155              	@ 195 "Middlewares/Third_Party/FreeRTOS/Source/portable/GCC/ARM_CM4F/portmacro.h" 1
 156 0026 4FF05003 			mov r3, #80												
 157 002a 83F31188 		msr basepri, r3											
 158 002e BFF36F8F 		isb														
 159 0032 BFF34F8F 		dsb														
 160              	
 161              	@ 0 "" 2
 162              		.thumb
 163              		.syntax unified
 164              	.L19:
 165 0036 FEE7     		b	.L19
 166              	.L20:
 167 0038 41B9     		cbnz	r1, .L22
 168              		.syntax unified
 169              	@ 195 "Middlewares/Third_Party/FreeRTOS/Source/portable/GCC/ARM_CM4F/portmacro.h" 1
 170 003a 4FF05003 			mov r3, #80												
 171 003e 83F31188 		msr basepri, r3											
 172 0042 BFF36F8F 		isb														
 173 0046 BFF34F8F 		dsb														
 174              	
 175              	@ 0 "" 2
 176              		.thumb
 177              		.syntax unified
 178              	.L23:
ARM GAS  /var/folders/kf/d797ysj14bb1pb7szkr3jbx80000gn/T//ccs9NTqZ.s 			page 4


 179 004a FEE7     		b	.L23
 180              	.L22:
 181 004c FFF7FEFF 		bl	xTaskGetSchedulerState
 182 0050 50B9     		cbnz	r0, .L24
 183 0052 069B     		ldr	r3, [sp, #24]
 184 0054 43B1     		cbz	r3, .L24
 185              		.syntax unified
 186              	@ 195 "Middlewares/Third_Party/FreeRTOS/Source/portable/GCC/ARM_CM4F/portmacro.h" 1
 187 0056 4FF05003 			mov r3, #80												
 188 005a 83F31188 		msr basepri, r3											
 189 005e BFF36F8F 		isb														
 190 0062 BFF34F8F 		dsb														
 191              	
 192              	@ 0 "" 2
 193              		.thumb
 194              		.syntax unified
 195              	.L25:
 196 0066 FEE7     		b	.L25
 197              	.L24:
 198 0068 FFF7FEFF 		bl	vTaskSuspendAll
 199 006c 2B68     		ldr	r3, [r5]
 200 006e 1E46     		mov	r6, r3
 201 0070 3A46     		mov	r2, r7
 202 0072 2146     		mov	r1, r4
 203 0074 1846     		mov	r0, r3
 204 0076 FFF7FEFF 		bl	prvTestWaitCondition
 205 007a 08B3     		cbz	r0, .L26
 206 007c 4246     		mov	r2, r8
 207 007e 9AB3     		cbz	r2, .L34
 208 0080 26EA0403 		bic	r3, r6, r4
 209 0084 2B60     		str	r3, [r5]
 210 0086 0023     		movs	r3, #0
 211 0088 0693     		str	r3, [sp, #24]
 212              	.L27:
 213 008a FFF7FEFF 		bl	xTaskResumeAll
 214 008e 069B     		ldr	r3, [sp, #24]
 215 0090 9BB1     		cbz	r3, .L17
 216 0092 48B9     		cbnz	r0, .L31
 217 0094 4FF0E023 		mov	r3, #-536813568
 218 0098 4FF08052 		mov	r2, #268435456
 219 009c C3F8042D 		str	r2, [r3, #3332]
 220              		.syntax unified
 221              	@ 403 "Middlewares/Third_Party/FreeRTOS/Source/event_groups.c" 1
 222 00a0 BFF34F8F 		dsb
 223              	@ 0 "" 2
 224              	@ 403 "Middlewares/Third_Party/FreeRTOS/Source/event_groups.c" 1
 225 00a4 BFF36F8F 		isb
 226              	@ 0 "" 2
 227              		.thumb
 228              		.syntax unified
 229              	.L31:
 230 00a8 FFF7FEFF 		bl	uxTaskResetEventItemValue
 231 00ac 0646     		mov	r6, r0
 232 00ae 10F0007F 		tst	r0, #33554432
 233 00b2 1CD0     		beq	.L39
 234              	.L32:
 235 00b4 26F07F43 		bic	r3, r6, #-16777216
ARM GAS  /var/folders/kf/d797ysj14bb1pb7szkr3jbx80000gn/T//ccs9NTqZ.s 			page 5


 236 00b8 1E46     		mov	r6, r3
 237              	.L17:
 238 00ba 3046     		mov	r0, r6
 239 00bc BDE8F081 		pop	{r4, r5, r6, r7, r8, pc}
 240              	.L26:
 241 00c0 069B     		ldr	r3, [sp, #24]
 242 00c2 002B     		cmp	r3, #0
 243 00c4 E1D0     		beq	.L27
 244 00c6 4346     		mov	r3, r8
 245 00c8 5BB9     		cbnz	r3, .L35
 246 00ca 4146     		mov	r1, r8
 247              	.L28:
 248 00cc 0FB1     		cbz	r7, .L29
 249 00ce 41F08061 		orr	r1, r1, #67108864
 250              	.L29:
 251 00d2 069A     		ldr	r2, [sp, #24]
 252 00d4 2143     		orrs	r1, r1, r4
 253 00d6 281D     		adds	r0, r5, #4
 254 00d8 FFF7FEFF 		bl	vTaskPlaceOnUnorderedEventList
 255 00dc 0023     		movs	r3, #0
 256 00de 1E46     		mov	r6, r3
 257 00e0 D3E7     		b	.L27
 258              	.L35:
 259 00e2 4FF08071 		mov	r1, #16777216
 260 00e6 F1E7     		b	.L28
 261              	.L34:
 262 00e8 CDF81880 		str	r8, [sp, #24]
 263 00ec CDE7     		b	.L27
 264              	.L39:
 265 00ee FFF7FEFF 		bl	vPortEnterCritical
 266 00f2 2B68     		ldr	r3, [r5]
 267 00f4 1E46     		mov	r6, r3
 268 00f6 3A46     		mov	r2, r7
 269 00f8 2146     		mov	r1, r4
 270 00fa 1846     		mov	r0, r3
 271 00fc FFF7FEFF 		bl	prvTestWaitCondition
 272 0100 20B1     		cbz	r0, .L33
 273 0102 4246     		mov	r2, r8
 274 0104 12B1     		cbz	r2, .L33
 275 0106 26EA0404 		bic	r4, r6, r4
 276 010a 2C60     		str	r4, [r5]
 277              	.L33:
 278 010c FFF7FEFF 		bl	vPortExitCritical
 279 0110 D0E7     		b	.L32
 281              		.section	.text.xEventGroupClearBits,"ax",%progbits
 282              		.align	1
 283              		.global	xEventGroupClearBits
 284              		.syntax unified
 285              		.thumb
 286              		.thumb_func
 288              	xEventGroupClearBits:
 289              		@ args = 0, pretend = 0, frame = 0
 290              		@ frame_needed = 0, uses_anonymous_args = 0
 291 0000 38B5     		push	{r3, r4, r5, lr}
 292 0002 68B1     		cbz	r0, .L46
 293 0004 0D46     		mov	r5, r1
 294 0006 0446     		mov	r4, r0
ARM GAS  /var/folders/kf/d797ysj14bb1pb7szkr3jbx80000gn/T//ccs9NTqZ.s 			page 6


 295 0008 B1F1807F 		cmp	r1, #16777216
 296 000c 11D3     		bcc	.L43
 297              		.syntax unified
 298              	@ 195 "Middlewares/Third_Party/FreeRTOS/Source/portable/GCC/ARM_CM4F/portmacro.h" 1
 299 000e 4FF05003 			mov r3, #80												
 300 0012 83F31188 		msr basepri, r3											
 301 0016 BFF36F8F 		isb														
 302 001a BFF34F8F 		dsb														
 303              	
 304              	@ 0 "" 2
 305              		.thumb
 306              		.syntax unified
 307              	.L44:
 308 001e FEE7     		b	.L44
 309              	.L46:
 310              		.syntax unified
 311              	@ 195 "Middlewares/Third_Party/FreeRTOS/Source/portable/GCC/ARM_CM4F/portmacro.h" 1
 312 0020 4FF05003 			mov r3, #80												
 313 0024 83F31188 		msr basepri, r3											
 314 0028 BFF36F8F 		isb														
 315 002c BFF34F8F 		dsb														
 316              	
 317              	@ 0 "" 2
 318              		.thumb
 319              		.syntax unified
 320              	.L42:
 321 0030 FEE7     		b	.L42
 322              	.L43:
 323 0032 FFF7FEFF 		bl	vPortEnterCritical
 324 0036 2346     		mov	r3, r4
 325 0038 2468     		ldr	r4, [r4]
 326 003a 24EA0501 		bic	r1, r4, r5
 327 003e 1960     		str	r1, [r3]
 328 0040 FFF7FEFF 		bl	vPortExitCritical
 329 0044 2046     		mov	r0, r4
 330 0046 38BD     		pop	{r3, r4, r5, pc}
 332              		.section	.text.xEventGroupGetBitsFromISR,"ax",%progbits
 333              		.align	1
 334              		.global	xEventGroupGetBitsFromISR
 335              		.syntax unified
 336              		.thumb
 337              		.thumb_func
 339              	xEventGroupGetBitsFromISR:
 340              		@ args = 0, pretend = 0, frame = 0
 341              		@ frame_needed = 0, uses_anonymous_args = 0
 342              		@ link register save eliminated.
 343              		.syntax unified
 344              	@ 211 "Middlewares/Third_Party/FreeRTOS/Source/portable/GCC/ARM_CM4F/portmacro.h" 1
 345 0000 EFF31183 			mrs r3, basepri											
 346 0004 4FF05002 		mov r2, #80												
 347 0008 82F31188 		msr basepri, r2											
 348 000c BFF36F8F 		isb														
 349 0010 BFF34F8F 		dsb														
 350              	
 351              	@ 0 "" 2
 352              		.thumb
 353              		.syntax unified
ARM GAS  /var/folders/kf/d797ysj14bb1pb7szkr3jbx80000gn/T//ccs9NTqZ.s 			page 7


 354 0014 0068     		ldr	r0, [r0]
 355              		.syntax unified
 356              	@ 229 "Middlewares/Third_Party/FreeRTOS/Source/portable/GCC/ARM_CM4F/portmacro.h" 1
 357 0016 83F31188 			msr basepri, r3	
 358              	@ 0 "" 2
 359              		.thumb
 360              		.syntax unified
 361 001a 7047     		bx	lr
 363              		.section	.text.xEventGroupSetBits,"ax",%progbits
 364              		.align	1
 365              		.global	xEventGroupSetBits
 366              		.syntax unified
 367              		.thumb
 368              		.thumb_func
 370              	xEventGroupSetBits:
 371              		@ args = 0, pretend = 0, frame = 0
 372              		@ frame_needed = 0, uses_anonymous_args = 0
 373 0000 F8B5     		push	{r3, r4, r5, r6, r7, lr}
 374 0002 68B1     		cbz	r0, .L60
 375 0004 0D46     		mov	r5, r1
 376 0006 0446     		mov	r4, r0
 377 0008 B1F1807F 		cmp	r1, #16777216
 378 000c 11D3     		bcc	.L51
 379              		.syntax unified
 380              	@ 195 "Middlewares/Third_Party/FreeRTOS/Source/portable/GCC/ARM_CM4F/portmacro.h" 1
 381 000e 4FF05003 			mov r3, #80												
 382 0012 83F31188 		msr basepri, r3											
 383 0016 BFF36F8F 		isb														
 384 001a BFF34F8F 		dsb														
 385              	
 386              	@ 0 "" 2
 387              		.thumb
 388              		.syntax unified
 389              	.L52:
 390 001e FEE7     		b	.L52
 391              	.L60:
 392              		.syntax unified
 393              	@ 195 "Middlewares/Third_Party/FreeRTOS/Source/portable/GCC/ARM_CM4F/portmacro.h" 1
 394 0020 4FF05003 			mov r3, #80												
 395 0024 83F31188 		msr basepri, r3											
 396 0028 BFF36F8F 		isb														
 397 002c BFF34F8F 		dsb														
 398              	
 399              	@ 0 "" 2
 400              		.thumb
 401              		.syntax unified
 402              	.L50:
 403 0030 FEE7     		b	.L50
 404              	.L51:
 405 0032 00F10C06 		add	r6, r0, #12
 406 0036 FFF7FEFF 		bl	vTaskSuspendAll
 407 003a 2069     		ldr	r0, [r4, #16]
 408 003c 2368     		ldr	r3, [r4]
 409 003e 2B43     		orrs	r3, r3, r5
 410 0040 2360     		str	r3, [r4]
 411 0042 0023     		movs	r3, #0
 412 0044 1F46     		mov	r7, r3
ARM GAS  /var/folders/kf/d797ysj14bb1pb7szkr3jbx80000gn/T//ccs9NTqZ.s 			page 8


 413 0046 0AE0     		b	.L53
 414              	.L54:
 415 0048 2168     		ldr	r1, [r4]
 416 004a 32EA0101 		bics	r1, r2, r1
 417 004e 05D1     		bne	.L56
 418 0050 11E0     		b	.L55
 419              	.L57:
 420 0052 2168     		ldr	r1, [r4]
 421 0054 41F00071 		orr	r1, r1, #33554432
 422 0058 FFF7FEFF 		bl	vTaskRemoveFromUnorderedEventList
 423              	.L56:
 424 005c 2846     		mov	r0, r5
 425              	.L53:
 426 005e B042     		cmp	r0, r6
 427 0060 10D0     		beq	.L61
 428 0062 4568     		ldr	r5, [r0, #4]
 429 0064 0368     		ldr	r3, [r0]
 430 0066 23F07F42 		bic	r2, r3, #-16777216
 431 006a 13F0806F 		tst	r3, #67108864
 432 006e EBD1     		bne	.L54
 433 0070 2168     		ldr	r1, [r4]
 434 0072 1142     		tst	r1, r2
 435 0074 F2D0     		beq	.L56
 436              	.L55:
 437 0076 13F0807F 		tst	r3, #16777216
 438 007a EAD0     		beq	.L57
 439 007c 3B46     		mov	r3, r7
 440 007e 1343     		orrs	r3, r3, r2
 441 0080 1F46     		mov	r7, r3
 442 0082 E6E7     		b	.L57
 443              	.L61:
 444 0084 2368     		ldr	r3, [r4]
 445 0086 23EA0703 		bic	r3, r3, r7
 446 008a 2360     		str	r3, [r4]
 447 008c FFF7FEFF 		bl	xTaskResumeAll
 448 0090 2068     		ldr	r0, [r4]
 449 0092 F8BD     		pop	{r3, r4, r5, r6, r7, pc}
 451              		.section	.text.xEventGroupSync,"ax",%progbits
 452              		.align	1
 453              		.global	xEventGroupSync
 454              		.syntax unified
 455              		.thumb
 456              		.thumb_func
 458              	xEventGroupSync:
 459              		@ args = 0, pretend = 0, frame = 0
 460              		@ frame_needed = 0, uses_anonymous_args = 0
 461 0000 B2F1807F 		cmp	r2, #16777216
 462 0004 08D3     		bcc	.L63
 463              		.syntax unified
 464              	@ 195 "Middlewares/Third_Party/FreeRTOS/Source/portable/GCC/ARM_CM4F/portmacro.h" 1
 465 0006 4FF05003 			mov r3, #80												
 466 000a 83F31188 		msr basepri, r3											
 467 000e BFF36F8F 		isb														
 468 0012 BFF34F8F 		dsb														
 469              	
 470              	@ 0 "" 2
 471              		.thumb
ARM GAS  /var/folders/kf/d797ysj14bb1pb7szkr3jbx80000gn/T//ccs9NTqZ.s 			page 9


 472              		.syntax unified
 473              	.L64:
 474 0016 FEE7     		b	.L64
 475              	.L63:
 476 0018 2DE9F041 		push	{r4, r5, r6, r7, r8, lr}
 477 001c 0746     		mov	r7, r0
 478 001e 0E46     		mov	r6, r1
 479 0020 1446     		mov	r4, r2
 480 0022 9846     		mov	r8, r3
 481 0024 42B9     		cbnz	r2, .L65
 482              		.syntax unified
 483              	@ 195 "Middlewares/Third_Party/FreeRTOS/Source/portable/GCC/ARM_CM4F/portmacro.h" 1
 484 0026 4FF05003 			mov r3, #80												
 485 002a 83F31188 		msr basepri, r3											
 486 002e BFF36F8F 		isb														
 487 0032 BFF34F8F 		dsb														
 488              	
 489              	@ 0 "" 2
 490              		.thumb
 491              		.syntax unified
 492              	.L66:
 493 0036 FEE7     		b	.L66
 494              	.L65:
 495 0038 FFF7FEFF 		bl	xTaskGetSchedulerState
 496 003c 50B9     		cbnz	r0, .L67
 497 003e 4346     		mov	r3, r8
 498 0040 43B1     		cbz	r3, .L67
 499              		.syntax unified
 500              	@ 195 "Middlewares/Third_Party/FreeRTOS/Source/portable/GCC/ARM_CM4F/portmacro.h" 1
 501 0042 4FF05003 			mov r3, #80												
 502 0046 83F31188 		msr basepri, r3											
 503 004a BFF36F8F 		isb														
 504 004e BFF34F8F 		dsb														
 505              	
 506              	@ 0 "" 2
 507              		.thumb
 508              		.syntax unified
 509              	.L68:
 510 0052 FEE7     		b	.L68
 511              	.L67:
 512 0054 FFF7FEFF 		bl	vTaskSuspendAll
 513 0058 3846     		mov	r0, r7
 514 005a 3D68     		ldr	r5, [r7]
 515 005c 3146     		mov	r1, r6
 516 005e FFF7FEFF 		bl	xEventGroupSetBits
 517 0062 3346     		mov	r3, r6
 518 0064 2B43     		orrs	r3, r3, r5
 519 0066 1D46     		mov	r5, r3
 520 0068 34EA0303 		bics	r3, r4, r3
 521 006c 1ED0     		beq	.L78
 522 006e 4346     		mov	r3, r8
 523 0070 1BBB     		cbnz	r3, .L79
 524 0072 3B68     		ldr	r3, [r7]
 525 0074 1D46     		mov	r5, r3
 526              	.L70:
 527 0076 FFF7FEFF 		bl	xTaskResumeAll
 528 007a 4346     		mov	r3, r8
ARM GAS  /var/folders/kf/d797ysj14bb1pb7szkr3jbx80000gn/T//ccs9NTqZ.s 			page 10


 529 007c 9BB1     		cbz	r3, .L62
 530 007e 48B9     		cbnz	r0, .L73
 531 0080 4FF0E023 		mov	r3, #-536813568
 532 0084 4FF08052 		mov	r2, #268435456
 533 0088 C3F8042D 		str	r2, [r3, #3332]
 534              		.syntax unified
 535              	@ 255 "Middlewares/Third_Party/FreeRTOS/Source/event_groups.c" 1
 536 008c BFF34F8F 		dsb
 537              	@ 0 "" 2
 538              	@ 255 "Middlewares/Third_Party/FreeRTOS/Source/event_groups.c" 1
 539 0090 BFF36F8F 		isb
 540              	@ 0 "" 2
 541              		.thumb
 542              		.syntax unified
 543              	.L73:
 544 0094 FFF7FEFF 		bl	uxTaskResetEventItemValue
 545 0098 0546     		mov	r5, r0
 546 009a 10F0007F 		tst	r0, #33554432
 547 009e 15D0     		beq	.L80
 548              	.L74:
 549 00a0 25F07F43 		bic	r3, r5, #-16777216
 550 00a4 1D46     		mov	r5, r3
 551              	.L62:
 552 00a6 2846     		mov	r0, r5
 553 00a8 BDE8F081 		pop	{r4, r5, r6, r7, r8, pc}
 554              	.L78:
 555 00ac 3B68     		ldr	r3, [r7]
 556 00ae 23EA0403 		bic	r3, r3, r4
 557 00b2 3B60     		str	r3, [r7]
 558 00b4 0023     		movs	r3, #0
 559 00b6 9846     		mov	r8, r3
 560 00b8 DDE7     		b	.L70
 561              	.L79:
 562 00ba 4246     		mov	r2, r8
 563 00bc 44F0A061 		orr	r1, r4, #83886080
 564 00c0 381D     		adds	r0, r7, #4
 565 00c2 FFF7FEFF 		bl	vTaskPlaceOnUnorderedEventList
 566 00c6 0023     		movs	r3, #0
 567 00c8 1D46     		mov	r5, r3
 568 00ca D4E7     		b	.L70
 569              	.L80:
 570 00cc FFF7FEFF 		bl	vPortEnterCritical
 571 00d0 3B68     		ldr	r3, [r7]
 572 00d2 1D46     		mov	r5, r3
 573 00d4 34EA0303 		bics	r3, r4, r3
 574 00d8 02D0     		beq	.L81
 575              	.L75:
 576 00da FFF7FEFF 		bl	vPortExitCritical
 577 00de DFE7     		b	.L74
 578              	.L81:
 579 00e0 25EA0404 		bic	r4, r5, r4
 580 00e4 3C60     		str	r4, [r7]
 581 00e6 F8E7     		b	.L75
 583              		.section	.text.vEventGroupDelete,"ax",%progbits
 584              		.align	1
 585              		.global	vEventGroupDelete
 586              		.syntax unified
ARM GAS  /var/folders/kf/d797ysj14bb1pb7szkr3jbx80000gn/T//ccs9NTqZ.s 			page 11


 587              		.thumb
 588              		.thumb_func
 590              	vEventGroupDelete:
 591              		@ args = 0, pretend = 0, frame = 0
 592              		@ frame_needed = 0, uses_anonymous_args = 0
 593 0000 10B5     		push	{r4, lr}
 594 0002 0446     		mov	r4, r0
 595 0004 FFF7FEFF 		bl	vTaskSuspendAll
 596              	.L83:
 597 0008 6368     		ldr	r3, [r4, #4]
 598 000a 93B1     		cbz	r3, .L89
 599 000c 2069     		ldr	r0, [r4, #16]
 600 000e 04F10C03 		add	r3, r4, #12
 601 0012 9842     		cmp	r0, r3
 602 0014 04D0     		beq	.L90
 603 0016 4FF00071 		mov	r1, #33554432
 604 001a FFF7FEFF 		bl	vTaskRemoveFromUnorderedEventList
 605 001e F3E7     		b	.L83
 606              	.L90:
 607              		.syntax unified
 608              	@ 195 "Middlewares/Third_Party/FreeRTOS/Source/portable/GCC/ARM_CM4F/portmacro.h" 1
 609 0020 4FF05003 			mov r3, #80												
 610 0024 83F31188 		msr basepri, r3											
 611 0028 BFF36F8F 		isb														
 612 002c BFF34F8F 		dsb														
 613              	
 614              	@ 0 "" 2
 615              		.thumb
 616              		.syntax unified
 617              	.L85:
 618 0030 FEE7     		b	.L85
 619              	.L89:
 620 0032 237E     		ldrb	r3, [r4, #24]	@ zero_extendqisi2
 621 0034 13B1     		cbz	r3, .L91
 622              	.L87:
 623 0036 FFF7FEFF 		bl	xTaskResumeAll
 624 003a 10BD     		pop	{r4, pc}
 625              	.L91:
 626 003c 2046     		mov	r0, r4
 627 003e FFF7FEFF 		bl	vPortFree
 628 0042 F8E7     		b	.L87
 630              		.section	.text.vEventGroupSetBitsCallback,"ax",%progbits
 631              		.align	1
 632              		.global	vEventGroupSetBitsCallback
 633              		.syntax unified
 634              		.thumb
 635              		.thumb_func
 637              	vEventGroupSetBitsCallback:
 638              		@ args = 0, pretend = 0, frame = 0
 639              		@ frame_needed = 0, uses_anonymous_args = 0
 640 0000 08B5     		push	{r3, lr}
 641 0002 FFF7FEFF 		bl	xEventGroupSetBits
 642 0006 08BD     		pop	{r3, pc}
 644              		.section	.text.vEventGroupClearBitsCallback,"ax",%progbits
 645              		.align	1
 646              		.global	vEventGroupClearBitsCallback
 647              		.syntax unified
ARM GAS  /var/folders/kf/d797ysj14bb1pb7szkr3jbx80000gn/T//ccs9NTqZ.s 			page 12


 648              		.thumb
 649              		.thumb_func
 651              	vEventGroupClearBitsCallback:
 652              		@ args = 0, pretend = 0, frame = 0
 653              		@ frame_needed = 0, uses_anonymous_args = 0
 654 0000 08B5     		push	{r3, lr}
 655 0002 FFF7FEFF 		bl	xEventGroupClearBits
 656 0006 08BD     		pop	{r3, pc}
 658              		.ident	"GCC: (xPack GNU Arm Embedded GCC arm64) 15.2.1 20251203"
ARM GAS  /var/folders/kf/d797ysj14bb1pb7szkr3jbx80000gn/T//ccs9NTqZ.s 			page 13


DEFINED SYMBOLS
                            *ABS*:00000000 event_groups.c
/var/folders/kf/d797ysj14bb1pb7szkr3jbx80000gn/T//ccs9NTqZ.s:18     .text.prvTestWaitCondition:00000000 $t
/var/folders/kf/d797ysj14bb1pb7szkr3jbx80000gn/T//ccs9NTqZ.s:23     .text.prvTestWaitCondition:00000000 prvTestWaitCondition
/var/folders/kf/d797ysj14bb1pb7szkr3jbx80000gn/T//ccs9NTqZ.s:45     .text.xEventGroupCreateStatic:00000000 $t
/var/folders/kf/d797ysj14bb1pb7szkr3jbx80000gn/T//ccs9NTqZ.s:51     .text.xEventGroupCreateStatic:00000000 xEventGroupCreateStatic
/var/folders/kf/d797ysj14bb1pb7szkr3jbx80000gn/T//ccs9NTqZ.s:100    .text.xEventGroupCreate:00000000 $t
/var/folders/kf/d797ysj14bb1pb7szkr3jbx80000gn/T//ccs9NTqZ.s:106    .text.xEventGroupCreate:00000000 xEventGroupCreate
/var/folders/kf/d797ysj14bb1pb7szkr3jbx80000gn/T//ccs9NTqZ.s:124    .text.xEventGroupWaitBits:00000000 $t
/var/folders/kf/d797ysj14bb1pb7szkr3jbx80000gn/T//ccs9NTqZ.s:130    .text.xEventGroupWaitBits:00000000 xEventGroupWaitBits
/var/folders/kf/d797ysj14bb1pb7szkr3jbx80000gn/T//ccs9NTqZ.s:282    .text.xEventGroupClearBits:00000000 $t
/var/folders/kf/d797ysj14bb1pb7szkr3jbx80000gn/T//ccs9NTqZ.s:288    .text.xEventGroupClearBits:00000000 xEventGroupClearBits
/var/folders/kf/d797ysj14bb1pb7szkr3jbx80000gn/T//ccs9NTqZ.s:333    .text.xEventGroupGetBitsFromISR:00000000 $t
/var/folders/kf/d797ysj14bb1pb7szkr3jbx80000gn/T//ccs9NTqZ.s:339    .text.xEventGroupGetBitsFromISR:00000000 xEventGroupGetBitsFromISR
/var/folders/kf/d797ysj14bb1pb7szkr3jbx80000gn/T//ccs9NTqZ.s:364    .text.xEventGroupSetBits:00000000 $t
/var/folders/kf/d797ysj14bb1pb7szkr3jbx80000gn/T//ccs9NTqZ.s:370    .text.xEventGroupSetBits:00000000 xEventGroupSetBits
/var/folders/kf/d797ysj14bb1pb7szkr3jbx80000gn/T//ccs9NTqZ.s:452    .text.xEventGroupSync:00000000 $t
/var/folders/kf/d797ysj14bb1pb7szkr3jbx80000gn/T//ccs9NTqZ.s:458    .text.xEventGroupSync:00000000 xEventGroupSync
/var/folders/kf/d797ysj14bb1pb7szkr3jbx80000gn/T//ccs9NTqZ.s:584    .text.vEventGroupDelete:00000000 $t
/var/folders/kf/d797ysj14bb1pb7szkr3jbx80000gn/T//ccs9NTqZ.s:590    .text.vEventGroupDelete:00000000 vEventGroupDelete
/var/folders/kf/d797ysj14bb1pb7szkr3jbx80000gn/T//ccs9NTqZ.s:631    .text.vEventGroupSetBitsCallback:00000000 $t
/var/folders/kf/d797ysj14bb1pb7szkr3jbx80000gn/T//ccs9NTqZ.s:637    .text.vEventGroupSetBitsCallback:00000000 vEventGroupSetBitsCallback
/var/folders/kf/d797ysj14bb1pb7szkr3jbx80000gn/T//ccs9NTqZ.s:645    .text.vEventGroupClearBitsCallback:00000000 $t
/var/folders/kf/d797ysj14bb1pb7szkr3jbx80000gn/T//ccs9NTqZ.s:651    .text.vEventGroupClearBitsCallback:00000000 vEventGroupClearBitsCallback

UNDEFINED SYMBOLS
vListInitialise
pvPortMalloc
xTaskGetSchedulerState
vTaskSuspendAll
xTaskResumeAll
uxTaskResetEventItemValue
vTaskPlaceOnUnorderedEventList
vPortEnterCritical
vPortExitCritical
vTaskRemoveFromUnorderedEventList
vPortFree
