ARM GAS  /var/folders/kf/d797ysj14bb1pb7szkr3jbx80000gn/T//cct1BpJX.s 			page 1


   1              		.cpu cortex-m4
   2              		.arch armv7e-m
   3              		.fpu fpv4-sp-d16
   4              		.eabi_attribute 27, 1
   5              		.eabi_attribute 28, 1
   6              		.eabi_attribute 20, 1
   7              		.eabi_attribute 21, 1
   8              		.eabi_attribute 23, 3
   9              		.eabi_attribute 24, 1
  10              		.eabi_attribute 25, 1
  11              		.eabi_attribute 26, 1
  12              		.eabi_attribute 30, 1
  13              		.eabi_attribute 34, 1
  14              		.eabi_attribute 18, 4
  15              		.file	"heap_4.c"
  16              		.text
  17              		.section	.text.prvHeapInit,"ax",%progbits
  18              		.align	1
  19              		.syntax unified
  20              		.thumb
  21              		.thumb_func
  23              	prvHeapInit:
  24              		@ args = 0, pretend = 0, frame = 0
  25              		@ frame_needed = 0, uses_anonymous_args = 0
  26              		@ link register save eliminated.
  27 0000 124A     		ldr	r2, .L4
  28 0002 12F0070F 		tst	r2, #7
  29 0006 1ED0     		beq	.L3
  30 0008 D11D     		adds	r1, r2, #7
  31 000a 21F00701 		bic	r1, r1, #7
  32 000e C1F57053 		rsb	r3, r1, #15360
  33 0012 1344     		add	r3, r3, r2
  34 0014 0A46     		mov	r2, r1
  35              	.L2:
  36 0016 0E48     		ldr	r0, .L4+4
  37 0018 0260     		str	r2, [r0]
  38 001a 0021     		movs	r1, #0
  39 001c 4160     		str	r1, [r0, #4]
  40 001e 1344     		add	r3, r3, r2
  41 0020 083B     		subs	r3, r3, #8
  42 0022 23F00703 		bic	r3, r3, #7
  43 0026 0B48     		ldr	r0, .L4+8
  44 0028 0360     		str	r3, [r0]
  45 002a 5960     		str	r1, [r3, #4]
  46 002c 1960     		str	r1, [r3]
  47 002e 991A     		subs	r1, r3, r2
  48 0030 5160     		str	r1, [r2, #4]
  49 0032 1360     		str	r3, [r2]
  50 0034 084B     		ldr	r3, .L4+12
  51 0036 1960     		str	r1, [r3]
  52 0038 084B     		ldr	r3, .L4+16
  53 003a 1960     		str	r1, [r3]
  54 003c 084B     		ldr	r3, .L4+20
  55 003e 4FF00042 		mov	r2, #-2147483648
  56 0042 1A60     		str	r2, [r3]
  57 0044 7047     		bx	lr
  58              	.L3:
ARM GAS  /var/folders/kf/d797ysj14bb1pb7szkr3jbx80000gn/T//cct1BpJX.s 			page 2


  59 0046 4FF47053 		mov	r3, #15360
  60 004a E4E7     		b	.L2
  61              	.L5:
  62              		.align	2
  63              	.L4:
  64 004c 00000000 		.word	ucHeap
  65 0050 00000000 		.word	xStart
  66 0054 00000000 		.word	pxEnd
  67 0058 00000000 		.word	xMinimumEverFreeBytesRemaining
  68 005c 00000000 		.word	xFreeBytesRemaining
  69 0060 00000000 		.word	xBlockAllocatedBit
  71              		.section	.text.prvInsertBlockIntoFreeList,"ax",%progbits
  72              		.align	1
  73              		.syntax unified
  74              		.thumb
  75              		.thumb_func
  77              	prvInsertBlockIntoFreeList:
  78              		@ args = 0, pretend = 0, frame = 0
  79              		@ frame_needed = 0, uses_anonymous_args = 0
  80              		@ link register save eliminated.
  81 0000 144B     		ldr	r3, .L15
  82              	.L7:
  83 0002 1A46     		mov	r2, r3
  84 0004 1B68     		ldr	r3, [r3]
  85 0006 8342     		cmp	r3, r0
  86 0008 FBD3     		bcc	.L7
  87 000a 5168     		ldr	r1, [r2, #4]
  88 000c 02EB010C 		add	ip, r2, r1
  89 0010 8445     		cmp	ip, r0
  90 0012 09D0     		beq	.L13
  91              	.L8:
  92 0014 4168     		ldr	r1, [r0, #4]
  93 0016 00EB010C 		add	ip, r0, r1
  94 001a 6345     		cmp	r3, ip
  95 001c 09D0     		beq	.L14
  96 001e 0360     		str	r3, [r0]
  97              	.L11:
  98 0020 9042     		cmp	r0, r2
  99 0022 00D0     		beq	.L6
 100 0024 1060     		str	r0, [r2]
 101              	.L6:
 102 0026 7047     		bx	lr
 103              	.L13:
 104 0028 4068     		ldr	r0, [r0, #4]
 105 002a 0144     		add	r1, r1, r0
 106 002c 5160     		str	r1, [r2, #4]
 107 002e 1046     		mov	r0, r2
 108 0030 F0E7     		b	.L8
 109              	.L14:
 110 0032 DFF824C0 		ldr	ip, .L15+4
 111 0036 DCF800C0 		ldr	ip, [ip]
 112 003a 6345     		cmp	r3, ip
 113 003c 06D0     		beq	.L10
 114 003e 5B68     		ldr	r3, [r3, #4]
 115 0040 1944     		add	r1, r1, r3
 116 0042 4160     		str	r1, [r0, #4]
 117 0044 1368     		ldr	r3, [r2]
ARM GAS  /var/folders/kf/d797ysj14bb1pb7szkr3jbx80000gn/T//cct1BpJX.s 			page 3


 118 0046 1B68     		ldr	r3, [r3]
 119 0048 0360     		str	r3, [r0]
 120 004a E9E7     		b	.L11
 121              	.L10:
 122 004c C0F800C0 		str	ip, [r0]
 123 0050 E6E7     		b	.L11
 124              	.L16:
 125 0052 00BF     		.align	2
 126              	.L15:
 127 0054 00000000 		.word	xStart
 128 0058 00000000 		.word	pxEnd
 130              		.section	.text.pvPortMalloc,"ax",%progbits
 131              		.align	1
 132              		.global	pvPortMalloc
 133              		.syntax unified
 134              		.thumb
 135              		.thumb_func
 137              	pvPortMalloc:
 138              		@ args = 0, pretend = 0, frame = 0
 139              		@ frame_needed = 0, uses_anonymous_args = 0
 140 0000 38B5     		push	{r3, r4, r5, lr}
 141 0002 0446     		mov	r4, r0
 142 0004 FFF7FEFF 		bl	vTaskSuspendAll
 143 0008 384B     		ldr	r3, .L37
 144 000a 1B68     		ldr	r3, [r3]
 145 000c B3B1     		cbz	r3, .L36
 146              	.L18:
 147 000e 384B     		ldr	r3, .L37+4
 148 0010 1B68     		ldr	r3, [r3]
 149 0012 1C42     		tst	r4, r3
 150 0014 50D1     		bne	.L29
 151 0016 002C     		cmp	r4, #0
 152 0018 50D0     		beq	.L30
 153 001a 04F10802 		add	r2, r4, #8
 154 001e 14F0070F 		tst	r4, #7
 155 0022 02D0     		beq	.L20
 156 0024 22F00702 		bic	r2, r2, #7
 157 0028 0832     		adds	r2, r2, #8
 158              	.L20:
 159 002a 002A     		cmp	r2, #0
 160 002c 55D0     		beq	.L31
 161 002e 314B     		ldr	r3, .L37+8
 162 0030 1B68     		ldr	r3, [r3]
 163 0032 9342     		cmp	r3, r2
 164 0034 53D3     		bcc	.L32
 165 0036 3049     		ldr	r1, .L37+12
 166 0038 0C68     		ldr	r4, [r1]
 167 003a 04E0     		b	.L22
 168              	.L36:
 169 003c FFF7FEFF 		bl	prvHeapInit
 170 0040 E5E7     		b	.L18
 171              	.L33:
 172 0042 2146     		mov	r1, r4
 173 0044 1C46     		mov	r4, r3
 174              	.L22:
 175 0046 6368     		ldr	r3, [r4, #4]
 176 0048 9342     		cmp	r3, r2
ARM GAS  /var/folders/kf/d797ysj14bb1pb7szkr3jbx80000gn/T//cct1BpJX.s 			page 4


 177 004a 02D2     		bcs	.L21
 178 004c 2368     		ldr	r3, [r4]
 179 004e 002B     		cmp	r3, #0
 180 0050 F7D1     		bne	.L33
 181              	.L21:
 182 0052 264B     		ldr	r3, .L37
 183 0054 1B68     		ldr	r3, [r3]
 184 0056 A342     		cmp	r3, r4
 185 0058 43D0     		beq	.L34
 186 005a 0D68     		ldr	r5, [r1]
 187 005c 0835     		adds	r5, r5, #8
 188 005e 2368     		ldr	r3, [r4]
 189 0060 0B60     		str	r3, [r1]
 190 0062 6368     		ldr	r3, [r4, #4]
 191 0064 9B1A     		subs	r3, r3, r2
 192 0066 102B     		cmp	r3, #16
 193 0068 10D9     		bls	.L23
 194 006a A018     		adds	r0, r4, r2
 195 006c 10F0070F 		tst	r0, #7
 196 0070 08D0     		beq	.L24
 197              		.syntax unified
 198              	@ 195 "Middlewares/Third_Party/FreeRTOS/Source/portable/GCC/ARM_CM4F/portmacro.h" 1
 199 0072 4FF05003 			mov r3, #80												
 200 0076 83F31188 		msr basepri, r3											
 201 007a BFF36F8F 		isb														
 202 007e BFF34F8F 		dsb														
 203              	
 204              	@ 0 "" 2
 205              		.thumb
 206              		.syntax unified
 207              	.L25:
 208 0082 FEE7     		b	.L25
 209              	.L24:
 210 0084 4360     		str	r3, [r0, #4]
 211 0086 6260     		str	r2, [r4, #4]
 212 0088 FFF7FEFF 		bl	prvInsertBlockIntoFreeList
 213              	.L23:
 214 008c 6268     		ldr	r2, [r4, #4]
 215 008e 1949     		ldr	r1, .L37+8
 216 0090 0B68     		ldr	r3, [r1]
 217 0092 9B1A     		subs	r3, r3, r2
 218 0094 0B60     		str	r3, [r1]
 219 0096 1949     		ldr	r1, .L37+16
 220 0098 0968     		ldr	r1, [r1]
 221 009a 8B42     		cmp	r3, r1
 222 009c 01D2     		bcs	.L26
 223 009e 1749     		ldr	r1, .L37+16
 224 00a0 0B60     		str	r3, [r1]
 225              	.L26:
 226 00a2 134B     		ldr	r3, .L37+4
 227 00a4 1B68     		ldr	r3, [r3]
 228 00a6 1343     		orrs	r3, r3, r2
 229 00a8 6360     		str	r3, [r4, #4]
 230 00aa 0023     		movs	r3, #0
 231 00ac 2360     		str	r3, [r4]
 232 00ae 144A     		ldr	r2, .L37+20
 233 00b0 1368     		ldr	r3, [r2]
ARM GAS  /var/folders/kf/d797ysj14bb1pb7szkr3jbx80000gn/T//cct1BpJX.s 			page 5


 234 00b2 0133     		adds	r3, r3, #1
 235 00b4 1360     		str	r3, [r2]
 236 00b6 02E0     		b	.L19
 237              	.L29:
 238 00b8 0025     		movs	r5, #0
 239 00ba 00E0     		b	.L19
 240              	.L30:
 241 00bc 2546     		mov	r5, r4
 242              	.L19:
 243 00be FFF7FEFF 		bl	xTaskResumeAll
 244 00c2 15F0070F 		tst	r5, #7
 245 00c6 0ED0     		beq	.L17
 246              		.syntax unified
 247              	@ 195 "Middlewares/Third_Party/FreeRTOS/Source/portable/GCC/ARM_CM4F/portmacro.h" 1
 248 00c8 4FF05003 			mov r3, #80												
 249 00cc 83F31188 		msr basepri, r3											
 250 00d0 BFF36F8F 		isb														
 251 00d4 BFF34F8F 		dsb														
 252              	
 253              	@ 0 "" 2
 254              		.thumb
 255              		.syntax unified
 256              	.L28:
 257 00d8 FEE7     		b	.L28
 258              	.L31:
 259 00da 1546     		mov	r5, r2
 260 00dc EFE7     		b	.L19
 261              	.L32:
 262 00de 0025     		movs	r5, #0
 263 00e0 EDE7     		b	.L19
 264              	.L34:
 265 00e2 0025     		movs	r5, #0
 266 00e4 EBE7     		b	.L19
 267              	.L17:
 268 00e6 2846     		mov	r0, r5
 269 00e8 38BD     		pop	{r3, r4, r5, pc}
 270              	.L38:
 271 00ea 00BF     		.align	2
 272              	.L37:
 273 00ec 00000000 		.word	pxEnd
 274 00f0 00000000 		.word	xBlockAllocatedBit
 275 00f4 00000000 		.word	xFreeBytesRemaining
 276 00f8 00000000 		.word	xStart
 277 00fc 00000000 		.word	xMinimumEverFreeBytesRemaining
 278 0100 00000000 		.word	xNumberOfSuccessfulAllocations
 280              		.section	.text.vPortFree,"ax",%progbits
 281              		.align	1
 282              		.global	vPortFree
 283              		.syntax unified
 284              		.thumb
 285              		.thumb_func
 287              	vPortFree:
 288              		@ args = 0, pretend = 0, frame = 0
 289              		@ frame_needed = 0, uses_anonymous_args = 0
 290 0000 0028     		cmp	r0, #0
 291 0002 35D0     		beq	.L46
 292 0004 38B5     		push	{r3, r4, r5, lr}
ARM GAS  /var/folders/kf/d797ysj14bb1pb7szkr3jbx80000gn/T//cct1BpJX.s 			page 6


 293 0006 0446     		mov	r4, r0
 294 0008 A0F10803 		sub	r3, r0, #8
 295 000c 1D46     		mov	r5, r3
 296 000e 50F8043C 		ldr	r3, [r0, #-4]
 297 0012 184A     		ldr	r2, .L49
 298 0014 1268     		ldr	r2, [r2]
 299 0016 1342     		tst	r3, r2
 300 0018 08D1     		bne	.L41
 301              		.syntax unified
 302              	@ 195 "Middlewares/Third_Party/FreeRTOS/Source/portable/GCC/ARM_CM4F/portmacro.h" 1
 303 001a 4FF05003 			mov r3, #80												
 304 001e 83F31188 		msr basepri, r3											
 305 0022 BFF36F8F 		isb														
 306 0026 BFF34F8F 		dsb														
 307              	
 308              	@ 0 "" 2
 309              		.thumb
 310              		.syntax unified
 311              	.L42:
 312 002a FEE7     		b	.L42
 313              	.L41:
 314 002c 50F8081C 		ldr	r1, [r0, #-8]
 315 0030 41B1     		cbz	r1, .L43
 316              		.syntax unified
 317              	@ 195 "Middlewares/Third_Party/FreeRTOS/Source/portable/GCC/ARM_CM4F/portmacro.h" 1
 318 0032 4FF05003 			mov r3, #80												
 319 0036 83F31188 		msr basepri, r3											
 320 003a BFF36F8F 		isb														
 321 003e BFF34F8F 		dsb														
 322              	
 323              	@ 0 "" 2
 324              		.thumb
 325              		.syntax unified
 326              	.L44:
 327 0042 FEE7     		b	.L44
 328              	.L43:
 329 0044 23EA0203 		bic	r3, r3, r2
 330 0048 40F8043C 		str	r3, [r0, #-4]
 331 004c FFF7FEFF 		bl	vTaskSuspendAll
 332 0050 54F8041C 		ldr	r1, [r4, #-4]
 333 0054 084A     		ldr	r2, .L49+4
 334 0056 1368     		ldr	r3, [r2]
 335 0058 0B44     		add	r3, r3, r1
 336 005a 1360     		str	r3, [r2]
 337 005c 2846     		mov	r0, r5
 338 005e FFF7FEFF 		bl	prvInsertBlockIntoFreeList
 339 0062 064A     		ldr	r2, .L49+8
 340 0064 1368     		ldr	r3, [r2]
 341 0066 0133     		adds	r3, r3, #1
 342 0068 1360     		str	r3, [r2]
 343 006a FFF7FEFF 		bl	xTaskResumeAll
 344 006e 38BD     		pop	{r3, r4, r5, pc}
 345              	.L46:
 346 0070 7047     		bx	lr
 347              	.L50:
 348 0072 00BF     		.align	2
 349              	.L49:
ARM GAS  /var/folders/kf/d797ysj14bb1pb7szkr3jbx80000gn/T//cct1BpJX.s 			page 7


 350 0074 00000000 		.word	xBlockAllocatedBit
 351 0078 00000000 		.word	xFreeBytesRemaining
 352 007c 00000000 		.word	xNumberOfSuccessfulFrees
 354              		.section	.text.xPortGetFreeHeapSize,"ax",%progbits
 355              		.align	1
 356              		.global	xPortGetFreeHeapSize
 357              		.syntax unified
 358              		.thumb
 359              		.thumb_func
 361              	xPortGetFreeHeapSize:
 362              		@ args = 0, pretend = 0, frame = 0
 363              		@ frame_needed = 0, uses_anonymous_args = 0
 364              		@ link register save eliminated.
 365 0000 014B     		ldr	r3, .L52
 366 0002 1868     		ldr	r0, [r3]
 367 0004 7047     		bx	lr
 368              	.L53:
 369 0006 00BF     		.align	2
 370              	.L52:
 371 0008 00000000 		.word	xFreeBytesRemaining
 373              		.section	.text.xPortGetMinimumEverFreeHeapSize,"ax",%progbits
 374              		.align	1
 375              		.global	xPortGetMinimumEverFreeHeapSize
 376              		.syntax unified
 377              		.thumb
 378              		.thumb_func
 380              	xPortGetMinimumEverFreeHeapSize:
 381              		@ args = 0, pretend = 0, frame = 0
 382              		@ frame_needed = 0, uses_anonymous_args = 0
 383              		@ link register save eliminated.
 384 0000 014B     		ldr	r3, .L55
 385 0002 1868     		ldr	r0, [r3]
 386 0004 7047     		bx	lr
 387              	.L56:
 388 0006 00BF     		.align	2
 389              	.L55:
 390 0008 00000000 		.word	xMinimumEverFreeBytesRemaining
 392              		.section	.text.vPortInitialiseBlocks,"ax",%progbits
 393              		.align	1
 394              		.global	vPortInitialiseBlocks
 395              		.syntax unified
 396              		.thumb
 397              		.thumb_func
 399              	vPortInitialiseBlocks:
 400              		@ args = 0, pretend = 0, frame = 0
 401              		@ frame_needed = 0, uses_anonymous_args = 0
 402              		@ link register save eliminated.
 403 0000 7047     		bx	lr
 405              		.section	.text.vPortGetHeapStats,"ax",%progbits
 406              		.align	1
 407              		.global	vPortGetHeapStats
 408              		.syntax unified
 409              		.thumb
 410              		.thumb_func
 412              	vPortGetHeapStats:
 413              		@ args = 0, pretend = 0, frame = 0
 414              		@ frame_needed = 0, uses_anonymous_args = 0
ARM GAS  /var/folders/kf/d797ysj14bb1pb7szkr3jbx80000gn/T//cct1BpJX.s 			page 8


 415 0000 F8B5     		push	{r3, r4, r5, r6, r7, lr}
 416 0002 0746     		mov	r7, r0
 417 0004 FFF7FEFF 		bl	vTaskSuspendAll
 418 0008 174B     		ldr	r3, .L67
 419 000a 1B68     		ldr	r3, [r3]
 420 000c 93B1     		cbz	r3, .L63
 421 000e 4FF0FF36 		mov	r6, #-1
 422 0012 0025     		movs	r5, #0
 423 0014 2C46     		mov	r4, r5
 424 0016 04E0     		b	.L62
 425              	.L61:
 426 0018 1B68     		ldr	r3, [r3]
 427 001a 144A     		ldr	r2, .L67+4
 428 001c 1268     		ldr	r2, [r2]
 429 001e 9A42     		cmp	r2, r3
 430 0020 0CD0     		beq	.L59
 431              	.L62:
 432 0022 0134     		adds	r4, r4, #1
 433 0024 5A68     		ldr	r2, [r3, #4]
 434 0026 AA42     		cmp	r2, r5
 435 0028 00D9     		bls	.L60
 436 002a 1546     		mov	r5, r2
 437              	.L60:
 438 002c B242     		cmp	r2, r6
 439 002e F3D2     		bcs	.L61
 440 0030 1646     		mov	r6, r2
 441 0032 F1E7     		b	.L61
 442              	.L63:
 443 0034 4FF0FF36 		mov	r6, #-1
 444 0038 1D46     		mov	r5, r3
 445 003a 1C46     		mov	r4, r3
 446              	.L59:
 447 003c FFF7FEFF 		bl	xTaskResumeAll
 448 0040 7D60     		str	r5, [r7, #4]
 449 0042 BE60     		str	r6, [r7, #8]
 450 0044 FC60     		str	r4, [r7, #12]
 451 0046 FFF7FEFF 		bl	vPortEnterCritical
 452 004a 094B     		ldr	r3, .L67+8
 453 004c 1B68     		ldr	r3, [r3]
 454 004e 3B60     		str	r3, [r7]
 455 0050 084B     		ldr	r3, .L67+12
 456 0052 1B68     		ldr	r3, [r3]
 457 0054 7B61     		str	r3, [r7, #20]
 458 0056 084B     		ldr	r3, .L67+16
 459 0058 1B68     		ldr	r3, [r3]
 460 005a BB61     		str	r3, [r7, #24]
 461 005c 074B     		ldr	r3, .L67+20
 462 005e 1B68     		ldr	r3, [r3]
 463 0060 3B61     		str	r3, [r7, #16]
 464 0062 FFF7FEFF 		bl	vPortExitCritical
 465 0066 F8BD     		pop	{r3, r4, r5, r6, r7, pc}
 466              	.L68:
 467              		.align	2
 468              	.L67:
 469 0068 00000000 		.word	xStart
 470 006c 00000000 		.word	pxEnd
 471 0070 00000000 		.word	xFreeBytesRemaining
ARM GAS  /var/folders/kf/d797ysj14bb1pb7szkr3jbx80000gn/T//cct1BpJX.s 			page 9


 472 0074 00000000 		.word	xNumberOfSuccessfulAllocations
 473 0078 00000000 		.word	xNumberOfSuccessfulFrees
 474 007c 00000000 		.word	xMinimumEverFreeBytesRemaining
 476              		.section	.bss.xBlockAllocatedBit,"aw",%nobits
 477              		.align	2
 480              	xBlockAllocatedBit:
 481 0000 00000000 		.space	4
 482              		.section	.bss.xNumberOfSuccessfulFrees,"aw",%nobits
 483              		.align	2
 486              	xNumberOfSuccessfulFrees:
 487 0000 00000000 		.space	4
 488              		.section	.bss.xNumberOfSuccessfulAllocations,"aw",%nobits
 489              		.align	2
 492              	xNumberOfSuccessfulAllocations:
 493 0000 00000000 		.space	4
 494              		.section	.bss.xMinimumEverFreeBytesRemaining,"aw",%nobits
 495              		.align	2
 498              	xMinimumEverFreeBytesRemaining:
 499 0000 00000000 		.space	4
 500              		.section	.bss.xFreeBytesRemaining,"aw",%nobits
 501              		.align	2
 504              	xFreeBytesRemaining:
 505 0000 00000000 		.space	4
 506              		.section	.bss.pxEnd,"aw",%nobits
 507              		.align	2
 510              	pxEnd:
 511 0000 00000000 		.space	4
 512              		.section	.bss.xStart,"aw",%nobits
 513              		.align	2
 516              	xStart:
 517 0000 00000000 		.space	8
 517      00000000 
 518              		.section	.bss.ucHeap,"aw",%nobits
 519              		.align	2
 522              	ucHeap:
 523 0000 00000000 		.space	15360
 523      00000000 
 523      00000000 
 523      00000000 
 523      00000000 
 524              		.ident	"GCC: (xPack GNU Arm Embedded GCC arm64) 15.2.1 20251203"
ARM GAS  /var/folders/kf/d797ysj14bb1pb7szkr3jbx80000gn/T//cct1BpJX.s 			page 10


DEFINED SYMBOLS
                            *ABS*:00000000 heap_4.c
/var/folders/kf/d797ysj14bb1pb7szkr3jbx80000gn/T//cct1BpJX.s:18     .text.prvHeapInit:00000000 $t
/var/folders/kf/d797ysj14bb1pb7szkr3jbx80000gn/T//cct1BpJX.s:23     .text.prvHeapInit:00000000 prvHeapInit
/var/folders/kf/d797ysj14bb1pb7szkr3jbx80000gn/T//cct1BpJX.s:64     .text.prvHeapInit:0000004c $d
/var/folders/kf/d797ysj14bb1pb7szkr3jbx80000gn/T//cct1BpJX.s:522    .bss.ucHeap:00000000 ucHeap
/var/folders/kf/d797ysj14bb1pb7szkr3jbx80000gn/T//cct1BpJX.s:516    .bss.xStart:00000000 xStart
/var/folders/kf/d797ysj14bb1pb7szkr3jbx80000gn/T//cct1BpJX.s:510    .bss.pxEnd:00000000 pxEnd
/var/folders/kf/d797ysj14bb1pb7szkr3jbx80000gn/T//cct1BpJX.s:498    .bss.xMinimumEverFreeBytesRemaining:00000000 xMinimumEverFreeBytesRemaining
/var/folders/kf/d797ysj14bb1pb7szkr3jbx80000gn/T//cct1BpJX.s:504    .bss.xFreeBytesRemaining:00000000 xFreeBytesRemaining
/var/folders/kf/d797ysj14bb1pb7szkr3jbx80000gn/T//cct1BpJX.s:480    .bss.xBlockAllocatedBit:00000000 xBlockAllocatedBit
/var/folders/kf/d797ysj14bb1pb7szkr3jbx80000gn/T//cct1BpJX.s:72     .text.prvInsertBlockIntoFreeList:00000000 $t
/var/folders/kf/d797ysj14bb1pb7szkr3jbx80000gn/T//cct1BpJX.s:77     .text.prvInsertBlockIntoFreeList:00000000 prvInsertBlockIntoFreeList
/var/folders/kf/d797ysj14bb1pb7szkr3jbx80000gn/T//cct1BpJX.s:127    .text.prvInsertBlockIntoFreeList:00000054 $d
/var/folders/kf/d797ysj14bb1pb7szkr3jbx80000gn/T//cct1BpJX.s:131    .text.pvPortMalloc:00000000 $t
/var/folders/kf/d797ysj14bb1pb7szkr3jbx80000gn/T//cct1BpJX.s:137    .text.pvPortMalloc:00000000 pvPortMalloc
/var/folders/kf/d797ysj14bb1pb7szkr3jbx80000gn/T//cct1BpJX.s:273    .text.pvPortMalloc:000000ec $d
/var/folders/kf/d797ysj14bb1pb7szkr3jbx80000gn/T//cct1BpJX.s:492    .bss.xNumberOfSuccessfulAllocations:00000000 xNumberOfSuccessfulAllocations
/var/folders/kf/d797ysj14bb1pb7szkr3jbx80000gn/T//cct1BpJX.s:281    .text.vPortFree:00000000 $t
/var/folders/kf/d797ysj14bb1pb7szkr3jbx80000gn/T//cct1BpJX.s:287    .text.vPortFree:00000000 vPortFree
/var/folders/kf/d797ysj14bb1pb7szkr3jbx80000gn/T//cct1BpJX.s:350    .text.vPortFree:00000074 $d
/var/folders/kf/d797ysj14bb1pb7szkr3jbx80000gn/T//cct1BpJX.s:486    .bss.xNumberOfSuccessfulFrees:00000000 xNumberOfSuccessfulFrees
/var/folders/kf/d797ysj14bb1pb7szkr3jbx80000gn/T//cct1BpJX.s:355    .text.xPortGetFreeHeapSize:00000000 $t
/var/folders/kf/d797ysj14bb1pb7szkr3jbx80000gn/T//cct1BpJX.s:361    .text.xPortGetFreeHeapSize:00000000 xPortGetFreeHeapSize
/var/folders/kf/d797ysj14bb1pb7szkr3jbx80000gn/T//cct1BpJX.s:371    .text.xPortGetFreeHeapSize:00000008 $d
/var/folders/kf/d797ysj14bb1pb7szkr3jbx80000gn/T//cct1BpJX.s:374    .text.xPortGetMinimumEverFreeHeapSize:00000000 $t
/var/folders/kf/d797ysj14bb1pb7szkr3jbx80000gn/T//cct1BpJX.s:380    .text.xPortGetMinimumEverFreeHeapSize:00000000 xPortGetMinimumEverFreeHeapSize
/var/folders/kf/d797ysj14bb1pb7szkr3jbx80000gn/T//cct1BpJX.s:390    .text.xPortGetMinimumEverFreeHeapSize:00000008 $d
/var/folders/kf/d797ysj14bb1pb7szkr3jbx80000gn/T//cct1BpJX.s:393    .text.vPortInitialiseBlocks:00000000 $t
/var/folders/kf/d797ysj14bb1pb7szkr3jbx80000gn/T//cct1BpJX.s:399    .text.vPortInitialiseBlocks:00000000 vPortInitialiseBlocks
/var/folders/kf/d797ysj14bb1pb7szkr3jbx80000gn/T//cct1BpJX.s:406    .text.vPortGetHeapStats:00000000 $t
/var/folders/kf/d797ysj14bb1pb7szkr3jbx80000gn/T//cct1BpJX.s:412    .text.vPortGetHeapStats:00000000 vPortGetHeapStats
/var/folders/kf/d797ysj14bb1pb7szkr3jbx80000gn/T//cct1BpJX.s:469    .text.vPortGetHeapStats:00000068 $d
/var/folders/kf/d797ysj14bb1pb7szkr3jbx80000gn/T//cct1BpJX.s:477    .bss.xBlockAllocatedBit:00000000 $d
/var/folders/kf/d797ysj14bb1pb7szkr3jbx80000gn/T//cct1BpJX.s:483    .bss.xNumberOfSuccessfulFrees:00000000 $d
/var/folders/kf/d797ysj14bb1pb7szkr3jbx80000gn/T//cct1BpJX.s:489    .bss.xNumberOfSuccessfulAllocations:00000000 $d
/var/folders/kf/d797ysj14bb1pb7szkr3jbx80000gn/T//cct1BpJX.s:495    .bss.xMinimumEverFreeBytesRemaining:00000000 $d
/var/folders/kf/d797ysj14bb1pb7szkr3jbx80000gn/T//cct1BpJX.s:501    .bss.xFreeBytesRemaining:00000000 $d
/var/folders/kf/d797ysj14bb1pb7szkr3jbx80000gn/T//cct1BpJX.s:507    .bss.pxEnd:00000000 $d
/var/folders/kf/d797ysj14bb1pb7szkr3jbx80000gn/T//cct1BpJX.s:513    .bss.xStart:00000000 $d
/var/folders/kf/d797ysj14bb1pb7szkr3jbx80000gn/T//cct1BpJX.s:519    .bss.ucHeap:00000000 $d

UNDEFINED SYMBOLS
vTaskSuspendAll
xTaskResumeAll
vPortEnterCritical
vPortExitCritical
