ARM GAS  /var/folders/kf/d797ysj14bb1pb7szkr3jbx80000gn/T//ccPgbtYt.s 			page 1


   1              		.cpu cortex-m4
   2              		.arch armv7e-m
   3              		.fpu fpv4-sp-d16
   4              		.eabi_attribute 27, 1
   5              		.eabi_attribute 28, 1
   6              		.eabi_attribute 20, 1
   7              		.eabi_attribute 21, 1
   8              		.eabi_attribute 23, 3
   9              		.eabi_attribute 24, 1
  10              		.eabi_attribute 25, 1
  11              		.eabi_attribute 26, 1
  12              		.eabi_attribute 30, 1
  13              		.eabi_attribute 34, 1
  14              		.eabi_attribute 18, 4
  15              		.file	"list.c"
  16              		.text
  17              		.section	.text.vListInitialise,"ax",%progbits
  18              		.align	1
  19              		.global	vListInitialise
  20              		.syntax unified
  21              		.thumb
  22              		.thumb_func
  24              	vListInitialise:
  25              		@ args = 0, pretend = 0, frame = 0
  26              		@ frame_needed = 0, uses_anonymous_args = 0
  27              		@ link register save eliminated.
  28 0000 00F10803 		add	r3, r0, #8
  29 0004 4360     		str	r3, [r0, #4]
  30 0006 4FF0FF32 		mov	r2, #-1
  31 000a 8260     		str	r2, [r0, #8]
  32 000c C360     		str	r3, [r0, #12]
  33 000e 0361     		str	r3, [r0, #16]
  34 0010 0023     		movs	r3, #0
  35 0012 0360     		str	r3, [r0]
  36 0014 7047     		bx	lr
  38              		.section	.text.vListInitialiseItem,"ax",%progbits
  39              		.align	1
  40              		.global	vListInitialiseItem
  41              		.syntax unified
  42              		.thumb
  43              		.thumb_func
  45              	vListInitialiseItem:
  46              		@ args = 0, pretend = 0, frame = 0
  47              		@ frame_needed = 0, uses_anonymous_args = 0
  48              		@ link register save eliminated.
  49 0000 0023     		movs	r3, #0
  50 0002 0361     		str	r3, [r0, #16]
  51 0004 7047     		bx	lr
  53              		.section	.text.vListInsertEnd,"ax",%progbits
  54              		.align	1
  55              		.global	vListInsertEnd
  56              		.syntax unified
  57              		.thumb
  58              		.thumb_func
  60              	vListInsertEnd:
  61              		@ args = 0, pretend = 0, frame = 0
  62              		@ frame_needed = 0, uses_anonymous_args = 0
ARM GAS  /var/folders/kf/d797ysj14bb1pb7szkr3jbx80000gn/T//ccPgbtYt.s 			page 2


  63              		@ link register save eliminated.
  64 0000 4368     		ldr	r3, [r0, #4]
  65 0002 4B60     		str	r3, [r1, #4]
  66 0004 9A68     		ldr	r2, [r3, #8]
  67 0006 8A60     		str	r2, [r1, #8]
  68 0008 5160     		str	r1, [r2, #4]
  69 000a 9960     		str	r1, [r3, #8]
  70 000c 0861     		str	r0, [r1, #16]
  71 000e 0368     		ldr	r3, [r0]
  72 0010 0133     		adds	r3, r3, #1
  73 0012 0360     		str	r3, [r0]
  74 0014 7047     		bx	lr
  76              		.section	.text.vListInsert,"ax",%progbits
  77              		.align	1
  78              		.global	vListInsert
  79              		.syntax unified
  80              		.thumb
  81              		.thumb_func
  83              	vListInsert:
  84              		@ args = 0, pretend = 0, frame = 0
  85              		@ frame_needed = 0, uses_anonymous_args = 0
  86              		@ link register save eliminated.
  87 0000 10B4     		push	{r4}
  88 0002 0246     		mov	r2, r0
  89 0004 0846     		mov	r0, r1
  90 0006 D1F800C0 		ldr	ip, [r1]
  91 000a BCF1FF3F 		cmp	ip, #-1
  92 000e 11D0     		beq	.L9
  93 0010 02F10803 		add	r3, r2, #8
  94              	.L7:
  95 0014 1946     		mov	r1, r3
  96 0016 5B68     		ldr	r3, [r3, #4]
  97 0018 1C68     		ldr	r4, [r3]
  98 001a 6445     		cmp	r4, ip
  99 001c FAD9     		bls	.L7
 100              	.L6:
 101 001e 4B68     		ldr	r3, [r1, #4]
 102 0020 4360     		str	r3, [r0, #4]
 103 0022 9860     		str	r0, [r3, #8]
 104 0024 8160     		str	r1, [r0, #8]
 105 0026 4860     		str	r0, [r1, #4]
 106 0028 0261     		str	r2, [r0, #16]
 107 002a 1368     		ldr	r3, [r2]
 108 002c 0133     		adds	r3, r3, #1
 109 002e 1360     		str	r3, [r2]
 110 0030 10BC     		pop	{r4}
 111 0032 7047     		bx	lr
 112              	.L9:
 113 0034 1169     		ldr	r1, [r2, #16]
 114 0036 F2E7     		b	.L6
 116              		.section	.text.uxListRemove,"ax",%progbits
 117              		.align	1
 118              		.global	uxListRemove
 119              		.syntax unified
 120              		.thumb
 121              		.thumb_func
 123              	uxListRemove:
ARM GAS  /var/folders/kf/d797ysj14bb1pb7szkr3jbx80000gn/T//ccPgbtYt.s 			page 3


 124              		@ args = 0, pretend = 0, frame = 0
 125              		@ frame_needed = 0, uses_anonymous_args = 0
 126              		@ link register save eliminated.
 127 0000 0369     		ldr	r3, [r0, #16]
 128 0002 4168     		ldr	r1, [r0, #4]
 129 0004 8268     		ldr	r2, [r0, #8]
 130 0006 8A60     		str	r2, [r1, #8]
 131 0008 4168     		ldr	r1, [r0, #4]
 132 000a 5160     		str	r1, [r2, #4]
 133 000c 5A68     		ldr	r2, [r3, #4]
 134 000e 8242     		cmp	r2, r0
 135 0010 06D0     		beq	.L12
 136              	.L11:
 137 0012 0022     		movs	r2, #0
 138 0014 0261     		str	r2, [r0, #16]
 139 0016 1A68     		ldr	r2, [r3]
 140 0018 013A     		subs	r2, r2, #1
 141 001a 1A60     		str	r2, [r3]
 142 001c 1868     		ldr	r0, [r3]
 143 001e 7047     		bx	lr
 144              	.L12:
 145 0020 8268     		ldr	r2, [r0, #8]
 146 0022 5A60     		str	r2, [r3, #4]
 147 0024 F5E7     		b	.L11
 149              		.ident	"GCC: (xPack GNU Arm Embedded GCC arm64) 15.2.1 20251203"
ARM GAS  /var/folders/kf/d797ysj14bb1pb7szkr3jbx80000gn/T//ccPgbtYt.s 			page 4


DEFINED SYMBOLS
                            *ABS*:00000000 list.c
/var/folders/kf/d797ysj14bb1pb7szkr3jbx80000gn/T//ccPgbtYt.s:18     .text.vListInitialise:00000000 $t
/var/folders/kf/d797ysj14bb1pb7szkr3jbx80000gn/T//ccPgbtYt.s:24     .text.vListInitialise:00000000 vListInitialise
/var/folders/kf/d797ysj14bb1pb7szkr3jbx80000gn/T//ccPgbtYt.s:39     .text.vListInitialiseItem:00000000 $t
/var/folders/kf/d797ysj14bb1pb7szkr3jbx80000gn/T//ccPgbtYt.s:45     .text.vListInitialiseItem:00000000 vListInitialiseItem
/var/folders/kf/d797ysj14bb1pb7szkr3jbx80000gn/T//ccPgbtYt.s:54     .text.vListInsertEnd:00000000 $t
/var/folders/kf/d797ysj14bb1pb7szkr3jbx80000gn/T//ccPgbtYt.s:60     .text.vListInsertEnd:00000000 vListInsertEnd
/var/folders/kf/d797ysj14bb1pb7szkr3jbx80000gn/T//ccPgbtYt.s:77     .text.vListInsert:00000000 $t
/var/folders/kf/d797ysj14bb1pb7szkr3jbx80000gn/T//ccPgbtYt.s:83     .text.vListInsert:00000000 vListInsert
/var/folders/kf/d797ysj14bb1pb7szkr3jbx80000gn/T//ccPgbtYt.s:117    .text.uxListRemove:00000000 $t
/var/folders/kf/d797ysj14bb1pb7szkr3jbx80000gn/T//ccPgbtYt.s:123    .text.uxListRemove:00000000 uxListRemove

NO UNDEFINED SYMBOLS
