ARM GAS  /var/folders/kf/d797ysj14bb1pb7szkr3jbx80000gn/T//cc4HYIM5.s 			page 1


   1              		.cpu cortex-m4
   2              		.arch armv7e-m
   3              		.fpu fpv4-sp-d16
   4              		.eabi_attribute 27, 1
   5              		.eabi_attribute 28, 1
   6              		.eabi_attribute 20, 1
   7              		.eabi_attribute 21, 1
   8              		.eabi_attribute 23, 3
   9              		.eabi_attribute 24, 1
  10              		.eabi_attribute 25, 1
  11              		.eabi_attribute 26, 1
  12              		.eabi_attribute 30, 1
  13              		.eabi_attribute 34, 1
  14              		.eabi_attribute 18, 4
  15              		.file	"stm32f4xx_hal_msp.c"
  16              		.text
  17              		.section	.text.HAL_MspInit,"ax",%progbits
  18              		.align	1
  19              		.global	HAL_MspInit
  20              		.syntax unified
  21              		.thumb
  22              		.thumb_func
  24              	HAL_MspInit:
  25              		@ args = 0, pretend = 0, frame = 8
  26              		@ frame_needed = 0, uses_anonymous_args = 0
  27 0000 00B5     		push	{lr}
  28 0002 83B0     		sub	sp, sp, #12
  29 0004 0022     		movs	r2, #0
  30 0006 0092     		str	r2, [sp]
  31 0008 0D4B     		ldr	r3, .L3
  32 000a 596C     		ldr	r1, [r3, #68]
  33 000c 41F48041 		orr	r1, r1, #16384
  34 0010 5964     		str	r1, [r3, #68]
  35 0012 596C     		ldr	r1, [r3, #68]
  36 0014 01F48041 		and	r1, r1, #16384
  37 0018 0091     		str	r1, [sp]
  38 001a 0099     		ldr	r1, [sp]
  39 001c 0192     		str	r2, [sp, #4]
  40 001e 196C     		ldr	r1, [r3, #64]
  41 0020 41F08051 		orr	r1, r1, #268435456
  42 0024 1964     		str	r1, [r3, #64]
  43 0026 1B6C     		ldr	r3, [r3, #64]
  44 0028 03F08053 		and	r3, r3, #268435456
  45 002c 0193     		str	r3, [sp, #4]
  46 002e 019B     		ldr	r3, [sp, #4]
  47 0030 0F21     		movs	r1, #15
  48 0032 6FF00100 		mvn	r0, #1
  49 0036 FFF7FEFF 		bl	HAL_NVIC_SetPriority
  50 003a 03B0     		add	sp, sp, #12
  51              		@ sp needed
  52 003c 00BD     		pop	{pc}
  53              	.L4:
  54 003e 00BF     		.align	2
  55              	.L3:
  56 0040 00380240 		.word	1073887232
  58              		.section	.text.HAL_I2C_MspInit,"ax",%progbits
  59              		.align	1
ARM GAS  /var/folders/kf/d797ysj14bb1pb7szkr3jbx80000gn/T//cc4HYIM5.s 			page 2


  60              		.global	HAL_I2C_MspInit
  61              		.syntax unified
  62              		.thumb
  63              		.thumb_func
  65              	HAL_I2C_MspInit:
  66              		@ args = 0, pretend = 0, frame = 32
  67              		@ frame_needed = 0, uses_anonymous_args = 0
  68 0000 30B5     		push	{r4, r5, lr}
  69 0002 89B0     		sub	sp, sp, #36
  70 0004 0023     		movs	r3, #0
  71 0006 0393     		str	r3, [sp, #12]
  72 0008 0493     		str	r3, [sp, #16]
  73 000a 0593     		str	r3, [sp, #20]
  74 000c 0693     		str	r3, [sp, #24]
  75 000e 0793     		str	r3, [sp, #28]
  76 0010 0268     		ldr	r2, [r0]
  77 0012 144B     		ldr	r3, .L9
  78 0014 9A42     		cmp	r2, r3
  79 0016 01D0     		beq	.L8
  80              	.L5:
  81 0018 09B0     		add	sp, sp, #36
  82              		@ sp needed
  83 001a 30BD     		pop	{r4, r5, pc}
  84              	.L8:
  85 001c 0025     		movs	r5, #0
  86 001e 0195     		str	r5, [sp, #4]
  87 0020 114C     		ldr	r4, .L9+4
  88 0022 236B     		ldr	r3, [r4, #48]
  89 0024 43F00203 		orr	r3, r3, #2
  90 0028 2363     		str	r3, [r4, #48]
  91 002a 236B     		ldr	r3, [r4, #48]
  92 002c 03F00203 		and	r3, r3, #2
  93 0030 0193     		str	r3, [sp, #4]
  94 0032 019B     		ldr	r3, [sp, #4]
  95 0034 4FF41073 		mov	r3, #576
  96 0038 0393     		str	r3, [sp, #12]
  97 003a 1223     		movs	r3, #18
  98 003c 0493     		str	r3, [sp, #16]
  99 003e 0123     		movs	r3, #1
 100 0040 0593     		str	r3, [sp, #20]
 101 0042 0423     		movs	r3, #4
 102 0044 0793     		str	r3, [sp, #28]
 103 0046 03A9     		add	r1, sp, #12
 104 0048 0848     		ldr	r0, .L9+8
 105 004a FFF7FEFF 		bl	HAL_GPIO_Init
 106 004e 0295     		str	r5, [sp, #8]
 107 0050 236C     		ldr	r3, [r4, #64]
 108 0052 43F40013 		orr	r3, r3, #2097152
 109 0056 2364     		str	r3, [r4, #64]
 110 0058 236C     		ldr	r3, [r4, #64]
 111 005a 03F40013 		and	r3, r3, #2097152
 112 005e 0293     		str	r3, [sp, #8]
 113 0060 029B     		ldr	r3, [sp, #8]
 114 0062 D9E7     		b	.L5
 115              	.L10:
 116              		.align	2
 117              	.L9:
ARM GAS  /var/folders/kf/d797ysj14bb1pb7szkr3jbx80000gn/T//cc4HYIM5.s 			page 3


 118 0064 00540040 		.word	1073763328
 119 0068 00380240 		.word	1073887232
 120 006c 00040240 		.word	1073873920
 122              		.section	.text.HAL_I2C_MspDeInit,"ax",%progbits
 123              		.align	1
 124              		.global	HAL_I2C_MspDeInit
 125              		.syntax unified
 126              		.thumb
 127              		.thumb_func
 129              	HAL_I2C_MspDeInit:
 130              		@ args = 0, pretend = 0, frame = 0
 131              		@ frame_needed = 0, uses_anonymous_args = 0
 132 0000 08B5     		push	{r3, lr}
 133 0002 0268     		ldr	r2, [r0]
 134 0004 094B     		ldr	r3, .L15
 135 0006 9A42     		cmp	r2, r3
 136 0008 00D0     		beq	.L14
 137              	.L11:
 138 000a 08BD     		pop	{r3, pc}
 139              	.L14:
 140 000c 084A     		ldr	r2, .L15+4
 141 000e 136C     		ldr	r3, [r2, #64]
 142 0010 23F40013 		bic	r3, r3, #2097152
 143 0014 1364     		str	r3, [r2, #64]
 144 0016 4021     		movs	r1, #64
 145 0018 0648     		ldr	r0, .L15+8
 146 001a FFF7FEFF 		bl	HAL_GPIO_DeInit
 147 001e 4FF40071 		mov	r1, #512
 148 0022 0448     		ldr	r0, .L15+8
 149 0024 FFF7FEFF 		bl	HAL_GPIO_DeInit
 150 0028 EFE7     		b	.L11
 151              	.L16:
 152 002a 00BF     		.align	2
 153              	.L15:
 154 002c 00540040 		.word	1073763328
 155 0030 00380240 		.word	1073887232
 156 0034 00040240 		.word	1073873920
 158              		.section	.text.HAL_I2S_MspInit,"ax",%progbits
 159              		.align	1
 160              		.global	HAL_I2S_MspInit
 161              		.syntax unified
 162              		.thumb
 163              		.thumb_func
 165              	HAL_I2S_MspInit:
 166              		@ args = 0, pretend = 0, frame = 48
 167              		@ frame_needed = 0, uses_anonymous_args = 0
 168 0000 70B5     		push	{r4, r5, r6, lr}
 169 0002 8CB0     		sub	sp, sp, #48
 170 0004 0023     		movs	r3, #0
 171 0006 0793     		str	r3, [sp, #28]
 172 0008 0893     		str	r3, [sp, #32]
 173 000a 0993     		str	r3, [sp, #36]
 174 000c 0A93     		str	r3, [sp, #40]
 175 000e 0B93     		str	r3, [sp, #44]
 176 0010 0393     		str	r3, [sp, #12]
 177 0012 0493     		str	r3, [sp, #16]
 178 0014 0593     		str	r3, [sp, #20]
ARM GAS  /var/folders/kf/d797ysj14bb1pb7szkr3jbx80000gn/T//cc4HYIM5.s 			page 4


 179 0016 0693     		str	r3, [sp, #24]
 180 0018 0268     		ldr	r2, [r0]
 181 001a 2C4B     		ldr	r3, .L23
 182 001c 9A42     		cmp	r2, r3
 183 001e 01D0     		beq	.L21
 184              	.L17:
 185 0020 0CB0     		add	sp, sp, #48
 186              		@ sp needed
 187 0022 70BD     		pop	{r4, r5, r6, pc}
 188              	.L21:
 189 0024 0123     		movs	r3, #1
 190 0026 0393     		str	r3, [sp, #12]
 191 0028 C023     		movs	r3, #192
 192 002a 0493     		str	r3, [sp, #16]
 193 002c 0223     		movs	r3, #2
 194 002e 0593     		str	r3, [sp, #20]
 195 0030 03A8     		add	r0, sp, #12
 196 0032 FFF7FEFF 		bl	HAL_RCCEx_PeriphCLKConfig
 197 0036 0028     		cmp	r0, #0
 198 0038 44D1     		bne	.L22
 199              	.L19:
 200 003a 0021     		movs	r1, #0
 201 003c 0091     		str	r1, [sp]
 202 003e 244B     		ldr	r3, .L23+4
 203 0040 1A6C     		ldr	r2, [r3, #64]
 204 0042 42F40042 		orr	r2, r2, #32768
 205 0046 1A64     		str	r2, [r3, #64]
 206 0048 1A6C     		ldr	r2, [r3, #64]
 207 004a 02F40042 		and	r2, r2, #32768
 208 004e 0092     		str	r2, [sp]
 209 0050 009A     		ldr	r2, [sp]
 210 0052 0191     		str	r1, [sp, #4]
 211 0054 1A6B     		ldr	r2, [r3, #48]
 212 0056 42F00102 		orr	r2, r2, #1
 213 005a 1A63     		str	r2, [r3, #48]
 214 005c 1A6B     		ldr	r2, [r3, #48]
 215 005e 02F00102 		and	r2, r2, #1
 216 0062 0192     		str	r2, [sp, #4]
 217 0064 019A     		ldr	r2, [sp, #4]
 218 0066 0291     		str	r1, [sp, #8]
 219 0068 1A6B     		ldr	r2, [r3, #48]
 220 006a 42F00402 		orr	r2, r2, #4
 221 006e 1A63     		str	r2, [r3, #48]
 222 0070 1B6B     		ldr	r3, [r3, #48]
 223 0072 03F00403 		and	r3, r3, #4
 224 0076 0293     		str	r3, [sp, #8]
 225 0078 029B     		ldr	r3, [sp, #8]
 226 007a 1023     		movs	r3, #16
 227 007c 0793     		str	r3, [sp, #28]
 228 007e 0225     		movs	r5, #2
 229 0080 0895     		str	r5, [sp, #32]
 230 0082 0C46     		mov	r4, r1
 231 0084 0991     		str	r1, [sp, #36]
 232 0086 0A91     		str	r1, [sp, #40]
 233 0088 0626     		movs	r6, #6
 234 008a 0B96     		str	r6, [sp, #44]
 235 008c 07A9     		add	r1, sp, #28
ARM GAS  /var/folders/kf/d797ysj14bb1pb7szkr3jbx80000gn/T//cc4HYIM5.s 			page 5


 236 008e 1148     		ldr	r0, .L23+8
 237 0090 FFF7FEFF 		bl	HAL_GPIO_Init
 238 0094 4FF4A453 		mov	r3, #5248
 239 0098 0793     		str	r3, [sp, #28]
 240 009a 0895     		str	r5, [sp, #32]
 241 009c 0994     		str	r4, [sp, #36]
 242 009e 0A94     		str	r4, [sp, #40]
 243 00a0 0B96     		str	r6, [sp, #44]
 244 00a2 07A9     		add	r1, sp, #28
 245 00a4 0C48     		ldr	r0, .L23+12
 246 00a6 FFF7FEFF 		bl	HAL_GPIO_Init
 247 00aa 4FF40063 		mov	r3, #2048
 248 00ae 0793     		str	r3, [sp, #28]
 249 00b0 0895     		str	r5, [sp, #32]
 250 00b2 0994     		str	r4, [sp, #36]
 251 00b4 0A94     		str	r4, [sp, #40]
 252 00b6 0523     		movs	r3, #5
 253 00b8 0B93     		str	r3, [sp, #44]
 254 00ba 07A9     		add	r1, sp, #28
 255 00bc 0648     		ldr	r0, .L23+12
 256 00be FFF7FEFF 		bl	HAL_GPIO_Init
 257 00c2 ADE7     		b	.L17
 258              	.L22:
 259 00c4 FFF7FEFF 		bl	Error_Handler
 260 00c8 B7E7     		b	.L19
 261              	.L24:
 262 00ca 00BF     		.align	2
 263              	.L23:
 264 00cc 003C0040 		.word	1073757184
 265 00d0 00380240 		.word	1073887232
 266 00d4 00000240 		.word	1073872896
 267 00d8 00080240 		.word	1073874944
 269              		.section	.text.HAL_I2S_MspDeInit,"ax",%progbits
 270              		.align	1
 271              		.global	HAL_I2S_MspDeInit
 272              		.syntax unified
 273              		.thumb
 274              		.thumb_func
 276              	HAL_I2S_MspDeInit:
 277              		@ args = 0, pretend = 0, frame = 0
 278              		@ frame_needed = 0, uses_anonymous_args = 0
 279 0000 08B5     		push	{r3, lr}
 280 0002 0268     		ldr	r2, [r0]
 281 0004 094B     		ldr	r3, .L29
 282 0006 9A42     		cmp	r2, r3
 283 0008 00D0     		beq	.L28
 284              	.L25:
 285 000a 08BD     		pop	{r3, pc}
 286              	.L28:
 287 000c 084A     		ldr	r2, .L29+4
 288 000e 136C     		ldr	r3, [r2, #64]
 289 0010 23F40043 		bic	r3, r3, #32768
 290 0014 1364     		str	r3, [r2, #64]
 291 0016 1021     		movs	r1, #16
 292 0018 0648     		ldr	r0, .L29+8
 293 001a FFF7FEFF 		bl	HAL_GPIO_DeInit
 294 001e 4FF4E451 		mov	r1, #7296
ARM GAS  /var/folders/kf/d797ysj14bb1pb7szkr3jbx80000gn/T//cc4HYIM5.s 			page 6


 295 0022 0548     		ldr	r0, .L29+12
 296 0024 FFF7FEFF 		bl	HAL_GPIO_DeInit
 297 0028 EFE7     		b	.L25
 298              	.L30:
 299 002a 00BF     		.align	2
 300              	.L29:
 301 002c 003C0040 		.word	1073757184
 302 0030 00380240 		.word	1073887232
 303 0034 00000240 		.word	1073872896
 304 0038 00080240 		.word	1073874944
 306              		.section	.text.HAL_SPI_MspInit,"ax",%progbits
 307              		.align	1
 308              		.global	HAL_SPI_MspInit
 309              		.syntax unified
 310              		.thumb
 311              		.thumb_func
 313              	HAL_SPI_MspInit:
 314              		@ args = 0, pretend = 0, frame = 40
 315              		@ frame_needed = 0, uses_anonymous_args = 0
 316 0000 2DE9F041 		push	{r4, r5, r6, r7, r8, lr}
 317 0004 8AB0     		sub	sp, sp, #40
 318 0006 8046     		mov	r8, r0
 319 0008 0023     		movs	r3, #0
 320 000a 0593     		str	r3, [sp, #20]
 321 000c 0693     		str	r3, [sp, #24]
 322 000e 0793     		str	r3, [sp, #28]
 323 0010 0893     		str	r3, [sp, #32]
 324 0012 0993     		str	r3, [sp, #36]
 325 0014 0368     		ldr	r3, [r0]
 326 0016 594A     		ldr	r2, .L41
 327 0018 9342     		cmp	r3, r2
 328 001a 05D0     		beq	.L37
 329 001c 584A     		ldr	r2, .L41+4
 330 001e 9342     		cmp	r3, r2
 331 0020 52D0     		beq	.L38
 332              	.L31:
 333 0022 0AB0     		add	sp, sp, #40
 334              		@ sp needed
 335 0024 BDE8F081 		pop	{r4, r5, r6, r7, r8, pc}
 336              	.L37:
 337 0028 0024     		movs	r4, #0
 338 002a 0094     		str	r4, [sp]
 339 002c 554B     		ldr	r3, .L41+8
 340 002e 5A6C     		ldr	r2, [r3, #68]
 341 0030 42F48052 		orr	r2, r2, #4096
 342 0034 5A64     		str	r2, [r3, #68]
 343 0036 5A6C     		ldr	r2, [r3, #68]
 344 0038 02F48052 		and	r2, r2, #4096
 345 003c 0092     		str	r2, [sp]
 346 003e 009A     		ldr	r2, [sp]
 347 0040 0194     		str	r4, [sp, #4]
 348 0042 1A6B     		ldr	r2, [r3, #48]
 349 0044 42F00102 		orr	r2, r2, #1
 350 0048 1A63     		str	r2, [r3, #48]
 351 004a 1B6B     		ldr	r3, [r3, #48]
 352 004c 03F00103 		and	r3, r3, #1
 353 0050 0193     		str	r3, [sp, #4]
ARM GAS  /var/folders/kf/d797ysj14bb1pb7szkr3jbx80000gn/T//cc4HYIM5.s 			page 7


 354 0052 019B     		ldr	r3, [sp, #4]
 355 0054 E023     		movs	r3, #224
 356 0056 0593     		str	r3, [sp, #20]
 357 0058 0225     		movs	r5, #2
 358 005a 0695     		str	r5, [sp, #24]
 359 005c 0526     		movs	r6, #5
 360 005e 0996     		str	r6, [sp, #36]
 361 0060 05A9     		add	r1, sp, #20
 362 0062 4948     		ldr	r0, .L41+12
 363 0064 FFF7FEFF 		bl	HAL_GPIO_Init
 364 0068 4FF40043 		mov	r3, #32768
 365 006c 0593     		str	r3, [sp, #20]
 366 006e 0695     		str	r5, [sp, #24]
 367 0070 0794     		str	r4, [sp, #28]
 368 0072 0323     		movs	r3, #3
 369 0074 0893     		str	r3, [sp, #32]
 370 0076 0996     		str	r6, [sp, #36]
 371 0078 05A9     		add	r1, sp, #20
 372 007a 4348     		ldr	r0, .L41+12
 373 007c FFF7FEFF 		bl	HAL_GPIO_Init
 374 0080 4248     		ldr	r0, .L41+16
 375 0082 434B     		ldr	r3, .L41+20
 376 0084 0360     		str	r3, [r0]
 377 0086 4FF0C063 		mov	r3, #100663296
 378 008a 4360     		str	r3, [r0, #4]
 379 008c 8460     		str	r4, [r0, #8]
 380 008e C460     		str	r4, [r0, #12]
 381 0090 4FF48063 		mov	r3, #1024
 382 0094 0361     		str	r3, [r0, #16]
 383 0096 4461     		str	r4, [r0, #20]
 384 0098 8461     		str	r4, [r0, #24]
 385 009a C461     		str	r4, [r0, #28]
 386 009c 0462     		str	r4, [r0, #32]
 387 009e 4462     		str	r4, [r0, #36]
 388 00a0 FFF7FEFF 		bl	HAL_DMA_Init
 389 00a4 68B9     		cbnz	r0, .L39
 390              	.L33:
 391 00a6 394B     		ldr	r3, .L41+16
 392 00a8 C8F84C30 		str	r3, [r8, #76]
 393 00ac C3F83880 		str	r8, [r3, #56]
 394 00b0 0022     		movs	r2, #0
 395 00b2 0521     		movs	r1, #5
 396 00b4 2320     		movs	r0, #35
 397 00b6 FFF7FEFF 		bl	HAL_NVIC_SetPriority
 398 00ba 2320     		movs	r0, #35
 399 00bc FFF7FEFF 		bl	HAL_NVIC_EnableIRQ
 400 00c0 AFE7     		b	.L31
 401              	.L39:
 402 00c2 FFF7FEFF 		bl	Error_Handler
 403 00c6 EEE7     		b	.L33
 404              	.L38:
 405 00c8 0024     		movs	r4, #0
 406 00ca 0294     		str	r4, [sp, #8]
 407 00cc 2D4B     		ldr	r3, .L41+8
 408 00ce 1A6C     		ldr	r2, [r3, #64]
 409 00d0 42F48042 		orr	r2, r2, #16384
 410 00d4 1A64     		str	r2, [r3, #64]
ARM GAS  /var/folders/kf/d797ysj14bb1pb7szkr3jbx80000gn/T//cc4HYIM5.s 			page 8


 411 00d6 1A6C     		ldr	r2, [r3, #64]
 412 00d8 02F48042 		and	r2, r2, #16384
 413 00dc 0292     		str	r2, [sp, #8]
 414 00de 029A     		ldr	r2, [sp, #8]
 415 00e0 0394     		str	r4, [sp, #12]
 416 00e2 1A6B     		ldr	r2, [r3, #48]
 417 00e4 42F00402 		orr	r2, r2, #4
 418 00e8 1A63     		str	r2, [r3, #48]
 419 00ea 1A6B     		ldr	r2, [r3, #48]
 420 00ec 02F00402 		and	r2, r2, #4
 421 00f0 0392     		str	r2, [sp, #12]
 422 00f2 039A     		ldr	r2, [sp, #12]
 423 00f4 0494     		str	r4, [sp, #16]
 424 00f6 1A6B     		ldr	r2, [r3, #48]
 425 00f8 42F00202 		orr	r2, r2, #2
 426 00fc 1A63     		str	r2, [r3, #48]
 427 00fe 1B6B     		ldr	r3, [r3, #48]
 428 0100 03F00203 		and	r3, r3, #2
 429 0104 0493     		str	r3, [sp, #16]
 430 0106 049B     		ldr	r3, [sp, #16]
 431 0108 0423     		movs	r3, #4
 432 010a 0593     		str	r3, [sp, #20]
 433 010c 0225     		movs	r5, #2
 434 010e 0695     		str	r5, [sp, #24]
 435 0110 0326     		movs	r6, #3
 436 0112 0896     		str	r6, [sp, #32]
 437 0114 0527     		movs	r7, #5
 438 0116 0997     		str	r7, [sp, #36]
 439 0118 05A9     		add	r1, sp, #20
 440 011a 1E48     		ldr	r0, .L41+24
 441 011c FFF7FEFF 		bl	HAL_GPIO_Init
 442 0120 4FF43043 		mov	r3, #45056
 443 0124 0593     		str	r3, [sp, #20]
 444 0126 0695     		str	r5, [sp, #24]
 445 0128 0794     		str	r4, [sp, #28]
 446 012a 0896     		str	r6, [sp, #32]
 447 012c 0997     		str	r7, [sp, #36]
 448 012e 05A9     		add	r1, sp, #20
 449 0130 1948     		ldr	r0, .L41+28
 450 0132 FFF7FEFF 		bl	HAL_GPIO_Init
 451 0136 1948     		ldr	r0, .L41+32
 452 0138 194B     		ldr	r3, .L41+36
 453 013a 0360     		str	r3, [r0]
 454 013c 4460     		str	r4, [r0, #4]
 455 013e 8460     		str	r4, [r0, #8]
 456 0140 C460     		str	r4, [r0, #12]
 457 0142 4FF48063 		mov	r3, #1024
 458 0146 0361     		str	r3, [r0, #16]
 459 0148 4461     		str	r4, [r0, #20]
 460 014a 8461     		str	r4, [r0, #24]
 461 014c C461     		str	r4, [r0, #28]
 462 014e 0462     		str	r4, [r0, #32]
 463 0150 4462     		str	r4, [r0, #36]
 464 0152 FFF7FEFF 		bl	HAL_DMA_Init
 465 0156 68B9     		cbnz	r0, .L40
 466              	.L35:
 467 0158 104B     		ldr	r3, .L41+32
ARM GAS  /var/folders/kf/d797ysj14bb1pb7szkr3jbx80000gn/T//cc4HYIM5.s 			page 9


 468 015a C8F84C30 		str	r3, [r8, #76]
 469 015e C3F83880 		str	r8, [r3, #56]
 470 0162 0022     		movs	r2, #0
 471 0164 0521     		movs	r1, #5
 472 0166 2420     		movs	r0, #36
 473 0168 FFF7FEFF 		bl	HAL_NVIC_SetPriority
 474 016c 2420     		movs	r0, #36
 475 016e FFF7FEFF 		bl	HAL_NVIC_EnableIRQ
 476 0172 56E7     		b	.L31
 477              	.L40:
 478 0174 FFF7FEFF 		bl	Error_Handler
 479 0178 EEE7     		b	.L35
 480              	.L42:
 481 017a 00BF     		.align	2
 482              	.L41:
 483 017c 00300140 		.word	1073819648
 484 0180 00380040 		.word	1073756160
 485 0184 00380240 		.word	1073887232
 486 0188 00000240 		.word	1073872896
 487 018c 00000000 		.word	hdma_spi1_rx
 488 0190 10640240 		.word	1073898512
 489 0194 00080240 		.word	1073874944
 490 0198 00040240 		.word	1073873920
 491 019c 00000000 		.word	hdma_spi2_rx
 492 01a0 58600240 		.word	1073897560
 494              		.section	.text.HAL_SPI_MspDeInit,"ax",%progbits
 495              		.align	1
 496              		.global	HAL_SPI_MspDeInit
 497              		.syntax unified
 498              		.thumb
 499              		.thumb_func
 501              	HAL_SPI_MspDeInit:
 502              		@ args = 0, pretend = 0, frame = 0
 503              		@ frame_needed = 0, uses_anonymous_args = 0
 504 0000 10B5     		push	{r4, lr}
 505 0002 0446     		mov	r4, r0
 506 0004 0368     		ldr	r3, [r0]
 507 0006 174A     		ldr	r2, .L49
 508 0008 9342     		cmp	r3, r2
 509 000a 03D0     		beq	.L47
 510 000c 164A     		ldr	r2, .L49+4
 511 000e 9342     		cmp	r3, r2
 512 0010 12D0     		beq	.L48
 513              	.L43:
 514 0012 10BD     		pop	{r4, pc}
 515              	.L47:
 516 0014 02F58432 		add	r2, r2, #67584
 517 0018 536C     		ldr	r3, [r2, #68]
 518 001a 23F48053 		bic	r3, r3, #4096
 519 001e 5364     		str	r3, [r2, #68]
 520 0020 48F2E001 		movw	r1, #32992
 521 0024 1148     		ldr	r0, .L49+8
 522 0026 FFF7FEFF 		bl	HAL_GPIO_DeInit
 523 002a E06C     		ldr	r0, [r4, #76]
 524 002c FFF7FEFF 		bl	HAL_DMA_DeInit
 525 0030 2320     		movs	r0, #35
 526 0032 FFF7FEFF 		bl	HAL_NVIC_DisableIRQ
ARM GAS  /var/folders/kf/d797ysj14bb1pb7szkr3jbx80000gn/T//cc4HYIM5.s 			page 10


 527 0036 ECE7     		b	.L43
 528              	.L48:
 529 0038 02F50032 		add	r2, r2, #131072
 530 003c 136C     		ldr	r3, [r2, #64]
 531 003e 23F48043 		bic	r3, r3, #16384
 532 0042 1364     		str	r3, [r2, #64]
 533 0044 0421     		movs	r1, #4
 534 0046 0A48     		ldr	r0, .L49+12
 535 0048 FFF7FEFF 		bl	HAL_GPIO_DeInit
 536 004c 4FF43041 		mov	r1, #45056
 537 0050 0848     		ldr	r0, .L49+16
 538 0052 FFF7FEFF 		bl	HAL_GPIO_DeInit
 539 0056 E06C     		ldr	r0, [r4, #76]
 540 0058 FFF7FEFF 		bl	HAL_DMA_DeInit
 541 005c 2420     		movs	r0, #36
 542 005e FFF7FEFF 		bl	HAL_NVIC_DisableIRQ
 543 0062 D6E7     		b	.L43
 544              	.L50:
 545              		.align	2
 546              	.L49:
 547 0064 00300140 		.word	1073819648
 548 0068 00380040 		.word	1073756160
 549 006c 00000240 		.word	1073872896
 550 0070 00080240 		.word	1073874944
 551 0074 00040240 		.word	1073873920
 553              		.ident	"GCC: (xPack GNU Arm Embedded GCC arm64) 15.2.1 20251203"
ARM GAS  /var/folders/kf/d797ysj14bb1pb7szkr3jbx80000gn/T//cc4HYIM5.s 			page 11


DEFINED SYMBOLS
                            *ABS*:00000000 stm32f4xx_hal_msp.c
/var/folders/kf/d797ysj14bb1pb7szkr3jbx80000gn/T//cc4HYIM5.s:18     .text.HAL_MspInit:00000000 $t
/var/folders/kf/d797ysj14bb1pb7szkr3jbx80000gn/T//cc4HYIM5.s:24     .text.HAL_MspInit:00000000 HAL_MspInit
/var/folders/kf/d797ysj14bb1pb7szkr3jbx80000gn/T//cc4HYIM5.s:56     .text.HAL_MspInit:00000040 $d
/var/folders/kf/d797ysj14bb1pb7szkr3jbx80000gn/T//cc4HYIM5.s:59     .text.HAL_I2C_MspInit:00000000 $t
/var/folders/kf/d797ysj14bb1pb7szkr3jbx80000gn/T//cc4HYIM5.s:65     .text.HAL_I2C_MspInit:00000000 HAL_I2C_MspInit
/var/folders/kf/d797ysj14bb1pb7szkr3jbx80000gn/T//cc4HYIM5.s:118    .text.HAL_I2C_MspInit:00000064 $d
/var/folders/kf/d797ysj14bb1pb7szkr3jbx80000gn/T//cc4HYIM5.s:123    .text.HAL_I2C_MspDeInit:00000000 $t
/var/folders/kf/d797ysj14bb1pb7szkr3jbx80000gn/T//cc4HYIM5.s:129    .text.HAL_I2C_MspDeInit:00000000 HAL_I2C_MspDeInit
/var/folders/kf/d797ysj14bb1pb7szkr3jbx80000gn/T//cc4HYIM5.s:154    .text.HAL_I2C_MspDeInit:0000002c $d
/var/folders/kf/d797ysj14bb1pb7szkr3jbx80000gn/T//cc4HYIM5.s:159    .text.HAL_I2S_MspInit:00000000 $t
/var/folders/kf/d797ysj14bb1pb7szkr3jbx80000gn/T//cc4HYIM5.s:165    .text.HAL_I2S_MspInit:00000000 HAL_I2S_MspInit
/var/folders/kf/d797ysj14bb1pb7szkr3jbx80000gn/T//cc4HYIM5.s:264    .text.HAL_I2S_MspInit:000000cc $d
/var/folders/kf/d797ysj14bb1pb7szkr3jbx80000gn/T//cc4HYIM5.s:270    .text.HAL_I2S_MspDeInit:00000000 $t
/var/folders/kf/d797ysj14bb1pb7szkr3jbx80000gn/T//cc4HYIM5.s:276    .text.HAL_I2S_MspDeInit:00000000 HAL_I2S_MspDeInit
/var/folders/kf/d797ysj14bb1pb7szkr3jbx80000gn/T//cc4HYIM5.s:301    .text.HAL_I2S_MspDeInit:0000002c $d
/var/folders/kf/d797ysj14bb1pb7szkr3jbx80000gn/T//cc4HYIM5.s:307    .text.HAL_SPI_MspInit:00000000 $t
/var/folders/kf/d797ysj14bb1pb7szkr3jbx80000gn/T//cc4HYIM5.s:313    .text.HAL_SPI_MspInit:00000000 HAL_SPI_MspInit
/var/folders/kf/d797ysj14bb1pb7szkr3jbx80000gn/T//cc4HYIM5.s:483    .text.HAL_SPI_MspInit:0000017c $d
/var/folders/kf/d797ysj14bb1pb7szkr3jbx80000gn/T//cc4HYIM5.s:495    .text.HAL_SPI_MspDeInit:00000000 $t
/var/folders/kf/d797ysj14bb1pb7szkr3jbx80000gn/T//cc4HYIM5.s:501    .text.HAL_SPI_MspDeInit:00000000 HAL_SPI_MspDeInit
/var/folders/kf/d797ysj14bb1pb7szkr3jbx80000gn/T//cc4HYIM5.s:547    .text.HAL_SPI_MspDeInit:00000064 $d

UNDEFINED SYMBOLS
HAL_NVIC_SetPriority
HAL_GPIO_Init
HAL_GPIO_DeInit
HAL_RCCEx_PeriphCLKConfig
Error_Handler
HAL_DMA_Init
HAL_NVIC_EnableIRQ
hdma_spi1_rx
hdma_spi2_rx
HAL_DMA_DeInit
HAL_NVIC_DisableIRQ
