ARM GAS  /var/folders/kf/d797ysj14bb1pb7szkr3jbx80000gn/T//ccxCvrA3.s 			page 1


   1              		.cpu cortex-m4
   2              		.arch armv7e-m
   3              		.fpu fpv4-sp-d16
   4              		.eabi_attribute 27, 1
   5              		.eabi_attribute 28, 1
   6              		.eabi_attribute 20, 1
   7              		.eabi_attribute 21, 1
   8              		.eabi_attribute 23, 3
   9              		.eabi_attribute 24, 1
  10              		.eabi_attribute 25, 1
  11              		.eabi_attribute 26, 1
  12              		.eabi_attribute 30, 1
  13              		.eabi_attribute 34, 1
  14              		.eabi_attribute 18, 4
  15              		.file	"stm32f4xx_hal_gpio.c"
  16              		.text
  17              		.section	.text.HAL_GPIO_Init,"ax",%progbits
  18              		.align	1
  19              		.global	HAL_GPIO_Init
  20              		.syntax unified
  21              		.thumb
  22              		.thumb_func
  24              	HAL_GPIO_Init:
  25              		@ args = 0, pretend = 0, frame = 8
  26              		@ frame_needed = 0, uses_anonymous_args = 0
  27 0000 70B5     		push	{r4, r5, r6, lr}
  28 0002 82B0     		sub	sp, sp, #8
  29 0004 8E46     		mov	lr, r1
  30 0006 0023     		movs	r3, #0
  31 0008 69E0     		b	.L2
  32              	.L23:
  33 000a 8568     		ldr	r5, [r0, #8]
  34 000c 4FEA430C 		lsl	ip, r3, #1
  35 0010 0321     		movs	r1, #3
  36 0012 01FA0CF1 		lsl	r1, r1, ip
  37 0016 25EA0105 		bic	r5, r5, r1
  38 001a DEF80C10 		ldr	r1, [lr, #12]
  39 001e 01FA0CF1 		lsl	r1, r1, ip
  40 0022 2943     		orrs	r1, r1, r5
  41 0024 8160     		str	r1, [r0, #8]
  42 0026 4168     		ldr	r1, [r0, #4]
  43 0028 21EA0201 		bic	r1, r1, r2
  44 002c DEF80420 		ldr	r2, [lr, #4]
  45 0030 C2F30012 		ubfx	r2, r2, #4, #1
  46 0034 9A40     		lsls	r2, r2, r3
  47 0036 0A43     		orrs	r2, r2, r1
  48 0038 4260     		str	r2, [r0, #4]
  49 003a 65E0     		b	.L4
  50              	.L24:
  51 003c D908     		lsrs	r1, r3, #3
  52 003e 0831     		adds	r1, r1, #8
  53 0040 50F82120 		ldr	r2, [r0, r1, lsl #2]
  54 0044 03F00705 		and	r5, r3, #7
  55 0048 AD00     		lsls	r5, r5, #2
  56 004a 4FF00F0C 		mov	ip, #15
  57 004e 0CFA05FC 		lsl	ip, ip, r5
  58 0052 22EA0C0C 		bic	ip, r2, ip
ARM GAS  /var/folders/kf/d797ysj14bb1pb7szkr3jbx80000gn/T//ccxCvrA3.s 			page 2


  59 0056 DEF81020 		ldr	r2, [lr, #16]
  60 005a AA40     		lsls	r2, r2, r5
  61 005c 42EA0C02 		orr	r2, r2, ip
  62 0060 40F82120 		str	r2, [r0, r1, lsl #2]
  63 0064 67E0     		b	.L6
  64              	.L25:
  65 0066 0722     		movs	r2, #7
  66 0068 00E0     		b	.L7
  67              	.L13:
  68 006a 0022     		movs	r2, #0
  69              	.L7:
  70 006c 02FA0CF2 		lsl	r2, r2, ip
  71 0070 2A43     		orrs	r2, r2, r5
  72 0072 0231     		adds	r1, r1, #2
  73 0074 604D     		ldr	r5, .L26
  74 0076 45F82120 		str	r2, [r5, r1, lsl #2]
  75 007a 604A     		ldr	r2, .L26+4
  76 007c 9168     		ldr	r1, [r2, #8]
  77 007e E243     		mvns	r2, r4
  78 0080 21EA0405 		bic	r5, r1, r4
  79 0084 DEF80460 		ldr	r6, [lr, #4]
  80 0088 16F4801F 		tst	r6, #1048576
  81 008c 01D0     		beq	.L8
  82 008e 44EA0105 		orr	r5, r4, r1
  83              	.L8:
  84 0092 5A49     		ldr	r1, .L26+4
  85 0094 8D60     		str	r5, [r1, #8]
  86 0096 C968     		ldr	r1, [r1, #12]
  87 0098 02EA0105 		and	r5, r2, r1
  88 009c DEF80460 		ldr	r6, [lr, #4]
  89 00a0 16F4001F 		tst	r6, #2097152
  90 00a4 01D0     		beq	.L9
  91 00a6 44EA0105 		orr	r5, r4, r1
  92              	.L9:
  93 00aa 5449     		ldr	r1, .L26+4
  94 00ac CD60     		str	r5, [r1, #12]
  95 00ae 4968     		ldr	r1, [r1, #4]
  96 00b0 02EA0105 		and	r5, r2, r1
  97 00b4 DEF80460 		ldr	r6, [lr, #4]
  98 00b8 16F4003F 		tst	r6, #131072
  99 00bc 01D0     		beq	.L10
 100 00be 44EA0105 		orr	r5, r4, r1
 101              	.L10:
 102 00c2 4E49     		ldr	r1, .L26+4
 103 00c4 4D60     		str	r5, [r1, #4]
 104 00c6 0968     		ldr	r1, [r1]
 105 00c8 0A40     		ands	r2, r2, r1
 106 00ca DEF80450 		ldr	r5, [lr, #4]
 107 00ce 15F4803F 		tst	r5, #65536
 108 00d2 01D0     		beq	.L11
 109 00d4 44EA0102 		orr	r2, r4, r1
 110              	.L11:
 111 00d8 4849     		ldr	r1, .L26+4
 112 00da 0A60     		str	r2, [r1]
 113              	.L3:
 114 00dc 0133     		adds	r3, r3, #1
 115              	.L2:
ARM GAS  /var/folders/kf/d797ysj14bb1pb7szkr3jbx80000gn/T//ccxCvrA3.s 			page 3


 116 00de 0F2B     		cmp	r3, #15
 117 00e0 00F28780 		bhi	.L22
 118 00e4 0122     		movs	r2, #1
 119 00e6 9A40     		lsls	r2, r2, r3
 120 00e8 DEF80010 		ldr	r1, [lr]
 121 00ec 01EA0204 		and	r4, r1, r2
 122 00f0 32EA0101 		bics	r1, r2, r1
 123 00f4 F2D1     		bne	.L3
 124 00f6 DEF80410 		ldr	r1, [lr, #4]
 125 00fa 01F0030C 		and	ip, r1, #3
 126 00fe 0CF1FF3C 		add	ip, ip, #-1
 127 0102 BCF1010F 		cmp	ip, #1
 128 0106 80D9     		bls	.L23
 129              	.L4:
 130 0108 DEF80420 		ldr	r2, [lr, #4]
 131 010c 02F00302 		and	r2, r2, #3
 132 0110 032A     		cmp	r2, #3
 133 0112 0AD0     		beq	.L5
 134 0114 C168     		ldr	r1, [r0, #12]
 135 0116 5D00     		lsls	r5, r3, #1
 136 0118 0322     		movs	r2, #3
 137 011a AA40     		lsls	r2, r2, r5
 138 011c 21EA0201 		bic	r1, r1, r2
 139 0120 DEF80820 		ldr	r2, [lr, #8]
 140 0124 AA40     		lsls	r2, r2, r5
 141 0126 0A43     		orrs	r2, r2, r1
 142 0128 C260     		str	r2, [r0, #12]
 143              	.L5:
 144 012a DEF80420 		ldr	r2, [lr, #4]
 145 012e 02F00302 		and	r2, r2, #3
 146 0132 022A     		cmp	r2, #2
 147 0134 82D0     		beq	.L24
 148              	.L6:
 149 0136 0168     		ldr	r1, [r0]
 150 0138 4FEA430C 		lsl	ip, r3, #1
 151 013c 0322     		movs	r2, #3
 152 013e 02FA0CF2 		lsl	r2, r2, ip
 153 0142 21EA0201 		bic	r1, r1, r2
 154 0146 DEF80420 		ldr	r2, [lr, #4]
 155 014a 02F00302 		and	r2, r2, #3
 156 014e 02FA0CF2 		lsl	r2, r2, ip
 157 0152 0A43     		orrs	r2, r2, r1
 158 0154 0260     		str	r2, [r0]
 159 0156 DEF80420 		ldr	r2, [lr, #4]
 160 015a 12F4403F 		tst	r2, #196608
 161 015e BDD0     		beq	.L3
 162 0160 0022     		movs	r2, #0
 163 0162 0192     		str	r2, [sp, #4]
 164 0164 264A     		ldr	r2, .L26+8
 165 0166 516C     		ldr	r1, [r2, #68]
 166 0168 41F48041 		orr	r1, r1, #16384
 167 016c 5164     		str	r1, [r2, #68]
 168 016e 526C     		ldr	r2, [r2, #68]
 169 0170 02F48042 		and	r2, r2, #16384
 170 0174 0192     		str	r2, [sp, #4]
 171 0176 019A     		ldr	r2, [sp, #4]
 172 0178 9908     		lsrs	r1, r3, #2
ARM GAS  /var/folders/kf/d797ysj14bb1pb7szkr3jbx80000gn/T//ccxCvrA3.s 			page 4


 173 017a 8D1C     		adds	r5, r1, #2
 174 017c 1E4A     		ldr	r2, .L26
 175 017e 52F82550 		ldr	r5, [r2, r5, lsl #2]
 176 0182 03F0030C 		and	ip, r3, #3
 177 0186 4FEA8C0C 		lsl	ip, ip, #2
 178 018a 0F22     		movs	r2, #15
 179 018c 02FA0CF2 		lsl	r2, r2, ip
 180 0190 25EA0205 		bic	r5, r5, r2
 181 0194 1B4A     		ldr	r2, .L26+12
 182 0196 9042     		cmp	r0, r2
 183 0198 3FF467AF 		beq	.L13
 184 019c 02F58062 		add	r2, r2, #1024
 185 01a0 9042     		cmp	r0, r2
 186 01a2 1AD0     		beq	.L14
 187 01a4 02F58062 		add	r2, r2, #1024
 188 01a8 9042     		cmp	r0, r2
 189 01aa 18D0     		beq	.L15
 190 01ac 02F58062 		add	r2, r2, #1024
 191 01b0 9042     		cmp	r0, r2
 192 01b2 16D0     		beq	.L16
 193 01b4 02F58062 		add	r2, r2, #1024
 194 01b8 9042     		cmp	r0, r2
 195 01ba 14D0     		beq	.L17
 196 01bc 02F58062 		add	r2, r2, #1024
 197 01c0 9042     		cmp	r0, r2
 198 01c2 12D0     		beq	.L18
 199 01c4 02F58062 		add	r2, r2, #1024
 200 01c8 9042     		cmp	r0, r2
 201 01ca 10D0     		beq	.L19
 202 01cc 02F58062 		add	r2, r2, #1024
 203 01d0 9042     		cmp	r0, r2
 204 01d2 3FF448AF 		beq	.L25
 205 01d6 0822     		movs	r2, #8
 206 01d8 48E7     		b	.L7
 207              	.L14:
 208 01da 0122     		movs	r2, #1
 209 01dc 46E7     		b	.L7
 210              	.L15:
 211 01de 0222     		movs	r2, #2
 212 01e0 44E7     		b	.L7
 213              	.L16:
 214 01e2 0322     		movs	r2, #3
 215 01e4 42E7     		b	.L7
 216              	.L17:
 217 01e6 0422     		movs	r2, #4
 218 01e8 40E7     		b	.L7
 219              	.L18:
 220 01ea 0522     		movs	r2, #5
 221 01ec 3EE7     		b	.L7
 222              	.L19:
 223 01ee 0622     		movs	r2, #6
 224 01f0 3CE7     		b	.L7
 225              	.L22:
 226 01f2 02B0     		add	sp, sp, #8
 227              		@ sp needed
 228 01f4 70BD     		pop	{r4, r5, r6, pc}
 229              	.L27:
ARM GAS  /var/folders/kf/d797ysj14bb1pb7szkr3jbx80000gn/T//ccxCvrA3.s 			page 5


 230 01f6 00BF     		.align	2
 231              	.L26:
 232 01f8 00380140 		.word	1073821696
 233 01fc 003C0140 		.word	1073822720
 234 0200 00380240 		.word	1073887232
 235 0204 00000240 		.word	1073872896
 237              		.section	.text.HAL_GPIO_DeInit,"ax",%progbits
 238              		.align	1
 239              		.global	HAL_GPIO_DeInit
 240              		.syntax unified
 241              		.thumb
 242              		.thumb_func
 244              	HAL_GPIO_DeInit:
 245              		@ args = 0, pretend = 0, frame = 0
 246              		@ frame_needed = 0, uses_anonymous_args = 0
 247 0000 0023     		movs	r3, #0
 248 0002 0F2B     		cmp	r3, #15
 249 0004 00F28F80 		bhi	.L45
 250 0008 F0B5     		push	{r4, r5, r6, r7, lr}
 251 000a 2DE0     		b	.L33
 252              	.L48:
 253 000c 0725     		movs	r5, #7
 254 000e 00E0     		b	.L31
 255              	.L34:
 256 0010 0025     		movs	r5, #0
 257              	.L31:
 258 0012 05FA0CF5 		lsl	r5, r5, ip
 259 0016 A542     		cmp	r5, r4
 260 0018 69D0     		beq	.L46
 261              	.L32:
 262 001a 0468     		ldr	r4, [r0]
 263 001c 5D00     		lsls	r5, r3, #1
 264 001e 4FF0030C 		mov	ip, #3
 265 0022 0CFA05FC 		lsl	ip, ip, r5
 266 0026 24EA0C04 		bic	r4, r4, ip
 267 002a 0460     		str	r4, [r0]
 268 002c 4FEAD30E 		lsr	lr, r3, #3
 269 0030 0EF1080E 		add	lr, lr, #8
 270 0034 50F82E40 		ldr	r4, [r0, lr, lsl #2]
 271 0038 03F00706 		and	r6, r3, #7
 272 003c B600     		lsls	r6, r6, #2
 273 003e 0F25     		movs	r5, #15
 274 0040 B540     		lsls	r5, r5, r6
 275 0042 24EA0504 		bic	r4, r4, r5
 276 0046 40F82E40 		str	r4, [r0, lr, lsl #2]
 277 004a C468     		ldr	r4, [r0, #12]
 278 004c 24EA0C04 		bic	r4, r4, ip
 279 0050 C460     		str	r4, [r0, #12]
 280 0052 4468     		ldr	r4, [r0, #4]
 281 0054 24EA0202 		bic	r2, r4, r2
 282 0058 4260     		str	r2, [r0, #4]
 283 005a 8268     		ldr	r2, [r0, #8]
 284 005c 22EA0C02 		bic	r2, r2, ip
 285 0060 8260     		str	r2, [r0, #8]
 286              	.L30:
 287 0062 0133     		adds	r3, r3, #1
 288 0064 0F2B     		cmp	r3, #15
ARM GAS  /var/folders/kf/d797ysj14bb1pb7szkr3jbx80000gn/T//ccxCvrA3.s 			page 6


 289 0066 5DD8     		bhi	.L47
 290              	.L33:
 291 0068 0122     		movs	r2, #1
 292 006a 9A40     		lsls	r2, r2, r3
 293 006c 02EA0106 		and	r6, r2, r1
 294 0070 32EA0104 		bics	r4, r2, r1
 295 0074 F5D1     		bne	.L30
 296 0076 4FEA930E 		lsr	lr, r3, #2
 297 007a 0EF10205 		add	r5, lr, #2
 298 007e 2A4C     		ldr	r4, .L49
 299 0080 54F82540 		ldr	r4, [r4, r5, lsl #2]
 300 0084 03F0030C 		and	ip, r3, #3
 301 0088 4FEA8C0C 		lsl	ip, ip, #2
 302 008c 0F25     		movs	r5, #15
 303 008e 05FA0CF7 		lsl	r7, r5, ip
 304 0092 3C40     		ands	r4, r4, r7
 305 0094 254D     		ldr	r5, .L49+4
 306 0096 A842     		cmp	r0, r5
 307 0098 BAD0     		beq	.L34
 308 009a 05F58065 		add	r5, r5, #1024
 309 009e A842     		cmp	r0, r5
 310 00a0 19D0     		beq	.L35
 311 00a2 05F58065 		add	r5, r5, #1024
 312 00a6 A842     		cmp	r0, r5
 313 00a8 17D0     		beq	.L36
 314 00aa 05F58065 		add	r5, r5, #1024
 315 00ae A842     		cmp	r0, r5
 316 00b0 15D0     		beq	.L37
 317 00b2 05F58065 		add	r5, r5, #1024
 318 00b6 A842     		cmp	r0, r5
 319 00b8 13D0     		beq	.L38
 320 00ba 05F58065 		add	r5, r5, #1024
 321 00be A842     		cmp	r0, r5
 322 00c0 11D0     		beq	.L39
 323 00c2 05F58065 		add	r5, r5, #1024
 324 00c6 A842     		cmp	r0, r5
 325 00c8 0FD0     		beq	.L40
 326 00ca 05F58065 		add	r5, r5, #1024
 327 00ce A842     		cmp	r0, r5
 328 00d0 9CD0     		beq	.L48
 329 00d2 0825     		movs	r5, #8
 330 00d4 9DE7     		b	.L31
 331              	.L35:
 332 00d6 0125     		movs	r5, #1
 333 00d8 9BE7     		b	.L31
 334              	.L36:
 335 00da 0225     		movs	r5, #2
 336 00dc 99E7     		b	.L31
 337              	.L37:
 338 00de 0325     		movs	r5, #3
 339 00e0 97E7     		b	.L31
 340              	.L38:
 341 00e2 0425     		movs	r5, #4
 342 00e4 95E7     		b	.L31
 343              	.L39:
 344 00e6 0525     		movs	r5, #5
 345 00e8 93E7     		b	.L31
ARM GAS  /var/folders/kf/d797ysj14bb1pb7szkr3jbx80000gn/T//ccxCvrA3.s 			page 7


 346              	.L40:
 347 00ea 0625     		movs	r5, #6
 348 00ec 91E7     		b	.L31
 349              	.L46:
 350 00ee 104C     		ldr	r4, .L49+8
 351 00f0 2568     		ldr	r5, [r4]
 352 00f2 25EA0605 		bic	r5, r5, r6
 353 00f6 2560     		str	r5, [r4]
 354 00f8 6568     		ldr	r5, [r4, #4]
 355 00fa 25EA0605 		bic	r5, r5, r6
 356 00fe 6560     		str	r5, [r4, #4]
 357 0100 E568     		ldr	r5, [r4, #12]
 358 0102 25EA0605 		bic	r5, r5, r6
 359 0106 E560     		str	r5, [r4, #12]
 360 0108 A568     		ldr	r5, [r4, #8]
 361 010a 25EA0605 		bic	r5, r5, r6
 362 010e A560     		str	r5, [r4, #8]
 363 0110 054E     		ldr	r6, .L49
 364 0112 0EF10204 		add	r4, lr, #2
 365 0116 56F82450 		ldr	r5, [r6, r4, lsl #2]
 366 011a 25EA0705 		bic	r5, r5, r7
 367 011e 46F82450 		str	r5, [r6, r4, lsl #2]
 368 0122 7AE7     		b	.L32
 369              	.L47:
 370 0124 F0BD     		pop	{r4, r5, r6, r7, pc}
 371              	.L45:
 372 0126 7047     		bx	lr
 373              	.L50:
 374              		.align	2
 375              	.L49:
 376 0128 00380140 		.word	1073821696
 377 012c 00000240 		.word	1073872896
 378 0130 003C0140 		.word	1073822720
 380              		.section	.text.HAL_GPIO_ReadPin,"ax",%progbits
 381              		.align	1
 382              		.global	HAL_GPIO_ReadPin
 383              		.syntax unified
 384              		.thumb
 385              		.thumb_func
 387              	HAL_GPIO_ReadPin:
 388              		@ args = 0, pretend = 0, frame = 0
 389              		@ frame_needed = 0, uses_anonymous_args = 0
 390              		@ link register save eliminated.
 391 0000 0369     		ldr	r3, [r0, #16]
 392 0002 1942     		tst	r1, r3
 393 0004 01D0     		beq	.L53
 394 0006 0120     		movs	r0, #1
 395 0008 7047     		bx	lr
 396              	.L53:
 397 000a 0020     		movs	r0, #0
 398 000c 7047     		bx	lr
 400              		.section	.text.HAL_GPIO_WritePin,"ax",%progbits
 401              		.align	1
 402              		.global	HAL_GPIO_WritePin
 403              		.syntax unified
 404              		.thumb
 405              		.thumb_func
ARM GAS  /var/folders/kf/d797ysj14bb1pb7szkr3jbx80000gn/T//ccxCvrA3.s 			page 8


 407              	HAL_GPIO_WritePin:
 408              		@ args = 0, pretend = 0, frame = 0
 409              		@ frame_needed = 0, uses_anonymous_args = 0
 410              		@ link register save eliminated.
 411 0000 0AB1     		cbz	r2, .L55
 412 0002 8161     		str	r1, [r0, #24]
 413 0004 7047     		bx	lr
 414              	.L55:
 415 0006 0904     		lsls	r1, r1, #16
 416 0008 8161     		str	r1, [r0, #24]
 417 000a 7047     		bx	lr
 419              		.section	.text.HAL_GPIO_TogglePin,"ax",%progbits
 420              		.align	1
 421              		.global	HAL_GPIO_TogglePin
 422              		.syntax unified
 423              		.thumb
 424              		.thumb_func
 426              	HAL_GPIO_TogglePin:
 427              		@ args = 0, pretend = 0, frame = 0
 428              		@ frame_needed = 0, uses_anonymous_args = 0
 429              		@ link register save eliminated.
 430 0000 4369     		ldr	r3, [r0, #20]
 431 0002 01EA0302 		and	r2, r1, r3
 432 0006 21EA0301 		bic	r1, r1, r3
 433 000a 41EA0241 		orr	r1, r1, r2, lsl #16
 434 000e 8161     		str	r1, [r0, #24]
 435 0010 7047     		bx	lr
 437              		.section	.text.HAL_GPIO_LockPin,"ax",%progbits
 438              		.align	1
 439              		.global	HAL_GPIO_LockPin
 440              		.syntax unified
 441              		.thumb
 442              		.thumb_func
 444              	HAL_GPIO_LockPin:
 445              		@ args = 0, pretend = 0, frame = 8
 446              		@ frame_needed = 0, uses_anonymous_args = 0
 447              		@ link register save eliminated.
 448 0000 82B0     		sub	sp, sp, #8
 449 0002 4FF48033 		mov	r3, #65536
 450 0006 0193     		str	r3, [sp, #4]
 451 0008 019B     		ldr	r3, [sp, #4]
 452 000a 0B43     		orrs	r3, r3, r1
 453 000c 0193     		str	r3, [sp, #4]
 454 000e 019B     		ldr	r3, [sp, #4]
 455 0010 C361     		str	r3, [r0, #28]
 456 0012 C161     		str	r1, [r0, #28]
 457 0014 019B     		ldr	r3, [sp, #4]
 458 0016 C361     		str	r3, [r0, #28]
 459 0018 C369     		ldr	r3, [r0, #28]
 460 001a 0193     		str	r3, [sp, #4]
 461 001c C369     		ldr	r3, [r0, #28]
 462 001e 13F4803F 		tst	r3, #65536
 463 0022 02D0     		beq	.L60
 464 0024 0020     		movs	r0, #0
 465              	.L59:
 466 0026 02B0     		add	sp, sp, #8
 467              		@ sp needed
ARM GAS  /var/folders/kf/d797ysj14bb1pb7szkr3jbx80000gn/T//ccxCvrA3.s 			page 9


 468 0028 7047     		bx	lr
 469              	.L60:
 470 002a 0120     		movs	r0, #1
 471 002c FBE7     		b	.L59
 473              		.section	.text.HAL_GPIO_EXTI_Callback,"ax",%progbits
 474              		.align	1
 475              		.weak	HAL_GPIO_EXTI_Callback
 476              		.syntax unified
 477              		.thumb
 478              		.thumb_func
 480              	HAL_GPIO_EXTI_Callback:
 481              		@ args = 0, pretend = 0, frame = 0
 482              		@ frame_needed = 0, uses_anonymous_args = 0
 483              		@ link register save eliminated.
 484 0000 7047     		bx	lr
 486              		.section	.text.HAL_GPIO_EXTI_IRQHandler,"ax",%progbits
 487              		.align	1
 488              		.global	HAL_GPIO_EXTI_IRQHandler
 489              		.syntax unified
 490              		.thumb
 491              		.thumb_func
 493              	HAL_GPIO_EXTI_IRQHandler:
 494              		@ args = 0, pretend = 0, frame = 0
 495              		@ frame_needed = 0, uses_anonymous_args = 0
 496 0000 08B5     		push	{r3, lr}
 497 0002 054B     		ldr	r3, .L67
 498 0004 5B69     		ldr	r3, [r3, #20]
 499 0006 0342     		tst	r3, r0
 500 0008 00D1     		bne	.L66
 501              	.L63:
 502 000a 08BD     		pop	{r3, pc}
 503              	.L66:
 504 000c 024B     		ldr	r3, .L67
 505 000e 5861     		str	r0, [r3, #20]
 506 0010 FFF7FEFF 		bl	HAL_GPIO_EXTI_Callback
 507 0014 F9E7     		b	.L63
 508              	.L68:
 509 0016 00BF     		.align	2
 510              	.L67:
 511 0018 003C0140 		.word	1073822720
 513              		.ident	"GCC: (xPack GNU Arm Embedded GCC arm64) 15.2.1 20251203"
ARM GAS  /var/folders/kf/d797ysj14bb1pb7szkr3jbx80000gn/T//ccxCvrA3.s 			page 10


DEFINED SYMBOLS
                            *ABS*:00000000 stm32f4xx_hal_gpio.c
/var/folders/kf/d797ysj14bb1pb7szkr3jbx80000gn/T//ccxCvrA3.s:18     .text.HAL_GPIO_Init:00000000 $t
/var/folders/kf/d797ysj14bb1pb7szkr3jbx80000gn/T//ccxCvrA3.s:24     .text.HAL_GPIO_Init:00000000 HAL_GPIO_Init
/var/folders/kf/d797ysj14bb1pb7szkr3jbx80000gn/T//ccxCvrA3.s:232    .text.HAL_GPIO_Init:000001f8 $d
/var/folders/kf/d797ysj14bb1pb7szkr3jbx80000gn/T//ccxCvrA3.s:238    .text.HAL_GPIO_DeInit:00000000 $t
/var/folders/kf/d797ysj14bb1pb7szkr3jbx80000gn/T//ccxCvrA3.s:244    .text.HAL_GPIO_DeInit:00000000 HAL_GPIO_DeInit
/var/folders/kf/d797ysj14bb1pb7szkr3jbx80000gn/T//ccxCvrA3.s:376    .text.HAL_GPIO_DeInit:00000128 $d
/var/folders/kf/d797ysj14bb1pb7szkr3jbx80000gn/T//ccxCvrA3.s:381    .text.HAL_GPIO_ReadPin:00000000 $t
/var/folders/kf/d797ysj14bb1pb7szkr3jbx80000gn/T//ccxCvrA3.s:387    .text.HAL_GPIO_ReadPin:00000000 HAL_GPIO_ReadPin
/var/folders/kf/d797ysj14bb1pb7szkr3jbx80000gn/T//ccxCvrA3.s:401    .text.HAL_GPIO_WritePin:00000000 $t
/var/folders/kf/d797ysj14bb1pb7szkr3jbx80000gn/T//ccxCvrA3.s:407    .text.HAL_GPIO_WritePin:00000000 HAL_GPIO_WritePin
/var/folders/kf/d797ysj14bb1pb7szkr3jbx80000gn/T//ccxCvrA3.s:420    .text.HAL_GPIO_TogglePin:00000000 $t
/var/folders/kf/d797ysj14bb1pb7szkr3jbx80000gn/T//ccxCvrA3.s:426    .text.HAL_GPIO_TogglePin:00000000 HAL_GPIO_TogglePin
/var/folders/kf/d797ysj14bb1pb7szkr3jbx80000gn/T//ccxCvrA3.s:438    .text.HAL_GPIO_LockPin:00000000 $t
/var/folders/kf/d797ysj14bb1pb7szkr3jbx80000gn/T//ccxCvrA3.s:444    .text.HAL_GPIO_LockPin:00000000 HAL_GPIO_LockPin
/var/folders/kf/d797ysj14bb1pb7szkr3jbx80000gn/T//ccxCvrA3.s:474    .text.HAL_GPIO_EXTI_Callback:00000000 $t
/var/folders/kf/d797ysj14bb1pb7szkr3jbx80000gn/T//ccxCvrA3.s:480    .text.HAL_GPIO_EXTI_Callback:00000000 HAL_GPIO_EXTI_Callback
/var/folders/kf/d797ysj14bb1pb7szkr3jbx80000gn/T//ccxCvrA3.s:487    .text.HAL_GPIO_EXTI_IRQHandler:00000000 $t
/var/folders/kf/d797ysj14bb1pb7szkr3jbx80000gn/T//ccxCvrA3.s:493    .text.HAL_GPIO_EXTI_IRQHandler:00000000 HAL_GPIO_EXTI_IRQHandler
/var/folders/kf/d797ysj14bb1pb7szkr3jbx80000gn/T//ccxCvrA3.s:511    .text.HAL_GPIO_EXTI_IRQHandler:00000018 $d

NO UNDEFINED SYMBOLS
