ARM GAS  /var/folders/kf/d797ysj14bb1pb7szkr3jbx80000gn/T//ccfCetR4.s 			page 1


   1              		.cpu cortex-m4
   2              		.arch armv7e-m
   3              		.fpu fpv4-sp-d16
   4              		.eabi_attribute 27, 1
   5              		.eabi_attribute 28, 1
   6              		.eabi_attribute 20, 1
   7              		.eabi_attribute 21, 1
   8              		.eabi_attribute 23, 3
   9              		.eabi_attribute 24, 1
  10              		.eabi_attribute 25, 1
  11              		.eabi_attribute 26, 1
  12              		.eabi_attribute 30, 1
  13              		.eabi_attribute 34, 1
  14              		.eabi_attribute 18, 4
  15              		.file	"stm32f4xx_hal_hcd.c"
  16              		.text
  17              		.section	.text.HCD_RXQLVL_IRQHandler,"ax",%progbits
  18              		.align	1
  19              		.syntax unified
  20              		.thumb
  21              		.thumb_func
  23              	HCD_RXQLVL_IRQHandler:
  24              		@ args = 0, pretend = 0, frame = 0
  25              		@ frame_needed = 0, uses_anonymous_args = 0
  26 0000 F8B5     		push	{r3, r4, r5, r6, r7, lr}
  27 0002 0468     		ldr	r4, [r0]
  28 0004 226A     		ldr	r2, [r4, #32]
  29 0006 02F00F03 		and	r3, r2, #15
  30 000a 1F46     		mov	r7, r3
  31 000c C2F34343 		ubfx	r3, r2, #17, #4
  32 0010 C2F30A12 		ubfx	r2, r2, #4, #11
  33 0014 022B     		cmp	r3, #2
  34 0016 00D0     		beq	.L5
  35              	.L1:
  36 0018 F8BD     		pop	{r3, r4, r5, r6, r7, pc}
  37              	.L5:
  38 001a 0546     		mov	r5, r0
  39 001c 1046     		mov	r0, r2
  40 001e 002A     		cmp	r2, #0
  41 0020 FAD0     		beq	.L1
  42 0022 C7EB0713 		rsb	r3, r7, r7, lsl #4
  43 0026 05EB8303 		add	r3, r5, r3, lsl #2
  44 002a D96A     		ldr	r1, [r3, #44]
  45 002c 0029     		cmp	r1, #0
  46 002e F3D0     		beq	.L1
  47 0030 C7EB0713 		rsb	r3, r7, r7, lsl #4
  48 0034 05EB8303 		add	r3, r5, r3, lsl #2
  49 0038 9A6B     		ldr	r2, [r3, #56]
  50 003a 0244     		add	r2, r2, r0
  51 003c 5B6B     		ldr	r3, [r3, #52]
  52 003e 9A42     		cmp	r2, r3
  53 0040 07D9     		bls	.L6
  54 0042 C7EB0713 		rsb	r3, r7, r7, lsl #4
  55 0046 05EB8303 		add	r3, r5, r3, lsl #2
  56 004a 0422     		movs	r2, #4
  57 004c 83F84C20 		strb	r2, [r3, #76]
  58 0050 E2E7     		b	.L1
ARM GAS  /var/folders/kf/d797ysj14bb1pb7szkr3jbx80000gn/T//ccfCetR4.s 			page 2


  59              	.L6:
  60 0052 0646     		mov	r6, r0
  61 0054 0246     		mov	r2, r0
  62 0056 2046     		mov	r0, r4
  63 0058 FFF7FEFF 		bl	USB_ReadPacket
  64 005c C7EB0713 		rsb	r3, r7, r7, lsl #4
  65 0060 05EB8303 		add	r3, r5, r3, lsl #2
  66 0064 DA6A     		ldr	r2, [r3, #44]
  67 0066 3244     		add	r2, r2, r6
  68 0068 DA62     		str	r2, [r3, #44]
  69 006a 9A6B     		ldr	r2, [r3, #56]
  70 006c 3244     		add	r2, r2, r6
  71 006e 9A63     		str	r2, [r3, #56]
  72 0070 04EB4714 		add	r4, r4, r7, lsl #5
  73 0074 D4F81025 		ldr	r2, [r4, #1296]
  74 0078 1B8D     		ldrh	r3, [r3, #40]
  75 007a B342     		cmp	r3, r6
  76 007c CCD1     		bne	.L1
  77 007e 0D4B     		ldr	r3, .L7
  78 0080 1340     		ands	r3, r3, r2
  79 0082 002B     		cmp	r3, #0
  80 0084 C8D0     		beq	.L1
  81 0086 D4F80035 		ldr	r3, [r4, #1280]
  82 008a 23F08043 		bic	r3, r3, #1073741824
  83 008e 43F00043 		orr	r3, r3, #-2147483648
  84 0092 C4F80035 		str	r3, [r4, #1280]
  85 0096 C7EB0713 		rsb	r3, r7, r7, lsl #4
  86 009a 05EB8303 		add	r3, r5, r3, lsl #2
  87 009e 93F83C20 		ldrb	r2, [r3, #60]	@ zero_extendqisi2
  88 00a2 C7EB0713 		rsb	r3, r7, r7, lsl #4
  89 00a6 05EB8303 		add	r3, r5, r3, lsl #2
  90 00aa 82F00102 		eor	r2, r2, #1
  91 00ae 83F83C20 		strb	r2, [r3, #60]
  92 00b2 B1E7     		b	.L1
  93              	.L8:
  94              		.align	2
  95              	.L7:
  96 00b4 0000F81F 		.word	536346624
  98              		.section	.text.HAL_HCD_HC_Halt,"ax",%progbits
  99              		.align	1
 100              		.global	HAL_HCD_HC_Halt
 101              		.syntax unified
 102              		.thumb
 103              		.thumb_func
 105              	HAL_HCD_HC_Halt:
 106              		@ args = 0, pretend = 0, frame = 0
 107              		@ frame_needed = 0, uses_anonymous_args = 0
 108 0000 90F8D433 		ldrb	r3, [r0, #980]	@ zero_extendqisi2
 109 0004 012B     		cmp	r3, #1
 110 0006 0BD0     		beq	.L11
 111 0008 10B5     		push	{r4, lr}
 112 000a 0446     		mov	r4, r0
 113 000c 0123     		movs	r3, #1
 114 000e 80F8D433 		strb	r3, [r0, #980]
 115 0012 0068     		ldr	r0, [r0]
 116 0014 FFF7FEFF 		bl	USB_HC_Halt
 117 0018 0020     		movs	r0, #0
ARM GAS  /var/folders/kf/d797ysj14bb1pb7szkr3jbx80000gn/T//ccfCetR4.s 			page 3


 118 001a 84F8D403 		strb	r0, [r4, #980]
 119 001e 10BD     		pop	{r4, pc}
 120              	.L11:
 121 0020 0220     		movs	r0, #2
 122 0022 7047     		bx	lr
 124              		.section	.text.HAL_HCD_MspInit,"ax",%progbits
 125              		.align	1
 126              		.weak	HAL_HCD_MspInit
 127              		.syntax unified
 128              		.thumb
 129              		.thumb_func
 131              	HAL_HCD_MspInit:
 132              		@ args = 0, pretend = 0, frame = 0
 133              		@ frame_needed = 0, uses_anonymous_args = 0
 134              		@ link register save eliminated.
 135 0000 7047     		bx	lr
 137              		.section	.text.HAL_HCD_Init,"ax",%progbits
 138              		.align	1
 139              		.global	HAL_HCD_Init
 140              		.syntax unified
 141              		.thumb
 142              		.thumb_func
 144              	HAL_HCD_Init:
 145              		@ args = 0, pretend = 0, frame = 0
 146              		@ frame_needed = 0, uses_anonymous_args = 0
 147 0000 0028     		cmp	r0, #0
 148 0002 43D0     		beq	.L24
 149 0004 30B5     		push	{r4, r5, lr}
 150 0006 83B0     		sub	sp, sp, #12
 151 0008 0446     		mov	r4, r0
 152 000a 0368     		ldr	r3, [r0]
 153 000c 1D46     		mov	r5, r3
 154 000e 90F8D533 		ldrb	r3, [r0, #981]	@ zero_extendqisi2
 155 0012 BBB1     		cbz	r3, .L29
 156              	.L19:
 157 0014 0323     		movs	r3, #3
 158 0016 84F8D533 		strb	r3, [r4, #981]
 159 001a B5F1A04F 		cmp	r5, #1342177280
 160 001e 16D0     		beq	.L30
 161              	.L20:
 162 0020 2068     		ldr	r0, [r4]
 163 0022 FFF7FEFF 		bl	USB_DisableGlobalInt
 164 0026 237C     		ldrb	r3, [r4, #16]	@ zero_extendqisi2
 165 0028 8DF80030 		strb	r3, [sp]
 166 002c 231D     		adds	r3, r4, #4
 167 002e 0ECB     		ldm	r3, {r1, r2, r3}
 168 0030 2068     		ldr	r0, [r4]
 169 0032 FFF7FEFF 		bl	USB_CoreInit
 170 0036 68B1     		cbz	r0, .L21
 171 0038 0223     		movs	r3, #2
 172 003a 84F8D533 		strb	r3, [r4, #981]
 173 003e 0120     		movs	r0, #1
 174              	.L18:
 175 0040 03B0     		add	sp, sp, #12
 176              		@ sp needed
 177 0042 30BD     		pop	{r4, r5, pc}
 178              	.L29:
ARM GAS  /var/folders/kf/d797ysj14bb1pb7szkr3jbx80000gn/T//ccfCetR4.s 			page 4


 179 0044 80F8D433 		strb	r3, [r0, #980]
 180 0048 FFF7FEFF 		bl	HAL_HCD_MspInit
 181 004c E2E7     		b	.L19
 182              	.L30:
 183 004e 0023     		movs	r3, #0
 184 0050 A371     		strb	r3, [r4, #6]
 185 0052 E5E7     		b	.L20
 186              	.L21:
 187 0054 0121     		movs	r1, #1
 188 0056 2068     		ldr	r0, [r4]
 189 0058 FFF7FEFF 		bl	USB_SetCurrentMode
 190 005c 20B1     		cbz	r0, .L22
 191 005e 0223     		movs	r3, #2
 192 0060 84F8D533 		strb	r3, [r4, #981]
 193 0064 0120     		movs	r0, #1
 194 0066 EBE7     		b	.L18
 195              	.L22:
 196 0068 237C     		ldrb	r3, [r4, #16]	@ zero_extendqisi2
 197 006a 8DF80030 		strb	r3, [sp]
 198 006e 231D     		adds	r3, r4, #4
 199 0070 0ECB     		ldm	r3, {r1, r2, r3}
 200 0072 2068     		ldr	r0, [r4]
 201 0074 FFF7FEFF 		bl	USB_HostInit
 202 0078 18B9     		cbnz	r0, .L31
 203 007a 0123     		movs	r3, #1
 204 007c 84F8D533 		strb	r3, [r4, #981]
 205 0080 DEE7     		b	.L18
 206              	.L31:
 207 0082 0223     		movs	r3, #2
 208 0084 84F8D533 		strb	r3, [r4, #981]
 209 0088 0120     		movs	r0, #1
 210 008a D9E7     		b	.L18
 211              	.L24:
 212 008c 0120     		movs	r0, #1
 213 008e 7047     		bx	lr
 215              		.section	.text.HAL_HCD_MspDeInit,"ax",%progbits
 216              		.align	1
 217              		.weak	HAL_HCD_MspDeInit
 218              		.syntax unified
 219              		.thumb
 220              		.thumb_func
 222              	HAL_HCD_MspDeInit:
 223              		@ args = 0, pretend = 0, frame = 0
 224              		@ frame_needed = 0, uses_anonymous_args = 0
 225              		@ link register save eliminated.
 226 0000 7047     		bx	lr
 228              		.section	.text.HAL_HCD_DeInit,"ax",%progbits
 229              		.align	1
 230              		.global	HAL_HCD_DeInit
 231              		.syntax unified
 232              		.thumb
 233              		.thumb_func
 235              	HAL_HCD_DeInit:
 236              		@ args = 0, pretend = 0, frame = 0
 237              		@ frame_needed = 0, uses_anonymous_args = 0
 238 0000 68B1     		cbz	r0, .L35
 239 0002 10B5     		push	{r4, lr}
ARM GAS  /var/folders/kf/d797ysj14bb1pb7szkr3jbx80000gn/T//ccfCetR4.s 			page 5


 240 0004 0446     		mov	r4, r0
 241 0006 0323     		movs	r3, #3
 242 0008 80F8D533 		strb	r3, [r0, #981]
 243 000c FFF7FEFF 		bl	HAL_HCD_MspDeInit
 244 0010 2068     		ldr	r0, [r4]
 245 0012 FFF7FEFF 		bl	USB_DisableGlobalInt
 246 0016 0020     		movs	r0, #0
 247 0018 84F8D503 		strb	r0, [r4, #981]
 248 001c 10BD     		pop	{r4, pc}
 249              	.L35:
 250 001e 0120     		movs	r0, #1
 251 0020 7047     		bx	lr
 253              		.section	.text.HAL_HCD_HC_SubmitRequest,"ax",%progbits
 254              		.align	1
 255              		.global	HAL_HCD_HC_SubmitRequest
 256              		.syntax unified
 257              		.thumb
 258              		.thumb_func
 260              	HAL_HCD_HC_SubmitRequest:
 261              		@ args = 16, pretend = 0, frame = 0
 262              		@ frame_needed = 0, uses_anonymous_args = 0
 263 0000 38B5     		push	{r3, r4, r5, lr}
 264 0002 1446     		mov	r4, r2
 265 0004 1546     		mov	r5, r2
 266 0006 9DF81020 		ldrb	r2, [sp, #16]	@ zero_extendqisi2
 267 000a BDF818E0 		ldrh	lr, [sp, #24]
 268 000e C1EB011C 		rsb	ip, r1, r1, lsl #4
 269 0012 00EB8C0C 		add	ip, r0, ip, lsl #2
 270 0016 8CF81740 		strb	r4, [ip, #23]
 271 001a 8CF82630 		strb	r3, [ip, #38]
 272 001e A2BB     		cbnz	r2, .L41
 273 0020 C1EB011C 		rsb	ip, r1, r1, lsl #4
 274 0024 00EB8C0C 		add	ip, r0, ip, lsl #2
 275 0028 4FF00304 		mov	r4, #3
 276 002c 8CF82A40 		strb	r4, [ip, #42]
 277 0030 9DF81C40 		ldrb	r4, [sp, #28]	@ zero_extendqisi2
 278 0034 8CF81940 		strb	r4, [ip, #25]
 279              	.L42:
 280 0038 022B     		cmp	r3, #2
 281 003a 00F08580 		beq	.L43
 282 003e 2DD8     		bhi	.L44
 283 0040 002B     		cmp	r3, #0
 284 0042 40D0     		beq	.L45
 285 0044 012B     		cmp	r3, #1
 286 0046 06D1     		bne	.L47
 287 0048 C1EB0113 		rsb	r3, r1, r1, lsl #4
 288 004c 00EB8303 		add	r3, r0, r3, lsl #2
 289 0050 0022     		movs	r2, #0
 290 0052 83F82A20 		strb	r2, [r3, #42]
 291              	.L47:
 292 0056 C1EB0113 		rsb	r3, r1, r1, lsl #4
 293 005a 00EB8303 		add	r3, r0, r3, lsl #2
 294 005e 059A     		ldr	r2, [sp, #20]
 295 0060 DA62     		str	r2, [r3, #44]
 296 0062 C3F834E0 		str	lr, [r3, #52]
 297 0066 0022     		movs	r2, #0
 298 0068 83F84C20 		strb	r2, [r3, #76]
ARM GAS  /var/folders/kf/d797ysj14bb1pb7szkr3jbx80000gn/T//ccfCetR4.s 			page 6


 299 006c 9A63     		str	r2, [r3, #56]
 300 006e 5975     		strb	r1, [r3, #21]
 301 0070 83F84D20 		strb	r2, [r3, #77]
 302 0074 C1EB0111 		rsb	r1, r1, r1, lsl #4
 303 0078 8900     		lsls	r1, r1, #2
 304 007a 1031     		adds	r1, r1, #16
 305 007c 0144     		add	r1, r1, r0
 306 007e 8279     		ldrb	r2, [r0, #6]	@ zero_extendqisi2
 307 0080 0431     		adds	r1, r1, #4
 308 0082 0068     		ldr	r0, [r0]
 309 0084 FFF7FEFF 		bl	USB_HC_StartXfer
 310 0088 38BD     		pop	{r3, r4, r5, pc}
 311              	.L41:
 312 008a C1EB011C 		rsb	ip, r1, r1, lsl #4
 313 008e 00EB8C0C 		add	ip, r0, ip, lsl #2
 314 0092 4FF00204 		mov	r4, #2
 315 0096 8CF82A40 		strb	r4, [ip, #42]
 316 009a CDE7     		b	.L42
 317              	.L44:
 318 009c 032B     		cmp	r3, #3
 319 009e DAD1     		bne	.L47
 320 00a0 002D     		cmp	r5, #0
 321 00a2 40F08880 		bne	.L56
 322 00a6 C1EB0113 		rsb	r3, r1, r1, lsl #4
 323 00aa 00EB8303 		add	r3, r0, r3, lsl #2
 324 00ae 93F83D30 		ldrb	r3, [r3, #61]	@ zero_extendqisi2
 325 00b2 002B     		cmp	r3, #0
 326 00b4 77D1     		bne	.L57
 327 00b6 C1EB0113 		rsb	r3, r1, r1, lsl #4
 328 00ba 00EB8303 		add	r3, r0, r3, lsl #2
 329 00be 0022     		movs	r2, #0
 330 00c0 83F82A20 		strb	r2, [r3, #42]
 331 00c4 C7E7     		b	.L47
 332              	.L45:
 333 00c6 012A     		cmp	r2, #1
 334 00c8 C5D1     		bne	.L47
 335 00ca FDB9     		cbnz	r5, .L49
 336 00cc BEF1000F 		cmp	lr, #0
 337 00d0 05D1     		bne	.L50
 338 00d2 C1EB0113 		rsb	r3, r1, r1, lsl #4
 339 00d6 00EB8303 		add	r3, r0, r3, lsl #2
 340 00da 83F83D20 		strb	r2, [r3, #61]
 341              	.L50:
 342 00de C1EB0113 		rsb	r3, r1, r1, lsl #4
 343 00e2 00EB8303 		add	r3, r0, r3, lsl #2
 344 00e6 93F83D30 		ldrb	r3, [r3, #61]	@ zero_extendqisi2
 345 00ea 3BB9     		cbnz	r3, .L51
 346 00ec C1EB0113 		rsb	r3, r1, r1, lsl #4
 347 00f0 00EB8303 		add	r3, r0, r3, lsl #2
 348 00f4 0022     		movs	r2, #0
 349 00f6 83F82A20 		strb	r2, [r3, #42]
 350 00fa ACE7     		b	.L47
 351              	.L51:
 352 00fc C1EB0113 		rsb	r3, r1, r1, lsl #4
 353 0100 00EB8303 		add	r3, r0, r3, lsl #2
 354 0104 0222     		movs	r2, #2
 355 0106 83F82A20 		strb	r2, [r3, #42]
ARM GAS  /var/folders/kf/d797ysj14bb1pb7szkr3jbx80000gn/T//ccfCetR4.s 			page 7


 356 010a A4E7     		b	.L47
 357              	.L49:
 358 010c C1EB0113 		rsb	r3, r1, r1, lsl #4
 359 0110 00EB8303 		add	r3, r0, r3, lsl #2
 360 0114 9B7E     		ldrb	r3, [r3, #26]	@ zero_extendqisi2
 361 0116 012B     		cmp	r3, #1
 362 0118 9DD1     		bne	.L47
 363 011a C1EB0113 		rsb	r3, r1, r1, lsl #4
 364 011e 00EB8303 		add	r3, r0, r3, lsl #2
 365 0122 93F83C30 		ldrb	r3, [r3, #60]	@ zero_extendqisi2
 366 0126 3BB9     		cbnz	r3, .L52
 367 0128 C1EB0113 		rsb	r3, r1, r1, lsl #4
 368 012c 00EB8303 		add	r3, r0, r3, lsl #2
 369 0130 0022     		movs	r2, #0
 370 0132 83F82A20 		strb	r2, [r3, #42]
 371 0136 8EE7     		b	.L47
 372              	.L52:
 373 0138 C1EB0113 		rsb	r3, r1, r1, lsl #4
 374 013c 00EB8303 		add	r3, r0, r3, lsl #2
 375 0140 0222     		movs	r2, #2
 376 0142 83F82A20 		strb	r2, [r3, #42]
 377 0146 86E7     		b	.L47
 378              	.L43:
 379 0148 B5B9     		cbnz	r5, .L53
 380 014a C1EB0113 		rsb	r3, r1, r1, lsl #4
 381 014e 00EB8303 		add	r3, r0, r3, lsl #2
 382 0152 93F83D30 		ldrb	r3, [r3, #61]	@ zero_extendqisi2
 383 0156 3BB9     		cbnz	r3, .L54
 384 0158 C1EB0113 		rsb	r3, r1, r1, lsl #4
 385 015c 00EB8303 		add	r3, r0, r3, lsl #2
 386 0160 0022     		movs	r2, #0
 387 0162 83F82A20 		strb	r2, [r3, #42]
 388 0166 76E7     		b	.L47
 389              	.L54:
 390 0168 C1EB0113 		rsb	r3, r1, r1, lsl #4
 391 016c 00EB8303 		add	r3, r0, r3, lsl #2
 392 0170 0222     		movs	r2, #2
 393 0172 83F82A20 		strb	r2, [r3, #42]
 394 0176 6EE7     		b	.L47
 395              	.L53:
 396 0178 C1EB0113 		rsb	r3, r1, r1, lsl #4
 397 017c 00EB8303 		add	r3, r0, r3, lsl #2
 398 0180 93F83C30 		ldrb	r3, [r3, #60]	@ zero_extendqisi2
 399 0184 3BB9     		cbnz	r3, .L55
 400 0186 C1EB0113 		rsb	r3, r1, r1, lsl #4
 401 018a 00EB8303 		add	r3, r0, r3, lsl #2
 402 018e 0022     		movs	r2, #0
 403 0190 83F82A20 		strb	r2, [r3, #42]
 404 0194 5FE7     		b	.L47
 405              	.L55:
 406 0196 C1EB0113 		rsb	r3, r1, r1, lsl #4
 407 019a 00EB8303 		add	r3, r0, r3, lsl #2
 408 019e 0222     		movs	r2, #2
 409 01a0 83F82A20 		strb	r2, [r3, #42]
 410 01a4 57E7     		b	.L47
 411              	.L57:
 412 01a6 C1EB0113 		rsb	r3, r1, r1, lsl #4
ARM GAS  /var/folders/kf/d797ysj14bb1pb7szkr3jbx80000gn/T//ccfCetR4.s 			page 8


 413 01aa 00EB8303 		add	r3, r0, r3, lsl #2
 414 01ae 0222     		movs	r2, #2
 415 01b0 83F82A20 		strb	r2, [r3, #42]
 416 01b4 4FE7     		b	.L47
 417              	.L56:
 418 01b6 C1EB0113 		rsb	r3, r1, r1, lsl #4
 419 01ba 00EB8303 		add	r3, r0, r3, lsl #2
 420 01be 93F83C30 		ldrb	r3, [r3, #60]	@ zero_extendqisi2
 421 01c2 3BB9     		cbnz	r3, .L58
 422 01c4 C1EB0113 		rsb	r3, r1, r1, lsl #4
 423 01c8 00EB8303 		add	r3, r0, r3, lsl #2
 424 01cc 0022     		movs	r2, #0
 425 01ce 83F82A20 		strb	r2, [r3, #42]
 426 01d2 40E7     		b	.L47
 427              	.L58:
 428 01d4 C1EB0113 		rsb	r3, r1, r1, lsl #4
 429 01d8 00EB8303 		add	r3, r0, r3, lsl #2
 430 01dc 0222     		movs	r2, #2
 431 01de 83F82A20 		strb	r2, [r3, #42]
 432 01e2 38E7     		b	.L47
 434              		.section	.text.HAL_HCD_WKUP_IRQHandler,"ax",%progbits
 435              		.align	1
 436              		.global	HAL_HCD_WKUP_IRQHandler
 437              		.syntax unified
 438              		.thumb
 439              		.thumb_func
 441              	HAL_HCD_WKUP_IRQHandler:
 442              		@ args = 0, pretend = 0, frame = 0
 443              		@ frame_needed = 0, uses_anonymous_args = 0
 444              		@ link register save eliminated.
 445 0000 7047     		bx	lr
 447              		.section	.text.HAL_HCD_SOF_Callback,"ax",%progbits
 448              		.align	1
 449              		.weak	HAL_HCD_SOF_Callback
 450              		.syntax unified
 451              		.thumb
 452              		.thumb_func
 454              	HAL_HCD_SOF_Callback:
 455              		@ args = 0, pretend = 0, frame = 0
 456              		@ frame_needed = 0, uses_anonymous_args = 0
 457              		@ link register save eliminated.
 458 0000 7047     		bx	lr
 460              		.section	.text.HAL_HCD_Connect_Callback,"ax",%progbits
 461              		.align	1
 462              		.weak	HAL_HCD_Connect_Callback
 463              		.syntax unified
 464              		.thumb
 465              		.thumb_func
 467              	HAL_HCD_Connect_Callback:
 468              		@ args = 0, pretend = 0, frame = 0
 469              		@ frame_needed = 0, uses_anonymous_args = 0
 470              		@ link register save eliminated.
 471 0000 7047     		bx	lr
 473              		.section	.text.HAL_HCD_Disconnect_Callback,"ax",%progbits
 474              		.align	1
 475              		.weak	HAL_HCD_Disconnect_Callback
 476              		.syntax unified
ARM GAS  /var/folders/kf/d797ysj14bb1pb7szkr3jbx80000gn/T//ccfCetR4.s 			page 9


 477              		.thumb
 478              		.thumb_func
 480              	HAL_HCD_Disconnect_Callback:
 481              		@ args = 0, pretend = 0, frame = 0
 482              		@ frame_needed = 0, uses_anonymous_args = 0
 483              		@ link register save eliminated.
 484 0000 7047     		bx	lr
 486              		.section	.text.HAL_HCD_PortEnabled_Callback,"ax",%progbits
 487              		.align	1
 488              		.weak	HAL_HCD_PortEnabled_Callback
 489              		.syntax unified
 490              		.thumb
 491              		.thumb_func
 493              	HAL_HCD_PortEnabled_Callback:
 494              		@ args = 0, pretend = 0, frame = 0
 495              		@ frame_needed = 0, uses_anonymous_args = 0
 496              		@ link register save eliminated.
 497 0000 7047     		bx	lr
 499              		.section	.text.HAL_HCD_PortDisabled_Callback,"ax",%progbits
 500              		.align	1
 501              		.weak	HAL_HCD_PortDisabled_Callback
 502              		.syntax unified
 503              		.thumb
 504              		.thumb_func
 506              	HAL_HCD_PortDisabled_Callback:
 507              		@ args = 0, pretend = 0, frame = 0
 508              		@ frame_needed = 0, uses_anonymous_args = 0
 509              		@ link register save eliminated.
 510 0000 7047     		bx	lr
 512              		.section	.text.HCD_Port_IRQHandler,"ax",%progbits
 513              		.align	1
 514              		.syntax unified
 515              		.thumb
 516              		.thumb_func
 518              	HCD_Port_IRQHandler:
 519              		@ args = 0, pretend = 0, frame = 8
 520              		@ frame_needed = 0, uses_anonymous_args = 0
 521 0000 30B5     		push	{r4, r5, lr}
 522 0002 83B0     		sub	sp, sp, #12
 523 0004 0446     		mov	r4, r0
 524 0006 0568     		ldr	r5, [r0]
 525 0008 D5F84034 		ldr	r3, [r5, #1088]
 526 000c 0193     		str	r3, [sp, #4]
 527 000e D5F84034 		ldr	r3, [r5, #1088]
 528 0012 0093     		str	r3, [sp]
 529 0014 009B     		ldr	r3, [sp]
 530 0016 23F02E03 		bic	r3, r3, #46
 531 001a 0093     		str	r3, [sp]
 532 001c 019B     		ldr	r3, [sp, #4]
 533 001e 13F0020F 		tst	r3, #2
 534 0022 07D0     		beq	.L67
 535 0024 019B     		ldr	r3, [sp, #4]
 536 0026 13F0010F 		tst	r3, #1
 537 002a 25D1     		bne	.L76
 538              	.L68:
 539 002c 009B     		ldr	r3, [sp]
 540 002e 43F00203 		orr	r3, r3, #2
ARM GAS  /var/folders/kf/d797ysj14bb1pb7szkr3jbx80000gn/T//ccfCetR4.s 			page 10


 541 0032 0093     		str	r3, [sp]
 542              	.L67:
 543 0034 019B     		ldr	r3, [sp, #4]
 544 0036 13F0080F 		tst	r3, #8
 545 003a 10D0     		beq	.L69
 546 003c 009B     		ldr	r3, [sp]
 547 003e 43F00803 		orr	r3, r3, #8
 548 0042 0093     		str	r3, [sp]
 549 0044 019B     		ldr	r3, [sp, #4]
 550 0046 13F0040F 		tst	r3, #4
 551 004a 2DD0     		beq	.L70
 552 004c 637A     		ldrb	r3, [r4, #9]	@ zero_extendqisi2
 553 004e 022B     		cmp	r3, #2
 554 0050 15D0     		beq	.L77
 555 0052 E379     		ldrb	r3, [r4, #7]	@ zero_extendqisi2
 556 0054 012B     		cmp	r3, #1
 557 0056 22D0     		beq	.L78
 558              	.L73:
 559 0058 2046     		mov	r0, r4
 560 005a FFF7FEFF 		bl	HAL_HCD_PortEnabled_Callback
 561              	.L69:
 562 005e 019B     		ldr	r3, [sp, #4]
 563 0060 13F0200F 		tst	r3, #32
 564 0064 03D0     		beq	.L74
 565 0066 009B     		ldr	r3, [sp]
 566 0068 43F02003 		orr	r3, r3, #32
 567 006c 0093     		str	r3, [sp]
 568              	.L74:
 569 006e 009B     		ldr	r3, [sp]
 570 0070 C5F84034 		str	r3, [r5, #1088]
 571 0074 03B0     		add	sp, sp, #12
 572              		@ sp needed
 573 0076 30BD     		pop	{r4, r5, pc}
 574              	.L76:
 575 0078 FFF7FEFF 		bl	HAL_HCD_Connect_Callback
 576 007c D6E7     		b	.L68
 577              	.L77:
 578 007e 019B     		ldr	r3, [sp, #4]
 579 0080 03F4C023 		and	r3, r3, #393216
 580 0084 B3F5802F 		cmp	r3, #262144
 581 0088 04D0     		beq	.L79
 582 008a 0121     		movs	r1, #1
 583 008c 2068     		ldr	r0, [r4]
 584 008e FFF7FEFF 		bl	USB_InitFSLSPClkSel
 585 0092 E1E7     		b	.L73
 586              	.L79:
 587 0094 0221     		movs	r1, #2
 588 0096 2068     		ldr	r0, [r4]
 589 0098 FFF7FEFF 		bl	USB_InitFSLSPClkSel
 590 009c DCE7     		b	.L73
 591              	.L78:
 592 009e 4EF66022 		movw	r2, #60000
 593 00a2 C5F80424 		str	r2, [r5, #1028]
 594 00a6 D7E7     		b	.L73
 595              	.L70:
 596 00a8 2046     		mov	r0, r4
 597 00aa FFF7FEFF 		bl	HAL_HCD_PortDisabled_Callback
ARM GAS  /var/folders/kf/d797ysj14bb1pb7szkr3jbx80000gn/T//ccfCetR4.s 			page 11


 598 00ae D6E7     		b	.L69
 600              		.section	.text.HAL_HCD_HC_NotifyURBChange_Callback,"ax",%progbits
 601              		.align	1
 602              		.weak	HAL_HCD_HC_NotifyURBChange_Callback
 603              		.syntax unified
 604              		.thumb
 605              		.thumb_func
 607              	HAL_HCD_HC_NotifyURBChange_Callback:
 608              		@ args = 0, pretend = 0, frame = 0
 609              		@ frame_needed = 0, uses_anonymous_args = 0
 610              		@ link register save eliminated.
 611 0000 7047     		bx	lr
 613              		.section	.text.HCD_HC_IN_IRQHandler,"ax",%progbits
 614              		.align	1
 615              		.syntax unified
 616              		.thumb
 617              		.thumb_func
 619              	HCD_HC_IN_IRQHandler:
 620              		@ args = 0, pretend = 0, frame = 0
 621              		@ frame_needed = 0, uses_anonymous_args = 0
 622 0000 70B5     		push	{r4, r5, r6, lr}
 623 0002 0546     		mov	r5, r0
 624 0004 0C46     		mov	r4, r1
 625 0006 0668     		ldr	r6, [r0]
 626 0008 3046     		mov	r0, r6
 627 000a FFF7FEFF 		bl	USB_ReadChInterrupts
 628 000e 10F0040F 		tst	r0, #4
 629 0012 21D0     		beq	.L82
 630 0014 06EB4413 		add	r3, r6, r4, lsl #5
 631 0018 0422     		movs	r2, #4
 632 001a C3F80825 		str	r2, [r3, #1288]
 633 001e C4EB0413 		rsb	r3, r4, r4, lsl #4
 634 0022 05EB8303 		add	r3, r5, r3, lsl #2
 635 0026 0722     		movs	r2, #7
 636 0028 83F84D20 		strb	r2, [r3, #77]
 637 002c 2146     		mov	r1, r4
 638 002e 2868     		ldr	r0, [r5]
 639 0030 FFF7FEFF 		bl	USB_HC_Halt
 640              	.L83:
 641 0034 2146     		mov	r1, r4
 642 0036 2868     		ldr	r0, [r5]
 643 0038 FFF7FEFF 		bl	USB_ReadChInterrupts
 644 003c 10F4007F 		tst	r0, #512
 645 0040 6CD0     		beq	.L87
 646 0042 2146     		mov	r1, r4
 647 0044 2868     		ldr	r0, [r5]
 648 0046 FFF7FEFF 		bl	USB_HC_Halt
 649 004a 06EB4416 		add	r6, r6, r4, lsl #5
 650 004e 4FF40073 		mov	r3, #512
 651 0052 C6F80835 		str	r3, [r6, #1288]
 652              	.L81:
 653 0056 70BD     		pop	{r4, r5, r6, pc}
 654              	.L82:
 655 0058 2146     		mov	r1, r4
 656 005a 2868     		ldr	r0, [r5]
 657 005c FFF7FEFF 		bl	USB_ReadChInterrupts
 658 0060 10F4807F 		tst	r0, #256
ARM GAS  /var/folders/kf/d797ysj14bb1pb7szkr3jbx80000gn/T//ccfCetR4.s 			page 12


 659 0064 11D0     		beq	.L84
 660 0066 06EB4413 		add	r3, r6, r4, lsl #5
 661 006a 4FF48072 		mov	r2, #256
 662 006e C3F80825 		str	r2, [r3, #1288]
 663 0072 C4EB0413 		rsb	r3, r4, r4, lsl #4
 664 0076 05EB8303 		add	r3, r5, r3, lsl #2
 665 007a 0822     		movs	r2, #8
 666 007c 83F84D20 		strb	r2, [r3, #77]
 667 0080 2146     		mov	r1, r4
 668 0082 2868     		ldr	r0, [r5]
 669 0084 FFF7FEFF 		bl	USB_HC_Halt
 670 0088 D4E7     		b	.L83
 671              	.L84:
 672 008a 2146     		mov	r1, r4
 673 008c 2868     		ldr	r0, [r5]
 674 008e FFF7FEFF 		bl	USB_ReadChInterrupts
 675 0092 10F0080F 		tst	r0, #8
 676 0096 10D0     		beq	.L85
 677 0098 06EB4413 		add	r3, r6, r4, lsl #5
 678 009c 0822     		movs	r2, #8
 679 009e C3F80825 		str	r2, [r3, #1288]
 680 00a2 C4EB0413 		rsb	r3, r4, r4, lsl #4
 681 00a6 05EB8303 		add	r3, r5, r3, lsl #2
 682 00aa 0622     		movs	r2, #6
 683 00ac 83F84D20 		strb	r2, [r3, #77]
 684 00b0 2146     		mov	r1, r4
 685 00b2 2868     		ldr	r0, [r5]
 686 00b4 FFF7FEFF 		bl	USB_HC_Halt
 687 00b8 BCE7     		b	.L83
 688              	.L85:
 689 00ba 2146     		mov	r1, r4
 690 00bc 2868     		ldr	r0, [r5]
 691 00be FFF7FEFF 		bl	USB_ReadChInterrupts
 692 00c2 10F4806F 		tst	r0, #1024
 693 00c6 11D0     		beq	.L86
 694 00c8 06EB4413 		add	r3, r6, r4, lsl #5
 695 00cc 4FF48062 		mov	r2, #1024
 696 00d0 C3F80825 		str	r2, [r3, #1288]
 697 00d4 C4EB0413 		rsb	r3, r4, r4, lsl #4
 698 00d8 05EB8303 		add	r3, r5, r3, lsl #2
 699 00dc 0922     		movs	r2, #9
 700 00de 83F84D20 		strb	r2, [r3, #77]
 701 00e2 2146     		mov	r1, r4
 702 00e4 2868     		ldr	r0, [r5]
 703 00e6 FFF7FEFF 		bl	USB_HC_Halt
 704 00ea A3E7     		b	.L83
 705              	.L86:
 706 00ec 2146     		mov	r1, r4
 707 00ee 2868     		ldr	r0, [r5]
 708 00f0 FFF7FEFF 		bl	USB_ReadChInterrupts
 709 00f4 10F0800F 		tst	r0, #128
 710 00f8 9CD0     		beq	.L83
 711 00fa 06EB4413 		add	r3, r6, r4, lsl #5
 712 00fe 8022     		movs	r2, #128
 713 0100 C3F80825 		str	r2, [r3, #1288]
 714 0104 C4EB0413 		rsb	r3, r4, r4, lsl #4
 715 0108 05EB8303 		add	r3, r5, r3, lsl #2
ARM GAS  /var/folders/kf/d797ysj14bb1pb7szkr3jbx80000gn/T//ccfCetR4.s 			page 13


 716 010c 0722     		movs	r2, #7
 717 010e 83F84D20 		strb	r2, [r3, #77]
 718 0112 2146     		mov	r1, r4
 719 0114 2868     		ldr	r0, [r5]
 720 0116 FFF7FEFF 		bl	USB_HC_Halt
 721 011a 8BE7     		b	.L83
 722              	.L87:
 723 011c 2146     		mov	r1, r4
 724 011e 2868     		ldr	r0, [r5]
 725 0120 FFF7FEFF 		bl	USB_ReadChInterrupts
 726 0124 10F0010F 		tst	r0, #1
 727 0128 7DD0     		beq	.L89
 728 012a 06EB4411 		add	r1, r6, r4, lsl #5
 729 012e 01F5A066 		add	r6, r1, #1280
 730 0132 2023     		movs	r3, #32
 731 0134 B360     		str	r3, [r6, #8]
 732 0136 C4EB0413 		rsb	r3, r4, r4, lsl #4
 733 013a 05EB8303 		add	r3, r5, r3, lsl #2
 734 013e DB7E     		ldrb	r3, [r3, #27]	@ zero_extendqisi2
 735 0140 012B     		cmp	r3, #1
 736 0142 30D0     		beq	.L126
 737              	.L90:
 738 0144 AB79     		ldrb	r3, [r5, #6]	@ zero_extendqisi2
 739 0146 4BB1     		cbz	r3, .L91
 740 0148 C4EB0413 		rsb	r3, r4, r4, lsl #4
 741 014c 05EB8303 		add	r3, r5, r3, lsl #2
 742 0150 1A6B     		ldr	r2, [r3, #48]
 743 0152 3069     		ldr	r0, [r6, #16]
 744 0154 C0F31200 		ubfx	r0, r0, #0, #19
 745 0158 121A     		subs	r2, r2, r0
 746 015a 9A63     		str	r2, [r3, #56]
 747              	.L91:
 748 015c C4EB0413 		rsb	r3, r4, r4, lsl #4
 749 0160 05EB8303 		add	r3, r5, r3, lsl #2
 750 0164 0122     		movs	r2, #1
 751 0166 83F84D20 		strb	r2, [r3, #77]
 752 016a 0020     		movs	r0, #0
 753 016c 5864     		str	r0, [r3, #68]
 754 016e B260     		str	r2, [r6, #8]
 755 0170 93F82630 		ldrb	r3, [r3, #38]	@ zero_extendqisi2
 756 0174 13B3     		cbz	r3, .L92
 757 0176 022B     		cmp	r3, #2
 758 0178 20D0     		beq	.L92
 759 017a 032B     		cmp	r3, #3
 760 017c 01D0     		beq	.L95
 761 017e 012B     		cmp	r3, #1
 762 0180 22D1     		bne	.L94
 763              	.L95:
 764 0182 D1F80035 		ldr	r3, [r1, #1280]
 765 0186 43F00053 		orr	r3, r3, #536870912
 766 018a C1F80035 		str	r3, [r1, #1280]
 767 018e C4EB0413 		rsb	r3, r4, r4, lsl #4
 768 0192 05EB8303 		add	r3, r5, r3, lsl #2
 769 0196 0122     		movs	r2, #1
 770 0198 83F84C20 		strb	r2, [r3, #76]
 771 019c 2146     		mov	r1, r4
 772 019e 2846     		mov	r0, r5
ARM GAS  /var/folders/kf/d797ysj14bb1pb7szkr3jbx80000gn/T//ccfCetR4.s 			page 14


 773 01a0 FFF7FEFF 		bl	HAL_HCD_HC_NotifyURBChange_Callback
 774 01a4 10E0     		b	.L94
 775              	.L126:
 776 01a6 C4EB0413 		rsb	r3, r4, r4, lsl #4
 777 01aa 05EB8303 		add	r3, r5, r3, lsl #2
 778 01ae 0022     		movs	r2, #0
 779 01b0 DA76     		strb	r2, [r3, #27]
 780 01b2 7368     		ldr	r3, [r6, #4]
 781 01b4 23F48033 		bic	r3, r3, #65536
 782 01b8 7360     		str	r3, [r6, #4]
 783 01ba C3E7     		b	.L90
 784              	.L92:
 785 01bc 2146     		mov	r1, r4
 786 01be 2868     		ldr	r0, [r5]
 787 01c0 FFF7FEFF 		bl	USB_HC_Halt
 788 01c4 1023     		movs	r3, #16
 789 01c6 B360     		str	r3, [r6, #8]
 790              	.L94:
 791 01c8 AB79     		ldrb	r3, [r5, #6]	@ zero_extendqisi2
 792 01ca 012B     		cmp	r3, #1
 793 01cc 0ED0     		beq	.L127
 794 01ce C4EB0413 		rsb	r3, r4, r4, lsl #4
 795 01d2 05EB8303 		add	r3, r5, r3, lsl #2
 796 01d6 93F83C30 		ldrb	r3, [r3, #60]	@ zero_extendqisi2
 797 01da C4EB0414 		rsb	r4, r4, r4, lsl #4
 798 01de 05EB8404 		add	r4, r5, r4, lsl #2
 799 01e2 83F00103 		eor	r3, r3, #1
 800 01e6 84F83C30 		strb	r3, [r4, #60]
 801 01ea 34E7     		b	.L81
 802              	.L127:
 803 01ec C4EB0412 		rsb	r2, r4, r4, lsl #4
 804 01f0 05EB8202 		add	r2, r5, r2, lsl #2
 805 01f4 936B     		ldr	r3, [r2, #56]
 806 01f6 128D     		ldrh	r2, [r2, #40]
 807 01f8 1344     		add	r3, r3, r2
 808 01fa 013B     		subs	r3, r3, #1
 809 01fc B3FBF2F3 		udiv	r3, r3, r2
 810 0200 13F0010F 		tst	r3, #1
 811 0204 3FF427AF 		beq	.L81
 812 0208 C4EB0413 		rsb	r3, r4, r4, lsl #4
 813 020c 05EB8303 		add	r3, r5, r3, lsl #2
 814 0210 93F83C30 		ldrb	r3, [r3, #60]	@ zero_extendqisi2
 815 0214 C4EB0414 		rsb	r4, r4, r4, lsl #4
 816 0218 05EB8404 		add	r4, r5, r4, lsl #2
 817 021c 83F00103 		eor	r3, r3, #1
 818 0220 84F83C30 		strb	r3, [r4, #60]
 819 0224 17E7     		b	.L81
 820              	.L89:
 821 0226 2146     		mov	r1, r4
 822 0228 2868     		ldr	r0, [r5]
 823 022a FFF7FEFF 		bl	USB_ReadChInterrupts
 824 022e 10F0200F 		tst	r0, #32
 825 0232 1ED0     		beq	.L97
 826 0234 06EB4416 		add	r6, r6, r4, lsl #5
 827 0238 2023     		movs	r3, #32
 828 023a C6F80835 		str	r3, [r6, #1288]
 829 023e C4EB0413 		rsb	r3, r4, r4, lsl #4
ARM GAS  /var/folders/kf/d797ysj14bb1pb7szkr3jbx80000gn/T//ccfCetR4.s 			page 15


 830 0242 05EB8303 		add	r3, r5, r3, lsl #2
 831 0246 9B7E     		ldrb	r3, [r3, #26]	@ zero_extendqisi2
 832 0248 012B     		cmp	r3, #1
 833 024a 7FF404AF 		bne	.L81
 834 024e C4EB0413 		rsb	r3, r4, r4, lsl #4
 835 0252 05EB8303 		add	r3, r5, r3, lsl #2
 836 0256 0122     		movs	r2, #1
 837 0258 DA76     		strb	r2, [r3, #27]
 838 025a C4EB0413 		rsb	r3, r4, r4, lsl #4
 839 025e 05EB8303 		add	r3, r5, r3, lsl #2
 840 0262 0322     		movs	r2, #3
 841 0264 83F84D20 		strb	r2, [r3, #77]
 842 0268 2146     		mov	r1, r4
 843 026a 2868     		ldr	r0, [r5]
 844 026c FFF7FEFF 		bl	USB_HC_Halt
 845 0270 F1E6     		b	.L81
 846              	.L97:
 847 0272 2146     		mov	r1, r4
 848 0274 2868     		ldr	r0, [r5]
 849 0276 FFF7FEFF 		bl	USB_ReadChInterrupts
 850 027a 10F0020F 		tst	r0, #2
 851 027e 00F01D81 		beq	.L98
 852 0282 06EB4416 		add	r6, r6, r4, lsl #5
 853 0286 06F5A062 		add	r2, r6, #1280
 854 028a 0223     		movs	r3, #2
 855 028c 9360     		str	r3, [r2, #8]
 856 028e C4EB0413 		rsb	r3, r4, r4, lsl #4
 857 0292 05EB8303 		add	r3, r5, r3, lsl #2
 858 0296 93F84D30 		ldrb	r3, [r3, #77]	@ zero_extendqisi2
 859 029a 012B     		cmp	r3, #1
 860 029c 13D0     		beq	.L128
 861 029e 062B     		cmp	r3, #6
 862 02a0 26D0     		beq	.L129
 863 02a2 072B     		cmp	r3, #7
 864 02a4 2FD0     		beq	.L102
 865 02a6 092B     		cmp	r3, #9
 866 02a8 2DD0     		beq	.L102
 867 02aa 052B     		cmp	r3, #5
 868 02ac 68D0     		beq	.L130
 869 02ae 032B     		cmp	r3, #3
 870 02b0 00F0B480 		beq	.L131
 871 02b4 042B     		cmp	r3, #4
 872 02b6 00F0DC80 		beq	.L132
 873 02ba 082B     		cmp	r3, #8
 874 02bc 00F0F180 		beq	.L133
 875 02c0 022B     		cmp	r3, #2
 876 02c2 0AD1     		bne	.L100
 877 02c4 C7E6     		b	.L81
 878              	.L128:
 879 02c6 C4EB0413 		rsb	r3, r4, r4, lsl #4
 880 02ca 05EB8303 		add	r3, r5, r3, lsl #2
 881 02ce 0222     		movs	r2, #2
 882 02d0 83F84D20 		strb	r2, [r3, #77]
 883 02d4 0122     		movs	r2, #1
 884 02d6 83F84C20 		strb	r2, [r3, #76]
 885              	.L100:
 886 02da C4EB0413 		rsb	r3, r4, r4, lsl #4
ARM GAS  /var/folders/kf/d797ysj14bb1pb7szkr3jbx80000gn/T//ccfCetR4.s 			page 16


 887 02de 05EB8303 		add	r3, r5, r3, lsl #2
 888 02e2 93F84C20 		ldrb	r2, [r3, #76]	@ zero_extendqisi2
 889 02e6 2146     		mov	r1, r4
 890 02e8 2846     		mov	r0, r5
 891 02ea FFF7FEFF 		bl	HAL_HCD_HC_NotifyURBChange_Callback
 892 02ee B2E6     		b	.L81
 893              	.L129:
 894 02f0 C4EB0413 		rsb	r3, r4, r4, lsl #4
 895 02f4 05EB8303 		add	r3, r5, r3, lsl #2
 896 02f8 0222     		movs	r2, #2
 897 02fa 83F84D20 		strb	r2, [r3, #77]
 898 02fe 0522     		movs	r2, #5
 899 0300 83F84C20 		strb	r2, [r3, #76]
 900 0304 E9E7     		b	.L100
 901              	.L102:
 902 0306 C4EB0413 		rsb	r3, r4, r4, lsl #4
 903 030a 05EB8303 		add	r3, r5, r3, lsl #2
 904 030e 0221     		movs	r1, #2
 905 0310 83F84D10 		strb	r1, [r3, #77]
 906 0314 596C     		ldr	r1, [r3, #68]
 907 0316 0131     		adds	r1, r1, #1
 908 0318 5964     		str	r1, [r3, #68]
 909 031a 0229     		cmp	r1, #2
 910 031c 1BD9     		bls	.L104
 911 031e C4EB0413 		rsb	r3, r4, r4, lsl #4
 912 0322 05EB8303 		add	r3, r5, r3, lsl #2
 913 0326 0021     		movs	r1, #0
 914 0328 5964     		str	r1, [r3, #68]
 915 032a 9B7E     		ldrb	r3, [r3, #26]	@ zero_extendqisi2
 916 032c 012B     		cmp	r3, #1
 917 032e 07D0     		beq	.L134
 918              	.L105:
 919 0330 C4EB0413 		rsb	r3, r4, r4, lsl #4
 920 0334 05EB8303 		add	r3, r5, r3, lsl #2
 921 0338 0422     		movs	r2, #4
 922 033a 83F84C20 		strb	r2, [r3, #76]
 923 033e CCE7     		b	.L100
 924              	.L134:
 925 0340 C4EB0413 		rsb	r3, r4, r4, lsl #4
 926 0344 05EB8303 		add	r3, r5, r3, lsl #2
 927 0348 D976     		strb	r1, [r3, #27]
 928 034a 1977     		strb	r1, [r3, #28]
 929 034c 5368     		ldr	r3, [r2, #4]
 930 034e 23F48033 		bic	r3, r3, #65536
 931 0352 5360     		str	r3, [r2, #4]
 932 0354 ECE7     		b	.L105
 933              	.L104:
 934 0356 C4EB0413 		rsb	r3, r4, r4, lsl #4
 935 035a 05EB8303 		add	r3, r5, r3, lsl #2
 936 035e 0222     		movs	r2, #2
 937 0360 83F84C20 		strb	r2, [r3, #76]
 938 0364 93F82630 		ldrb	r3, [r3, #38]	@ zero_extendqisi2
 939 0368 0BB1     		cbz	r3, .L106
 940 036a 9342     		cmp	r3, r2
 941 036c B5D1     		bne	.L100
 942              	.L106:
 943 036e D6F80035 		ldr	r3, [r6, #1280]
ARM GAS  /var/folders/kf/d797ysj14bb1pb7szkr3jbx80000gn/T//ccfCetR4.s 			page 17


 944 0372 23F08043 		bic	r3, r3, #1073741824
 945 0376 43F00043 		orr	r3, r3, #-2147483648
 946 037a C6F80035 		str	r3, [r6, #1280]
 947 037e ACE7     		b	.L100
 948              	.L130:
 949 0380 C4EB0413 		rsb	r3, r4, r4, lsl #4
 950 0384 05EB8303 		add	r3, r5, r3, lsl #2
 951 0388 0221     		movs	r1, #2
 952 038a 83F84D10 		strb	r1, [r3, #77]
 953 038e DB7E     		ldrb	r3, [r3, #27]	@ zero_extendqisi2
 954 0390 012B     		cmp	r3, #1
 955 0392 A2D1     		bne	.L100
 956 0394 3C23     		movs	r3, #60
 957 0396 03FB0453 		mla	r3, r3, r4, r5
 958 039a 93F82630 		ldrb	r3, [r3, #38]	@ zero_extendqisi2
 959 039e 032B     		cmp	r3, #3
 960 03a0 16D0     		beq	.L135
 961 03a2 3C23     		movs	r3, #60
 962 03a4 03FB0453 		mla	r3, r3, r4, r5
 963 03a8 0222     		movs	r2, #2
 964 03aa 83F84C20 		strb	r2, [r3, #76]
 965              	.L111:
 966 03ae 3C23     		movs	r3, #60
 967 03b0 03FB0453 		mla	r3, r3, r4, r5
 968 03b4 93F82630 		ldrb	r3, [r3, #38]	@ zero_extendqisi2
 969 03b8 0BB1     		cbz	r3, .L112
 970 03ba 022B     		cmp	r3, #2
 971 03bc 8DD1     		bne	.L100
 972              	.L112:
 973 03be D6F80035 		ldr	r3, [r6, #1280]
 974 03c2 23F08043 		bic	r3, r3, #1073741824
 975 03c6 43F00043 		orr	r3, r3, #-2147483648
 976 03ca C6F80035 		str	r3, [r6, #1280]
 977 03ce 84E7     		b	.L100
 978              	.L135:
 979 03d0 3C21     		movs	r1, #60
 980 03d2 01FB0451 		mla	r1, r1, r4, r5
 981 03d6 8B6C     		ldr	r3, [r1, #72]
 982 03d8 0133     		adds	r3, r3, #1
 983 03da 8B64     		str	r3, [r1, #72]
 984 03dc 022B     		cmp	r3, #2
 985 03de 16D9     		bls	.L109
 986 03e0 0B46     		mov	r3, r1
 987 03e2 0021     		movs	r1, #0
 988 03e4 9964     		str	r1, [r3, #72]
 989 03e6 D976     		strb	r1, [r3, #27]
 990 03e8 5B6C     		ldr	r3, [r3, #68]
 991 03ea 022B     		cmp	r3, #2
 992 03ec 04D8     		bhi	.L110
 993 03ee 3C23     		movs	r3, #60
 994 03f0 03FB0453 		mla	r3, r3, r4, r5
 995 03f4 0121     		movs	r1, #1
 996 03f6 1977     		strb	r1, [r3, #28]
 997              	.L110:
 998 03f8 5368     		ldr	r3, [r2, #4]
 999 03fa 23F48033 		bic	r3, r3, #65536
 1000 03fe 5360     		str	r3, [r2, #4]
ARM GAS  /var/folders/kf/d797ysj14bb1pb7szkr3jbx80000gn/T//ccfCetR4.s 			page 18


 1001 0400 3C23     		movs	r3, #60
 1002 0402 03FB0453 		mla	r3, r3, r4, r5
 1003 0406 0422     		movs	r2, #4
 1004 0408 83F84C20 		strb	r2, [r3, #76]
 1005 040c CFE7     		b	.L111
 1006              	.L109:
 1007 040e 3C23     		movs	r3, #60
 1008 0410 03FB0453 		mla	r3, r3, r4, r5
 1009 0414 0222     		movs	r2, #2
 1010 0416 83F84C20 		strb	r2, [r3, #76]
 1011 041a C8E7     		b	.L111
 1012              	.L131:
 1013 041c C4EB0413 		rsb	r3, r4, r4, lsl #4
 1014 0420 05EB8303 		add	r3, r5, r3, lsl #2
 1015 0424 0221     		movs	r1, #2
 1016 0426 83F84D10 		strb	r1, [r3, #77]
 1017 042a DB7E     		ldrb	r3, [r3, #27]	@ zero_extendqisi2
 1018 042c 012B     		cmp	r3, #1
 1019 042e 7FF454AF 		bne	.L100
 1020 0432 3C23     		movs	r3, #60
 1021 0434 03FB0453 		mla	r3, r3, r4, r5
 1022 0438 83F84C10 		strb	r1, [r3, #76]
 1023 043c 5168     		ldr	r1, [r2, #4]
 1024 043e 41F48031 		orr	r1, r1, #65536
 1025 0442 5160     		str	r1, [r2, #4]
 1026 0444 D168     		ldr	r1, [r2, #12]
 1027 0446 41F04001 		orr	r1, r1, #64
 1028 044a D160     		str	r1, [r2, #12]
 1029 044c D168     		ldr	r1, [r2, #12]
 1030 044e 21F02001 		bic	r1, r1, #32
 1031 0452 D160     		str	r1, [r2, #12]
 1032 0454 93F82630 		ldrb	r3, [r3, #38]	@ zero_extendqisi2
 1033 0458 13B1     		cbz	r3, .L114
 1034 045a 022B     		cmp	r3, #2
 1035 045c 7FF43DAF 		bne	.L100
 1036              	.L114:
 1037 0460 D6F80035 		ldr	r3, [r6, #1280]
 1038 0464 23F08043 		bic	r3, r3, #1073741824
 1039 0468 43F00043 		orr	r3, r3, #-2147483648
 1040 046c C6F80035 		str	r3, [r6, #1280]
 1041 0470 33E7     		b	.L100
 1042              	.L132:
 1043 0472 C4EB0413 		rsb	r3, r4, r4, lsl #4
 1044 0476 05EB8303 		add	r3, r5, r3, lsl #2
 1045 047a 0222     		movs	r2, #2
 1046 047c 83F84D20 		strb	r2, [r3, #77]
 1047 0480 83F84C20 		strb	r2, [r3, #76]
 1048 0484 93F82630 		ldrb	r3, [r3, #38]	@ zero_extendqisi2
 1049 0488 13B1     		cbz	r3, .L116
 1050 048a 9342     		cmp	r3, r2
 1051 048c 7FF425AF 		bne	.L100
 1052              	.L116:
 1053 0490 D6F80035 		ldr	r3, [r6, #1280]
 1054 0494 23F08043 		bic	r3, r3, #1073741824
 1055 0498 43F00043 		orr	r3, r3, #-2147483648
 1056 049c C6F80035 		str	r3, [r6, #1280]
 1057 04a0 1BE7     		b	.L100
ARM GAS  /var/folders/kf/d797ysj14bb1pb7szkr3jbx80000gn/T//ccfCetR4.s 			page 19


 1058              	.L133:
 1059 04a2 3C23     		movs	r3, #60
 1060 04a4 03FB0453 		mla	r3, r3, r4, r5
 1061 04a8 0222     		movs	r2, #2
 1062 04aa 83F84D20 		strb	r2, [r3, #77]
 1063 04ae 5A6C     		ldr	r2, [r3, #68]
 1064 04b0 0132     		adds	r2, r2, #1
 1065 04b2 5A64     		str	r2, [r3, #68]
 1066 04b4 0422     		movs	r2, #4
 1067 04b6 83F84C20 		strb	r2, [r3, #76]
 1068 04ba 0EE7     		b	.L100
 1069              	.L98:
 1070 04bc 2146     		mov	r1, r4
 1071 04be 2868     		ldr	r0, [r5]
 1072 04c0 FFF7FEFF 		bl	USB_ReadChInterrupts
 1073 04c4 10F0400F 		tst	r0, #64
 1074 04c8 18D0     		beq	.L118
 1075 04ca 06EB4413 		add	r3, r6, r4, lsl #5
 1076 04ce 4022     		movs	r2, #64
 1077 04d0 C3F80825 		str	r2, [r3, #1288]
 1078 04d4 C4EB0413 		rsb	r3, r4, r4, lsl #4
 1079 04d8 05EB8303 		add	r3, r5, r3, lsl #2
 1080 04dc 0522     		movs	r2, #5
 1081 04de 83F84D20 		strb	r2, [r3, #77]
 1082 04e2 9B7E     		ldrb	r3, [r3, #26]	@ zero_extendqisi2
 1083 04e4 2BB9     		cbnz	r3, .L119
 1084 04e6 C4EB0413 		rsb	r3, r4, r4, lsl #4
 1085 04ea 05EB8303 		add	r3, r5, r3, lsl #2
 1086 04ee 0022     		movs	r2, #0
 1087 04f0 5A64     		str	r2, [r3, #68]
 1088              	.L119:
 1089 04f2 2146     		mov	r1, r4
 1090 04f4 2868     		ldr	r0, [r5]
 1091 04f6 FFF7FEFF 		bl	USB_HC_Halt
 1092 04fa ACE5     		b	.L81
 1093              	.L118:
 1094 04fc 2146     		mov	r1, r4
 1095 04fe 2868     		ldr	r0, [r5]
 1096 0500 FFF7FEFF 		bl	USB_ReadChInterrupts
 1097 0504 10F0100F 		tst	r0, #16
 1098 0508 3FF4A5AD 		beq	.L81
 1099 050c C4EB0413 		rsb	r3, r4, r4, lsl #4
 1100 0510 05EB8303 		add	r3, r5, r3, lsl #2
 1101 0514 93F82630 		ldrb	r3, [r3, #38]	@ zero_extendqisi2
 1102 0518 032B     		cmp	r3, #3
 1103 051a 28D0     		beq	.L136
 1104 051c 0BB1     		cbz	r3, .L122
 1105 051e 022B     		cmp	r3, #2
 1106 0520 18D1     		bne	.L121
 1107              	.L122:
 1108 0522 C4EB0413 		rsb	r3, r4, r4, lsl #4
 1109 0526 05EB8303 		add	r3, r5, r3, lsl #2
 1110 052a 0022     		movs	r2, #0
 1111 052c 5A64     		str	r2, [r3, #68]
 1112 052e AB79     		ldrb	r3, [r5, #6]	@ zero_extendqisi2
 1113 0530 33B1     		cbz	r3, .L123
 1114 0532 C4EB0413 		rsb	r3, r4, r4, lsl #4
ARM GAS  /var/folders/kf/d797ysj14bb1pb7szkr3jbx80000gn/T//ccfCetR4.s 			page 20


 1115 0536 05EB8303 		add	r3, r5, r3, lsl #2
 1116 053a DB7E     		ldrb	r3, [r3, #27]	@ zero_extendqisi2
 1117 053c 012B     		cmp	r3, #1
 1118 053e 09D1     		bne	.L121
 1119              	.L123:
 1120 0540 3C23     		movs	r3, #60
 1121 0542 03FB0453 		mla	r3, r3, r4, r5
 1122 0546 0422     		movs	r2, #4
 1123 0548 83F84D20 		strb	r2, [r3, #77]
 1124 054c 2146     		mov	r1, r4
 1125 054e 2868     		ldr	r0, [r5]
 1126 0550 FFF7FEFF 		bl	USB_HC_Halt
 1127              	.L121:
 1128 0554 C4EB0413 		rsb	r3, r4, r4, lsl #4
 1129 0558 05EB8303 		add	r3, r5, r3, lsl #2
 1130 055c DB7E     		ldrb	r3, [r3, #27]	@ zero_extendqisi2
 1131 055e 012B     		cmp	r3, #1
 1132 0560 12D0     		beq	.L137
 1133              	.L124:
 1134 0562 06EB4413 		add	r3, r6, r4, lsl #5
 1135 0566 1022     		movs	r2, #16
 1136 0568 C3F80825 		str	r2, [r3, #1288]
 1137 056c 73E5     		b	.L81
 1138              	.L136:
 1139 056e 3C23     		movs	r3, #60
 1140 0570 03FB0453 		mla	r3, r3, r4, r5
 1141 0574 0022     		movs	r2, #0
 1142 0576 5A64     		str	r2, [r3, #68]
 1143 0578 0422     		movs	r2, #4
 1144 057a 83F84D20 		strb	r2, [r3, #77]
 1145 057e 2146     		mov	r1, r4
 1146 0580 2868     		ldr	r0, [r5]
 1147 0582 FFF7FEFF 		bl	USB_HC_Halt
 1148 0586 E5E7     		b	.L121
 1149              	.L137:
 1150 0588 C4EB0413 		rsb	r3, r4, r4, lsl #4
 1151 058c 05EB8305 		add	r5, r5, r3, lsl #2
 1152 0590 0023     		movs	r3, #0
 1153 0592 EB76     		strb	r3, [r5, #27]
 1154 0594 06EB4413 		add	r3, r6, r4, lsl #5
 1155 0598 D3F80425 		ldr	r2, [r3, #1284]
 1156 059c 22F48032 		bic	r2, r2, #65536
 1157 05a0 C3F80425 		str	r2, [r3, #1284]
 1158 05a4 D3F80C25 		ldr	r2, [r3, #1292]
 1159 05a8 42F02002 		orr	r2, r2, #32
 1160 05ac C3F80C25 		str	r2, [r3, #1292]
 1161 05b0 D7E7     		b	.L124
 1163              		.section	.text.HCD_HC_OUT_IRQHandler,"ax",%progbits
 1164              		.align	1
 1165              		.syntax unified
 1166              		.thumb
 1167              		.thumb_func
 1169              	HCD_HC_OUT_IRQHandler:
 1170              		@ args = 0, pretend = 0, frame = 0
 1171              		@ frame_needed = 0, uses_anonymous_args = 0
 1172 0000 70B5     		push	{r4, r5, r6, lr}
 1173 0002 0546     		mov	r5, r0
ARM GAS  /var/folders/kf/d797ysj14bb1pb7szkr3jbx80000gn/T//ccfCetR4.s 			page 21


 1174 0004 0C46     		mov	r4, r1
 1175 0006 0668     		ldr	r6, [r0]
 1176 0008 3046     		mov	r0, r6
 1177 000a FFF7FEFF 		bl	USB_ReadChInterrupts
 1178 000e 10F0040F 		tst	r0, #4
 1179 0012 10D0     		beq	.L139
 1180 0014 06EB4416 		add	r6, r6, r4, lsl #5
 1181 0018 0423     		movs	r3, #4
 1182 001a C6F80835 		str	r3, [r6, #1288]
 1183 001e C4EB0413 		rsb	r3, r4, r4, lsl #4
 1184 0022 05EB8303 		add	r3, r5, r3, lsl #2
 1185 0026 0722     		movs	r2, #7
 1186 0028 83F84D20 		strb	r2, [r3, #77]
 1187 002c 2146     		mov	r1, r4
 1188 002e 2868     		ldr	r0, [r5]
 1189 0030 FFF7FEFF 		bl	USB_HC_Halt
 1190              	.L138:
 1191 0034 70BD     		pop	{r4, r5, r6, pc}
 1192              	.L139:
 1193 0036 2146     		mov	r1, r4
 1194 0038 2868     		ldr	r0, [r5]
 1195 003a FFF7FEFF 		bl	USB_ReadChInterrupts
 1196 003e 10F0200F 		tst	r0, #32
 1197 0042 4AD0     		beq	.L141
 1198 0044 06EB4416 		add	r6, r6, r4, lsl #5
 1199 0048 2023     		movs	r3, #32
 1200 004a C6F80835 		str	r3, [r6, #1288]
 1201 004e C4EB0413 		rsb	r3, r4, r4, lsl #4
 1202 0052 05EB8303 		add	r3, r5, r3, lsl #2
 1203 0056 5B7E     		ldrb	r3, [r3, #25]	@ zero_extendqisi2
 1204 0058 012B     		cmp	r3, #1
 1205 005a 2DD0     		beq	.L168
 1206              	.L142:
 1207 005c C4EB0413 		rsb	r3, r4, r4, lsl #4
 1208 0060 05EB8303 		add	r3, r5, r3, lsl #2
 1209 0064 9B7E     		ldrb	r3, [r3, #26]	@ zero_extendqisi2
 1210 0066 012B     		cmp	r3, #1
 1211 0068 E4D1     		bne	.L138
 1212 006a C4EB0413 		rsb	r3, r4, r4, lsl #4
 1213 006e 05EB8303 		add	r3, r5, r3, lsl #2
 1214 0072 DB7E     		ldrb	r3, [r3, #27]	@ zero_extendqisi2
 1215 0074 002B     		cmp	r3, #0
 1216 0076 DDD1     		bne	.L138
 1217 0078 C4EB0413 		rsb	r3, r4, r4, lsl #4
 1218 007c 05EB8303 		add	r3, r5, r3, lsl #2
 1219 0080 93F82630 		ldrb	r3, [r3, #38]	@ zero_extendqisi2
 1220 0084 012B     		cmp	r3, #1
 1221 0086 05D0     		beq	.L143
 1222 0088 C4EB0413 		rsb	r3, r4, r4, lsl #4
 1223 008c 05EB8303 		add	r3, r5, r3, lsl #2
 1224 0090 0122     		movs	r2, #1
 1225 0092 DA76     		strb	r2, [r3, #27]
 1226              	.L143:
 1227 0094 2601     		lsls	r6, r4, #4
 1228 0096 C4EB0413 		rsb	r3, r4, r4, lsl #4
 1229 009a 05EB8303 		add	r3, r5, r3, lsl #2
 1230 009e 0322     		movs	r2, #3
ARM GAS  /var/folders/kf/d797ysj14bb1pb7szkr3jbx80000gn/T//ccfCetR4.s 			page 22


 1231 00a0 83F84D20 		strb	r2, [r3, #77]
 1232 00a4 2146     		mov	r1, r4
 1233 00a6 2868     		ldr	r0, [r5]
 1234 00a8 FFF7FEFF 		bl	USB_HC_Halt
 1235 00ac 361B     		subs	r6, r6, r4
 1236 00ae 05EB8606 		add	r6, r5, r6, lsl #2
 1237 00b2 0023     		movs	r3, #0
 1238 00b4 7364     		str	r3, [r6, #68]
 1239 00b6 BDE7     		b	.L138
 1240              	.L168:
 1241 00b8 C4EB0413 		rsb	r3, r4, r4, lsl #4
 1242 00bc 05EB8303 		add	r3, r5, r3, lsl #2
 1243 00c0 0022     		movs	r2, #0
 1244 00c2 5A76     		strb	r2, [r3, #25]
 1245 00c4 0222     		movs	r2, #2
 1246 00c6 83F84C20 		strb	r2, [r3, #76]
 1247 00ca 0322     		movs	r2, #3
 1248 00cc 83F84D20 		strb	r2, [r3, #77]
 1249 00d0 2146     		mov	r1, r4
 1250 00d2 2868     		ldr	r0, [r5]
 1251 00d4 FFF7FEFF 		bl	USB_HC_Halt
 1252 00d8 C0E7     		b	.L142
 1253              	.L141:
 1254 00da 2146     		mov	r1, r4
 1255 00dc 2868     		ldr	r0, [r5]
 1256 00de FFF7FEFF 		bl	USB_ReadChInterrupts
 1257 00e2 10F4007F 		tst	r0, #512
 1258 00e6 0AD0     		beq	.L144
 1259 00e8 06EB4416 		add	r6, r6, r4, lsl #5
 1260 00ec 4FF40073 		mov	r3, #512
 1261 00f0 C6F80835 		str	r3, [r6, #1288]
 1262 00f4 2146     		mov	r1, r4
 1263 00f6 2868     		ldr	r0, [r5]
 1264 00f8 FFF7FEFF 		bl	USB_HC_Halt
 1265 00fc 9AE7     		b	.L138
 1266              	.L144:
 1267 00fe 2146     		mov	r1, r4
 1268 0100 2868     		ldr	r0, [r5]
 1269 0102 FFF7FEFF 		bl	USB_ReadChInterrupts
 1270 0106 10F0010F 		tst	r0, #1
 1271 010a 3BD0     		beq	.L145
 1272 010c C4EB0413 		rsb	r3, r4, r4, lsl #4
 1273 0110 05EB8303 		add	r3, r5, r3, lsl #2
 1274 0114 0022     		movs	r2, #0
 1275 0116 5A64     		str	r2, [r3, #68]
 1276 0118 2146     		mov	r1, r4
 1277 011a 2868     		ldr	r0, [r5]
 1278 011c FFF7FEFF 		bl	USB_ReadChInterrupts
 1279 0120 10F0400F 		tst	r0, #64
 1280 0124 0AD0     		beq	.L146
 1281 0126 C4EB0413 		rsb	r3, r4, r4, lsl #4
 1282 012a 05EB8303 		add	r3, r5, r3, lsl #2
 1283 012e 0122     		movs	r2, #1
 1284 0130 5A76     		strb	r2, [r3, #25]
 1285 0132 06EB4413 		add	r3, r6, r4, lsl #5
 1286 0136 4022     		movs	r2, #64
 1287 0138 C3F80825 		str	r2, [r3, #1288]
ARM GAS  /var/folders/kf/d797ysj14bb1pb7szkr3jbx80000gn/T//ccfCetR4.s 			page 23


 1288              	.L146:
 1289 013c C4EB0413 		rsb	r3, r4, r4, lsl #4
 1290 0140 05EB8303 		add	r3, r5, r3, lsl #2
 1291 0144 DB7E     		ldrb	r3, [r3, #27]	@ zero_extendqisi2
 1292 0146 6BB1     		cbz	r3, .L147
 1293 0148 C4EB0413 		rsb	r3, r4, r4, lsl #4
 1294 014c 05EB8303 		add	r3, r5, r3, lsl #2
 1295 0150 0022     		movs	r2, #0
 1296 0152 DA76     		strb	r2, [r3, #27]
 1297 0154 06EB4413 		add	r3, r6, r4, lsl #5
 1298 0158 D3F80425 		ldr	r2, [r3, #1284]
 1299 015c 22F48032 		bic	r2, r2, #65536
 1300 0160 C3F80425 		str	r2, [r3, #1284]
 1301              	.L147:
 1302 0164 06EB4416 		add	r6, r6, r4, lsl #5
 1303 0168 0122     		movs	r2, #1
 1304 016a C6F80825 		str	r2, [r6, #1288]
 1305 016e C4EB0413 		rsb	r3, r4, r4, lsl #4
 1306 0172 05EB8303 		add	r3, r5, r3, lsl #2
 1307 0176 83F84D20 		strb	r2, [r3, #77]
 1308 017a 2146     		mov	r1, r4
 1309 017c 2868     		ldr	r0, [r5]
 1310 017e FFF7FEFF 		bl	USB_HC_Halt
 1311 0182 57E7     		b	.L138
 1312              	.L145:
 1313 0184 2146     		mov	r1, r4
 1314 0186 2868     		ldr	r0, [r5]
 1315 0188 FFF7FEFF 		bl	USB_ReadChInterrupts
 1316 018c 10F0400F 		tst	r0, #64
 1317 0190 1ED0     		beq	.L148
 1318 0192 C4EB0413 		rsb	r3, r4, r4, lsl #4
 1319 0196 05EB8303 		add	r3, r5, r3, lsl #2
 1320 019a 0522     		movs	r2, #5
 1321 019c 83F84D20 		strb	r2, [r3, #77]
 1322 01a0 9B7E     		ldrb	r3, [r3, #26]	@ zero_extendqisi2
 1323 01a2 2BB9     		cbnz	r3, .L149
 1324 01a4 C4EB0413 		rsb	r3, r4, r4, lsl #4
 1325 01a8 05EB8303 		add	r3, r5, r3, lsl #2
 1326 01ac 0122     		movs	r2, #1
 1327 01ae 5A76     		strb	r2, [r3, #25]
 1328              	.L149:
 1329 01b0 C4EB0413 		rsb	r3, r4, r4, lsl #4
 1330 01b4 05EB8303 		add	r3, r5, r3, lsl #2
 1331 01b8 0022     		movs	r2, #0
 1332 01ba 5A64     		str	r2, [r3, #68]
 1333 01bc 2146     		mov	r1, r4
 1334 01be 2868     		ldr	r0, [r5]
 1335 01c0 FFF7FEFF 		bl	USB_HC_Halt
 1336 01c4 06EB4416 		add	r6, r6, r4, lsl #5
 1337 01c8 4023     		movs	r3, #64
 1338 01ca C6F80835 		str	r3, [r6, #1288]
 1339 01ce 31E7     		b	.L138
 1340              	.L148:
 1341 01d0 2146     		mov	r1, r4
 1342 01d2 2868     		ldr	r0, [r5]
 1343 01d4 FFF7FEFF 		bl	USB_ReadChInterrupts
 1344 01d8 10F0080F 		tst	r0, #8
ARM GAS  /var/folders/kf/d797ysj14bb1pb7szkr3jbx80000gn/T//ccfCetR4.s 			page 24


 1345 01dc 10D0     		beq	.L150
 1346 01de 06EB4413 		add	r3, r6, r4, lsl #5
 1347 01e2 0822     		movs	r2, #8
 1348 01e4 C3F80825 		str	r2, [r3, #1288]
 1349 01e8 C4EB0413 		rsb	r3, r4, r4, lsl #4
 1350 01ec 05EB8303 		add	r3, r5, r3, lsl #2
 1351 01f0 0622     		movs	r2, #6
 1352 01f2 83F84D20 		strb	r2, [r3, #77]
 1353 01f6 2146     		mov	r1, r4
 1354 01f8 2868     		ldr	r0, [r5]
 1355 01fa FFF7FEFF 		bl	USB_HC_Halt
 1356 01fe 19E7     		b	.L138
 1357              	.L150:
 1358 0200 2146     		mov	r1, r4
 1359 0202 2868     		ldr	r0, [r5]
 1360 0204 FFF7FEFF 		bl	USB_ReadChInterrupts
 1361 0208 10F0100F 		tst	r0, #16
 1362 020c 20D0     		beq	.L151
 1363 020e C4EB0413 		rsb	r3, r4, r4, lsl #4
 1364 0212 05EB8303 		add	r3, r5, r3, lsl #2
 1365 0216 0022     		movs	r2, #0
 1366 0218 5A64     		str	r2, [r3, #68]
 1367 021a 0422     		movs	r2, #4
 1368 021c 83F84D20 		strb	r2, [r3, #77]
 1369 0220 5B7E     		ldrb	r3, [r3, #25]	@ zero_extendqisi2
 1370 0222 5BB9     		cbnz	r3, .L152
 1371 0224 C4EB0413 		rsb	r3, r4, r4, lsl #4
 1372 0228 05EB8303 		add	r3, r5, r3, lsl #2
 1373 022c 1B7E     		ldrb	r3, [r3, #24]	@ zero_extendqisi2
 1374 022e 2BB9     		cbnz	r3, .L152
 1375 0230 C4EB0413 		rsb	r3, r4, r4, lsl #4
 1376 0234 05EB8303 		add	r3, r5, r3, lsl #2
 1377 0238 0122     		movs	r2, #1
 1378 023a 5A76     		strb	r2, [r3, #25]
 1379              	.L152:
 1380 023c 2146     		mov	r1, r4
 1381 023e 2868     		ldr	r0, [r5]
 1382 0240 FFF7FEFF 		bl	USB_HC_Halt
 1383 0244 06EB4413 		add	r3, r6, r4, lsl #5
 1384 0248 1022     		movs	r2, #16
 1385 024a C3F80825 		str	r2, [r3, #1288]
 1386 024e F1E6     		b	.L138
 1387              	.L151:
 1388 0250 2146     		mov	r1, r4
 1389 0252 2868     		ldr	r0, [r5]
 1390 0254 FFF7FEFF 		bl	USB_ReadChInterrupts
 1391 0258 10F0800F 		tst	r0, #128
 1392 025c 38D0     		beq	.L153
 1393 025e AB79     		ldrb	r3, [r5, #6]	@ zero_extendqisi2
 1394 0260 F3B1     		cbz	r3, .L169
 1395 0262 C4EB0412 		rsb	r2, r4, r4, lsl #4
 1396 0266 05EB8202 		add	r2, r5, r2, lsl #2
 1397 026a 536C     		ldr	r3, [r2, #68]
 1398 026c 0133     		adds	r3, r3, #1
 1399 026e 5364     		str	r3, [r2, #68]
 1400 0270 022B     		cmp	r3, #2
 1401 0272 20D8     		bhi	.L170
ARM GAS  /var/folders/kf/d797ysj14bb1pb7szkr3jbx80000gn/T//ccfCetR4.s 			page 25


 1402 0274 3C23     		movs	r3, #60
 1403 0276 03FB0453 		mla	r3, r3, r4, r5
 1404 027a 0222     		movs	r2, #2
 1405 027c 83F84C20 		strb	r2, [r3, #76]
 1406 0280 06EB4412 		add	r2, r6, r4, lsl #5
 1407 0284 D2F80035 		ldr	r3, [r2, #1280]
 1408 0288 23F08043 		bic	r3, r3, #1073741824
 1409 028c 43F00043 		orr	r3, r3, #-2147483648
 1410 0290 C2F80035 		str	r3, [r2, #1280]
 1411              	.L155:
 1412 0294 06EB4413 		add	r3, r6, r4, lsl #5
 1413 0298 8022     		movs	r2, #128
 1414 029a C3F80825 		str	r2, [r3, #1288]
 1415 029e C9E6     		b	.L138
 1416              	.L169:
 1417 02a0 3C23     		movs	r3, #60
 1418 02a2 03FB0453 		mla	r3, r3, r4, r5
 1419 02a6 0722     		movs	r2, #7
 1420 02a8 83F84D20 		strb	r2, [r3, #77]
 1421 02ac 2146     		mov	r1, r4
 1422 02ae 2868     		ldr	r0, [r5]
 1423 02b0 FFF7FEFF 		bl	USB_HC_Halt
 1424 02b4 EEE7     		b	.L155
 1425              	.L170:
 1426 02b6 3C23     		movs	r3, #60
 1427 02b8 03FB0453 		mla	r3, r3, r4, r5
 1428 02bc 0022     		movs	r2, #0
 1429 02be 5A64     		str	r2, [r3, #68]
 1430 02c0 0422     		movs	r2, #4
 1431 02c2 83F84C20 		strb	r2, [r3, #76]
 1432 02c6 2146     		mov	r1, r4
 1433 02c8 2846     		mov	r0, r5
 1434 02ca FFF7FEFF 		bl	HAL_HCD_HC_NotifyURBChange_Callback
 1435 02ce E1E7     		b	.L155
 1436              	.L153:
 1437 02d0 2146     		mov	r1, r4
 1438 02d2 2868     		ldr	r0, [r5]
 1439 02d4 FFF7FEFF 		bl	USB_ReadChInterrupts
 1440 02d8 10F4806F 		tst	r0, #1024
 1441 02dc 10D0     		beq	.L157
 1442 02de 3C23     		movs	r3, #60
 1443 02e0 03FB0453 		mla	r3, r3, r4, r5
 1444 02e4 0922     		movs	r2, #9
 1445 02e6 83F84D20 		strb	r2, [r3, #77]
 1446 02ea 2146     		mov	r1, r4
 1447 02ec 2868     		ldr	r0, [r5]
 1448 02ee FFF7FEFF 		bl	USB_HC_Halt
 1449 02f2 06EB4413 		add	r3, r6, r4, lsl #5
 1450 02f6 4FF48062 		mov	r2, #1024
 1451 02fa C3F80825 		str	r2, [r3, #1288]
 1452 02fe 99E6     		b	.L138
 1453              	.L157:
 1454 0300 2146     		mov	r1, r4
 1455 0302 2868     		ldr	r0, [r5]
 1456 0304 FFF7FEFF 		bl	USB_ReadChInterrupts
 1457 0308 10F0020F 		tst	r0, #2
 1458 030c 3FF492AE 		beq	.L138
ARM GAS  /var/folders/kf/d797ysj14bb1pb7szkr3jbx80000gn/T//ccfCetR4.s 			page 26


 1459 0310 06EB4416 		add	r6, r6, r4, lsl #5
 1460 0314 06F5A062 		add	r2, r6, #1280
 1461 0318 0223     		movs	r3, #2
 1462 031a 9360     		str	r3, [r2, #8]
 1463 031c 3C23     		movs	r3, #60
 1464 031e 03FB0453 		mla	r3, r3, r4, r5
 1465 0322 93F84D30 		ldrb	r3, [r3, #77]	@ zero_extendqisi2
 1466 0326 012B     		cmp	r3, #1
 1467 0328 23D0     		beq	.L171
 1468 032a 032B     		cmp	r3, #3
 1469 032c 62D0     		beq	.L172
 1470 032e 042B     		cmp	r3, #4
 1471 0330 6FD0     		beq	.L173
 1472 0332 052B     		cmp	r3, #5
 1473 0334 00F08280 		beq	.L174
 1474 0338 062B     		cmp	r3, #6
 1475 033a 00F08880 		beq	.L175
 1476 033e 072B     		cmp	r3, #7
 1477 0340 02D0     		beq	.L165
 1478 0342 092B     		cmp	r3, #9
 1479 0344 7FF476AE 		bne	.L138
 1480              	.L165:
 1481 0348 3C23     		movs	r3, #60
 1482 034a 03FB0453 		mla	r3, r3, r4, r5
 1483 034e 0222     		movs	r2, #2
 1484 0350 83F84D20 		strb	r2, [r3, #77]
 1485 0354 5A6C     		ldr	r2, [r3, #68]
 1486 0356 0132     		adds	r2, r2, #1
 1487 0358 5A64     		str	r2, [r3, #68]
 1488 035a 022A     		cmp	r2, #2
 1489 035c 40F28180 		bls	.L166
 1490 0360 3C23     		movs	r3, #60
 1491 0362 03FB0453 		mla	r3, r3, r4, r5
 1492 0366 0022     		movs	r2, #0
 1493 0368 5A64     		str	r2, [r3, #68]
 1494 036a 0422     		movs	r2, #4
 1495 036c 83F84C20 		strb	r2, [r3, #76]
 1496 0370 0EE0     		b	.L159
 1497              	.L171:
 1498 0372 3C23     		movs	r3, #60
 1499 0374 03FB0453 		mla	r3, r3, r4, r5
 1500 0378 0222     		movs	r2, #2
 1501 037a 83F84D20 		strb	r2, [r3, #77]
 1502 037e 0122     		movs	r2, #1
 1503 0380 83F84C20 		strb	r2, [r3, #76]
 1504 0384 93F82630 		ldrb	r3, [r3, #38]	@ zero_extendqisi2
 1505 0388 023B     		subs	r3, r3, #2
 1506 038a DBB2     		uxtb	r3, r3
 1507 038c 9342     		cmp	r3, r2
 1508 038e 09D9     		bls	.L176
 1509              	.L159:
 1510 0390 3C23     		movs	r3, #60
 1511 0392 03FB0453 		mla	r3, r3, r4, r5
 1512 0396 93F84C20 		ldrb	r2, [r3, #76]	@ zero_extendqisi2
 1513 039a 2146     		mov	r1, r4
 1514 039c 2846     		mov	r0, r5
 1515 039e FFF7FEFF 		bl	HAL_HCD_HC_NotifyURBChange_Callback
ARM GAS  /var/folders/kf/d797ysj14bb1pb7szkr3jbx80000gn/T//ccfCetR4.s 			page 27


 1516 03a2 47E6     		b	.L138
 1517              	.L176:
 1518 03a4 A979     		ldrb	r1, [r5, #6]	@ zero_extendqisi2
 1519 03a6 41B9     		cbnz	r1, .L160
 1520 03a8 3C23     		movs	r3, #60
 1521 03aa 03FB0453 		mla	r3, r3, r4, r5
 1522 03ae 93F83D20 		ldrb	r2, [r3, #61]	@ zero_extendqisi2
 1523 03b2 82F00102 		eor	r2, r2, #1
 1524 03b6 83F83D20 		strb	r2, [r3, #61]
 1525              	.L160:
 1526 03ba 0129     		cmp	r1, #1
 1527 03bc E8D1     		bne	.L159
 1528 03be 3C23     		movs	r3, #60
 1529 03c0 03FB0453 		mla	r3, r3, r4, r5
 1530 03c4 5B6B     		ldr	r3, [r3, #52]
 1531 03c6 002B     		cmp	r3, #0
 1532 03c8 E2D0     		beq	.L159
 1533 03ca 3C22     		movs	r2, #60
 1534 03cc 02FB0452 		mla	r2, r2, r4, r5
 1535 03d0 128D     		ldrh	r2, [r2, #40]
 1536 03d2 1344     		add	r3, r3, r2
 1537 03d4 013B     		subs	r3, r3, #1
 1538 03d6 B3FBF2F3 		udiv	r3, r3, r2
 1539 03da 13F0010F 		tst	r3, #1
 1540 03de D7D0     		beq	.L159
 1541 03e0 3C23     		movs	r3, #60
 1542 03e2 03FB0453 		mla	r3, r3, r4, r5
 1543 03e6 93F83D20 		ldrb	r2, [r3, #61]	@ zero_extendqisi2
 1544 03ea 82F00102 		eor	r2, r2, #1
 1545 03ee 83F83D20 		strb	r2, [r3, #61]
 1546 03f2 CDE7     		b	.L159
 1547              	.L172:
 1548 03f4 3C23     		movs	r3, #60
 1549 03f6 03FB0453 		mla	r3, r3, r4, r5
 1550 03fa 0222     		movs	r2, #2
 1551 03fc 83F84D20 		strb	r2, [r3, #77]
 1552 0400 DB7E     		ldrb	r3, [r3, #27]	@ zero_extendqisi2
 1553 0402 012B     		cmp	r3, #1
 1554 0404 C4D1     		bne	.L159
 1555 0406 3C23     		movs	r3, #60
 1556 0408 03FB0453 		mla	r3, r3, r4, r5
 1557 040c 83F84C20 		strb	r2, [r3, #76]
 1558 0410 BEE7     		b	.L159
 1559              	.L173:
 1560 0412 3C23     		movs	r3, #60
 1561 0414 03FB0453 		mla	r3, r3, r4, r5
 1562 0418 0221     		movs	r1, #2
 1563 041a 83F84D10 		strb	r1, [r3, #77]
 1564 041e 83F84C10 		strb	r1, [r3, #76]
 1565 0422 DB7E     		ldrb	r3, [r3, #27]	@ zero_extendqisi2
 1566 0424 012B     		cmp	r3, #1
 1567 0426 B3D1     		bne	.L159
 1568 0428 3C23     		movs	r3, #60
 1569 042a 03FB0453 		mla	r3, r3, r4, r5
 1570 042e 0021     		movs	r1, #0
 1571 0430 D976     		strb	r1, [r3, #27]
 1572 0432 5368     		ldr	r3, [r2, #4]
ARM GAS  /var/folders/kf/d797ysj14bb1pb7szkr3jbx80000gn/T//ccfCetR4.s 			page 28


 1573 0434 23F48033 		bic	r3, r3, #65536
 1574 0438 5360     		str	r3, [r2, #4]
 1575 043a A9E7     		b	.L159
 1576              	.L174:
 1577 043c 3C23     		movs	r3, #60
 1578 043e 03FB0453 		mla	r3, r3, r4, r5
 1579 0442 0222     		movs	r2, #2
 1580 0444 83F84D20 		strb	r2, [r3, #77]
 1581 0448 83F84C20 		strb	r2, [r3, #76]
 1582 044c A0E7     		b	.L159
 1583              	.L175:
 1584 044e 3C23     		movs	r3, #60
 1585 0450 03FB0453 		mla	r3, r3, r4, r5
 1586 0454 0222     		movs	r2, #2
 1587 0456 83F84D20 		strb	r2, [r3, #77]
 1588 045a 0522     		movs	r2, #5
 1589 045c 83F84C20 		strb	r2, [r3, #76]
 1590 0460 96E7     		b	.L159
 1591              	.L166:
 1592 0462 3C23     		movs	r3, #60
 1593 0464 03FB0453 		mla	r3, r3, r4, r5
 1594 0468 0222     		movs	r2, #2
 1595 046a 83F84C20 		strb	r2, [r3, #76]
 1596 046e D6F80035 		ldr	r3, [r6, #1280]
 1597 0472 23F08043 		bic	r3, r3, #1073741824
 1598 0476 43F00043 		orr	r3, r3, #-2147483648
 1599 047a C6F80035 		str	r3, [r6, #1280]
 1600 047e 87E7     		b	.L159
 1602              		.section	.text.HAL_HCD_IRQHandler,"ax",%progbits
 1603              		.align	1
 1604              		.global	HAL_HCD_IRQHandler
 1605              		.syntax unified
 1606              		.thumb
 1607              		.thumb_func
 1609              	HAL_HCD_IRQHandler:
 1610              		@ args = 0, pretend = 0, frame = 0
 1611              		@ frame_needed = 0, uses_anonymous_args = 0
 1612 0000 F8B5     		push	{r3, r4, r5, r6, r7, lr}
 1613 0002 0446     		mov	r4, r0
 1614 0004 0568     		ldr	r5, [r0]
 1615 0006 2846     		mov	r0, r5
 1616 0008 FFF7FEFF 		bl	USB_GetMode
 1617 000c 0128     		cmp	r0, #1
 1618 000e 00D0     		beq	.L193
 1619              	.L177:
 1620 0010 F8BD     		pop	{r3, r4, r5, r6, r7, pc}
 1621              	.L193:
 1622 0012 2068     		ldr	r0, [r4]
 1623 0014 FFF7FEFF 		bl	USB_ReadInterrupts
 1624 0018 0028     		cmp	r0, #0
 1625 001a F9D0     		beq	.L177
 1626 001c 2068     		ldr	r0, [r4]
 1627 001e FFF7FEFF 		bl	USB_ReadInterrupts
 1628 0022 10F4001F 		tst	r0, #2097152
 1629 0026 03D0     		beq	.L179
 1630 0028 2368     		ldr	r3, [r4]
 1631 002a 4FF40012 		mov	r2, #2097152
ARM GAS  /var/folders/kf/d797ysj14bb1pb7szkr3jbx80000gn/T//ccfCetR4.s 			page 29


 1632 002e 5A61     		str	r2, [r3, #20]
 1633              	.L179:
 1634 0030 2068     		ldr	r0, [r4]
 1635 0032 FFF7FEFF 		bl	USB_ReadInterrupts
 1636 0036 10F4801F 		tst	r0, #1048576
 1637 003a 03D0     		beq	.L180
 1638 003c 2368     		ldr	r3, [r4]
 1639 003e 4FF48012 		mov	r2, #1048576
 1640 0042 5A61     		str	r2, [r3, #20]
 1641              	.L180:
 1642 0044 2068     		ldr	r0, [r4]
 1643 0046 FFF7FEFF 		bl	USB_ReadInterrupts
 1644 004a 10F0806F 		tst	r0, #67108864
 1645 004e 03D0     		beq	.L181
 1646 0050 2368     		ldr	r3, [r4]
 1647 0052 4FF08062 		mov	r2, #67108864
 1648 0056 5A61     		str	r2, [r3, #20]
 1649              	.L181:
 1650 0058 2068     		ldr	r0, [r4]
 1651 005a FFF7FEFF 		bl	USB_ReadInterrupts
 1652 005e 10F0020F 		tst	r0, #2
 1653 0062 02D0     		beq	.L182
 1654 0064 2368     		ldr	r3, [r4]
 1655 0066 0222     		movs	r2, #2
 1656 0068 5A61     		str	r2, [r3, #20]
 1657              	.L182:
 1658 006a 2068     		ldr	r0, [r4]
 1659 006c FFF7FEFF 		bl	USB_ReadInterrupts
 1660 0070 10F0005F 		tst	r0, #536870912
 1661 0074 08D0     		beq	.L183
 1662 0076 2368     		ldr	r3, [r4]
 1663 0078 4FF00052 		mov	r2, #536870912
 1664 007c 5A61     		str	r2, [r3, #20]
 1665 007e D5F84034 		ldr	r3, [r5, #1088]
 1666 0082 13F0010F 		tst	r3, #1
 1667 0086 25D0     		beq	.L194
 1668              	.L183:
 1669 0088 2068     		ldr	r0, [r4]
 1670 008a FFF7FEFF 		bl	USB_ReadInterrupts
 1671 008e 10F0807F 		tst	r0, #16777216
 1672 0092 32D1     		bne	.L195
 1673              	.L185:
 1674 0094 2068     		ldr	r0, [r4]
 1675 0096 FFF7FEFF 		bl	USB_ReadInterrupts
 1676 009a 10F0080F 		tst	r0, #8
 1677 009e 30D1     		bne	.L196
 1678              	.L186:
 1679 00a0 2068     		ldr	r0, [r4]
 1680 00a2 FFF7FEFF 		bl	USB_ReadInterrupts
 1681 00a6 10F0007F 		tst	r0, #33554432
 1682 00aa 31D1     		bne	.L197
 1683              	.L187:
 1684 00ac 2068     		ldr	r0, [r4]
 1685 00ae FFF7FEFF 		bl	USB_ReadInterrupts
 1686 00b2 10F0100F 		tst	r0, #16
 1687 00b6 ABD0     		beq	.L177
 1688 00b8 2268     		ldr	r2, [r4]
ARM GAS  /var/folders/kf/d797ysj14bb1pb7szkr3jbx80000gn/T//ccfCetR4.s 			page 30


 1689 00ba 9369     		ldr	r3, [r2, #24]
 1690 00bc 23F01003 		bic	r3, r3, #16
 1691 00c0 9361     		str	r3, [r2, #24]
 1692 00c2 2046     		mov	r0, r4
 1693 00c4 FFF7FEFF 		bl	HCD_RXQLVL_IRQHandler
 1694 00c8 2268     		ldr	r2, [r4]
 1695 00ca 9369     		ldr	r3, [r2, #24]
 1696 00cc 43F01003 		orr	r3, r3, #16
 1697 00d0 9361     		str	r3, [r2, #24]
 1698 00d2 9DE7     		b	.L177
 1699              	.L194:
 1700 00d4 1021     		movs	r1, #16
 1701 00d6 2846     		mov	r0, r5
 1702 00d8 FFF7FEFF 		bl	USB_FlushTxFifo
 1703 00dc 2846     		mov	r0, r5
 1704 00de FFF7FEFF 		bl	USB_FlushRxFifo
 1705 00e2 637A     		ldrb	r3, [r4, #9]	@ zero_extendqisi2
 1706 00e4 022B     		cmp	r3, #2
 1707 00e6 03D0     		beq	.L198
 1708              	.L184:
 1709 00e8 2046     		mov	r0, r4
 1710 00ea FFF7FEFF 		bl	HAL_HCD_Disconnect_Callback
 1711 00ee CBE7     		b	.L183
 1712              	.L198:
 1713 00f0 0121     		movs	r1, #1
 1714 00f2 2068     		ldr	r0, [r4]
 1715 00f4 FFF7FEFF 		bl	USB_InitFSLSPClkSel
 1716 00f8 F6E7     		b	.L184
 1717              	.L195:
 1718 00fa 2046     		mov	r0, r4
 1719 00fc FFF7FEFF 		bl	HCD_Port_IRQHandler
 1720 0100 C8E7     		b	.L185
 1721              	.L196:
 1722 0102 2046     		mov	r0, r4
 1723 0104 FFF7FEFF 		bl	HAL_HCD_SOF_Callback
 1724 0108 2368     		ldr	r3, [r4]
 1725 010a 0822     		movs	r2, #8
 1726 010c 5A61     		str	r2, [r3, #20]
 1727 010e C7E7     		b	.L186
 1728              	.L197:
 1729 0110 2068     		ldr	r0, [r4]
 1730 0112 FFF7FEFF 		bl	USB_HC_ReadInterrupt
 1731 0116 0746     		mov	r7, r0
 1732 0118 0023     		movs	r3, #0
 1733 011a 1E46     		mov	r6, r3
 1734 011c 06E0     		b	.L188
 1735              	.L190:
 1736 011e F1B2     		uxtb	r1, r6
 1737 0120 2046     		mov	r0, r4
 1738 0122 FFF7FEFF 		bl	HCD_HC_OUT_IRQHandler
 1739              	.L189:
 1740 0126 3346     		mov	r3, r6
 1741 0128 0133     		adds	r3, r3, #1
 1742 012a 1E46     		mov	r6, r3
 1743              	.L188:
 1744 012c 6379     		ldrb	r3, [r4, #5]	@ zero_extendqisi2
 1745 012e B342     		cmp	r3, r6
ARM GAS  /var/folders/kf/d797ysj14bb1pb7szkr3jbx80000gn/T//ccfCetR4.s 			page 31


 1746 0130 12D9     		bls	.L199
 1747 0132 06F00F03 		and	r3, r6, #15
 1748 0136 27FA03F3 		lsr	r3, r7, r3
 1749 013a 13F0010F 		tst	r3, #1
 1750 013e F2D0     		beq	.L189
 1751 0140 05EB4613 		add	r3, r5, r6, lsl #5
 1752 0144 D3F80035 		ldr	r3, [r3, #1280]
 1753 0148 13F4004F 		tst	r3, #32768
 1754 014c E7D0     		beq	.L190
 1755 014e F1B2     		uxtb	r1, r6
 1756 0150 2046     		mov	r0, r4
 1757 0152 FFF7FEFF 		bl	HCD_HC_IN_IRQHandler
 1758 0156 E6E7     		b	.L189
 1759              	.L199:
 1760 0158 2368     		ldr	r3, [r4]
 1761 015a 4FF00072 		mov	r2, #33554432
 1762 015e 5A61     		str	r2, [r3, #20]
 1763 0160 A4E7     		b	.L187
 1765              		.section	.text.HAL_HCD_Start,"ax",%progbits
 1766              		.align	1
 1767              		.global	HAL_HCD_Start
 1768              		.syntax unified
 1769              		.thumb
 1770              		.thumb_func
 1772              	HAL_HCD_Start:
 1773              		@ args = 0, pretend = 0, frame = 0
 1774              		@ frame_needed = 0, uses_anonymous_args = 0
 1775 0000 90F8D433 		ldrb	r3, [r0, #980]	@ zero_extendqisi2
 1776 0004 012B     		cmp	r3, #1
 1777 0006 0ED0     		beq	.L202
 1778 0008 10B5     		push	{r4, lr}
 1779 000a 0446     		mov	r4, r0
 1780 000c 0121     		movs	r1, #1
 1781 000e 80F8D413 		strb	r1, [r0, #980]
 1782 0012 0068     		ldr	r0, [r0]
 1783 0014 FFF7FEFF 		bl	USB_DriveVbus
 1784 0018 2068     		ldr	r0, [r4]
 1785 001a FFF7FEFF 		bl	USB_EnableGlobalInt
 1786 001e 0020     		movs	r0, #0
 1787 0020 84F8D403 		strb	r0, [r4, #980]
 1788 0024 10BD     		pop	{r4, pc}
 1789              	.L202:
 1790 0026 0220     		movs	r0, #2
 1791 0028 7047     		bx	lr
 1793              		.section	.text.HAL_HCD_Stop,"ax",%progbits
 1794              		.align	1
 1795              		.global	HAL_HCD_Stop
 1796              		.syntax unified
 1797              		.thumb
 1798              		.thumb_func
 1800              	HAL_HCD_Stop:
 1801              		@ args = 0, pretend = 0, frame = 0
 1802              		@ frame_needed = 0, uses_anonymous_args = 0
 1803 0000 90F8D433 		ldrb	r3, [r0, #980]	@ zero_extendqisi2
 1804 0004 012B     		cmp	r3, #1
 1805 0006 0BD0     		beq	.L209
 1806 0008 10B5     		push	{r4, lr}
ARM GAS  /var/folders/kf/d797ysj14bb1pb7szkr3jbx80000gn/T//ccfCetR4.s 			page 32


 1807 000a 0446     		mov	r4, r0
 1808 000c 0123     		movs	r3, #1
 1809 000e 80F8D433 		strb	r3, [r0, #980]
 1810 0012 0068     		ldr	r0, [r0]
 1811 0014 FFF7FEFF 		bl	USB_StopHost
 1812 0018 0020     		movs	r0, #0
 1813 001a 84F8D403 		strb	r0, [r4, #980]
 1814 001e 10BD     		pop	{r4, pc}
 1815              	.L209:
 1816 0020 0220     		movs	r0, #2
 1817 0022 7047     		bx	lr
 1819              		.section	.text.HAL_HCD_ResetPort,"ax",%progbits
 1820              		.align	1
 1821              		.global	HAL_HCD_ResetPort
 1822              		.syntax unified
 1823              		.thumb
 1824              		.thumb_func
 1826              	HAL_HCD_ResetPort:
 1827              		@ args = 0, pretend = 0, frame = 0
 1828              		@ frame_needed = 0, uses_anonymous_args = 0
 1829 0000 08B5     		push	{r3, lr}
 1830 0002 0068     		ldr	r0, [r0]
 1831 0004 FFF7FEFF 		bl	USB_ResetPort
 1832 0008 08BD     		pop	{r3, pc}
 1834              		.section	.text.HAL_HCD_GetState,"ax",%progbits
 1835              		.align	1
 1836              		.global	HAL_HCD_GetState
 1837              		.syntax unified
 1838              		.thumb
 1839              		.thumb_func
 1841              	HAL_HCD_GetState:
 1842              		@ args = 0, pretend = 0, frame = 0
 1843              		@ frame_needed = 0, uses_anonymous_args = 0
 1844              		@ link register save eliminated.
 1845 0000 90F8D503 		ldrb	r0, [r0, #981]	@ zero_extendqisi2
 1846 0004 7047     		bx	lr
 1848              		.section	.text.HAL_HCD_HC_GetURBState,"ax",%progbits
 1849              		.align	1
 1850              		.global	HAL_HCD_HC_GetURBState
 1851              		.syntax unified
 1852              		.thumb
 1853              		.thumb_func
 1855              	HAL_HCD_HC_GetURBState:
 1856              		@ args = 0, pretend = 0, frame = 0
 1857              		@ frame_needed = 0, uses_anonymous_args = 0
 1858              		@ link register save eliminated.
 1859 0000 C1EB0111 		rsb	r1, r1, r1, lsl #4
 1860 0004 00EB8100 		add	r0, r0, r1, lsl #2
 1861 0008 90F84C00 		ldrb	r0, [r0, #76]	@ zero_extendqisi2
 1862 000c 7047     		bx	lr
 1864              		.section	.text.HAL_HCD_HC_GetXferCount,"ax",%progbits
 1865              		.align	1
 1866              		.global	HAL_HCD_HC_GetXferCount
 1867              		.syntax unified
 1868              		.thumb
 1869              		.thumb_func
 1871              	HAL_HCD_HC_GetXferCount:
ARM GAS  /var/folders/kf/d797ysj14bb1pb7szkr3jbx80000gn/T//ccfCetR4.s 			page 33


 1872              		@ args = 0, pretend = 0, frame = 0
 1873              		@ frame_needed = 0, uses_anonymous_args = 0
 1874              		@ link register save eliminated.
 1875 0000 C1EB0111 		rsb	r1, r1, r1, lsl #4
 1876 0004 00EB8100 		add	r0, r0, r1, lsl #2
 1877 0008 806B     		ldr	r0, [r0, #56]
 1878 000a 7047     		bx	lr
 1880              		.section	.text.HAL_HCD_HC_GetState,"ax",%progbits
 1881              		.align	1
 1882              		.global	HAL_HCD_HC_GetState
 1883              		.syntax unified
 1884              		.thumb
 1885              		.thumb_func
 1887              	HAL_HCD_HC_GetState:
 1888              		@ args = 0, pretend = 0, frame = 0
 1889              		@ frame_needed = 0, uses_anonymous_args = 0
 1890              		@ link register save eliminated.
 1891 0000 C1EB0111 		rsb	r1, r1, r1, lsl #4
 1892 0004 00EB8100 		add	r0, r0, r1, lsl #2
 1893 0008 90F84D00 		ldrb	r0, [r0, #77]	@ zero_extendqisi2
 1894 000c 7047     		bx	lr
 1896              		.section	.text.HAL_HCD_GetCurrentFrame,"ax",%progbits
 1897              		.align	1
 1898              		.global	HAL_HCD_GetCurrentFrame
 1899              		.syntax unified
 1900              		.thumb
 1901              		.thumb_func
 1903              	HAL_HCD_GetCurrentFrame:
 1904              		@ args = 0, pretend = 0, frame = 0
 1905              		@ frame_needed = 0, uses_anonymous_args = 0
 1906 0000 08B5     		push	{r3, lr}
 1907 0002 0068     		ldr	r0, [r0]
 1908 0004 FFF7FEFF 		bl	USB_GetCurrentFrame
 1909 0008 08BD     		pop	{r3, pc}
 1911              		.section	.text.HAL_HCD_GetCurrentSpeed,"ax",%progbits
 1912              		.align	1
 1913              		.global	HAL_HCD_GetCurrentSpeed
 1914              		.syntax unified
 1915              		.thumb
 1916              		.thumb_func
 1918              	HAL_HCD_GetCurrentSpeed:
 1919              		@ args = 0, pretend = 0, frame = 0
 1920              		@ frame_needed = 0, uses_anonymous_args = 0
 1921 0000 08B5     		push	{r3, lr}
 1922 0002 0068     		ldr	r0, [r0]
 1923 0004 FFF7FEFF 		bl	USB_GetHostSpeed
 1924 0008 08BD     		pop	{r3, pc}
 1926              		.section	.text.HAL_HCD_HC_SetHubInfo,"ax",%progbits
 1927              		.align	1
 1928              		.global	HAL_HCD_HC_SetHubInfo
 1929              		.syntax unified
 1930              		.thumb
 1931              		.thumb_func
 1933              	HAL_HCD_HC_SetHubInfo:
 1934              		@ args = 0, pretend = 0, frame = 0
 1935              		@ frame_needed = 0, uses_anonymous_args = 0
 1936 0000 F8B5     		push	{r3, r4, r5, r6, r7, lr}
ARM GAS  /var/folders/kf/d797ysj14bb1pb7szkr3jbx80000gn/T//ccfCetR4.s 			page 34


 1937 0002 0546     		mov	r5, r0
 1938 0004 0C46     		mov	r4, r1
 1939 0006 1646     		mov	r6, r2
 1940 0008 1F46     		mov	r7, r3
 1941 000a 0068     		ldr	r0, [r0]
 1942 000c FFF7FEFF 		bl	USB_GetHostSpeed
 1943 0010 C4EB0413 		rsb	r3, r4, r4, lsl #4
 1944 0014 05EB8303 		add	r3, r5, r3, lsl #2
 1945 0018 1B7E     		ldrb	r3, [r3, #24]	@ zero_extendqisi2
 1946 001a ABB1     		cbz	r3, .L225
 1947 001c A0B9     		cbnz	r0, .L225
 1948 001e C4EB0413 		rsb	r3, r4, r4, lsl #4
 1949 0022 05EB8303 		add	r3, r5, r3, lsl #2
 1950 0026 0122     		movs	r2, #1
 1951 0028 9A76     		strb	r2, [r3, #26]
 1952 002a 93F82630 		ldrb	r3, [r3, #38]	@ zero_extendqisi2
 1953 002e 5BB9     		cbnz	r3, .L225
 1954 0030 C4EB0413 		rsb	r3, r4, r4, lsl #4
 1955 0034 05EB8303 		add	r3, r5, r3, lsl #2
 1956 0038 DB7D     		ldrb	r3, [r3, #23]	@ zero_extendqisi2
 1957 003a 2BB1     		cbz	r3, .L225
 1958 003c C4EB0413 		rsb	r3, r4, r4, lsl #4
 1959 0040 05EB8303 		add	r3, r5, r3, lsl #2
 1960 0044 83F83C20 		strb	r2, [r3, #60]
 1961              	.L225:
 1962 0048 C4EB0413 		rsb	r3, r4, r4, lsl #4
 1963 004c 05EB8303 		add	r3, r5, r3, lsl #2
 1964 0050 83F82560 		strb	r6, [r3, #37]
 1965 0054 83F82470 		strb	r7, [r3, #36]
 1966 0058 0020     		movs	r0, #0
 1967 005a F8BD     		pop	{r3, r4, r5, r6, r7, pc}
 1969              		.section	.text.HAL_HCD_HC_ClearHubInfo,"ax",%progbits
 1970              		.align	1
 1971              		.global	HAL_HCD_HC_ClearHubInfo
 1972              		.syntax unified
 1973              		.thumb
 1974              		.thumb_func
 1976              	HAL_HCD_HC_ClearHubInfo:
 1977              		@ args = 0, pretend = 0, frame = 0
 1978              		@ frame_needed = 0, uses_anonymous_args = 0
 1979              		@ link register save eliminated.
 1980 0000 C1EB0112 		rsb	r2, r1, r1, lsl #4
 1981 0004 00EB8202 		add	r2, r0, r2, lsl #2
 1982 0008 0020     		movs	r0, #0
 1983 000a 9076     		strb	r0, [r2, #26]
 1984 000c D076     		strb	r0, [r2, #27]
 1985 000e 82F82500 		strb	r0, [r2, #37]
 1986 0012 82F82400 		strb	r0, [r2, #36]
 1987 0016 7047     		bx	lr
 1989              		.section	.text.HAL_HCD_HC_Init,"ax",%progbits
 1990              		.align	1
 1991              		.global	HAL_HCD_HC_Init
 1992              		.syntax unified
 1993              		.thumb
 1994              		.thumb_func
 1996              	HAL_HCD_HC_Init:
 1997              		@ args = 12, pretend = 0, frame = 0
ARM GAS  /var/folders/kf/d797ysj14bb1pb7szkr3jbx80000gn/T//ccfCetR4.s 			page 35


 1998              		@ frame_needed = 0, uses_anonymous_args = 0
 1999 0000 2DE9F04F 		push	{r4, r5, r6, r7, r8, r9, r10, fp, lr}
 2000 0004 85B0     		sub	sp, sp, #20
 2001 0006 0C46     		mov	r4, r1
 2002 0008 1646     		mov	r6, r2
 2003 000a 1946     		mov	r1, r3
 2004 000c 9A46     		mov	r10, r3
 2005 000e 9DF83880 		ldrb	r8, [sp, #56]	@ zero_extendqisi2
 2006 0012 9DF83C70 		ldrb	r7, [sp, #60]	@ zero_extendqisi2
 2007 0016 BDF84020 		ldrh	r2, [sp, #64]
 2008 001a 90F8D433 		ldrb	r3, [r0, #980]	@ zero_extendqisi2
 2009 001e 012B     		cmp	r3, #1
 2010 0020 52D0     		beq	.L233
 2011 0022 0546     		mov	r5, r0
 2012 0024 9346     		mov	fp, r2
 2013 0026 9146     		mov	r9, r2
 2014 0028 0123     		movs	r3, #1
 2015 002a 80F8D433 		strb	r3, [r0, #980]
 2016 002e C4EB0413 		rsb	r3, r4, r4, lsl #4
 2017 0032 00EB8303 		add	r3, r0, r3, lsl #2
 2018 0036 0022     		movs	r2, #0
 2019 0038 5A76     		strb	r2, [r3, #25]
 2020 003a 1975     		strb	r1, [r3, #20]
 2021 003c 5C75     		strb	r4, [r3, #21]
 2022 003e 83F82670 		strb	r7, [r3, #38]
 2023 0042 06F07F02 		and	r2, r6, #127
 2024 0046 9A75     		strb	r2, [r3, #22]
 2025 0048 2146     		mov	r1, r4
 2026 004a FFF7FEFF 		bl	HAL_HCD_HC_ClearHubInfo
 2027 004e 16F0800F 		tst	r6, #128
 2028 0052 27D1     		bne	.L236
 2029 0054 C4EB0413 		rsb	r3, r4, r4, lsl #4
 2030 0058 05EB8303 		add	r3, r5, r3, lsl #2
 2031 005c 0022     		movs	r2, #0
 2032 005e DA75     		strb	r2, [r3, #23]
 2033              	.L231:
 2034 0060 2868     		ldr	r0, [r5]
 2035 0062 FFF7FEFF 		bl	USB_GetHostSpeed
 2036 0066 012F     		cmp	r7, #1
 2037 0068 23D0     		beq	.L237
 2038              	.L232:
 2039 006a C4EB0413 		rsb	r3, r4, r4, lsl #4
 2040 006e 05EB8303 		add	r3, r5, r3, lsl #2
 2041 0072 83F81880 		strb	r8, [r3, #24]
 2042 0076 1FFA89F3 		uxth	r3, r9
 2043 007a C4EB0412 		rsb	r2, r4, r4, lsl #4
 2044 007e 05EB8202 		add	r2, r5, r2, lsl #2
 2045 0082 1385     		strh	r3, [r2, #40]	@ movhi
 2046 0084 0293     		str	r3, [sp, #8]
 2047 0086 0197     		str	r7, [sp, #4]
 2048 0088 CDF80080 		str	r8, [sp]
 2049 008c 5346     		mov	r3, r10
 2050 008e 3246     		mov	r2, r6
 2051 0090 2146     		mov	r1, r4
 2052 0092 2868     		ldr	r0, [r5]
 2053 0094 FFF7FEFF 		bl	USB_HC_Init
 2054 0098 0023     		movs	r3, #0
ARM GAS  /var/folders/kf/d797ysj14bb1pb7szkr3jbx80000gn/T//ccfCetR4.s 			page 36


 2055 009a 85F8D433 		strb	r3, [r5, #980]
 2056              	.L229:
 2057 009e 05B0     		add	sp, sp, #20
 2058              		@ sp needed
 2059 00a0 BDE8F08F 		pop	{r4, r5, r6, r7, r8, r9, r10, fp, pc}
 2060              	.L236:
 2061 00a4 C4EB0413 		rsb	r3, r4, r4, lsl #4
 2062 00a8 05EB8303 		add	r3, r5, r3, lsl #2
 2063 00ac 0122     		movs	r2, #1
 2064 00ae DA75     		strb	r2, [r3, #23]
 2065 00b0 D6E7     		b	.L231
 2066              	.L237:
 2067 00b2 B8F1010F 		cmp	r8, #1
 2068 00b6 D8D1     		bne	.L232
 2069 00b8 0028     		cmp	r0, #0
 2070 00ba D6D1     		bne	.L232
 2071 00bc 5B46     		mov	r3, fp
 2072 00be BC2B     		cmp	r3, #188
 2073 00c0 D3D9     		bls	.L232
 2074 00c2 BC23     		movs	r3, #188
 2075 00c4 9946     		mov	r9, r3
 2076 00c6 D0E7     		b	.L232
 2077              	.L233:
 2078 00c8 0220     		movs	r0, #2
 2079 00ca E8E7     		b	.L229
 2081              		.ident	"GCC: (xPack GNU Arm Embedded GCC arm64) 15.2.1 20251203"
ARM GAS  /var/folders/kf/d797ysj14bb1pb7szkr3jbx80000gn/T//ccfCetR4.s 			page 37


DEFINED SYMBOLS
                            *ABS*:00000000 stm32f4xx_hal_hcd.c
/var/folders/kf/d797ysj14bb1pb7szkr3jbx80000gn/T//ccfCetR4.s:18     .text.HCD_RXQLVL_IRQHandler:00000000 $t
/var/folders/kf/d797ysj14bb1pb7szkr3jbx80000gn/T//ccfCetR4.s:23     .text.HCD_RXQLVL_IRQHandler:00000000 HCD_RXQLVL_IRQHandler
/var/folders/kf/d797ysj14bb1pb7szkr3jbx80000gn/T//ccfCetR4.s:96     .text.HCD_RXQLVL_IRQHandler:000000b4 $d
/var/folders/kf/d797ysj14bb1pb7szkr3jbx80000gn/T//ccfCetR4.s:99     .text.HAL_HCD_HC_Halt:00000000 $t
/var/folders/kf/d797ysj14bb1pb7szkr3jbx80000gn/T//ccfCetR4.s:105    .text.HAL_HCD_HC_Halt:00000000 HAL_HCD_HC_Halt
/var/folders/kf/d797ysj14bb1pb7szkr3jbx80000gn/T//ccfCetR4.s:125    .text.HAL_HCD_MspInit:00000000 $t
/var/folders/kf/d797ysj14bb1pb7szkr3jbx80000gn/T//ccfCetR4.s:131    .text.HAL_HCD_MspInit:00000000 HAL_HCD_MspInit
/var/folders/kf/d797ysj14bb1pb7szkr3jbx80000gn/T//ccfCetR4.s:138    .text.HAL_HCD_Init:00000000 $t
/var/folders/kf/d797ysj14bb1pb7szkr3jbx80000gn/T//ccfCetR4.s:144    .text.HAL_HCD_Init:00000000 HAL_HCD_Init
/var/folders/kf/d797ysj14bb1pb7szkr3jbx80000gn/T//ccfCetR4.s:216    .text.HAL_HCD_MspDeInit:00000000 $t
/var/folders/kf/d797ysj14bb1pb7szkr3jbx80000gn/T//ccfCetR4.s:222    .text.HAL_HCD_MspDeInit:00000000 HAL_HCD_MspDeInit
/var/folders/kf/d797ysj14bb1pb7szkr3jbx80000gn/T//ccfCetR4.s:229    .text.HAL_HCD_DeInit:00000000 $t
/var/folders/kf/d797ysj14bb1pb7szkr3jbx80000gn/T//ccfCetR4.s:235    .text.HAL_HCD_DeInit:00000000 HAL_HCD_DeInit
/var/folders/kf/d797ysj14bb1pb7szkr3jbx80000gn/T//ccfCetR4.s:254    .text.HAL_HCD_HC_SubmitRequest:00000000 $t
/var/folders/kf/d797ysj14bb1pb7szkr3jbx80000gn/T//ccfCetR4.s:260    .text.HAL_HCD_HC_SubmitRequest:00000000 HAL_HCD_HC_SubmitRequest
/var/folders/kf/d797ysj14bb1pb7szkr3jbx80000gn/T//ccfCetR4.s:435    .text.HAL_HCD_WKUP_IRQHandler:00000000 $t
/var/folders/kf/d797ysj14bb1pb7szkr3jbx80000gn/T//ccfCetR4.s:441    .text.HAL_HCD_WKUP_IRQHandler:00000000 HAL_HCD_WKUP_IRQHandler
/var/folders/kf/d797ysj14bb1pb7szkr3jbx80000gn/T//ccfCetR4.s:448    .text.HAL_HCD_SOF_Callback:00000000 $t
/var/folders/kf/d797ysj14bb1pb7szkr3jbx80000gn/T//ccfCetR4.s:454    .text.HAL_HCD_SOF_Callback:00000000 HAL_HCD_SOF_Callback
/var/folders/kf/d797ysj14bb1pb7szkr3jbx80000gn/T//ccfCetR4.s:461    .text.HAL_HCD_Connect_Callback:00000000 $t
/var/folders/kf/d797ysj14bb1pb7szkr3jbx80000gn/T//ccfCetR4.s:467    .text.HAL_HCD_Connect_Callback:00000000 HAL_HCD_Connect_Callback
/var/folders/kf/d797ysj14bb1pb7szkr3jbx80000gn/T//ccfCetR4.s:474    .text.HAL_HCD_Disconnect_Callback:00000000 $t
/var/folders/kf/d797ysj14bb1pb7szkr3jbx80000gn/T//ccfCetR4.s:480    .text.HAL_HCD_Disconnect_Callback:00000000 HAL_HCD_Disconnect_Callback
/var/folders/kf/d797ysj14bb1pb7szkr3jbx80000gn/T//ccfCetR4.s:487    .text.HAL_HCD_PortEnabled_Callback:00000000 $t
/var/folders/kf/d797ysj14bb1pb7szkr3jbx80000gn/T//ccfCetR4.s:493    .text.HAL_HCD_PortEnabled_Callback:00000000 HAL_HCD_PortEnabled_Callback
/var/folders/kf/d797ysj14bb1pb7szkr3jbx80000gn/T//ccfCetR4.s:500    .text.HAL_HCD_PortDisabled_Callback:00000000 $t
/var/folders/kf/d797ysj14bb1pb7szkr3jbx80000gn/T//ccfCetR4.s:506    .text.HAL_HCD_PortDisabled_Callback:00000000 HAL_HCD_PortDisabled_Callback
/var/folders/kf/d797ysj14bb1pb7szkr3jbx80000gn/T//ccfCetR4.s:513    .text.HCD_Port_IRQHandler:00000000 $t
/var/folders/kf/d797ysj14bb1pb7szkr3jbx80000gn/T//ccfCetR4.s:518    .text.HCD_Port_IRQHandler:00000000 HCD_Port_IRQHandler
/var/folders/kf/d797ysj14bb1pb7szkr3jbx80000gn/T//ccfCetR4.s:601    .text.HAL_HCD_HC_NotifyURBChange_Callback:00000000 $t
/var/folders/kf/d797ysj14bb1pb7szkr3jbx80000gn/T//ccfCetR4.s:607    .text.HAL_HCD_HC_NotifyURBChange_Callback:00000000 HAL_HCD_HC_NotifyURBChange_Callback
/var/folders/kf/d797ysj14bb1pb7szkr3jbx80000gn/T//ccfCetR4.s:614    .text.HCD_HC_IN_IRQHandler:00000000 $t
/var/folders/kf/d797ysj14bb1pb7szkr3jbx80000gn/T//ccfCetR4.s:619    .text.HCD_HC_IN_IRQHandler:00000000 HCD_HC_IN_IRQHandler
/var/folders/kf/d797ysj14bb1pb7szkr3jbx80000gn/T//ccfCetR4.s:1164   .text.HCD_HC_OUT_IRQHandler:00000000 $t
/var/folders/kf/d797ysj14bb1pb7szkr3jbx80000gn/T//ccfCetR4.s:1169   .text.HCD_HC_OUT_IRQHandler:00000000 HCD_HC_OUT_IRQHandler
/var/folders/kf/d797ysj14bb1pb7szkr3jbx80000gn/T//ccfCetR4.s:1603   .text.HAL_HCD_IRQHandler:00000000 $t
/var/folders/kf/d797ysj14bb1pb7szkr3jbx80000gn/T//ccfCetR4.s:1609   .text.HAL_HCD_IRQHandler:00000000 HAL_HCD_IRQHandler
/var/folders/kf/d797ysj14bb1pb7szkr3jbx80000gn/T//ccfCetR4.s:1766   .text.HAL_HCD_Start:00000000 $t
/var/folders/kf/d797ysj14bb1pb7szkr3jbx80000gn/T//ccfCetR4.s:1772   .text.HAL_HCD_Start:00000000 HAL_HCD_Start
/var/folders/kf/d797ysj14bb1pb7szkr3jbx80000gn/T//ccfCetR4.s:1794   .text.HAL_HCD_Stop:00000000 $t
/var/folders/kf/d797ysj14bb1pb7szkr3jbx80000gn/T//ccfCetR4.s:1800   .text.HAL_HCD_Stop:00000000 HAL_HCD_Stop
/var/folders/kf/d797ysj14bb1pb7szkr3jbx80000gn/T//ccfCetR4.s:1820   .text.HAL_HCD_ResetPort:00000000 $t
/var/folders/kf/d797ysj14bb1pb7szkr3jbx80000gn/T//ccfCetR4.s:1826   .text.HAL_HCD_ResetPort:00000000 HAL_HCD_ResetPort
/var/folders/kf/d797ysj14bb1pb7szkr3jbx80000gn/T//ccfCetR4.s:1835   .text.HAL_HCD_GetState:00000000 $t
/var/folders/kf/d797ysj14bb1pb7szkr3jbx80000gn/T//ccfCetR4.s:1841   .text.HAL_HCD_GetState:00000000 HAL_HCD_GetState
/var/folders/kf/d797ysj14bb1pb7szkr3jbx80000gn/T//ccfCetR4.s:1849   .text.HAL_HCD_HC_GetURBState:00000000 $t
/var/folders/kf/d797ysj14bb1pb7szkr3jbx80000gn/T//ccfCetR4.s:1855   .text.HAL_HCD_HC_GetURBState:00000000 HAL_HCD_HC_GetURBState
/var/folders/kf/d797ysj14bb1pb7szkr3jbx80000gn/T//ccfCetR4.s:1865   .text.HAL_HCD_HC_GetXferCount:00000000 $t
/var/folders/kf/d797ysj14bb1pb7szkr3jbx80000gn/T//ccfCetR4.s:1871   .text.HAL_HCD_HC_GetXferCount:00000000 HAL_HCD_HC_GetXferCount
/var/folders/kf/d797ysj14bb1pb7szkr3jbx80000gn/T//ccfCetR4.s:1881   .text.HAL_HCD_HC_GetState:00000000 $t
/var/folders/kf/d797ysj14bb1pb7szkr3jbx80000gn/T//ccfCetR4.s:1887   .text.HAL_HCD_HC_GetState:00000000 HAL_HCD_HC_GetState
/var/folders/kf/d797ysj14bb1pb7szkr3jbx80000gn/T//ccfCetR4.s:1897   .text.HAL_HCD_GetCurrentFrame:00000000 $t
/var/folders/kf/d797ysj14bb1pb7szkr3jbx80000gn/T//ccfCetR4.s:1903   .text.HAL_HCD_GetCurrentFrame:00000000 HAL_HCD_GetCurrentFrame
/var/folders/kf/d797ysj14bb1pb7szkr3jbx80000gn/T//ccfCetR4.s:1912   .text.HAL_HCD_GetCurrentSpeed:00000000 $t
/var/folders/kf/d797ysj14bb1pb7szkr3jbx80000gn/T//ccfCetR4.s:1918   .text.HAL_HCD_GetCurrentSpeed:00000000 HAL_HCD_GetCurrentSpeed
ARM GAS  /var/folders/kf/d797ysj14bb1pb7szkr3jbx80000gn/T//ccfCetR4.s 			page 38


/var/folders/kf/d797ysj14bb1pb7szkr3jbx80000gn/T//ccfCetR4.s:1927   .text.HAL_HCD_HC_SetHubInfo:00000000 $t
/var/folders/kf/d797ysj14bb1pb7szkr3jbx80000gn/T//ccfCetR4.s:1933   .text.HAL_HCD_HC_SetHubInfo:00000000 HAL_HCD_HC_SetHubInfo
/var/folders/kf/d797ysj14bb1pb7szkr3jbx80000gn/T//ccfCetR4.s:1970   .text.HAL_HCD_HC_ClearHubInfo:00000000 $t
/var/folders/kf/d797ysj14bb1pb7szkr3jbx80000gn/T//ccfCetR4.s:1976   .text.HAL_HCD_HC_ClearHubInfo:00000000 HAL_HCD_HC_ClearHubInfo
/var/folders/kf/d797ysj14bb1pb7szkr3jbx80000gn/T//ccfCetR4.s:1990   .text.HAL_HCD_HC_Init:00000000 $t
/var/folders/kf/d797ysj14bb1pb7szkr3jbx80000gn/T//ccfCetR4.s:1996   .text.HAL_HCD_HC_Init:00000000 HAL_HCD_HC_Init

UNDEFINED SYMBOLS
USB_ReadPacket
USB_HC_Halt
USB_DisableGlobalInt
USB_CoreInit
USB_SetCurrentMode
USB_HostInit
USB_HC_StartXfer
USB_InitFSLSPClkSel
USB_ReadChInterrupts
USB_GetMode
USB_ReadInterrupts
USB_FlushTxFifo
USB_FlushRxFifo
USB_HC_ReadInterrupt
USB_DriveVbus
USB_EnableGlobalInt
USB_StopHost
USB_ResetPort
USB_GetCurrentFrame
USB_GetHostSpeed
USB_HC_Init
