ARM GAS  /var/folders/kf/d797ysj14bb1pb7szkr3jbx80000gn/T//cc3u2GaC.s 			page 1


   1              		.cpu cortex-m4
   2              		.arch armv7e-m
   3              		.fpu fpv4-sp-d16
   4              		.eabi_attribute 27, 1
   5              		.eabi_attribute 28, 1
   6              		.eabi_attribute 20, 1
   7              		.eabi_attribute 21, 1
   8              		.eabi_attribute 23, 3
   9              		.eabi_attribute 24, 1
  10              		.eabi_attribute 25, 1
  11              		.eabi_attribute 26, 1
  12              		.eabi_attribute 30, 1
  13              		.eabi_attribute 34, 1
  14              		.eabi_attribute 18, 4
  15              		.file	"stm32f4xx_hal_dma_ex.c"
  16              		.text
  17              		.section	.text.DMA_MultiBufferSetConfig,"ax",%progbits
  18              		.align	1
  19              		.syntax unified
  20              		.thumb
  21              		.thumb_func
  23              	DMA_MultiBufferSetConfig:
  24              		@ args = 0, pretend = 0, frame = 0
  25              		@ frame_needed = 0, uses_anonymous_args = 0
  26              		@ link register save eliminated.
  27 0000 10B4     		push	{r4}
  28 0002 0468     		ldr	r4, [r0]
  29 0004 6360     		str	r3, [r4, #4]
  30 0006 8368     		ldr	r3, [r0, #8]
  31 0008 402B     		cmp	r3, #64
  32 000a 05D0     		beq	.L5
  33 000c 0368     		ldr	r3, [r0]
  34 000e 9960     		str	r1, [r3, #8]
  35 0010 0368     		ldr	r3, [r0]
  36 0012 DA60     		str	r2, [r3, #12]
  37              	.L1:
  38 0014 10BC     		pop	{r4}
  39 0016 7047     		bx	lr
  40              	.L5:
  41 0018 0368     		ldr	r3, [r0]
  42 001a 9A60     		str	r2, [r3, #8]
  43 001c 0368     		ldr	r3, [r0]
  44 001e D960     		str	r1, [r3, #12]
  45 0020 F8E7     		b	.L1
  47              		.section	.text.HAL_DMAEx_MultiBufferStart,"ax",%progbits
  48              		.align	1
  49              		.global	HAL_DMAEx_MultiBufferStart
  50              		.syntax unified
  51              		.thumb
  52              		.thumb_func
  54              	HAL_DMAEx_MultiBufferStart:
  55              		@ args = 4, pretend = 0, frame = 0
  56              		@ frame_needed = 0, uses_anonymous_args = 0
  57 0000 10B5     		push	{r4, lr}
  58 0002 0446     		mov	r4, r0
  59 0004 8068     		ldr	r0, [r0, #8]
  60 0006 8028     		cmp	r0, #128
ARM GAS  /var/folders/kf/d797ysj14bb1pb7szkr3jbx80000gn/T//cc3u2GaC.s 			page 2


  61 0008 0CD0     		beq	.L12
  62 000a 94F83400 		ldrb	r0, [r4, #52]	@ zero_extendqisi2
  63 000e 0128     		cmp	r0, #1
  64 0010 25D0     		beq	.L9
  65 0012 0120     		movs	r0, #1
  66 0014 84F83400 		strb	r0, [r4, #52]
  67 0018 94F83500 		ldrb	r0, [r4, #53]	@ zero_extendqisi2
  68 001c 0128     		cmp	r0, #1
  69 001e 06D0     		beq	.L13
  70 0020 0220     		movs	r0, #2
  71              	.L8:
  72 0022 10BD     		pop	{r4, pc}
  73              	.L12:
  74 0024 4FF48073 		mov	r3, #256
  75 0028 6365     		str	r3, [r4, #84]
  76 002a 0120     		movs	r0, #1
  77 002c F9E7     		b	.L8
  78              	.L13:
  79 002e 0220     		movs	r0, #2
  80 0030 84F83500 		strb	r0, [r4, #53]
  81 0034 D4F800C0 		ldr	ip, [r4]
  82 0038 DCF80000 		ldr	r0, [ip]
  83 003c 40F48020 		orr	r0, r0, #262144
  84 0040 CCF80000 		str	r0, [ip]
  85 0044 2068     		ldr	r0, [r4]
  86 0046 0361     		str	r3, [r0, #16]
  87 0048 029B     		ldr	r3, [sp, #8]
  88 004a 2046     		mov	r0, r4
  89 004c FFF7FEFF 		bl	DMA_MultiBufferSetConfig
  90 0050 2268     		ldr	r2, [r4]
  91 0052 1368     		ldr	r3, [r2]
  92 0054 43F00103 		orr	r3, r3, #1
  93 0058 1360     		str	r3, [r2]
  94 005a 0020     		movs	r0, #0
  95 005c E1E7     		b	.L8
  96              	.L9:
  97 005e 0220     		movs	r0, #2
  98 0060 DFE7     		b	.L8
 100              		.section	.text.HAL_DMAEx_MultiBufferStart_IT,"ax",%progbits
 101              		.align	1
 102              		.global	HAL_DMAEx_MultiBufferStart_IT
 103              		.syntax unified
 104              		.thumb
 105              		.thumb_func
 107              	HAL_DMAEx_MultiBufferStart_IT:
 108              		@ args = 4, pretend = 0, frame = 0
 109              		@ frame_needed = 0, uses_anonymous_args = 0
 110 0000 10B5     		push	{r4, lr}
 111 0002 0446     		mov	r4, r0
 112 0004 8068     		ldr	r0, [r0, #8]
 113 0006 8028     		cmp	r0, #128
 114 0008 16D0     		beq	.L304
 115 000a E06B     		ldr	r0, [r4, #60]
 116 000c C8B1     		cbz	r0, .L17
 117 000e 606C     		ldr	r0, [r4, #68]
 118 0010 B8B1     		cbz	r0, .L17
 119 0012 E06C     		ldr	r0, [r4, #76]
ARM GAS  /var/folders/kf/d797ysj14bb1pb7szkr3jbx80000gn/T//cc3u2GaC.s 			page 3


 120 0014 A8B1     		cbz	r0, .L17
 121 0016 94F83400 		ldrb	r0, [r4, #52]	@ zero_extendqisi2
 122 001a 0128     		cmp	r0, #1
 123 001c 00F06B87 		beq	.L62
 124 0020 0120     		movs	r0, #1
 125 0022 84F83400 		strb	r0, [r4, #52]
 126 0026 94F83500 		ldrb	r0, [r4, #53]	@ zero_extendqisi2
 127 002a 0128     		cmp	r0, #1
 128 002c 0DD0     		beq	.L305
 129 002e 0023     		movs	r3, #0
 130 0030 84F83430 		strb	r3, [r4, #52]
 131 0034 0220     		movs	r0, #2
 132 0036 07E0     		b	.L16
 133              	.L304:
 134 0038 4FF48073 		mov	r3, #256
 135 003c 6365     		str	r3, [r4, #84]
 136 003e 0120     		movs	r0, #1
 137 0040 02E0     		b	.L16
 138              	.L17:
 139 0042 4023     		movs	r3, #64
 140 0044 6365     		str	r3, [r4, #84]
 141 0046 0120     		movs	r0, #1
 142              	.L16:
 143 0048 10BD     		pop	{r4, pc}
 144              	.L305:
 145 004a 0220     		movs	r0, #2
 146 004c 84F83500 		strb	r0, [r4, #53]
 147 0050 0020     		movs	r0, #0
 148 0052 6065     		str	r0, [r4, #84]
 149 0054 D4F800C0 		ldr	ip, [r4]
 150 0058 DCF80000 		ldr	r0, [ip]
 151 005c 40F48020 		orr	r0, r0, #262144
 152 0060 CCF80000 		str	r0, [ip]
 153 0064 2068     		ldr	r0, [r4]
 154 0066 0361     		str	r3, [r0, #16]
 155 0068 029B     		ldr	r3, [sp, #8]
 156 006a 2046     		mov	r0, r4
 157 006c FFF7FEFF 		bl	DMA_MultiBufferSetConfig
 158 0070 2368     		ldr	r3, [r4]
 159 0072 A54A     		ldr	r2, .L327
 160 0074 9342     		cmp	r3, r2
 161 0076 40F29880 		bls	.L20
 162 007a A2F58962 		sub	r2, r2, #1096
 163 007e 9342     		cmp	r3, r2
 164 0080 31D0     		beq	.L63
 165 0082 02F58062 		add	r2, r2, #1024
 166 0086 9342     		cmp	r3, r2
 167 0088 74D0     		beq	.L64
 168 008a A2F56872 		sub	r2, r2, #928
 169 008e 9342     		cmp	r3, r2
 170 0090 72D0     		beq	.L65
 171 0092 02F58062 		add	r2, r2, #1024
 172 0096 9342     		cmp	r3, r2
 173 0098 70D0     		beq	.L66
 174 009a A2F58962 		sub	r2, r2, #1096
 175 009e 9342     		cmp	r3, r2
 176 00a0 6ED0     		beq	.L67
ARM GAS  /var/folders/kf/d797ysj14bb1pb7szkr3jbx80000gn/T//cc3u2GaC.s 			page 4


 177 00a2 02F58062 		add	r2, r2, #1024
 178 00a6 9342     		cmp	r3, r2
 179 00a8 6DD0     		beq	.L68
 180 00aa A2F56872 		sub	r2, r2, #928
 181 00ae 9342     		cmp	r3, r2
 182 00b0 6CD0     		beq	.L69
 183 00b2 02F58062 		add	r2, r2, #1024
 184 00b6 9342     		cmp	r3, r2
 185 00b8 6BD0     		beq	.L70
 186 00ba A2F58962 		sub	r2, r2, #1096
 187 00be 9342     		cmp	r3, r2
 188 00c0 6AD0     		beq	.L71
 189 00c2 02F58062 		add	r2, r2, #1024
 190 00c6 9342     		cmp	r3, r2
 191 00c8 69D0     		beq	.L72
 192 00ca A2F56872 		sub	r2, r2, #928
 193 00ce 9342     		cmp	r3, r2
 194 00d0 68D0     		beq	.L73
 195 00d2 02F58062 		add	r2, r2, #1024
 196 00d6 9342     		cmp	r3, r2
 197 00d8 02D0     		beq	.L306
 198 00da 4FF00062 		mov	r2, #134217728
 199 00de 03E0     		b	.L21
 200              	.L306:
 201 00e0 4FF40012 		mov	r2, #2097152
 202 00e4 00E0     		b	.L21
 203              	.L63:
 204 00e6 2022     		movs	r2, #32
 205              	.L21:
 206 00e8 884B     		ldr	r3, .L327+4
 207 00ea DA60     		str	r2, [r3, #12]
 208              	.L22:
 209 00ec 2368     		ldr	r3, [r4]
 210 00ee 864A     		ldr	r2, .L327
 211 00f0 9342     		cmp	r3, r2
 212 00f2 40F2CC81 		bls	.L28
 213 00f6 A2F58962 		sub	r2, r2, #1096
 214 00fa 9342     		cmp	r3, r2
 215 00fc 00F06581 		beq	.L111
 216 0100 02F58062 		add	r2, r2, #1024
 217 0104 9342     		cmp	r3, r2
 218 0106 00F0A781 		beq	.L112
 219 010a A2F56872 		sub	r2, r2, #928
 220 010e 9342     		cmp	r3, r2
 221 0110 00F0A481 		beq	.L113
 222 0114 02F58062 		add	r2, r2, #1024
 223 0118 9342     		cmp	r3, r2
 224 011a 00F0A181 		beq	.L114
 225 011e A2F58962 		sub	r2, r2, #1096
 226 0122 9342     		cmp	r3, r2
 227 0124 00F09E81 		beq	.L115
 228 0128 02F58062 		add	r2, r2, #1024
 229 012c 9342     		cmp	r3, r2
 230 012e 00F09C81 		beq	.L116
 231 0132 A2F56872 		sub	r2, r2, #928
 232 0136 9342     		cmp	r3, r2
 233 0138 00F09A81 		beq	.L117
ARM GAS  /var/folders/kf/d797ysj14bb1pb7szkr3jbx80000gn/T//cc3u2GaC.s 			page 5


 234 013c 02F58062 		add	r2, r2, #1024
 235 0140 9342     		cmp	r3, r2
 236 0142 00F09881 		beq	.L118
 237 0146 A2F58962 		sub	r2, r2, #1096
 238 014a 9342     		cmp	r3, r2
 239 014c 00F09681 		beq	.L119
 240 0150 02F58062 		add	r2, r2, #1024
 241 0154 9342     		cmp	r3, r2
 242 0156 00F09481 		beq	.L120
 243 015a A2F56872 		sub	r2, r2, #928
 244 015e 9342     		cmp	r3, r2
 245 0160 00F09281 		beq	.L121
 246 0164 02F58062 		add	r2, r2, #1024
 247 0168 9342     		cmp	r3, r2
 248 016a 00F02B81 		beq	.L307
 249 016e 4FF08062 		mov	r2, #67108864
 250 0172 2BE1     		b	.L29
 251              	.L64:
 252 0174 2022     		movs	r2, #32
 253 0176 B7E7     		b	.L21
 254              	.L65:
 255 0178 2022     		movs	r2, #32
 256 017a B5E7     		b	.L21
 257              	.L66:
 258 017c 2022     		movs	r2, #32
 259 017e B3E7     		b	.L21
 260              	.L67:
 261 0180 4FF40062 		mov	r2, #2048
 262 0184 B0E7     		b	.L21
 263              	.L68:
 264 0186 4FF40062 		mov	r2, #2048
 265 018a ADE7     		b	.L21
 266              	.L69:
 267 018c 4FF40062 		mov	r2, #2048
 268 0190 AAE7     		b	.L21
 269              	.L70:
 270 0192 4FF40062 		mov	r2, #2048
 271 0196 A7E7     		b	.L21
 272              	.L71:
 273 0198 4FF40012 		mov	r2, #2097152
 274 019c A4E7     		b	.L21
 275              	.L72:
 276 019e 4FF40012 		mov	r2, #2097152
 277 01a2 A1E7     		b	.L21
 278              	.L73:
 279 01a4 4FF40012 		mov	r2, #2097152
 280 01a8 9EE7     		b	.L21
 281              	.L20:
 282 01aa 594A     		ldr	r2, .L327+8
 283 01ac 9342     		cmp	r3, r2
 284 01ae 53D9     		bls	.L23
 285 01b0 A83A     		subs	r2, r2, #168
 286 01b2 9342     		cmp	r3, r2
 287 01b4 31D0     		beq	.L75
 288 01b6 02F58062 		add	r2, r2, #1024
 289 01ba 9342     		cmp	r3, r2
 290 01bc 31D0     		beq	.L76
ARM GAS  /var/folders/kf/d797ysj14bb1pb7szkr3jbx80000gn/T//cc3u2GaC.s 			page 6


 291 01be A2F56872 		sub	r2, r2, #928
 292 01c2 9342     		cmp	r3, r2
 293 01c4 2FD0     		beq	.L77
 294 01c6 02F58062 		add	r2, r2, #1024
 295 01ca 9342     		cmp	r3, r2
 296 01cc 2DD0     		beq	.L78
 297 01ce A2F58962 		sub	r2, r2, #1096
 298 01d2 9342     		cmp	r3, r2
 299 01d4 2BD0     		beq	.L79
 300 01d6 02F58062 		add	r2, r2, #1024
 301 01da 9342     		cmp	r3, r2
 302 01dc 2AD0     		beq	.L80
 303 01de A2F56872 		sub	r2, r2, #928
 304 01e2 9342     		cmp	r3, r2
 305 01e4 29D0     		beq	.L81
 306 01e6 02F58062 		add	r2, r2, #1024
 307 01ea 9342     		cmp	r3, r2
 308 01ec 28D0     		beq	.L82
 309 01ee A2F58962 		sub	r2, r2, #1096
 310 01f2 9342     		cmp	r3, r2
 311 01f4 27D0     		beq	.L83
 312 01f6 02F58062 		add	r2, r2, #1024
 313 01fa 9342     		cmp	r3, r2
 314 01fc 26D0     		beq	.L84
 315 01fe A2F56872 		sub	r2, r2, #928
 316 0202 9342     		cmp	r3, r2
 317 0204 25D0     		beq	.L85
 318 0206 02F58062 		add	r2, r2, #1024
 319 020a 9342     		cmp	r3, r2
 320 020c 02D0     		beq	.L308
 321 020e 4FF00063 		mov	r3, #134217728
 322 0212 03E0     		b	.L24
 323              	.L308:
 324 0214 4FF40013 		mov	r3, #2097152
 325 0218 00E0     		b	.L24
 326              	.L75:
 327 021a 2023     		movs	r3, #32
 328              	.L24:
 329 021c 3B4A     		ldr	r2, .L327+4
 330 021e 9360     		str	r3, [r2, #8]
 331 0220 64E7     		b	.L22
 332              	.L76:
 333 0222 2023     		movs	r3, #32
 334 0224 FAE7     		b	.L24
 335              	.L77:
 336 0226 2023     		movs	r3, #32
 337 0228 F8E7     		b	.L24
 338              	.L78:
 339 022a 2023     		movs	r3, #32
 340 022c F6E7     		b	.L24
 341              	.L79:
 342 022e 4FF40063 		mov	r3, #2048
 343 0232 F3E7     		b	.L24
 344              	.L80:
 345 0234 4FF40063 		mov	r3, #2048
 346 0238 F0E7     		b	.L24
 347              	.L81:
ARM GAS  /var/folders/kf/d797ysj14bb1pb7szkr3jbx80000gn/T//cc3u2GaC.s 			page 7


 348 023a 4FF40063 		mov	r3, #2048
 349 023e EDE7     		b	.L24
 350              	.L82:
 351 0240 4FF40063 		mov	r3, #2048
 352 0244 EAE7     		b	.L24
 353              	.L83:
 354 0246 4FF40013 		mov	r3, #2097152
 355 024a E7E7     		b	.L24
 356              	.L84:
 357 024c 4FF40013 		mov	r3, #2097152
 358 0250 E4E7     		b	.L24
 359              	.L85:
 360 0252 4FF40013 		mov	r3, #2097152
 361 0256 E1E7     		b	.L24
 362              	.L23:
 363 0258 2E4A     		ldr	r2, .L327+12
 364 025a 9342     		cmp	r3, r2
 365 025c 5ED9     		bls	.L25
 366 025e 483A     		subs	r2, r2, #72
 367 0260 9342     		cmp	r3, r2
 368 0262 31D0     		beq	.L87
 369 0264 02F58062 		add	r2, r2, #1024
 370 0268 9342     		cmp	r3, r2
 371 026a 31D0     		beq	.L88
 372 026c A2F56872 		sub	r2, r2, #928
 373 0270 9342     		cmp	r3, r2
 374 0272 2FD0     		beq	.L89
 375 0274 02F58062 		add	r2, r2, #1024
 376 0278 9342     		cmp	r3, r2
 377 027a 2DD0     		beq	.L90
 378 027c A2F58962 		sub	r2, r2, #1096
 379 0280 9342     		cmp	r3, r2
 380 0282 2BD0     		beq	.L91
 381 0284 02F58062 		add	r2, r2, #1024
 382 0288 9342     		cmp	r3, r2
 383 028a 2AD0     		beq	.L92
 384 028c A2F56872 		sub	r2, r2, #928
 385 0290 9342     		cmp	r3, r2
 386 0292 29D0     		beq	.L93
 387 0294 02F58062 		add	r2, r2, #1024
 388 0298 9342     		cmp	r3, r2
 389 029a 28D0     		beq	.L94
 390 029c A2F58962 		sub	r2, r2, #1096
 391 02a0 9342     		cmp	r3, r2
 392 02a2 27D0     		beq	.L95
 393 02a4 02F58062 		add	r2, r2, #1024
 394 02a8 9342     		cmp	r3, r2
 395 02aa 26D0     		beq	.L96
 396 02ac A2F56872 		sub	r2, r2, #928
 397 02b0 9342     		cmp	r3, r2
 398 02b2 25D0     		beq	.L97
 399 02b4 02F58062 		add	r2, r2, #1024
 400 02b8 9342     		cmp	r3, r2
 401 02ba 02D0     		beq	.L309
 402 02bc 4FF00063 		mov	r3, #134217728
 403 02c0 03E0     		b	.L26
 404              	.L309:
ARM GAS  /var/folders/kf/d797ysj14bb1pb7szkr3jbx80000gn/T//cc3u2GaC.s 			page 8


 405 02c2 4FF40013 		mov	r3, #2097152
 406 02c6 00E0     		b	.L26
 407              	.L87:
 408 02c8 2023     		movs	r3, #32
 409              	.L26:
 410 02ca 134A     		ldr	r2, .L327+16
 411 02cc D360     		str	r3, [r2, #12]
 412 02ce 0DE7     		b	.L22
 413              	.L88:
 414 02d0 2023     		movs	r3, #32
 415 02d2 FAE7     		b	.L26
 416              	.L89:
 417 02d4 2023     		movs	r3, #32
 418 02d6 F8E7     		b	.L26
 419              	.L90:
 420 02d8 2023     		movs	r3, #32
 421 02da F6E7     		b	.L26
 422              	.L91:
 423 02dc 4FF40063 		mov	r3, #2048
 424 02e0 F3E7     		b	.L26
 425              	.L92:
 426 02e2 4FF40063 		mov	r3, #2048
 427 02e6 F0E7     		b	.L26
 428              	.L93:
 429 02e8 4FF40063 		mov	r3, #2048
 430 02ec EDE7     		b	.L26
 431              	.L94:
 432 02ee 4FF40063 		mov	r3, #2048
 433 02f2 EAE7     		b	.L26
 434              	.L95:
 435 02f4 4FF40013 		mov	r3, #2097152
 436 02f8 E7E7     		b	.L26
 437              	.L96:
 438 02fa 4FF40013 		mov	r3, #2097152
 439 02fe E4E7     		b	.L26
 440              	.L97:
 441 0300 4FF40013 		mov	r3, #2097152
 442 0304 E1E7     		b	.L26
 443              	.L328:
 444 0306 00BF     		.align	2
 445              	.L327:
 446 0308 58640240 		.word	1073898584
 447 030c 00640240 		.word	1073898496
 448 0310 B8600240 		.word	1073897656
 449 0314 58600240 		.word	1073897560
 450 0318 00600240 		.word	1073897472
 451              	.L25:
 452 031c B14A     		ldr	r2, .L329
 453 031e 9342     		cmp	r3, r2
 454 0320 31D0     		beq	.L99
 455 0322 02F58062 		add	r2, r2, #1024
 456 0326 9342     		cmp	r3, r2
 457 0328 31D0     		beq	.L100
 458 032a A2F56872 		sub	r2, r2, #928
 459 032e 9342     		cmp	r3, r2
 460 0330 2FD0     		beq	.L101
 461 0332 02F58062 		add	r2, r2, #1024
ARM GAS  /var/folders/kf/d797ysj14bb1pb7szkr3jbx80000gn/T//cc3u2GaC.s 			page 9


 462 0336 9342     		cmp	r3, r2
 463 0338 2DD0     		beq	.L102
 464 033a A2F58962 		sub	r2, r2, #1096
 465 033e 9342     		cmp	r3, r2
 466 0340 2BD0     		beq	.L103
 467 0342 02F58062 		add	r2, r2, #1024
 468 0346 9342     		cmp	r3, r2
 469 0348 2AD0     		beq	.L104
 470 034a A2F56872 		sub	r2, r2, #928
 471 034e 9342     		cmp	r3, r2
 472 0350 29D0     		beq	.L105
 473 0352 02F58062 		add	r2, r2, #1024
 474 0356 9342     		cmp	r3, r2
 475 0358 28D0     		beq	.L106
 476 035a A2F58962 		sub	r2, r2, #1096
 477 035e 9342     		cmp	r3, r2
 478 0360 27D0     		beq	.L107
 479 0362 02F58062 		add	r2, r2, #1024
 480 0366 9342     		cmp	r3, r2
 481 0368 26D0     		beq	.L108
 482 036a A2F56872 		sub	r2, r2, #928
 483 036e 9342     		cmp	r3, r2
 484 0370 25D0     		beq	.L109
 485 0372 02F58062 		add	r2, r2, #1024
 486 0376 9342     		cmp	r3, r2
 487 0378 02D0     		beq	.L310
 488 037a 4FF00063 		mov	r3, #134217728
 489 037e 03E0     		b	.L27
 490              	.L310:
 491 0380 4FF40013 		mov	r3, #2097152
 492 0384 00E0     		b	.L27
 493              	.L99:
 494 0386 2023     		movs	r3, #32
 495              	.L27:
 496 0388 974A     		ldr	r2, .L329+4
 497 038a 9360     		str	r3, [r2, #8]
 498 038c AEE6     		b	.L22
 499              	.L100:
 500 038e 2023     		movs	r3, #32
 501 0390 FAE7     		b	.L27
 502              	.L101:
 503 0392 2023     		movs	r3, #32
 504 0394 F8E7     		b	.L27
 505              	.L102:
 506 0396 2023     		movs	r3, #32
 507 0398 F6E7     		b	.L27
 508              	.L103:
 509 039a 4FF40063 		mov	r3, #2048
 510 039e F3E7     		b	.L27
 511              	.L104:
 512 03a0 4FF40063 		mov	r3, #2048
 513 03a4 F0E7     		b	.L27
 514              	.L105:
 515 03a6 4FF40063 		mov	r3, #2048
 516 03aa EDE7     		b	.L27
 517              	.L106:
 518 03ac 4FF40063 		mov	r3, #2048
ARM GAS  /var/folders/kf/d797ysj14bb1pb7szkr3jbx80000gn/T//cc3u2GaC.s 			page 10


 519 03b0 EAE7     		b	.L27
 520              	.L107:
 521 03b2 4FF40013 		mov	r3, #2097152
 522 03b6 E7E7     		b	.L27
 523              	.L108:
 524 03b8 4FF40013 		mov	r3, #2097152
 525 03bc E4E7     		b	.L27
 526              	.L109:
 527 03be 4FF40013 		mov	r3, #2097152
 528 03c2 E1E7     		b	.L27
 529              	.L307:
 530 03c4 4FF48012 		mov	r2, #1048576
 531 03c8 00E0     		b	.L29
 532              	.L111:
 533 03ca 1022     		movs	r2, #16
 534              	.L29:
 535 03cc 874B     		ldr	r3, .L329+8
 536 03ce DA60     		str	r2, [r3, #12]
 537              	.L30:
 538 03d0 2368     		ldr	r3, [r4]
 539 03d2 874A     		ldr	r2, .L329+12
 540 03d4 9342     		cmp	r3, r2
 541 03d6 40F2CD81 		bls	.L36
 542 03da A2F58962 		sub	r2, r2, #1096
 543 03de 9342     		cmp	r3, r2
 544 03e0 00F06681 		beq	.L159
 545 03e4 02F58062 		add	r2, r2, #1024
 546 03e8 9342     		cmp	r3, r2
 547 03ea 00F0A881 		beq	.L160
 548 03ee A2F56872 		sub	r2, r2, #928
 549 03f2 9342     		cmp	r3, r2
 550 03f4 00F0A581 		beq	.L161
 551 03f8 02F58062 		add	r2, r2, #1024
 552 03fc 9342     		cmp	r3, r2
 553 03fe 00F0A281 		beq	.L162
 554 0402 A2F58962 		sub	r2, r2, #1096
 555 0406 9342     		cmp	r3, r2
 556 0408 00F09F81 		beq	.L163
 557 040c 02F58062 		add	r2, r2, #1024
 558 0410 9342     		cmp	r3, r2
 559 0412 00F09D81 		beq	.L164
 560 0416 A2F56872 		sub	r2, r2, #928
 561 041a 9342     		cmp	r3, r2
 562 041c 00F09B81 		beq	.L165
 563 0420 02F58062 		add	r2, r2, #1024
 564 0424 9342     		cmp	r3, r2
 565 0426 00F09981 		beq	.L166
 566 042a A2F58962 		sub	r2, r2, #1096
 567 042e 9342     		cmp	r3, r2
 568 0430 00F09781 		beq	.L167
 569 0434 02F58062 		add	r2, r2, #1024
 570 0438 9342     		cmp	r3, r2
 571 043a 00F09581 		beq	.L168
 572 043e A2F56872 		sub	r2, r2, #928
 573 0442 9342     		cmp	r3, r2
 574 0444 00F09381 		beq	.L169
 575 0448 02F58062 		add	r2, r2, #1024
ARM GAS  /var/folders/kf/d797ysj14bb1pb7szkr3jbx80000gn/T//cc3u2GaC.s 			page 11


 576 044c 9342     		cmp	r3, r2
 577 044e 00F02C81 		beq	.L311
 578 0452 4FF00072 		mov	r2, #33554432
 579 0456 2CE1     		b	.L37
 580              	.L112:
 581 0458 1022     		movs	r2, #16
 582 045a B7E7     		b	.L29
 583              	.L113:
 584 045c 1022     		movs	r2, #16
 585 045e B5E7     		b	.L29
 586              	.L114:
 587 0460 1022     		movs	r2, #16
 588 0462 B3E7     		b	.L29
 589              	.L115:
 590 0464 4FF48062 		mov	r2, #1024
 591 0468 B0E7     		b	.L29
 592              	.L116:
 593 046a 4FF48062 		mov	r2, #1024
 594 046e ADE7     		b	.L29
 595              	.L117:
 596 0470 4FF48062 		mov	r2, #1024
 597 0474 AAE7     		b	.L29
 598              	.L118:
 599 0476 4FF48062 		mov	r2, #1024
 600 047a A7E7     		b	.L29
 601              	.L119:
 602 047c 4FF48012 		mov	r2, #1048576
 603 0480 A4E7     		b	.L29
 604              	.L120:
 605 0482 4FF48012 		mov	r2, #1048576
 606 0486 A1E7     		b	.L29
 607              	.L121:
 608 0488 4FF48012 		mov	r2, #1048576
 609 048c 9EE7     		b	.L29
 610              	.L28:
 611 048e 594A     		ldr	r2, .L329+16
 612 0490 9342     		cmp	r3, r2
 613 0492 53D9     		bls	.L31
 614 0494 A83A     		subs	r2, r2, #168
 615 0496 9342     		cmp	r3, r2
 616 0498 31D0     		beq	.L123
 617 049a 02F58062 		add	r2, r2, #1024
 618 049e 9342     		cmp	r3, r2
 619 04a0 31D0     		beq	.L124
 620 04a2 A2F56872 		sub	r2, r2, #928
 621 04a6 9342     		cmp	r3, r2
 622 04a8 2FD0     		beq	.L125
 623 04aa 02F58062 		add	r2, r2, #1024
 624 04ae 9342     		cmp	r3, r2
 625 04b0 2DD0     		beq	.L126
 626 04b2 A2F58962 		sub	r2, r2, #1096
 627 04b6 9342     		cmp	r3, r2
 628 04b8 2BD0     		beq	.L127
 629 04ba 02F58062 		add	r2, r2, #1024
 630 04be 9342     		cmp	r3, r2
 631 04c0 2AD0     		beq	.L128
 632 04c2 A2F56872 		sub	r2, r2, #928
ARM GAS  /var/folders/kf/d797ysj14bb1pb7szkr3jbx80000gn/T//cc3u2GaC.s 			page 12


 633 04c6 9342     		cmp	r3, r2
 634 04c8 29D0     		beq	.L129
 635 04ca 02F58062 		add	r2, r2, #1024
 636 04ce 9342     		cmp	r3, r2
 637 04d0 28D0     		beq	.L130
 638 04d2 A2F58962 		sub	r2, r2, #1096
 639 04d6 9342     		cmp	r3, r2
 640 04d8 27D0     		beq	.L131
 641 04da 02F58062 		add	r2, r2, #1024
 642 04de 9342     		cmp	r3, r2
 643 04e0 26D0     		beq	.L132
 644 04e2 A2F56872 		sub	r2, r2, #928
 645 04e6 9342     		cmp	r3, r2
 646 04e8 25D0     		beq	.L133
 647 04ea 02F58062 		add	r2, r2, #1024
 648 04ee 9342     		cmp	r3, r2
 649 04f0 02D0     		beq	.L312
 650 04f2 4FF08063 		mov	r3, #67108864
 651 04f6 03E0     		b	.L32
 652              	.L312:
 653 04f8 4FF48013 		mov	r3, #1048576
 654 04fc 00E0     		b	.L32
 655              	.L123:
 656 04fe 1023     		movs	r3, #16
 657              	.L32:
 658 0500 3A4A     		ldr	r2, .L329+8
 659 0502 9360     		str	r3, [r2, #8]
 660 0504 64E7     		b	.L30
 661              	.L124:
 662 0506 1023     		movs	r3, #16
 663 0508 FAE7     		b	.L32
 664              	.L125:
 665 050a 1023     		movs	r3, #16
 666 050c F8E7     		b	.L32
 667              	.L126:
 668 050e 1023     		movs	r3, #16
 669 0510 F6E7     		b	.L32
 670              	.L127:
 671 0512 4FF48063 		mov	r3, #1024
 672 0516 F3E7     		b	.L32
 673              	.L128:
 674 0518 4FF48063 		mov	r3, #1024
 675 051c F0E7     		b	.L32
 676              	.L129:
 677 051e 4FF48063 		mov	r3, #1024
 678 0522 EDE7     		b	.L32
 679              	.L130:
 680 0524 4FF48063 		mov	r3, #1024
 681 0528 EAE7     		b	.L32
 682              	.L131:
 683 052a 4FF48013 		mov	r3, #1048576
 684 052e E7E7     		b	.L32
 685              	.L132:
 686 0530 4FF48013 		mov	r3, #1048576
 687 0534 E4E7     		b	.L32
 688              	.L133:
 689 0536 4FF48013 		mov	r3, #1048576
ARM GAS  /var/folders/kf/d797ysj14bb1pb7szkr3jbx80000gn/T//cc3u2GaC.s 			page 13


 690 053a E1E7     		b	.L32
 691              	.L31:
 692 053c 2E4A     		ldr	r2, .L329+20
 693 053e 9342     		cmp	r3, r2
 694 0540 5FD9     		bls	.L33
 695 0542 483A     		subs	r2, r2, #72
 696 0544 9342     		cmp	r3, r2
 697 0546 31D0     		beq	.L135
 698 0548 02F58062 		add	r2, r2, #1024
 699 054c 9342     		cmp	r3, r2
 700 054e 31D0     		beq	.L136
 701 0550 A2F56872 		sub	r2, r2, #928
 702 0554 9342     		cmp	r3, r2
 703 0556 2FD0     		beq	.L137
 704 0558 02F58062 		add	r2, r2, #1024
 705 055c 9342     		cmp	r3, r2
 706 055e 2DD0     		beq	.L138
 707 0560 A2F58962 		sub	r2, r2, #1096
 708 0564 9342     		cmp	r3, r2
 709 0566 2BD0     		beq	.L139
 710 0568 02F58062 		add	r2, r2, #1024
 711 056c 9342     		cmp	r3, r2
 712 056e 2AD0     		beq	.L140
 713 0570 A2F56872 		sub	r2, r2, #928
 714 0574 9342     		cmp	r3, r2
 715 0576 29D0     		beq	.L141
 716 0578 02F58062 		add	r2, r2, #1024
 717 057c 9342     		cmp	r3, r2
 718 057e 28D0     		beq	.L142
 719 0580 A2F58962 		sub	r2, r2, #1096
 720 0584 9342     		cmp	r3, r2
 721 0586 27D0     		beq	.L143
 722 0588 02F58062 		add	r2, r2, #1024
 723 058c 9342     		cmp	r3, r2
 724 058e 26D0     		beq	.L144
 725 0590 A2F56872 		sub	r2, r2, #928
 726 0594 9342     		cmp	r3, r2
 727 0596 31D0     		beq	.L145
 728 0598 02F58062 		add	r2, r2, #1024
 729 059c 9342     		cmp	r3, r2
 730 059e 02D0     		beq	.L313
 731 05a0 4FF08063 		mov	r3, #67108864
 732 05a4 03E0     		b	.L34
 733              	.L313:
 734 05a6 4FF48013 		mov	r3, #1048576
 735 05aa 00E0     		b	.L34
 736              	.L135:
 737 05ac 1023     		movs	r3, #16
 738              	.L34:
 739 05ae 0E4A     		ldr	r2, .L329+4
 740 05b0 D360     		str	r3, [r2, #12]
 741 05b2 0DE7     		b	.L30
 742              	.L136:
 743 05b4 1023     		movs	r3, #16
 744 05b6 FAE7     		b	.L34
 745              	.L137:
 746 05b8 1023     		movs	r3, #16
ARM GAS  /var/folders/kf/d797ysj14bb1pb7szkr3jbx80000gn/T//cc3u2GaC.s 			page 14


 747 05ba F8E7     		b	.L34
 748              	.L138:
 749 05bc 1023     		movs	r3, #16
 750 05be F6E7     		b	.L34
 751              	.L139:
 752 05c0 4FF48063 		mov	r3, #1024
 753 05c4 F3E7     		b	.L34
 754              	.L140:
 755 05c6 4FF48063 		mov	r3, #1024
 756 05ca F0E7     		b	.L34
 757              	.L141:
 758 05cc 4FF48063 		mov	r3, #1024
 759 05d0 EDE7     		b	.L34
 760              	.L142:
 761 05d2 4FF48063 		mov	r3, #1024
 762 05d6 EAE7     		b	.L34
 763              	.L143:
 764 05d8 4FF48013 		mov	r3, #1048576
 765 05dc E7E7     		b	.L34
 766              	.L144:
 767 05de 4FF48013 		mov	r3, #1048576
 768 05e2 E4E7     		b	.L34
 769              	.L330:
 770              		.align	2
 771              	.L329:
 772 05e4 10600240 		.word	1073897488
 773 05e8 00600240 		.word	1073897472
 774 05ec 00640240 		.word	1073898496
 775 05f0 58640240 		.word	1073898584
 776 05f4 B8600240 		.word	1073897656
 777 05f8 58600240 		.word	1073897560
 778              	.L145:
 779 05fc 4FF48013 		mov	r3, #1048576
 780 0600 D5E7     		b	.L34
 781              	.L33:
 782 0602 B24A     		ldr	r2, .L331
 783 0604 9342     		cmp	r3, r2
 784 0606 31D0     		beq	.L147
 785 0608 02F58062 		add	r2, r2, #1024
 786 060c 9342     		cmp	r3, r2
 787 060e 31D0     		beq	.L148
 788 0610 A2F56872 		sub	r2, r2, #928
 789 0614 9342     		cmp	r3, r2
 790 0616 2FD0     		beq	.L149
 791 0618 02F58062 		add	r2, r2, #1024
 792 061c 9342     		cmp	r3, r2
 793 061e 2DD0     		beq	.L150
 794 0620 A2F58962 		sub	r2, r2, #1096
 795 0624 9342     		cmp	r3, r2
 796 0626 2BD0     		beq	.L151
 797 0628 02F58062 		add	r2, r2, #1024
 798 062c 9342     		cmp	r3, r2
 799 062e 2AD0     		beq	.L152
 800 0630 A2F56872 		sub	r2, r2, #928
 801 0634 9342     		cmp	r3, r2
 802 0636 29D0     		beq	.L153
 803 0638 02F58062 		add	r2, r2, #1024
ARM GAS  /var/folders/kf/d797ysj14bb1pb7szkr3jbx80000gn/T//cc3u2GaC.s 			page 15


 804 063c 9342     		cmp	r3, r2
 805 063e 28D0     		beq	.L154
 806 0640 A2F58962 		sub	r2, r2, #1096
 807 0644 9342     		cmp	r3, r2
 808 0646 27D0     		beq	.L155
 809 0648 02F58062 		add	r2, r2, #1024
 810 064c 9342     		cmp	r3, r2
 811 064e 26D0     		beq	.L156
 812 0650 A2F56872 		sub	r2, r2, #928
 813 0654 9342     		cmp	r3, r2
 814 0656 25D0     		beq	.L157
 815 0658 02F58062 		add	r2, r2, #1024
 816 065c 9342     		cmp	r3, r2
 817 065e 02D0     		beq	.L314
 818 0660 4FF08063 		mov	r3, #67108864
 819 0664 03E0     		b	.L35
 820              	.L314:
 821 0666 4FF48013 		mov	r3, #1048576
 822 066a 00E0     		b	.L35
 823              	.L147:
 824 066c 1023     		movs	r3, #16
 825              	.L35:
 826 066e 984A     		ldr	r2, .L331+4
 827 0670 9360     		str	r3, [r2, #8]
 828 0672 ADE6     		b	.L30
 829              	.L148:
 830 0674 1023     		movs	r3, #16
 831 0676 FAE7     		b	.L35
 832              	.L149:
 833 0678 1023     		movs	r3, #16
 834 067a F8E7     		b	.L35
 835              	.L150:
 836 067c 1023     		movs	r3, #16
 837 067e F6E7     		b	.L35
 838              	.L151:
 839 0680 4FF48063 		mov	r3, #1024
 840 0684 F3E7     		b	.L35
 841              	.L152:
 842 0686 4FF48063 		mov	r3, #1024
 843 068a F0E7     		b	.L35
 844              	.L153:
 845 068c 4FF48063 		mov	r3, #1024
 846 0690 EDE7     		b	.L35
 847              	.L154:
 848 0692 4FF48063 		mov	r3, #1024
 849 0696 EAE7     		b	.L35
 850              	.L155:
 851 0698 4FF48013 		mov	r3, #1048576
 852 069c E7E7     		b	.L35
 853              	.L156:
 854 069e 4FF48013 		mov	r3, #1048576
 855 06a2 E4E7     		b	.L35
 856              	.L157:
 857 06a4 4FF48013 		mov	r3, #1048576
 858 06a8 E1E7     		b	.L35
 859              	.L311:
 860 06aa 4FF40022 		mov	r2, #524288
ARM GAS  /var/folders/kf/d797ysj14bb1pb7szkr3jbx80000gn/T//cc3u2GaC.s 			page 16


 861 06ae 00E0     		b	.L37
 862              	.L159:
 863 06b0 0822     		movs	r2, #8
 864              	.L37:
 865 06b2 884B     		ldr	r3, .L331+8
 866 06b4 DA60     		str	r2, [r3, #12]
 867              	.L38:
 868 06b6 2368     		ldr	r3, [r4]
 869 06b8 874A     		ldr	r2, .L331+12
 870 06ba 9342     		cmp	r3, r2
 871 06bc 40F2CE81 		bls	.L44
 872 06c0 A2F58962 		sub	r2, r2, #1096
 873 06c4 9342     		cmp	r3, r2
 874 06c6 00F06781 		beq	.L207
 875 06ca 02F58062 		add	r2, r2, #1024
 876 06ce 9342     		cmp	r3, r2
 877 06d0 00F0A981 		beq	.L208
 878 06d4 A2F56872 		sub	r2, r2, #928
 879 06d8 9342     		cmp	r3, r2
 880 06da 00F0A681 		beq	.L209
 881 06de 02F58062 		add	r2, r2, #1024
 882 06e2 9342     		cmp	r3, r2
 883 06e4 00F0A381 		beq	.L210
 884 06e8 A2F58962 		sub	r2, r2, #1096
 885 06ec 9342     		cmp	r3, r2
 886 06ee 00F0A081 		beq	.L211
 887 06f2 02F58062 		add	r2, r2, #1024
 888 06f6 9342     		cmp	r3, r2
 889 06f8 00F09E81 		beq	.L212
 890 06fc A2F56872 		sub	r2, r2, #928
 891 0700 9342     		cmp	r3, r2
 892 0702 00F09C81 		beq	.L213
 893 0706 02F58062 		add	r2, r2, #1024
 894 070a 9342     		cmp	r3, r2
 895 070c 00F09A81 		beq	.L214
 896 0710 A2F58962 		sub	r2, r2, #1096
 897 0714 9342     		cmp	r3, r2
 898 0716 00F09881 		beq	.L215
 899 071a 02F58062 		add	r2, r2, #1024
 900 071e 9342     		cmp	r3, r2
 901 0720 00F09681 		beq	.L216
 902 0724 A2F56872 		sub	r2, r2, #928
 903 0728 9342     		cmp	r3, r2
 904 072a 00F09481 		beq	.L217
 905 072e 02F58062 		add	r2, r2, #1024
 906 0732 9342     		cmp	r3, r2
 907 0734 00F02D81 		beq	.L315
 908 0738 4FF08072 		mov	r2, #16777216
 909 073c 2DE1     		b	.L45
 910              	.L160:
 911 073e 0822     		movs	r2, #8
 912 0740 B7E7     		b	.L37
 913              	.L161:
 914 0742 0822     		movs	r2, #8
 915 0744 B5E7     		b	.L37
 916              	.L162:
 917 0746 0822     		movs	r2, #8
ARM GAS  /var/folders/kf/d797ysj14bb1pb7szkr3jbx80000gn/T//cc3u2GaC.s 			page 17


 918 0748 B3E7     		b	.L37
 919              	.L163:
 920 074a 4FF40072 		mov	r2, #512
 921 074e B0E7     		b	.L37
 922              	.L164:
 923 0750 4FF40072 		mov	r2, #512
 924 0754 ADE7     		b	.L37
 925              	.L165:
 926 0756 4FF40072 		mov	r2, #512
 927 075a AAE7     		b	.L37
 928              	.L166:
 929 075c 4FF40072 		mov	r2, #512
 930 0760 A7E7     		b	.L37
 931              	.L167:
 932 0762 4FF40022 		mov	r2, #524288
 933 0766 A4E7     		b	.L37
 934              	.L168:
 935 0768 4FF40022 		mov	r2, #524288
 936 076c A1E7     		b	.L37
 937              	.L169:
 938 076e 4FF40022 		mov	r2, #524288
 939 0772 9EE7     		b	.L37
 940              	.L36:
 941 0774 594A     		ldr	r2, .L331+16
 942 0776 9342     		cmp	r3, r2
 943 0778 53D9     		bls	.L39
 944 077a A83A     		subs	r2, r2, #168
 945 077c 9342     		cmp	r3, r2
 946 077e 31D0     		beq	.L171
 947 0780 02F58062 		add	r2, r2, #1024
 948 0784 9342     		cmp	r3, r2
 949 0786 31D0     		beq	.L172
 950 0788 A2F56872 		sub	r2, r2, #928
 951 078c 9342     		cmp	r3, r2
 952 078e 2FD0     		beq	.L173
 953 0790 02F58062 		add	r2, r2, #1024
 954 0794 9342     		cmp	r3, r2
 955 0796 2DD0     		beq	.L174
 956 0798 A2F58962 		sub	r2, r2, #1096
 957 079c 9342     		cmp	r3, r2
 958 079e 2BD0     		beq	.L175
 959 07a0 02F58062 		add	r2, r2, #1024
 960 07a4 9342     		cmp	r3, r2
 961 07a6 2AD0     		beq	.L176
 962 07a8 A2F56872 		sub	r2, r2, #928
 963 07ac 9342     		cmp	r3, r2
 964 07ae 29D0     		beq	.L177
 965 07b0 02F58062 		add	r2, r2, #1024
 966 07b4 9342     		cmp	r3, r2
 967 07b6 28D0     		beq	.L178
 968 07b8 A2F58962 		sub	r2, r2, #1096
 969 07bc 9342     		cmp	r3, r2
 970 07be 27D0     		beq	.L179
 971 07c0 02F58062 		add	r2, r2, #1024
 972 07c4 9342     		cmp	r3, r2
 973 07c6 26D0     		beq	.L180
 974 07c8 A2F56872 		sub	r2, r2, #928
ARM GAS  /var/folders/kf/d797ysj14bb1pb7szkr3jbx80000gn/T//cc3u2GaC.s 			page 18


 975 07cc 9342     		cmp	r3, r2
 976 07ce 25D0     		beq	.L181
 977 07d0 02F58062 		add	r2, r2, #1024
 978 07d4 9342     		cmp	r3, r2
 979 07d6 02D0     		beq	.L316
 980 07d8 4FF00073 		mov	r3, #33554432
 981 07dc 03E0     		b	.L40
 982              	.L316:
 983 07de 4FF40023 		mov	r3, #524288
 984 07e2 00E0     		b	.L40
 985              	.L171:
 986 07e4 0823     		movs	r3, #8
 987              	.L40:
 988 07e6 3B4A     		ldr	r2, .L331+8
 989 07e8 9360     		str	r3, [r2, #8]
 990 07ea 64E7     		b	.L38
 991              	.L172:
 992 07ec 0823     		movs	r3, #8
 993 07ee FAE7     		b	.L40
 994              	.L173:
 995 07f0 0823     		movs	r3, #8
 996 07f2 F8E7     		b	.L40
 997              	.L174:
 998 07f4 0823     		movs	r3, #8
 999 07f6 F6E7     		b	.L40
 1000              	.L175:
 1001 07f8 4FF40073 		mov	r3, #512
 1002 07fc F3E7     		b	.L40
 1003              	.L176:
 1004 07fe 4FF40073 		mov	r3, #512
 1005 0802 F0E7     		b	.L40
 1006              	.L177:
 1007 0804 4FF40073 		mov	r3, #512
 1008 0808 EDE7     		b	.L40
 1009              	.L178:
 1010 080a 4FF40073 		mov	r3, #512
 1011 080e EAE7     		b	.L40
 1012              	.L179:
 1013 0810 4FF40023 		mov	r3, #524288
 1014 0814 E7E7     		b	.L40
 1015              	.L180:
 1016 0816 4FF40023 		mov	r3, #524288
 1017 081a E4E7     		b	.L40
 1018              	.L181:
 1019 081c 4FF40023 		mov	r3, #524288
 1020 0820 E1E7     		b	.L40
 1021              	.L39:
 1022 0822 2F4A     		ldr	r2, .L331+20
 1023 0824 9342     		cmp	r3, r2
 1024 0826 60D9     		bls	.L41
 1025 0828 483A     		subs	r2, r2, #72
 1026 082a 9342     		cmp	r3, r2
 1027 082c 31D0     		beq	.L183
 1028 082e 02F58062 		add	r2, r2, #1024
 1029 0832 9342     		cmp	r3, r2
 1030 0834 31D0     		beq	.L184
 1031 0836 A2F56872 		sub	r2, r2, #928
ARM GAS  /var/folders/kf/d797ysj14bb1pb7szkr3jbx80000gn/T//cc3u2GaC.s 			page 19


 1032 083a 9342     		cmp	r3, r2
 1033 083c 2FD0     		beq	.L185
 1034 083e 02F58062 		add	r2, r2, #1024
 1035 0842 9342     		cmp	r3, r2
 1036 0844 2DD0     		beq	.L186
 1037 0846 A2F58962 		sub	r2, r2, #1096
 1038 084a 9342     		cmp	r3, r2
 1039 084c 2BD0     		beq	.L187
 1040 084e 02F58062 		add	r2, r2, #1024
 1041 0852 9342     		cmp	r3, r2
 1042 0854 2AD0     		beq	.L188
 1043 0856 A2F56872 		sub	r2, r2, #928
 1044 085a 9342     		cmp	r3, r2
 1045 085c 29D0     		beq	.L189
 1046 085e 02F58062 		add	r2, r2, #1024
 1047 0862 9342     		cmp	r3, r2
 1048 0864 28D0     		beq	.L190
 1049 0866 A2F58962 		sub	r2, r2, #1096
 1050 086a 9342     		cmp	r3, r2
 1051 086c 27D0     		beq	.L191
 1052 086e 02F58062 		add	r2, r2, #1024
 1053 0872 9342     		cmp	r3, r2
 1054 0874 26D0     		beq	.L192
 1055 0876 A2F56872 		sub	r2, r2, #928
 1056 087a 9342     		cmp	r3, r2
 1057 087c 32D0     		beq	.L193
 1058 087e 02F58062 		add	r2, r2, #1024
 1059 0882 9342     		cmp	r3, r2
 1060 0884 02D0     		beq	.L317
 1061 0886 4FF00073 		mov	r3, #33554432
 1062 088a 03E0     		b	.L42
 1063              	.L317:
 1064 088c 4FF40023 		mov	r3, #524288
 1065 0890 00E0     		b	.L42
 1066              	.L183:
 1067 0892 0823     		movs	r3, #8
 1068              	.L42:
 1069 0894 0E4A     		ldr	r2, .L331+4
 1070 0896 D360     		str	r3, [r2, #12]
 1071 0898 0DE7     		b	.L38
 1072              	.L184:
 1073 089a 0823     		movs	r3, #8
 1074 089c FAE7     		b	.L42
 1075              	.L185:
 1076 089e 0823     		movs	r3, #8
 1077 08a0 F8E7     		b	.L42
 1078              	.L186:
 1079 08a2 0823     		movs	r3, #8
 1080 08a4 F6E7     		b	.L42
 1081              	.L187:
 1082 08a6 4FF40073 		mov	r3, #512
 1083 08aa F3E7     		b	.L42
 1084              	.L188:
 1085 08ac 4FF40073 		mov	r3, #512
 1086 08b0 F0E7     		b	.L42
 1087              	.L189:
 1088 08b2 4FF40073 		mov	r3, #512
ARM GAS  /var/folders/kf/d797ysj14bb1pb7szkr3jbx80000gn/T//cc3u2GaC.s 			page 20


 1089 08b6 EDE7     		b	.L42
 1090              	.L190:
 1091 08b8 4FF40073 		mov	r3, #512
 1092 08bc EAE7     		b	.L42
 1093              	.L191:
 1094 08be 4FF40023 		mov	r3, #524288
 1095 08c2 E7E7     		b	.L42
 1096              	.L192:
 1097 08c4 4FF40023 		mov	r3, #524288
 1098 08c8 E4E7     		b	.L42
 1099              	.L332:
 1100 08ca 00BF     		.align	2
 1101              	.L331:
 1102 08cc 10600240 		.word	1073897488
 1103 08d0 00600240 		.word	1073897472
 1104 08d4 00640240 		.word	1073898496
 1105 08d8 58640240 		.word	1073898584
 1106 08dc B8600240 		.word	1073897656
 1107 08e0 58600240 		.word	1073897560
 1108              	.L193:
 1109 08e4 4FF40023 		mov	r3, #524288
 1110 08e8 D4E7     		b	.L42
 1111              	.L41:
 1112 08ea B24A     		ldr	r2, .L333
 1113 08ec 9342     		cmp	r3, r2
 1114 08ee 31D0     		beq	.L195
 1115 08f0 02F58062 		add	r2, r2, #1024
 1116 08f4 9342     		cmp	r3, r2
 1117 08f6 31D0     		beq	.L196
 1118 08f8 A2F56872 		sub	r2, r2, #928
 1119 08fc 9342     		cmp	r3, r2
 1120 08fe 2FD0     		beq	.L197
 1121 0900 02F58062 		add	r2, r2, #1024
 1122 0904 9342     		cmp	r3, r2
 1123 0906 2DD0     		beq	.L198
 1124 0908 A2F58962 		sub	r2, r2, #1096
 1125 090c 9342     		cmp	r3, r2
 1126 090e 2BD0     		beq	.L199
 1127 0910 02F58062 		add	r2, r2, #1024
 1128 0914 9342     		cmp	r3, r2
 1129 0916 2AD0     		beq	.L200
 1130 0918 A2F56872 		sub	r2, r2, #928
 1131 091c 9342     		cmp	r3, r2
 1132 091e 29D0     		beq	.L201
 1133 0920 02F58062 		add	r2, r2, #1024
 1134 0924 9342     		cmp	r3, r2
 1135 0926 28D0     		beq	.L202
 1136 0928 A2F58962 		sub	r2, r2, #1096
 1137 092c 9342     		cmp	r3, r2
 1138 092e 27D0     		beq	.L203
 1139 0930 02F58062 		add	r2, r2, #1024
 1140 0934 9342     		cmp	r3, r2
 1141 0936 26D0     		beq	.L204
 1142 0938 A2F56872 		sub	r2, r2, #928
 1143 093c 9342     		cmp	r3, r2
 1144 093e 25D0     		beq	.L205
 1145 0940 02F58062 		add	r2, r2, #1024
ARM GAS  /var/folders/kf/d797ysj14bb1pb7szkr3jbx80000gn/T//cc3u2GaC.s 			page 21


 1146 0944 9342     		cmp	r3, r2
 1147 0946 02D0     		beq	.L318
 1148 0948 4FF00073 		mov	r3, #33554432
 1149 094c 03E0     		b	.L43
 1150              	.L318:
 1151 094e 4FF40023 		mov	r3, #524288
 1152 0952 00E0     		b	.L43
 1153              	.L195:
 1154 0954 0823     		movs	r3, #8
 1155              	.L43:
 1156 0956 984A     		ldr	r2, .L333+4
 1157 0958 9360     		str	r3, [r2, #8]
 1158 095a ACE6     		b	.L38
 1159              	.L196:
 1160 095c 0823     		movs	r3, #8
 1161 095e FAE7     		b	.L43
 1162              	.L197:
 1163 0960 0823     		movs	r3, #8
 1164 0962 F8E7     		b	.L43
 1165              	.L198:
 1166 0964 0823     		movs	r3, #8
 1167 0966 F6E7     		b	.L43
 1168              	.L199:
 1169 0968 4FF40073 		mov	r3, #512
 1170 096c F3E7     		b	.L43
 1171              	.L200:
 1172 096e 4FF40073 		mov	r3, #512
 1173 0972 F0E7     		b	.L43
 1174              	.L201:
 1175 0974 4FF40073 		mov	r3, #512
 1176 0978 EDE7     		b	.L43
 1177              	.L202:
 1178 097a 4FF40073 		mov	r3, #512
 1179 097e EAE7     		b	.L43
 1180              	.L203:
 1181 0980 4FF40023 		mov	r3, #524288
 1182 0984 E7E7     		b	.L43
 1183              	.L204:
 1184 0986 4FF40023 		mov	r3, #524288
 1185 098a E4E7     		b	.L43
 1186              	.L205:
 1187 098c 4FF40023 		mov	r3, #524288
 1188 0990 E1E7     		b	.L43
 1189              	.L315:
 1190 0992 4FF48022 		mov	r2, #262144
 1191 0996 00E0     		b	.L45
 1192              	.L207:
 1193 0998 0422     		movs	r2, #4
 1194              	.L45:
 1195 099a 884B     		ldr	r3, .L333+8
 1196 099c DA60     		str	r2, [r3, #12]
 1197              	.L46:
 1198 099e 2368     		ldr	r3, [r4]
 1199 09a0 874A     		ldr	r2, .L333+12
 1200 09a2 9342     		cmp	r3, r2
 1201 09a4 40F2A181 		bls	.L52
 1202 09a8 A2F58962 		sub	r2, r2, #1096
ARM GAS  /var/folders/kf/d797ysj14bb1pb7szkr3jbx80000gn/T//cc3u2GaC.s 			page 22


 1203 09ac 9342     		cmp	r3, r2
 1204 09ae 00F06781 		beq	.L255
 1205 09b2 02F58062 		add	r2, r2, #1024
 1206 09b6 9342     		cmp	r3, r2
 1207 09b8 00F08081 		beq	.L256
 1208 09bc A2F56872 		sub	r2, r2, #928
 1209 09c0 9342     		cmp	r3, r2
 1210 09c2 00F07D81 		beq	.L257
 1211 09c6 02F58062 		add	r2, r2, #1024
 1212 09ca 9342     		cmp	r3, r2
 1213 09cc 00F07A81 		beq	.L258
 1214 09d0 A2F58962 		sub	r2, r2, #1096
 1215 09d4 9342     		cmp	r3, r2
 1216 09d6 00F07781 		beq	.L259
 1217 09da 02F58062 		add	r2, r2, #1024
 1218 09de 9342     		cmp	r3, r2
 1219 09e0 00F07481 		beq	.L260
 1220 09e4 A2F56872 		sub	r2, r2, #928
 1221 09e8 9342     		cmp	r3, r2
 1222 09ea 00F07181 		beq	.L261
 1223 09ee 02F58062 		add	r2, r2, #1024
 1224 09f2 9342     		cmp	r3, r2
 1225 09f4 00F06E81 		beq	.L262
 1226 09f8 A2F58962 		sub	r2, r2, #1096
 1227 09fc 9342     		cmp	r3, r2
 1228 09fe 00F06B81 		beq	.L263
 1229 0a02 02F58062 		add	r2, r2, #1024
 1230 0a06 9342     		cmp	r3, r2
 1231 0a08 00F06981 		beq	.L264
 1232 0a0c A2F56872 		sub	r2, r2, #928
 1233 0a10 9342     		cmp	r3, r2
 1234 0a12 00F06781 		beq	.L265
 1235 0a16 02F58062 		add	r2, r2, #1024
 1236 0a1a 9342     		cmp	r3, r2
 1237 0a1c 00F02D81 		beq	.L319
 1238 0a20 4FF48002 		mov	r2, #4194304
 1239 0a24 2DE1     		b	.L53
 1240              	.L208:
 1241 0a26 0422     		movs	r2, #4
 1242 0a28 B7E7     		b	.L45
 1243              	.L209:
 1244 0a2a 0422     		movs	r2, #4
 1245 0a2c B5E7     		b	.L45
 1246              	.L210:
 1247 0a2e 0422     		movs	r2, #4
 1248 0a30 B3E7     		b	.L45
 1249              	.L211:
 1250 0a32 4FF48072 		mov	r2, #256
 1251 0a36 B0E7     		b	.L45
 1252              	.L212:
 1253 0a38 4FF48072 		mov	r2, #256
 1254 0a3c ADE7     		b	.L45
 1255              	.L213:
 1256 0a3e 4FF48072 		mov	r2, #256
 1257 0a42 AAE7     		b	.L45
 1258              	.L214:
 1259 0a44 4FF48072 		mov	r2, #256
ARM GAS  /var/folders/kf/d797ysj14bb1pb7szkr3jbx80000gn/T//cc3u2GaC.s 			page 23


 1260 0a48 A7E7     		b	.L45
 1261              	.L215:
 1262 0a4a 4FF48022 		mov	r2, #262144
 1263 0a4e A4E7     		b	.L45
 1264              	.L216:
 1265 0a50 4FF48022 		mov	r2, #262144
 1266 0a54 A1E7     		b	.L45
 1267              	.L217:
 1268 0a56 4FF48022 		mov	r2, #262144
 1269 0a5a 9EE7     		b	.L45
 1270              	.L44:
 1271 0a5c 594A     		ldr	r2, .L333+16
 1272 0a5e 9342     		cmp	r3, r2
 1273 0a60 53D9     		bls	.L47
 1274 0a62 A83A     		subs	r2, r2, #168
 1275 0a64 9342     		cmp	r3, r2
 1276 0a66 31D0     		beq	.L219
 1277 0a68 02F58062 		add	r2, r2, #1024
 1278 0a6c 9342     		cmp	r3, r2
 1279 0a6e 31D0     		beq	.L220
 1280 0a70 A2F56872 		sub	r2, r2, #928
 1281 0a74 9342     		cmp	r3, r2
 1282 0a76 2FD0     		beq	.L221
 1283 0a78 02F58062 		add	r2, r2, #1024
 1284 0a7c 9342     		cmp	r3, r2
 1285 0a7e 2DD0     		beq	.L222
 1286 0a80 A2F58962 		sub	r2, r2, #1096
 1287 0a84 9342     		cmp	r3, r2
 1288 0a86 2BD0     		beq	.L223
 1289 0a88 02F58062 		add	r2, r2, #1024
 1290 0a8c 9342     		cmp	r3, r2
 1291 0a8e 2AD0     		beq	.L224
 1292 0a90 A2F56872 		sub	r2, r2, #928
 1293 0a94 9342     		cmp	r3, r2
 1294 0a96 29D0     		beq	.L225
 1295 0a98 02F58062 		add	r2, r2, #1024
 1296 0a9c 9342     		cmp	r3, r2
 1297 0a9e 28D0     		beq	.L226
 1298 0aa0 A2F58962 		sub	r2, r2, #1096
 1299 0aa4 9342     		cmp	r3, r2
 1300 0aa6 27D0     		beq	.L227
 1301 0aa8 02F58062 		add	r2, r2, #1024
 1302 0aac 9342     		cmp	r3, r2
 1303 0aae 26D0     		beq	.L228
 1304 0ab0 A2F56872 		sub	r2, r2, #928
 1305 0ab4 9342     		cmp	r3, r2
 1306 0ab6 25D0     		beq	.L229
 1307 0ab8 02F58062 		add	r2, r2, #1024
 1308 0abc 9342     		cmp	r3, r2
 1309 0abe 02D0     		beq	.L320
 1310 0ac0 4FF08073 		mov	r3, #16777216
 1311 0ac4 03E0     		b	.L48
 1312              	.L320:
 1313 0ac6 4FF48023 		mov	r3, #262144
 1314 0aca 00E0     		b	.L48
 1315              	.L219:
 1316 0acc 0423     		movs	r3, #4
ARM GAS  /var/folders/kf/d797ysj14bb1pb7szkr3jbx80000gn/T//cc3u2GaC.s 			page 24


 1317              	.L48:
 1318 0ace 3B4A     		ldr	r2, .L333+8
 1319 0ad0 9360     		str	r3, [r2, #8]
 1320 0ad2 64E7     		b	.L46
 1321              	.L220:
 1322 0ad4 0423     		movs	r3, #4
 1323 0ad6 FAE7     		b	.L48
 1324              	.L221:
 1325 0ad8 0423     		movs	r3, #4
 1326 0ada F8E7     		b	.L48
 1327              	.L222:
 1328 0adc 0423     		movs	r3, #4
 1329 0ade F6E7     		b	.L48
 1330              	.L223:
 1331 0ae0 4FF48073 		mov	r3, #256
 1332 0ae4 F3E7     		b	.L48
 1333              	.L224:
 1334 0ae6 4FF48073 		mov	r3, #256
 1335 0aea F0E7     		b	.L48
 1336              	.L225:
 1337 0aec 4FF48073 		mov	r3, #256
 1338 0af0 EDE7     		b	.L48
 1339              	.L226:
 1340 0af2 4FF48073 		mov	r3, #256
 1341 0af6 EAE7     		b	.L48
 1342              	.L227:
 1343 0af8 4FF48023 		mov	r3, #262144
 1344 0afc E7E7     		b	.L48
 1345              	.L228:
 1346 0afe 4FF48023 		mov	r3, #262144
 1347 0b02 E4E7     		b	.L48
 1348              	.L229:
 1349 0b04 4FF48023 		mov	r3, #262144
 1350 0b08 E1E7     		b	.L48
 1351              	.L47:
 1352 0b0a 2F4A     		ldr	r2, .L333+20
 1353 0b0c 9342     		cmp	r3, r2
 1354 0b0e 60D9     		bls	.L49
 1355 0b10 483A     		subs	r2, r2, #72
 1356 0b12 9342     		cmp	r3, r2
 1357 0b14 31D0     		beq	.L231
 1358 0b16 02F58062 		add	r2, r2, #1024
 1359 0b1a 9342     		cmp	r3, r2
 1360 0b1c 31D0     		beq	.L232
 1361 0b1e A2F56872 		sub	r2, r2, #928
 1362 0b22 9342     		cmp	r3, r2
 1363 0b24 2FD0     		beq	.L233
 1364 0b26 02F58062 		add	r2, r2, #1024
 1365 0b2a 9342     		cmp	r3, r2
 1366 0b2c 2DD0     		beq	.L234
 1367 0b2e A2F58962 		sub	r2, r2, #1096
 1368 0b32 9342     		cmp	r3, r2
 1369 0b34 2BD0     		beq	.L235
 1370 0b36 02F58062 		add	r2, r2, #1024
 1371 0b3a 9342     		cmp	r3, r2
 1372 0b3c 2AD0     		beq	.L236
 1373 0b3e A2F56872 		sub	r2, r2, #928
ARM GAS  /var/folders/kf/d797ysj14bb1pb7szkr3jbx80000gn/T//cc3u2GaC.s 			page 25


 1374 0b42 9342     		cmp	r3, r2
 1375 0b44 29D0     		beq	.L237
 1376 0b46 02F58062 		add	r2, r2, #1024
 1377 0b4a 9342     		cmp	r3, r2
 1378 0b4c 28D0     		beq	.L238
 1379 0b4e A2F58962 		sub	r2, r2, #1096
 1380 0b52 9342     		cmp	r3, r2
 1381 0b54 27D0     		beq	.L239
 1382 0b56 02F58062 		add	r2, r2, #1024
 1383 0b5a 9342     		cmp	r3, r2
 1384 0b5c 26D0     		beq	.L240
 1385 0b5e A2F56872 		sub	r2, r2, #928
 1386 0b62 9342     		cmp	r3, r2
 1387 0b64 32D0     		beq	.L241
 1388 0b66 02F58062 		add	r2, r2, #1024
 1389 0b6a 9342     		cmp	r3, r2
 1390 0b6c 02D0     		beq	.L321
 1391 0b6e 4FF08073 		mov	r3, #16777216
 1392 0b72 03E0     		b	.L50
 1393              	.L321:
 1394 0b74 4FF48023 		mov	r3, #262144
 1395 0b78 00E0     		b	.L50
 1396              	.L231:
 1397 0b7a 0423     		movs	r3, #4
 1398              	.L50:
 1399 0b7c 0E4A     		ldr	r2, .L333+4
 1400 0b7e D360     		str	r3, [r2, #12]
 1401 0b80 0DE7     		b	.L46
 1402              	.L232:
 1403 0b82 0423     		movs	r3, #4
 1404 0b84 FAE7     		b	.L50
 1405              	.L233:
 1406 0b86 0423     		movs	r3, #4
 1407 0b88 F8E7     		b	.L50
 1408              	.L234:
 1409 0b8a 0423     		movs	r3, #4
 1410 0b8c F6E7     		b	.L50
 1411              	.L235:
 1412 0b8e 4FF48073 		mov	r3, #256
 1413 0b92 F3E7     		b	.L50
 1414              	.L236:
 1415 0b94 4FF48073 		mov	r3, #256
 1416 0b98 F0E7     		b	.L50
 1417              	.L237:
 1418 0b9a 4FF48073 		mov	r3, #256
 1419 0b9e EDE7     		b	.L50
 1420              	.L238:
 1421 0ba0 4FF48073 		mov	r3, #256
 1422 0ba4 EAE7     		b	.L50
 1423              	.L239:
 1424 0ba6 4FF48023 		mov	r3, #262144
 1425 0baa E7E7     		b	.L50
 1426              	.L240:
 1427 0bac 4FF48023 		mov	r3, #262144
 1428 0bb0 E4E7     		b	.L50
 1429              	.L334:
 1430 0bb2 00BF     		.align	2
ARM GAS  /var/folders/kf/d797ysj14bb1pb7szkr3jbx80000gn/T//cc3u2GaC.s 			page 26


 1431              	.L333:
 1432 0bb4 10600240 		.word	1073897488
 1433 0bb8 00600240 		.word	1073897472
 1434 0bbc 00640240 		.word	1073898496
 1435 0bc0 58640240 		.word	1073898584
 1436 0bc4 B8600240 		.word	1073897656
 1437 0bc8 58600240 		.word	1073897560
 1438              	.L241:
 1439 0bcc 4FF48023 		mov	r3, #262144
 1440 0bd0 D4E7     		b	.L50
 1441              	.L49:
 1442 0bd2 994A     		ldr	r2, .L335
 1443 0bd4 9342     		cmp	r3, r2
 1444 0bd6 31D0     		beq	.L243
 1445 0bd8 02F58062 		add	r2, r2, #1024
 1446 0bdc 9342     		cmp	r3, r2
 1447 0bde 31D0     		beq	.L244
 1448 0be0 A2F56872 		sub	r2, r2, #928
 1449 0be4 9342     		cmp	r3, r2
 1450 0be6 2FD0     		beq	.L245
 1451 0be8 02F58062 		add	r2, r2, #1024
 1452 0bec 9342     		cmp	r3, r2
 1453 0bee 2DD0     		beq	.L246
 1454 0bf0 A2F58962 		sub	r2, r2, #1096
 1455 0bf4 9342     		cmp	r3, r2
 1456 0bf6 2BD0     		beq	.L247
 1457 0bf8 02F58062 		add	r2, r2, #1024
 1458 0bfc 9342     		cmp	r3, r2
 1459 0bfe 2AD0     		beq	.L248
 1460 0c00 A2F56872 		sub	r2, r2, #928
 1461 0c04 9342     		cmp	r3, r2
 1462 0c06 29D0     		beq	.L249
 1463 0c08 02F58062 		add	r2, r2, #1024
 1464 0c0c 9342     		cmp	r3, r2
 1465 0c0e 28D0     		beq	.L250
 1466 0c10 A2F58962 		sub	r2, r2, #1096
 1467 0c14 9342     		cmp	r3, r2
 1468 0c16 27D0     		beq	.L251
 1469 0c18 02F58062 		add	r2, r2, #1024
 1470 0c1c 9342     		cmp	r3, r2
 1471 0c1e 26D0     		beq	.L252
 1472 0c20 A2F56872 		sub	r2, r2, #928
 1473 0c24 9342     		cmp	r3, r2
 1474 0c26 25D0     		beq	.L253
 1475 0c28 02F58062 		add	r2, r2, #1024
 1476 0c2c 9342     		cmp	r3, r2
 1477 0c2e 02D0     		beq	.L322
 1478 0c30 4FF08073 		mov	r3, #16777216
 1479 0c34 03E0     		b	.L51
 1480              	.L322:
 1481 0c36 4FF48023 		mov	r3, #262144
 1482 0c3a 00E0     		b	.L51
 1483              	.L243:
 1484 0c3c 0423     		movs	r3, #4
 1485              	.L51:
 1486 0c3e 7F4A     		ldr	r2, .L335+4
 1487 0c40 9360     		str	r3, [r2, #8]
ARM GAS  /var/folders/kf/d797ysj14bb1pb7szkr3jbx80000gn/T//cc3u2GaC.s 			page 27


 1488 0c42 ACE6     		b	.L46
 1489              	.L244:
 1490 0c44 0423     		movs	r3, #4
 1491 0c46 FAE7     		b	.L51
 1492              	.L245:
 1493 0c48 0423     		movs	r3, #4
 1494 0c4a F8E7     		b	.L51
 1495              	.L246:
 1496 0c4c 0423     		movs	r3, #4
 1497 0c4e F6E7     		b	.L51
 1498              	.L247:
 1499 0c50 4FF48073 		mov	r3, #256
 1500 0c54 F3E7     		b	.L51
 1501              	.L248:
 1502 0c56 4FF48073 		mov	r3, #256
 1503 0c5a F0E7     		b	.L51
 1504              	.L249:
 1505 0c5c 4FF48073 		mov	r3, #256
 1506 0c60 EDE7     		b	.L51
 1507              	.L250:
 1508 0c62 4FF48073 		mov	r3, #256
 1509 0c66 EAE7     		b	.L51
 1510              	.L251:
 1511 0c68 4FF48023 		mov	r3, #262144
 1512 0c6c E7E7     		b	.L51
 1513              	.L252:
 1514 0c6e 4FF48023 		mov	r3, #262144
 1515 0c72 E4E7     		b	.L51
 1516              	.L253:
 1517 0c74 4FF48023 		mov	r3, #262144
 1518 0c78 E1E7     		b	.L51
 1519              	.L319:
 1520 0c7a 4FF48032 		mov	r2, #65536
 1521 0c7e 00E0     		b	.L53
 1522              	.L255:
 1523 0c80 0122     		movs	r2, #1
 1524              	.L53:
 1525 0c82 6F4B     		ldr	r3, .L335+8
 1526 0c84 DA60     		str	r2, [r3, #12]
 1527              	.L54:
 1528 0c86 2268     		ldr	r2, [r4]
 1529 0c88 1368     		ldr	r3, [r2]
 1530 0c8a 43F01603 		orr	r3, r3, #22
 1531 0c8e 1360     		str	r3, [r2]
 1532 0c90 2268     		ldr	r2, [r4]
 1533 0c92 5369     		ldr	r3, [r2, #20]
 1534 0c94 43F08003 		orr	r3, r3, #128
 1535 0c98 5361     		str	r3, [r2, #20]
 1536 0c9a 236C     		ldr	r3, [r4, #64]
 1537 0c9c 002B     		cmp	r3, #0
 1538 0c9e 00F02581 		beq	.L323
 1539              	.L60:
 1540 0ca2 2268     		ldr	r2, [r4]
 1541 0ca4 1368     		ldr	r3, [r2]
 1542 0ca6 43F00803 		orr	r3, r3, #8
 1543 0caa 1360     		str	r3, [r2]
 1544              	.L61:
ARM GAS  /var/folders/kf/d797ysj14bb1pb7szkr3jbx80000gn/T//cc3u2GaC.s 			page 28


 1545 0cac 2268     		ldr	r2, [r4]
 1546 0cae 1368     		ldr	r3, [r2]
 1547 0cb0 43F00103 		orr	r3, r3, #1
 1548 0cb4 1360     		str	r3, [r2]
 1549 0cb6 0020     		movs	r0, #0
 1550 0cb8 FFF7C6B9 		b	.L16
 1551              	.L256:
 1552 0cbc 0122     		movs	r2, #1
 1553 0cbe E0E7     		b	.L53
 1554              	.L257:
 1555 0cc0 0122     		movs	r2, #1
 1556 0cc2 DEE7     		b	.L53
 1557              	.L258:
 1558 0cc4 0122     		movs	r2, #1
 1559 0cc6 DCE7     		b	.L53
 1560              	.L259:
 1561 0cc8 4022     		movs	r2, #64
 1562 0cca DAE7     		b	.L53
 1563              	.L260:
 1564 0ccc 4022     		movs	r2, #64
 1565 0cce D8E7     		b	.L53
 1566              	.L261:
 1567 0cd0 4022     		movs	r2, #64
 1568 0cd2 D6E7     		b	.L53
 1569              	.L262:
 1570 0cd4 4022     		movs	r2, #64
 1571 0cd6 D4E7     		b	.L53
 1572              	.L263:
 1573 0cd8 4FF48032 		mov	r2, #65536
 1574 0cdc D1E7     		b	.L53
 1575              	.L264:
 1576 0cde 4FF48032 		mov	r2, #65536
 1577 0ce2 CEE7     		b	.L53
 1578              	.L265:
 1579 0ce4 4FF48032 		mov	r2, #65536
 1580 0ce8 CBE7     		b	.L53
 1581              	.L52:
 1582 0cea 564A     		ldr	r2, .L335+12
 1583 0cec 9342     		cmp	r3, r2
 1584 0cee 4FD9     		bls	.L55
 1585 0cf0 A83A     		subs	r2, r2, #168
 1586 0cf2 9342     		cmp	r3, r2
 1587 0cf4 31D0     		beq	.L267
 1588 0cf6 02F58062 		add	r2, r2, #1024
 1589 0cfa 9342     		cmp	r3, r2
 1590 0cfc 31D0     		beq	.L268
 1591 0cfe A2F56872 		sub	r2, r2, #928
 1592 0d02 9342     		cmp	r3, r2
 1593 0d04 2FD0     		beq	.L269
 1594 0d06 02F58062 		add	r2, r2, #1024
 1595 0d0a 9342     		cmp	r3, r2
 1596 0d0c 2DD0     		beq	.L270
 1597 0d0e A2F58962 		sub	r2, r2, #1096
 1598 0d12 9342     		cmp	r3, r2
 1599 0d14 2BD0     		beq	.L271
 1600 0d16 02F58062 		add	r2, r2, #1024
 1601 0d1a 9342     		cmp	r3, r2
ARM GAS  /var/folders/kf/d797ysj14bb1pb7szkr3jbx80000gn/T//cc3u2GaC.s 			page 29


 1602 0d1c 29D0     		beq	.L272
 1603 0d1e A2F56872 		sub	r2, r2, #928
 1604 0d22 9342     		cmp	r3, r2
 1605 0d24 27D0     		beq	.L273
 1606 0d26 02F58062 		add	r2, r2, #1024
 1607 0d2a 9342     		cmp	r3, r2
 1608 0d2c 25D0     		beq	.L274
 1609 0d2e A2F58962 		sub	r2, r2, #1096
 1610 0d32 9342     		cmp	r3, r2
 1611 0d34 23D0     		beq	.L275
 1612 0d36 02F58062 		add	r2, r2, #1024
 1613 0d3a 9342     		cmp	r3, r2
 1614 0d3c 22D0     		beq	.L276
 1615 0d3e A2F56872 		sub	r2, r2, #928
 1616 0d42 9342     		cmp	r3, r2
 1617 0d44 21D0     		beq	.L277
 1618 0d46 02F58062 		add	r2, r2, #1024
 1619 0d4a 9342     		cmp	r3, r2
 1620 0d4c 02D0     		beq	.L324
 1621 0d4e 4FF48003 		mov	r3, #4194304
 1622 0d52 03E0     		b	.L56
 1623              	.L324:
 1624 0d54 4FF48033 		mov	r3, #65536
 1625 0d58 00E0     		b	.L56
 1626              	.L267:
 1627 0d5a 0123     		movs	r3, #1
 1628              	.L56:
 1629 0d5c 384A     		ldr	r2, .L335+8
 1630 0d5e 9360     		str	r3, [r2, #8]
 1631 0d60 91E7     		b	.L54
 1632              	.L268:
 1633 0d62 0123     		movs	r3, #1
 1634 0d64 FAE7     		b	.L56
 1635              	.L269:
 1636 0d66 0123     		movs	r3, #1
 1637 0d68 F8E7     		b	.L56
 1638              	.L270:
 1639 0d6a 0123     		movs	r3, #1
 1640 0d6c F6E7     		b	.L56
 1641              	.L271:
 1642 0d6e 4023     		movs	r3, #64
 1643 0d70 F4E7     		b	.L56
 1644              	.L272:
 1645 0d72 4023     		movs	r3, #64
 1646 0d74 F2E7     		b	.L56
 1647              	.L273:
 1648 0d76 4023     		movs	r3, #64
 1649 0d78 F0E7     		b	.L56
 1650              	.L274:
 1651 0d7a 4023     		movs	r3, #64
 1652 0d7c EEE7     		b	.L56
 1653              	.L275:
 1654 0d7e 4FF48033 		mov	r3, #65536
 1655 0d82 EBE7     		b	.L56
 1656              	.L276:
 1657 0d84 4FF48033 		mov	r3, #65536
 1658 0d88 E8E7     		b	.L56
ARM GAS  /var/folders/kf/d797ysj14bb1pb7szkr3jbx80000gn/T//cc3u2GaC.s 			page 30


 1659              	.L277:
 1660 0d8a 4FF48033 		mov	r3, #65536
 1661 0d8e E5E7     		b	.L56
 1662              	.L55:
 1663 0d90 2D4A     		ldr	r2, .L335+16
 1664 0d92 9342     		cmp	r3, r2
 1665 0d94 5AD9     		bls	.L57
 1666 0d96 483A     		subs	r2, r2, #72
 1667 0d98 9342     		cmp	r3, r2
 1668 0d9a 31D0     		beq	.L279
 1669 0d9c 02F58062 		add	r2, r2, #1024
 1670 0da0 9342     		cmp	r3, r2
 1671 0da2 31D0     		beq	.L280
 1672 0da4 A2F56872 		sub	r2, r2, #928
 1673 0da8 9342     		cmp	r3, r2
 1674 0daa 2FD0     		beq	.L281
 1675 0dac 02F58062 		add	r2, r2, #1024
 1676 0db0 9342     		cmp	r3, r2
 1677 0db2 2DD0     		beq	.L282
 1678 0db4 A2F58962 		sub	r2, r2, #1096
 1679 0db8 9342     		cmp	r3, r2
 1680 0dba 2BD0     		beq	.L283
 1681 0dbc 02F58062 		add	r2, r2, #1024
 1682 0dc0 9342     		cmp	r3, r2
 1683 0dc2 29D0     		beq	.L284
 1684 0dc4 A2F56872 		sub	r2, r2, #928
 1685 0dc8 9342     		cmp	r3, r2
 1686 0dca 27D0     		beq	.L285
 1687 0dcc 02F58062 		add	r2, r2, #1024
 1688 0dd0 9342     		cmp	r3, r2
 1689 0dd2 25D0     		beq	.L286
 1690 0dd4 A2F58962 		sub	r2, r2, #1096
 1691 0dd8 9342     		cmp	r3, r2
 1692 0dda 23D0     		beq	.L287
 1693 0ddc 02F58062 		add	r2, r2, #1024
 1694 0de0 9342     		cmp	r3, r2
 1695 0de2 22D0     		beq	.L288
 1696 0de4 A2F56872 		sub	r2, r2, #928
 1697 0de8 9342     		cmp	r3, r2
 1698 0dea 21D0     		beq	.L289
 1699 0dec 02F58062 		add	r2, r2, #1024
 1700 0df0 9342     		cmp	r3, r2
 1701 0df2 02D0     		beq	.L325
 1702 0df4 4FF48003 		mov	r3, #4194304
 1703 0df8 03E0     		b	.L58
 1704              	.L325:
 1705 0dfa 4FF48033 		mov	r3, #65536
 1706 0dfe 00E0     		b	.L58
 1707              	.L279:
 1708 0e00 0123     		movs	r3, #1
 1709              	.L58:
 1710 0e02 0E4A     		ldr	r2, .L335+4
 1711 0e04 D360     		str	r3, [r2, #12]
 1712 0e06 3EE7     		b	.L54
 1713              	.L280:
 1714 0e08 0123     		movs	r3, #1
 1715 0e0a FAE7     		b	.L58
ARM GAS  /var/folders/kf/d797ysj14bb1pb7szkr3jbx80000gn/T//cc3u2GaC.s 			page 31


 1716              	.L281:
 1717 0e0c 0123     		movs	r3, #1
 1718 0e0e F8E7     		b	.L58
 1719              	.L282:
 1720 0e10 0123     		movs	r3, #1
 1721 0e12 F6E7     		b	.L58
 1722              	.L283:
 1723 0e14 4023     		movs	r3, #64
 1724 0e16 F4E7     		b	.L58
 1725              	.L284:
 1726 0e18 4023     		movs	r3, #64
 1727 0e1a F2E7     		b	.L58
 1728              	.L285:
 1729 0e1c 4023     		movs	r3, #64
 1730 0e1e F0E7     		b	.L58
 1731              	.L286:
 1732 0e20 4023     		movs	r3, #64
 1733 0e22 EEE7     		b	.L58
 1734              	.L287:
 1735 0e24 4FF48033 		mov	r3, #65536
 1736 0e28 EBE7     		b	.L58
 1737              	.L288:
 1738 0e2a 4FF48033 		mov	r3, #65536
 1739 0e2e E8E7     		b	.L58
 1740              	.L289:
 1741 0e30 4FF48033 		mov	r3, #65536
 1742 0e34 E5E7     		b	.L58
 1743              	.L336:
 1744 0e36 00BF     		.align	2
 1745              	.L335:
 1746 0e38 10600240 		.word	1073897488
 1747 0e3c 00600240 		.word	1073897472
 1748 0e40 00640240 		.word	1073898496
 1749 0e44 B8600240 		.word	1073897656
 1750 0e48 58600240 		.word	1073897560
 1751              	.L57:
 1752 0e4c 2B4A     		ldr	r2, .L337
 1753 0e4e 9342     		cmp	r3, r2
 1754 0e50 31D0     		beq	.L291
 1755 0e52 02F58062 		add	r2, r2, #1024
 1756 0e56 9342     		cmp	r3, r2
 1757 0e58 31D0     		beq	.L292
 1758 0e5a A2F56872 		sub	r2, r2, #928
 1759 0e5e 9342     		cmp	r3, r2
 1760 0e60 2FD0     		beq	.L293
 1761 0e62 02F58062 		add	r2, r2, #1024
 1762 0e66 9342     		cmp	r3, r2
 1763 0e68 2DD0     		beq	.L294
 1764 0e6a A2F58962 		sub	r2, r2, #1096
 1765 0e6e 9342     		cmp	r3, r2
 1766 0e70 2BD0     		beq	.L295
 1767 0e72 02F58062 		add	r2, r2, #1024
 1768 0e76 9342     		cmp	r3, r2
 1769 0e78 29D0     		beq	.L296
 1770 0e7a A2F56872 		sub	r2, r2, #928
 1771 0e7e 9342     		cmp	r3, r2
 1772 0e80 27D0     		beq	.L297
ARM GAS  /var/folders/kf/d797ysj14bb1pb7szkr3jbx80000gn/T//cc3u2GaC.s 			page 32


 1773 0e82 02F58062 		add	r2, r2, #1024
 1774 0e86 9342     		cmp	r3, r2
 1775 0e88 25D0     		beq	.L298
 1776 0e8a A2F58962 		sub	r2, r2, #1096
 1777 0e8e 9342     		cmp	r3, r2
 1778 0e90 23D0     		beq	.L299
 1779 0e92 02F58062 		add	r2, r2, #1024
 1780 0e96 9342     		cmp	r3, r2
 1781 0e98 22D0     		beq	.L300
 1782 0e9a A2F56872 		sub	r2, r2, #928
 1783 0e9e 9342     		cmp	r3, r2
 1784 0ea0 21D0     		beq	.L301
 1785 0ea2 02F58062 		add	r2, r2, #1024
 1786 0ea6 9342     		cmp	r3, r2
 1787 0ea8 02D0     		beq	.L326
 1788 0eaa 4FF48003 		mov	r3, #4194304
 1789 0eae 03E0     		b	.L59
 1790              	.L326:
 1791 0eb0 4FF48033 		mov	r3, #65536
 1792 0eb4 00E0     		b	.L59
 1793              	.L291:
 1794 0eb6 0123     		movs	r3, #1
 1795              	.L59:
 1796 0eb8 114A     		ldr	r2, .L337+4
 1797 0eba 9360     		str	r3, [r2, #8]
 1798 0ebc E3E6     		b	.L54
 1799              	.L292:
 1800 0ebe 0123     		movs	r3, #1
 1801 0ec0 FAE7     		b	.L59
 1802              	.L293:
 1803 0ec2 0123     		movs	r3, #1
 1804 0ec4 F8E7     		b	.L59
 1805              	.L294:
 1806 0ec6 0123     		movs	r3, #1
 1807 0ec8 F6E7     		b	.L59
 1808              	.L295:
 1809 0eca 4023     		movs	r3, #64
 1810 0ecc F4E7     		b	.L59
 1811              	.L296:
 1812 0ece 4023     		movs	r3, #64
 1813 0ed0 F2E7     		b	.L59
 1814              	.L297:
 1815 0ed2 4023     		movs	r3, #64
 1816 0ed4 F0E7     		b	.L59
 1817              	.L298:
 1818 0ed6 4023     		movs	r3, #64
 1819 0ed8 EEE7     		b	.L59
 1820              	.L299:
 1821 0eda 4FF48033 		mov	r3, #65536
 1822 0ede EBE7     		b	.L59
 1823              	.L300:
 1824 0ee0 4FF48033 		mov	r3, #65536
 1825 0ee4 E8E7     		b	.L59
 1826              	.L301:
 1827 0ee6 4FF48033 		mov	r3, #65536
 1828 0eea E5E7     		b	.L59
 1829              	.L323:
ARM GAS  /var/folders/kf/d797ysj14bb1pb7szkr3jbx80000gn/T//cc3u2GaC.s 			page 33


 1830 0eec A36C     		ldr	r3, [r4, #72]
 1831 0eee 002B     		cmp	r3, #0
 1832 0ef0 7FF4D7AE 		bne	.L60
 1833 0ef4 DAE6     		b	.L61
 1834              	.L62:
 1835 0ef6 0220     		movs	r0, #2
 1836 0ef8 FFF7A6B8 		b	.L16
 1837              	.L338:
 1838              		.align	2
 1839              	.L337:
 1840 0efc 10600240 		.word	1073897488
 1841 0f00 00600240 		.word	1073897472
 1843              		.section	.text.HAL_DMAEx_ChangeMemory,"ax",%progbits
 1844              		.align	1
 1845              		.global	HAL_DMAEx_ChangeMemory
 1846              		.syntax unified
 1847              		.thumb
 1848              		.thumb_func
 1850              	HAL_DMAEx_ChangeMemory:
 1851              		@ args = 0, pretend = 0, frame = 0
 1852              		@ frame_needed = 0, uses_anonymous_args = 0
 1853              		@ link register save eliminated.
 1854 0000 1AB9     		cbnz	r2, .L340
 1855 0002 0368     		ldr	r3, [r0]
 1856 0004 D960     		str	r1, [r3, #12]
 1857              	.L341:
 1858 0006 0020     		movs	r0, #0
 1859 0008 7047     		bx	lr
 1860              	.L340:
 1861 000a 0368     		ldr	r3, [r0]
 1862 000c 1961     		str	r1, [r3, #16]
 1863 000e FAE7     		b	.L341
 1865              		.ident	"GCC: (xPack GNU Arm Embedded GCC arm64) 15.2.1 20251203"
ARM GAS  /var/folders/kf/d797ysj14bb1pb7szkr3jbx80000gn/T//cc3u2GaC.s 			page 34


DEFINED SYMBOLS
                            *ABS*:00000000 stm32f4xx_hal_dma_ex.c
/var/folders/kf/d797ysj14bb1pb7szkr3jbx80000gn/T//cc3u2GaC.s:18     .text.DMA_MultiBufferSetConfig:00000000 $t
/var/folders/kf/d797ysj14bb1pb7szkr3jbx80000gn/T//cc3u2GaC.s:23     .text.DMA_MultiBufferSetConfig:00000000 DMA_MultiBufferSetConfig
/var/folders/kf/d797ysj14bb1pb7szkr3jbx80000gn/T//cc3u2GaC.s:48     .text.HAL_DMAEx_MultiBufferStart:00000000 $t
/var/folders/kf/d797ysj14bb1pb7szkr3jbx80000gn/T//cc3u2GaC.s:54     .text.HAL_DMAEx_MultiBufferStart:00000000 HAL_DMAEx_MultiBufferStart
/var/folders/kf/d797ysj14bb1pb7szkr3jbx80000gn/T//cc3u2GaC.s:101    .text.HAL_DMAEx_MultiBufferStart_IT:00000000 $t
/var/folders/kf/d797ysj14bb1pb7szkr3jbx80000gn/T//cc3u2GaC.s:107    .text.HAL_DMAEx_MultiBufferStart_IT:00000000 HAL_DMAEx_MultiBufferStart_IT
/var/folders/kf/d797ysj14bb1pb7szkr3jbx80000gn/T//cc3u2GaC.s:446    .text.HAL_DMAEx_MultiBufferStart_IT:00000308 $d
/var/folders/kf/d797ysj14bb1pb7szkr3jbx80000gn/T//cc3u2GaC.s:452    .text.HAL_DMAEx_MultiBufferStart_IT:0000031c $t
/var/folders/kf/d797ysj14bb1pb7szkr3jbx80000gn/T//cc3u2GaC.s:772    .text.HAL_DMAEx_MultiBufferStart_IT:000005e4 $d
/var/folders/kf/d797ysj14bb1pb7szkr3jbx80000gn/T//cc3u2GaC.s:779    .text.HAL_DMAEx_MultiBufferStart_IT:000005fc $t
/var/folders/kf/d797ysj14bb1pb7szkr3jbx80000gn/T//cc3u2GaC.s:1102   .text.HAL_DMAEx_MultiBufferStart_IT:000008cc $d
/var/folders/kf/d797ysj14bb1pb7szkr3jbx80000gn/T//cc3u2GaC.s:1109   .text.HAL_DMAEx_MultiBufferStart_IT:000008e4 $t
/var/folders/kf/d797ysj14bb1pb7szkr3jbx80000gn/T//cc3u2GaC.s:1432   .text.HAL_DMAEx_MultiBufferStart_IT:00000bb4 $d
/var/folders/kf/d797ysj14bb1pb7szkr3jbx80000gn/T//cc3u2GaC.s:1439   .text.HAL_DMAEx_MultiBufferStart_IT:00000bcc $t
/var/folders/kf/d797ysj14bb1pb7szkr3jbx80000gn/T//cc3u2GaC.s:1746   .text.HAL_DMAEx_MultiBufferStart_IT:00000e38 $d
/var/folders/kf/d797ysj14bb1pb7szkr3jbx80000gn/T//cc3u2GaC.s:1752   .text.HAL_DMAEx_MultiBufferStart_IT:00000e4c $t
/var/folders/kf/d797ysj14bb1pb7szkr3jbx80000gn/T//cc3u2GaC.s:1840   .text.HAL_DMAEx_MultiBufferStart_IT:00000efc $d
/var/folders/kf/d797ysj14bb1pb7szkr3jbx80000gn/T//cc3u2GaC.s:1844   .text.HAL_DMAEx_ChangeMemory:00000000 $t
/var/folders/kf/d797ysj14bb1pb7szkr3jbx80000gn/T//cc3u2GaC.s:1850   .text.HAL_DMAEx_ChangeMemory:00000000 HAL_DMAEx_ChangeMemory

NO UNDEFINED SYMBOLS
